Linux 5.15.0-131-generic (node0.parthaw-244324.hyflowtm-pg0.wisc.cloudlab.us) 	03/01/2025 	_x86_64_	(40 CPU)

10:42:08 PM     CPU     %user     %nice   %system   %iowait    %steal     %idle
10:42:18 PM     all      0.07      0.00      0.04      0.00      0.00     99.89
10:42:28 PM     all      0.01      0.00      0.01      0.00      0.00     99.98
10:42:38 PM     all      0.14      0.00      0.04      0.00      0.00     99.82
10:42:48 PM     all      0.01      0.00      0.02      0.00      0.00     99.97
10:42:58 PM     all      0.01      0.00      0.01      0.00      0.00     99.98
10:43:08 PM     all      0.00      0.00      0.01      0.00      0.00     99.99
10:43:18 PM     all      0.01      0.00      0.01      0.00      0.00     99.98
10:43:28 PM     all      0.00      0.00      0.01      0.00      0.00     99.99
10:43:38 PM     all      0.00      0.00      0.01      0.00      0.00     99.99
10:43:48 PM     all      0.02      0.00      0.01      0.00      0.00     99.97
10:43:58 PM     all      0.51      0.00      0.05      0.00      0.00     99.45
10:44:08 PM     all      2.33      0.00      0.18      0.04      0.00     97.45
10:44:18 PM     all      2.11      0.00      0.24      0.15      0.00     97.50
10:44:28 PM     all      2.39      0.00      0.10      0.04      0.00     97.48
10:44:38 PM     all      2.30      0.00      0.21      0.08      0.00     97.42
10:44:48 PM     all      2.33      0.00      0.16      0.10      0.00     97.41
10:44:58 PM     all      2.28      0.00      0.25      0.12      0.00     97.35
10:45:08 PM     all      3.61      0.00      0.11      0.01      0.00     96.27
10:45:18 PM     all     20.12      8.18      3.90      0.00      0.00     67.79
10:45:28 PM     all      6.59      2.98      1.84      0.00      0.00     88.59
10:45:38 PM     all      6.52      2.99      1.83      0.00      0.00     88.66
10:45:48 PM     all      6.45      2.98      1.85      0.00      0.00     88.71
10:45:58 PM     all      6.53      2.99      1.88      0.00      0.00     88.60
10:46:08 PM     all      6.52      2.95      1.73      0.00      0.00     88.79
10:46:18 PM     all      6.71      2.99      1.82      0.00      0.00     88.49
10:46:28 PM     all      6.50      2.98      1.81      0.00      0.00     88.71
10:46:38 PM     all      6.56      2.94      1.82      0.01      0.00     88.67
10:46:48 PM     all      6.61      3.01      1.82      0.00      0.00     88.56
10:46:58 PM     all      6.57      3.16      1.92      0.00      0.00     88.36
10:47:08 PM     all     18.75      7.40      4.29      0.00      0.00     69.55
10:47:18 PM     all      6.33      3.65      1.95      0.00      0.00     88.07
10:47:28 PM     all      6.20      3.61      1.92      0.00      0.00     88.27
10:47:38 PM     all      6.07      3.63      1.66      0.00      0.00     88.65
10:47:48 PM     all      6.06      3.61      1.81      0.00      0.00     88.52
10:47:58 PM     all      5.77      3.53      1.66      0.00      0.00     89.04
10:48:08 PM     all      6.01      3.60      1.76      0.00      0.00     88.63
10:48:18 PM     all      5.88      3.60      1.84      0.00      0.00     88.67
10:48:28 PM     all      6.03      3.64      1.78      0.00      0.00     88.55
10:48:38 PM     all      5.94      3.68      1.59      0.00      0.00     88.79
10:48:48 PM     all      6.13      3.81      1.80      0.00      0.00     88.26
10:48:58 PM     all      6.03      3.95      1.88      0.00      0.00     88.14
10:49:08 PM     all     19.10      7.88      4.60      0.00      0.00     68.42
10:49:18 PM     all      5.38      3.57      2.05      0.00      0.00     89.00
10:49:28 PM     all      5.70      3.83      2.04      0.00      0.00     88.43
10:49:38 PM     all      5.41      3.71      1.76      0.00      0.00     89.13
10:49:48 PM     all      5.56      3.98      1.78      0.00      0.00     88.67
10:49:58 PM     all      5.48      3.81      1.88      0.01      0.00     88.83
10:50:08 PM     all      5.48      3.88      1.84      0.00      0.00     88.80
10:50:18 PM     all      5.42      3.93      1.81      0.00      0.00     88.83
10:50:28 PM     all      5.57      3.84      1.84      0.00      0.00     88.75
10:50:38 PM     all      5.44      3.98      1.81      0.00      0.00     88.76
10:50:48 PM     all      5.52      3.92      1.74      0.00      0.00     88.82
10:50:58 PM     all      5.63      4.01      1.86      0.00      0.00     88.50
10:51:08 PM     all      5.46      4.00      1.85      0.00      0.00     88.70
10:51:18 PM     all      3.81      1.82      1.90      0.00      0.00     92.46
10:51:28 PM     all     20.01      9.38      4.63      0.00      0.00     65.99
10:51:38 PM     all      5.47      4.11      2.17      0.00      0.00     88.25
10:51:48 PM     all      5.28      4.11      1.83      0.00      0.00     88.78
10:51:58 PM     all      5.40      4.18      1.90      0.00      0.00     88.52
10:52:08 PM     all      5.33      4.22      1.97      0.00      0.00     88.48
10:52:18 PM     all      5.39      4.37      1.84      0.00      0.00     88.39
10:52:28 PM     all      5.30      4.17      1.87      0.00      0.00     88.66
10:52:38 PM     all      5.22      4.14      1.75      0.00      0.00     88.88
10:52:48 PM     all      5.55      4.36      1.91      0.00      0.00     88.18
10:52:58 PM     all      5.48      4.36      1.89      0.00      0.00     88.26
10:53:08 PM     all      5.39      4.17      1.77      0.00      0.00     88.67
10:53:18 PM     all      5.38      4.39      1.85      0.00      0.00     88.38
10:53:28 PM     all      5.32      4.46      2.00      0.00      0.00     88.21
10:53:38 PM     all      7.82      1.74      2.67      0.00      0.00     87.76
10:53:48 PM     all     15.76      9.90      4.27      0.00      0.00     70.07
10:53:58 PM     all      5.11      4.11      2.12      0.00      0.00     88.66
10:54:08 PM     all      5.05      4.38      1.95      0.00      0.00     88.62
10:54:18 PM     all      5.22      4.49      1.93      0.00      0.00     88.36
10:54:28 PM     all      5.10      4.52      2.00      0.00      0.00     88.38
10:54:38 PM     all      5.28      4.42      1.71      0.00      0.00     88.59
10:54:48 PM     all      5.30      4.43      1.84      0.00      0.00     88.42
10:54:58 PM     all      5.20      4.42      1.70      0.00      0.00     88.68
10:55:08 PM     all      5.20      4.47      1.83      0.00      0.00     88.50
10:55:18 PM     all      5.37      4.55      1.64      0.00      0.00     88.44
10:55:28 PM     all      5.18      4.44      1.73      0.01      0.00     88.65
10:55:38 PM     all      5.31      4.46      1.80      0.00      0.00     88.43
10:55:48 PM     all      5.39      4.65      1.91      0.00      0.00     88.05
10:55:58 PM     all      5.01      3.98      3.22      0.00      0.00     87.79
10:56:08 PM     all     18.15      7.37      3.65      0.00      0.00     70.83
10:56:18 PM     all      4.60      1.08      1.39      0.00      0.00     92.92
10:56:28 PM     all      4.78      1.12      1.16      0.00      0.00     92.94
10:56:38 PM     all      4.73      1.11      1.19      0.00      0.00     92.96
10:56:48 PM     all      4.77      1.11      1.23      0.00      0.00     92.90
10:56:58 PM     all      4.77      1.12      1.09      0.00      0.00     93.01
10:57:08 PM     all      4.65      1.06      1.09      0.00      0.00     93.20
10:57:18 PM     all      4.65      1.15      1.13      0.00      0.00     93.07
10:57:28 PM     all      4.70      1.12      1.04      0.00      0.00     93.14
10:57:38 PM     all      4.63      1.09      1.06      0.00      0.00     93.22
10:57:48 PM     all      4.79      1.11      1.07      0.00      0.00     93.03
10:57:58 PM     all      4.69      1.22      1.09      0.00      0.00     93.00
10:58:08 PM     all      4.69      1.37      1.23      0.00      0.00     92.71
10:58:18 PM     all      4.67      1.20      1.08      0.00      0.00     93.05
10:58:28 PM     all      4.77      1.09      1.09      0.00      0.00     93.05
10:58:38 PM     all      4.66      1.11      1.07      0.00      0.00     93.15
10:58:48 PM     all      4.73      1.15      1.12      0.00      0.00     93.00
10:58:58 PM     all      4.56      1.00      2.17      0.00      0.00     92.27
10:59:08 PM     all     18.23      7.28      3.72      0.00      0.00     70.77
10:59:18 PM     all      4.70      1.06      1.38      0.00      0.00     92.86
10:59:28 PM     all      4.71      1.10      1.09      0.00      0.00     93.09
10:59:38 PM     all      4.79      1.11      1.17      0.00      0.00     92.93
10:59:48 PM     all      4.78      1.17      1.26      0.00      0.00     92.80
10:59:58 PM     all      4.67      1.08      1.08      0.00      0.00     93.16
11:00:08 PM     all      4.81      1.12      1.21      0.00      0.00     92.86
11:00:18 PM     all      4.62      1.11      1.11      0.00      0.00     93.15
11:00:28 PM     all      4.63      1.10      1.15      0.00      0.00     93.12
11:00:38 PM     all      4.64      1.13      1.08      0.00      0.00     93.14
11:00:48 PM     all      4.68      1.10      1.07      0.00      0.00     93.14
11:00:58 PM     all      4.74      1.30      1.18      0.00      0.00     92.79
11:01:08 PM     all      4.69      1.25      1.14      0.00      0.00     92.91
11:01:18 PM     all      4.70      1.14      1.16      0.00      0.00     93.01
11:01:28 PM     all      4.66      1.13      1.11      0.00      0.00     93.09
11:01:38 PM     all      4.75      1.13      1.12      0.00      0.00     93.01
11:01:48 PM     all      4.11      0.88      2.32      0.00      0.00     92.69
11:01:58 PM     all     18.45      7.32      3.82      0.00      0.00     70.41
11:02:08 PM     all      4.19      0.84      1.21      0.00      0.00     93.76
11:02:18 PM     all      4.32      0.91      1.03      0.00      0.00     93.75
11:02:28 PM     all      4.24      0.82      1.00      0.00      0.00     93.94
11:02:38 PM     all      4.25      0.86      1.05      0.00      0.00     93.84
11:02:48 PM     all      4.31      0.95      1.09      0.01      0.00     93.64
11:02:58 PM     all      4.30      0.87      0.98      0.00      0.00     93.85
11:03:08 PM     all      4.31      0.85      0.94      0.00      0.00     93.89
11:03:18 PM     all      4.29      0.84      0.98      0.00      0.00     93.88
11:03:28 PM     all      4.29      0.88      0.94      0.00      0.00     93.89
11:03:38 PM     all      4.29      0.85      0.93      0.00      0.00     93.93
11:03:48 PM     all      4.19      0.83      0.94      0.00      0.00     94.04
11:03:58 PM     all      4.26      0.87      0.94      0.00      0.00     93.92
11:04:08 PM     all      4.37      0.85      0.95      0.00      0.00     93.83
11:04:18 PM     all      4.28      0.82      0.98      0.01      0.00     93.91
11:04:28 PM     all      4.19      0.86      0.98      0.00      0.00     93.97
11:04:38 PM     all      4.29      0.95      1.08      0.00      0.00     93.69
11:04:48 PM     all      4.30      1.11      1.15      0.00      0.00     93.44
11:04:58 PM     all      4.28      0.93      1.09      0.00      0.00     93.70
11:05:08 PM     all      4.17      0.88      0.98      0.00      0.00     93.97
11:05:18 PM     all      4.20      0.82      0.95      0.00      0.00     94.03
11:05:28 PM     all      4.35      0.88      0.98      0.00      0.00     93.79
11:05:38 PM     all      4.25      0.84      0.96      0.00      0.00     93.96
11:05:48 PM     all      4.21      0.85      0.87      0.00      0.00     94.07
11:05:58 PM     all      4.28      0.85      0.97      0.00      0.00     93.90
11:06:08 PM     all      3.01      0.41      2.30      0.00      0.00     94.29
11:06:18 PM     all     19.33      7.57      4.38      0.00      0.00     68.72
11:06:28 PM     all      4.31      0.88      1.12      0.00      0.00     93.69
11:06:38 PM     all      4.29      0.90      1.03      0.00      0.00     93.78
11:06:48 PM     all      4.38      0.93      0.95      0.00      0.00     93.74
11:06:58 PM     all      4.41      0.98      1.06      0.00      0.00     93.55
11:07:08 PM     all      4.36      0.90      1.09      0.00      0.00     93.65
11:07:18 PM     all      4.35      0.93      1.06      0.00      0.00     93.65
11:07:28 PM     all      4.38      0.90      0.89      0.00      0.00     93.82
11:07:38 PM     all      4.33      0.87      0.99      0.00      0.00     93.80
11:07:48 PM     all      4.36      0.94      1.01      0.00      0.00     93.68
11:07:58 PM     all      4.36      0.91      0.97      0.00      0.00     93.76
11:08:08 PM     all      4.41      0.92      0.94      0.00      0.00     93.73
11:08:18 PM     all      4.37      0.92      1.03      0.00      0.00     93.68
11:08:28 PM     all      4.21      0.86      1.04      0.00      0.00     93.89
11:08:38 PM     all      4.30      0.97      1.10      0.00      0.00     93.63
11:08:48 PM     all      4.37      1.04      0.98      0.00      0.00     93.60
11:08:58 PM     all      4.25      1.01      1.09      0.00      0.00     93.65
11:09:08 PM     all      4.35      0.92      1.12      0.00      0.00     93.61
11:09:18 PM     all      4.37      0.87      0.94      0.00      0.00     93.83
11:09:28 PM     all      4.28      0.91      1.00      0.00      0.00     93.80
11:09:38 PM     all      4.24      0.91      1.05      0.00      0.00     93.80
11:09:48 PM     all      4.33      0.88      0.96      0.00      0.00     93.83
11:09:58 PM     all     11.39      0.20      3.39      0.00      0.00     85.02
11:10:08 PM     all     11.24      7.70      5.63      0.00      0.00     75.43
11:10:18 PM     all      4.88      0.73      3.22      0.00      0.00     91.16
11:10:28 PM     all      5.05      0.71      3.15      0.00      0.00     91.09
11:10:38 PM     all      4.86      0.75      3.24      0.00      0.00     91.15
11:10:48 PM     all      5.14      0.76      3.13      0.00      0.00     90.97
11:10:58 PM     all      4.90      0.79      3.25      0.00      0.00     91.07
11:11:08 PM     all      5.05      0.75      3.20      0.00      0.00     90.99
11:11:18 PM     all      4.98      0.78      3.22      0.00      0.00     91.02
11:11:28 PM     all      5.23      0.75      3.04      0.00      0.00     90.98
11:11:38 PM     all      5.03      0.78      2.93      0.00      0.00     91.25
11:11:48 PM     all      5.11      0.75      3.16      0.00      0.00     90.99
11:11:58 PM     all      4.93      0.77      3.08      0.00      0.00     91.22
11:12:08 PM     all      5.18      0.80      3.09      0.00      0.00     90.93
11:12:18 PM     all      4.93      0.75      3.18      0.00      0.00     91.13
11:12:28 PM     all      5.01      0.77      3.15      0.00      0.00     91.07
11:12:38 PM     all      5.00      0.77      3.05      0.00      0.00     91.19
11:12:48 PM     all      5.10      0.77      3.08      0.00      0.00     91.05
11:12:58 PM     all      5.04      0.73      3.06      0.00      0.00     91.17
11:13:08 PM     all      4.92      0.79      3.10      0.01      0.00     91.18
11:13:18 PM     all      4.99      0.80      3.03      0.00      0.00     91.19
11:13:28 PM     all      5.19      0.84      3.10      0.00      0.00     90.87
11:13:38 PM     all      4.92      0.76      3.14      0.00      0.00     91.18
11:13:48 PM     all      4.89      0.88      3.25      0.00      0.00     90.98
11:13:58 PM     all      5.05      0.85      3.14      0.00      0.00     90.96
11:14:08 PM     all      4.91      0.80      3.08      0.00      0.00     91.21
11:14:18 PM     all      5.05      0.77      3.11      0.00      0.00     91.06
11:14:28 PM     all      5.07      0.81      3.12      0.00      0.00     91.01
11:14:38 PM     all      4.98      0.79      3.14      0.00      0.00     91.09
11:14:48 PM     all      5.04      0.78      2.98      0.00      0.00     91.20
11:14:58 PM     all      4.91      0.73      3.10      0.00      0.00     91.26
11:15:08 PM     all      5.07      0.77      3.06      0.00      0.00     91.10
11:15:18 PM     all      4.89      0.79      3.04      0.00      0.00     91.28
11:15:28 PM     all      4.68      0.70      3.09      0.00      0.00     91.53
11:15:38 PM     all      5.01      0.79      3.09      0.00      0.00     91.11
11:15:48 PM     all      3.23      0.31      3.78      0.00      0.00     92.68
11:15:58 PM     all     19.57      7.74      6.29      0.00      0.00     66.40
11:16:08 PM     all      4.72      0.74      3.45      0.00      0.00     91.08
11:16:18 PM     all      4.86      0.76      3.11      0.00      0.00     91.27
11:16:28 PM     all      4.81      0.79      3.17      0.00      0.00     91.23
11:16:38 PM     all      4.81      0.81      3.11      0.00      0.00     91.27
11:16:48 PM     all      4.95      0.78      3.29      0.00      0.00     90.98
11:16:58 PM     all      4.69      0.76      3.08      0.00      0.00     91.48
11:17:08 PM     all      4.80      0.80      3.05      0.00      0.00     91.35
11:17:18 PM     all      4.89      0.75      3.08      0.00      0.00     91.27
11:17:28 PM     all      4.77      0.80      3.10      0.00      0.00     91.32
11:17:38 PM     all      4.76      0.79      3.25      0.00      0.00     91.20
11:17:48 PM     all      4.93      0.79      3.13      0.00      0.00     91.15
11:17:58 PM     all      4.75      0.82      3.10      0.00      0.00     91.33
11:18:08 PM     all      4.83      0.83      3.11      0.00      0.00     91.23
11:18:18 PM     all      4.68      0.78      3.14      0.00      0.00     91.40
11:18:28 PM     all      4.76      0.78      2.98      0.00      0.00     91.48
11:18:38 PM     all      4.70      0.74      3.16      0.00      0.00     91.41
11:18:48 PM     all      4.56      0.79      3.18      0.00      0.00     91.47
11:18:58 PM     all      4.69      0.76      3.23      0.00      0.00     91.32
11:19:08 PM     all      4.68      0.79      3.12      0.00      0.00     91.40
11:19:18 PM     all      4.52      0.79      3.28      0.00      0.00     91.41
11:19:28 PM     all      4.82      0.91      3.24      0.00      0.00     91.03
11:19:38 PM     all      4.57      0.88      3.13      0.00      0.00     91.41
11:19:48 PM     all      4.58      0.81      3.14      0.00      0.00     91.47
11:19:58 PM     all      4.72      0.78      3.15      0.00      0.00     91.35
11:20:08 PM     all      4.74      0.80      3.05      0.00      0.00     91.42
11:20:18 PM     all      4.43      0.76      3.21      0.00      0.00     91.59
11:20:28 PM     all      4.65      0.75      3.03      0.00      0.00     91.56
11:20:38 PM     all      4.45      0.69      3.02      0.00      0.00     91.85
11:20:48 PM     all      4.72      0.79      3.14      0.00      0.00     91.35
11:20:58 PM     all      4.66      0.78      3.14      0.00      0.00     91.42
11:21:08 PM     all      3.07      0.30      3.26      0.00      0.00     93.37
11:21:18 PM     all     19.51      7.58      6.58      0.00      0.00     66.33
11:21:28 PM     all      5.06      0.75      3.26      0.00      0.00     90.94
11:21:38 PM     all      4.91      0.79      3.33      0.00      0.00     90.96
11:21:48 PM     all      5.06      0.76      3.13      0.00      0.00     91.05
11:21:58 PM     all      4.99      0.72      3.10      0.00      0.00     91.19
11:22:08 PM     all      5.06      0.81      3.24      0.00      0.00     90.89
11:22:18 PM     all      5.27      0.82      3.12      0.00      0.00     90.79
11:22:28 PM     all      4.82      0.72      3.07      0.00      0.00     91.39
11:22:38 PM     all      4.90      0.77      3.15      0.00      0.00     91.18
11:22:48 PM     all      4.83      0.73      3.12      0.00      0.00     91.32
11:22:58 PM     all      4.63      0.68      3.02      0.00      0.00     91.67
11:23:08 PM     all      4.78      0.71      3.02      0.00      0.00     91.48
11:23:18 PM     all      4.82      0.80      3.17      0.00      0.00     91.20
11:23:28 PM     all      4.65      0.69      3.14      0.00      0.00     91.52
11:23:38 PM     all      4.71      0.72      3.31      0.00      0.00     91.26
11:23:48 PM     all      4.75      0.78      3.21      0.00      0.00     91.26
11:23:58 PM     all      5.00      0.77      3.07      0.00      0.00     91.17
11:24:08 PM     all      4.92      0.71      3.13      0.00      0.00     91.23
11:24:18 PM     all      4.92      0.76      3.22      0.00      0.00     91.10
11:24:28 PM     all      4.75      0.69      2.97      0.00      0.00     91.59
11:24:38 PM     all      4.90      0.70      3.23      0.00      0.00     91.17
11:24:48 PM     all      4.92      0.79      3.02      0.00      0.00     91.27
11:24:58 PM     all      4.75      0.71      3.11      0.00      0.00     91.43
11:25:08 PM     all      4.78      0.74      3.08      0.00      0.00     91.40
11:25:18 PM     all      4.82      0.85      3.11      0.00      0.00     91.22
11:25:28 PM     all      4.76      0.85      3.14      0.00      0.00     91.26
11:25:38 PM     all      4.75      0.82      3.15      0.00      0.00     91.28
11:25:48 PM     all      4.88      0.83      3.12      0.00      0.00     91.17
11:25:58 PM     all      4.83      0.76      3.14      0.00      0.00     91.27
11:26:08 PM     all      4.70      0.72      3.10      0.00      0.00     91.47
11:26:18 PM     all      4.88      0.77      3.03      0.00      0.00     91.33
11:26:28 PM     all      5.01      0.79      3.07      0.00      0.00     91.13
11:26:38 PM     all      4.78      0.68      3.10      0.00      0.00     91.43
11:26:48 PM     all      5.01      0.80      3.10      0.00      0.00     91.09
11:26:58 PM     all      5.03      0.78      3.05      0.00      0.00     91.14
11:27:08 PM     all      5.39      0.72      3.09      0.00      0.00     90.80
11:27:18 PM     all      4.96      0.71      3.02      0.00      0.00     91.31
11:27:28 PM     all      2.92      0.23      3.61      0.00      0.00     93.23
11:27:38 PM     all     19.63      7.66      6.69      0.01      0.00     66.01
11:27:48 PM     all      4.97      0.74      3.44      0.00      0.00     90.85
11:27:58 PM     all      5.18      0.82      3.18      0.00      0.00     90.81
11:28:08 PM     all      5.10      0.81      3.13      0.01      0.00     90.96
11:28:18 PM     all      5.15      0.80      3.24      0.00      0.00     90.81
11:28:28 PM     all      4.99      0.76      3.07      0.00      0.00     91.18
11:28:38 PM     all      5.04      0.79      3.23      0.00      0.00     90.95
11:28:48 PM     all      5.16      0.78      3.20      0.00      0.00     90.86
11:28:58 PM     all      5.09      0.80      3.11      0.00      0.00     91.00
11:29:08 PM     all      4.63      0.72      3.12      0.00      0.00     91.53
11:29:18 PM     all      4.91      0.75      3.04      0.00      0.00     91.30
11:29:28 PM     all      4.92      0.79      3.08      0.00      0.00     91.21
11:29:38 PM     all      4.98      0.80      3.14      0.00      0.00     91.08
11:29:48 PM     all      4.91      0.74      3.10      0.00      0.00     91.25
11:29:58 PM     all      5.05      0.75      3.04      0.00      0.00     91.16
11:30:08 PM     all      4.87      0.77      3.03      0.00      0.00     91.33
11:30:18 PM     all      4.90      0.74      3.20      0.00      0.00     91.17
11:30:28 PM     all      4.96      0.73      3.09      0.00      0.00     91.22
11:30:38 PM     all      4.97      0.78      3.13      0.00      0.00     91.11
11:30:48 PM     all      5.07      0.81      3.01      0.00      0.00     91.11
11:30:58 PM     all      4.91      0.84      3.11      0.00      0.00     91.14
11:31:08 PM     all      4.69      0.73      3.21      0.00      0.00     91.38
11:31:18 PM     all      4.84      0.85      3.10      0.00      0.00     91.21
11:31:28 PM     all      4.83      0.85      3.25      0.00      0.00     91.07
11:31:38 PM     all      4.82      0.85      3.12      0.00      0.00     91.21
11:31:48 PM     all      4.88      0.82      3.02      0.01      0.00     91.28
11:31:58 PM     all      4.84      0.81      3.10      0.00      0.00     91.24
11:32:08 PM     all      4.89      0.75      3.11      0.00      0.00     91.25
11:32:18 PM     all      4.94      0.73      3.04      0.00      0.00     91.29
11:32:28 PM     all      4.92      0.72      3.04      0.00      0.00     91.32
11:32:38 PM     all      4.79      0.75      3.21      0.00      0.00     91.25
11:32:48 PM     all      4.89      0.74      3.16      0.00      0.00     91.21
11:32:58 PM     all      4.94      0.70      3.00      0.00      0.00     91.36
11:33:08 PM     all      4.87      0.76      3.13      0.00      0.00     91.24
11:33:18 PM     all     10.28      0.16      4.52      0.00      0.00     85.03
11:33:28 PM     all     12.27      7.73      6.23      0.00      0.00     73.78
11:33:38 PM     all      5.05      0.65      3.19      0.00      0.00     91.11
11:33:48 PM     all      5.09      0.72      3.31      0.00      0.00     90.88
11:33:58 PM     all      5.37      0.76      3.15      0.00      0.00     90.72
11:34:08 PM     all      5.09      0.71      3.04      0.00      0.00     91.16
11:34:18 PM     all      5.11      0.77      3.20      0.00      0.00     90.92
11:34:28 PM     all      5.03      0.71      3.06      0.00      0.00     91.20
11:34:38 PM     all      5.09      0.74      3.09      0.00      0.00     91.08
11:34:48 PM     all      5.11      0.74      3.01      0.00      0.00     91.15
11:34:58 PM     all      5.16      0.73      2.93      0.00      0.00     91.19
11:35:08 PM     all      5.17      0.76      3.06      0.00      0.00     91.01
11:35:18 PM     all      5.02      0.68      3.03      0.00      0.00     91.28
11:35:28 PM     all      5.02      0.75      3.14      0.00      0.00     91.08
11:35:38 PM     all      5.06      0.80      3.17      0.00      0.00     90.97
11:35:48 PM     all      4.88      0.68      2.97      0.00      0.00     91.47
11:35:58 PM     all      5.10      0.74      2.95      0.00      0.00     91.20
11:36:08 PM     all      5.16      0.73      3.16      0.00      0.00     90.94
11:36:18 PM     all      4.94      0.69      2.94      0.00      0.00     91.44
11:36:28 PM     all      4.89      0.77      3.05      0.00      0.00     91.29
11:36:38 PM     all      5.08      0.74      2.95      0.00      0.00     91.23
11:36:48 PM     all      4.93      0.72      2.95      0.00      0.00     91.40
11:36:58 PM     all      5.00      0.76      3.07      0.00      0.00     91.17
11:37:08 PM     all      5.19      0.70      2.94      0.00      0.00     91.17
11:37:18 PM     all      4.86      0.72      3.04      0.00      0.00     91.38
11:37:28 PM     all      5.13      0.78      3.16      0.00      0.00     90.92
11:37:38 PM     all      4.94      0.70      2.96      0.00      0.00     91.39
11:37:48 PM     all      5.08      0.85      3.06      0.00      0.00     91.01
11:37:58 PM     all      5.08      0.92      3.07      0.00      0.00     90.93
11:38:08 PM     all      5.11      0.81      3.01      0.00      0.00     91.08
11:38:18 PM     all      5.09      0.83      2.98      0.00      0.00     91.10
11:38:28 PM     all      5.08      0.70      3.09      0.00      0.00     91.14
11:38:38 PM     all      5.03      0.76      2.94      0.00      0.00     91.27
11:38:48 PM     all      5.20      0.79      2.99      0.01      0.00     91.01
11:38:58 PM     all      4.93      0.66      3.02      0.00      0.00     91.39
11:39:08 PM     all      4.92      0.71      3.08      0.00      0.00     91.29
11:39:18 PM     all      5.04      0.75      3.03      0.00      0.00     91.17
11:39:28 PM     all      4.89      0.68      3.05      0.00      0.00     91.39
11:39:38 PM     all      5.17      0.75      3.00      0.00      0.00     91.08
11:39:48 PM     all      5.12      0.72      2.99      0.00      0.00     91.18
11:39:58 PM     all      4.98      0.68      2.94      0.00      0.00     91.40
11:40:08 PM     all     11.09      0.16      5.18      0.00      0.00     83.57
11:40:18 PM     all     11.67      7.75      6.21      0.00      0.00     74.37
11:40:28 PM     all      5.24      0.73      3.21      0.00      0.00     90.82
11:40:38 PM     all      5.49      0.79      2.93      0.00      0.00     90.78
11:40:48 PM     all      5.25      0.79      3.11      0.00      0.00     90.85
11:40:58 PM     all      5.15      0.80      3.06      0.00      0.00     91.00
11:41:08 PM     all      5.29      0.71      3.12      0.00      0.00     90.89
11:41:18 PM     all      4.98      0.76      3.21      0.00      0.00     91.05
11:41:28 PM     all      5.12      0.75      3.13      0.00      0.00     91.00
11:41:38 PM     all      5.17      0.73      3.14      0.00      0.00     90.95
11:41:48 PM     all      5.07      0.78      3.01      0.00      0.00     91.14
11:41:58 PM     all      5.03      0.79      2.95      0.00      0.00     91.22
11:42:08 PM     all      5.42      0.83      2.95      0.00      0.00     90.80
11:42:18 PM     all      5.04      0.76      2.98      0.00      0.00     91.21
11:42:28 PM     all      5.04      0.80      3.04      0.00      0.00     91.12
11:42:38 PM     all      5.30      0.84      3.19      0.00      0.00     90.68
11:42:48 PM     all      4.84      0.70      2.96      0.00      0.00     91.50
11:42:58 PM     all      4.92      0.71      3.04      0.00      0.00     91.34
11:43:08 PM     all      5.17      0.78      3.13      0.00      0.00     90.92
11:43:18 PM     all      5.21      0.74      3.02      0.00      0.00     91.03
11:43:28 PM     all      4.95      0.76      2.99      0.00      0.00     91.31
11:43:38 PM     all      5.01      0.75      3.02      0.00      0.00     91.22
11:43:48 PM     all      5.10      0.75      3.09      0.00      0.00     91.06
11:43:58 PM     all      5.00      0.70      3.03      0.01      0.00     91.27
11:44:08 PM     all      5.23      0.89      3.12      0.00      0.00     90.76
11:44:18 PM     all      5.03      0.79      2.99      0.00      0.00     91.18
11:44:28 PM     all      5.11      0.86      3.02      0.00      0.00     91.01
11:44:38 PM     all      4.97      0.84      3.04      0.00      0.00     91.15
11:44:48 PM     all      5.17      0.82      3.01      0.00      0.00     90.99
11:44:58 PM     all      5.04      0.77      2.88      0.00      0.00     91.30
11:45:08 PM     all      5.06      0.73      3.06      0.00      0.00     91.14
11:45:18 PM     all      5.29      0.76      2.99      0.00      0.00     90.96
11:45:28 PM     all      5.24      0.80      2.85      0.00      0.00     91.12
11:45:38 PM     all      5.07      0.75      2.94      0.00      0.00     91.23
11:45:48 PM     all      5.07      0.77      3.07      0.00      0.00     91.09
11:45:58 PM     all      5.08      0.76      2.94      0.00      0.00     91.23
11:46:08 PM     all      4.68      0.66      2.76      0.00      0.00     91.90
11:46:18 PM     all      0.64      0.24      0.37      0.00      0.00     98.75
11:46:28 PM     all      0.61      0.26      0.40      0.00      0.00     98.72
11:46:38 PM     all      0.63      0.22      0.38      0.00      0.00     98.77
11:46:48 PM     all      0.60      0.24      0.36      0.00      0.00     98.80
11:46:58 PM     all      0.61      0.22      0.38      0.00      0.00     98.80
11:47:08 PM     all      0.62      0.24      0.34      0.00      0.00     98.80
11:47:18 PM     all      0.65      0.23      0.36      0.00      0.00     98.75
11:47:28 PM     all      0.57      0.27      0.37      0.00      0.00     98.80
11:47:38 PM     all      0.62      0.23      0.39      0.00      0.00     98.76
11:47:48 PM     all      0.63      0.24      0.36      0.00      0.00     98.77
11:47:58 PM     all      0.54      0.24      0.33      0.00      0.00     98.89
11:48:08 PM     all      0.63      0.21      0.38      0.00      0.00     98.78
11:48:18 PM     all      0.65      0.23      0.35      0.00      0.00     98.77
11:48:28 PM     all      0.54      0.25      0.37      0.00      0.00     98.84
11:48:38 PM     all      0.59      0.22      0.39      0.00      0.00     98.79
11:48:48 PM     all      0.62      0.24      0.37      0.00      0.00     98.78
11:48:58 PM     all      0.56      0.22      0.38      0.00      0.00     98.84
11:49:08 PM     all      0.60      0.24      0.40      0.00      0.00     98.75
11:49:18 PM     all      0.63      0.25      0.38      0.00      0.00     98.73
11:49:28 PM     all      0.62      0.23      0.33      0.00      0.00     98.82
11:49:38 PM     all      0.64      0.22      0.36      0.00      0.00     98.78
11:49:48 PM     all      0.63      0.22      0.36      0.00      0.00     98.79
11:49:58 PM     all      0.61      0.24      0.41      0.00      0.00     98.74
11:50:08 PM     all      0.67      0.20      0.38      0.00      0.00     98.75
11:50:18 PM     all      0.63      0.24      0.37      0.00      0.00     98.76
11:50:28 PM     all      0.63      0.25      0.40      0.00      0.00     98.72
11:50:38 PM     all      0.64      0.22      0.36      0.00      0.00     98.78
11:50:48 PM     all      0.56      0.21      0.38      0.00      0.00     98.85
11:50:58 PM     all      0.61      0.24      0.39      0.00      0.00     98.76
11:51:08 PM     all      0.61      0.21      0.39      0.00      0.00     98.79
11:51:18 PM     all      0.60      0.23      0.38      0.00      0.00     98.79
11:51:28 PM     all      0.65      0.24      0.38      0.00      0.00     98.73
11:51:38 PM     all      0.61      0.25      0.42      0.00      0.00     98.72
11:51:48 PM     all      0.62      0.22      0.35      0.00      0.00     98.82
11:51:58 PM     all      0.60      0.24      0.37      0.00      0.00     98.79
11:52:08 PM     all      0.63      0.22      0.37      0.00      0.00     98.78
11:52:18 PM     all      0.62      0.25      0.37      0.00      0.00     98.77
11:52:28 PM     all      0.63      0.24      0.34      0.00      0.00     98.78
11:52:38 PM     all      0.58      0.20      0.42      0.00      0.00     98.80
11:52:48 PM     all      0.63      0.24      0.35      0.00      0.00     98.78
11:52:58 PM     all      0.63      0.24      0.35      0.00      0.00     98.77
11:53:08 PM     all      0.56      0.26      0.39      0.00      0.00     98.79
11:53:18 PM     all      0.64      0.24      0.37      0.00      0.00     98.75
11:53:28 PM     all      0.63      0.22      0.37      0.00      0.00     98.78
11:53:38 PM     all      0.61      0.27      0.36      0.00      0.00     98.76
11:53:48 PM     all      0.62      0.25      0.40      0.00      0.00     98.73
11:53:58 PM     all      0.62      0.25      0.37      0.00      0.00     98.76
11:54:08 PM     all      0.57      0.22      0.40      0.00      0.00     98.81
11:54:18 PM     all      0.77      0.26      0.38      0.00      0.00     98.59
11:54:28 PM     all      1.00      0.23      0.55      0.00      0.00     98.22
11:54:38 PM     all      0.62      0.24      0.34      0.00      0.00     98.80
11:54:48 PM     all      0.61      0.25      0.37      0.00      0.00     98.77
11:54:58 PM     all      0.60      0.22      0.40      0.00      0.00     98.78
11:55:08 PM     all      0.60      0.23      0.40      0.00      0.00     98.78
11:55:18 PM     all      0.68      0.22      0.41      0.00      0.00     98.69
11:55:28 PM     all      0.71      0.24      0.39      0.00      0.00     98.67
11:55:38 PM     all      0.71      0.23      0.44      0.00      0.00     98.62
11:55:48 PM     all      0.66      0.23      0.38      0.00      0.00     98.73
11:55:58 PM     all      0.69      0.23      0.44      0.00      0.00     98.64
11:56:08 PM     all      0.70      0.22      0.45      0.00      0.00     98.63
11:56:18 PM     all      0.73      0.25      0.44      0.00      0.00     98.58
11:56:28 PM     all      0.59      0.23      0.42      0.00      0.00     98.75
11:56:38 PM     all      0.58      0.24      0.38      0.00      0.00     98.79
11:56:48 PM     all      0.60      0.26      0.39      0.00      0.00     98.75
11:56:58 PM     all      0.59      0.23      0.40      0.00      0.00     98.79
11:57:08 PM     all      0.58      0.22      0.40      0.00      0.00     98.80
11:57:18 PM     all      0.57      0.22      0.42      0.00      0.00     98.78
11:57:28 PM     all      0.62      0.25      0.39      0.00      0.00     98.74
11:57:38 PM     all      0.61      0.24      0.36      0.00      0.00     98.79
11:57:48 PM     all      0.62      0.23      0.39      0.00      0.00     98.76
11:57:58 PM     all      0.62      0.24      0.36      0.00      0.00     98.78
11:58:08 PM     all      0.55      0.22      0.43      0.00      0.00     98.80
11:58:18 PM     all      0.64      0.24      0.37      0.00      0.00     98.76
11:58:28 PM     all      0.62      0.25      0.38      0.00      0.00     98.75
11:58:38 PM     all      0.61      0.22      0.38      0.00      0.00     98.79
11:58:48 PM     all      0.62      0.23      0.37      0.00      0.00     98.78
11:58:58 PM     all      0.59      0.23      0.40      0.00      0.00     98.78
11:59:08 PM     all      0.64      0.22      0.40      0.00      0.00     98.75
11:59:18 PM     all      0.64      0.24      0.38      0.00      0.00     98.73
11:59:28 PM     all      0.68      0.23      0.39      0.00      0.00     98.71
11:59:38 PM     all      0.59      0.24      0.37      0.00      0.00     98.80
11:59:48 PM     all      0.60      0.23      0.41      0.00      0.00     98.77
11:59:58 PM     all      0.61      0.24      0.36      0.00      0.00     98.79
12:00:08 AM     all      0.71      0.27      0.44      0.00      0.00     98.58
12:00:18 AM     all      0.63      0.23      0.36      0.00      0.00     98.78
12:00:28 AM     all      0.61      0.24      0.42      0.00      0.00     98.73
12:00:38 AM     all      0.58      0.23      0.38      0.00      0.00     98.80
12:00:48 AM     all      0.63      0.24      0.38      0.00      0.00     98.74
12:00:58 AM     all      0.59      0.21      0.37      0.00      0.00     98.82
12:01:08 AM     all      0.65      0.24      0.41      0.00      0.00     98.70
12:01:18 AM     all      1.53      0.24      0.47      0.00      0.00     97.76
12:01:28 AM     all      3.23      0.24      0.50      0.00      0.00     96.03
12:01:38 AM     all     18.04      6.84      5.71      0.00      0.00     69.41
12:01:48 AM     all      6.55      3.23      2.04      0.00      0.00     88.17
12:01:58 AM     all      6.44      2.97      1.93      0.00      0.00     88.67
12:02:08 AM     all      6.37      2.88      1.79      0.00      0.00     88.96
12:02:18 AM     all      6.45      2.94      1.74      0.00      0.00     88.87
12:02:28 AM     all      6.50      2.90      1.82      0.00      0.00     88.78
12:02:38 AM     all      6.40      2.89      1.71      0.00      0.00     89.00
12:02:48 AM     all      6.34      2.95      1.67      0.00      0.00     89.04
12:02:58 AM     all      6.41      2.94      1.71      0.00      0.00     88.94
12:03:08 AM     all      6.21      2.91      1.79      0.00      0.00     89.09
12:03:18 AM     all      6.51      3.17      1.91      0.00      0.00     88.40
12:03:28 AM     all      4.74      2.00      2.15      0.00      0.00     91.12
12:03:38 AM     all     20.14      8.69      4.10      0.01      0.00     67.07
12:03:48 AM     all      6.21      3.73      1.90      0.00      0.00     88.16
12:03:58 AM     all      6.04      3.56      1.71      0.00      0.00     88.69
12:04:08 AM     all      5.98      3.66      1.70      0.00      0.00     88.65
12:04:18 AM     all      5.89      3.54      1.64      0.01      0.00     88.93
12:04:28 AM     all      6.00      3.57      1.71      0.00      0.00     88.72
12:04:38 AM     all      6.04      3.55      1.63      0.01      0.00     88.77
12:04:48 AM     all      6.10      3.49      1.66      0.00      0.00     88.74
12:04:58 AM     all      6.09      3.68      1.67      0.00      0.00     88.56
12:05:08 AM     all      6.10      3.62      1.64      0.01      0.00     88.64
12:05:18 AM     all      6.05      3.79      1.76      0.00      0.00     88.40
12:05:28 AM     all      4.59      2.49      2.29      0.00      0.00     90.63
12:05:38 AM     all     19.98      8.94      4.11      0.00      0.00     66.97
12:05:48 AM     all      6.15      4.28      2.10      0.00      0.00     87.48
12:05:58 AM     all      5.85      4.02      1.71      0.00      0.00     88.41
12:06:08 AM     all      6.01      4.45      1.71      0.00      0.00     87.82
12:06:18 AM     all      5.92      4.21      1.80      0.00      0.00     88.08
12:06:28 AM     all      5.82      4.20      1.93      0.00      0.00     88.04
12:06:38 AM     all      5.84      4.19      1.80      0.00      0.00     88.17
12:06:48 AM     all      6.13      4.27      1.82      0.00      0.00     87.78
12:06:58 AM     all      5.92      4.36      1.69      0.00      0.00     88.03
12:07:08 AM     all      5.87      4.25      1.73      0.00      0.00     88.15
12:07:18 AM     all      5.92      4.48      1.82      0.00      0.00     87.78
12:07:28 AM     all      4.99      3.44      2.70      0.00      0.00     88.86
12:07:38 AM     all     19.14      8.32      3.94      0.01      0.00     68.59
12:07:48 AM     all      5.90      4.62      2.15      0.00      0.00     87.32
12:07:58 AM     all      5.65      4.48      1.74      0.00      0.00     88.13
12:08:08 AM     all      5.75      4.68      1.87      0.00      0.00     87.70
12:08:18 AM     all      5.86      4.57      1.90      0.00      0.00     87.67
12:08:28 AM     all      5.75      4.57      1.77      0.00      0.00     87.90
12:08:38 AM     all      5.71      4.50      1.88      0.00      0.00     87.91
12:08:48 AM     all      5.93      4.83      1.64      0.00      0.00     87.60
12:08:58 AM     all      5.98      4.72      1.82      0.00      0.00     87.48
12:09:08 AM     all      5.85      4.58      1.71      0.00      0.00     87.86
12:09:18 AM     all      5.81      4.75      1.76      0.00      0.00     87.67
12:09:28 AM     all      5.74      4.86      1.88      0.00      0.00     87.52
12:09:38 AM     all     10.44      1.68      2.58      0.00      0.00     85.30
12:09:48 AM     all     13.11      9.89      4.25      0.00      0.00     72.75
12:09:58 AM     all      5.22      4.37      2.07      0.00      0.00     88.34
12:10:08 AM     all      5.04      4.27      1.93      0.00      0.00     88.76
12:10:18 AM     all      5.18      4.31      1.88      0.00      0.00     88.63
12:10:28 AM     all      5.01      4.26      1.88      0.01      0.00     88.85
12:10:38 AM     all      5.29      4.49      1.80      0.00      0.00     88.41
12:10:48 AM     all      5.48      4.74      1.76      0.00      0.00     88.02
12:10:58 AM     all      5.25      4.37      1.74      0.00      0.00     88.64
12:11:08 AM     all      5.32      4.63      1.93      0.00      0.00     88.12
12:11:18 AM     all      5.22      4.44      1.76      0.00      0.00     88.58
12:11:28 AM     all      5.25      4.44      1.69      0.00      0.00     88.63
12:11:38 AM     all      5.40      4.46      1.76      0.00      0.00     88.38
12:11:48 AM     all      5.23      4.63      1.74      0.00      0.00     88.40
12:11:58 AM     all      4.24      3.41      2.79      0.00      0.00     89.55
12:12:08 AM     all     18.94      7.49      4.07      0.00      0.00     69.49
12:12:18 AM     all      4.69      1.10      1.29      0.00      0.00     92.92
12:12:28 AM     all      4.81      1.08      1.19      0.00      0.00     92.92
12:12:38 AM     all      4.66      1.07      1.11      0.00      0.00     93.16
12:12:48 AM     all      4.76      1.11      1.26      0.00      0.00     92.87
12:12:58 AM     all      4.71      1.03      1.05      0.00      0.00     93.21
12:13:08 AM     all      4.59      1.05      1.08      0.00      0.00     93.28
12:13:18 AM     all      4.69      1.11      1.14      0.00      0.00     93.06
12:13:28 AM     all      4.58      1.05      1.10      0.00      0.00     93.26
12:13:38 AM     all      4.67      1.09      1.13      0.00      0.00     93.11
12:13:48 AM     all      4.72      1.12      1.15      0.00      0.00     93.01
12:13:58 AM     all      4.66      1.21      1.12      0.00      0.00     93.01
12:14:08 AM     all      4.66      1.24      1.24      0.00      0.00     92.86
12:14:18 AM     all      4.63      1.14      1.14      0.00      0.00     93.10
12:14:28 AM     all      4.71      1.08      1.04      0.00      0.00     93.17
12:14:38 AM     all      4.55      1.04      1.02      0.00      0.00     93.40
12:14:48 AM     all      4.63      1.08      1.16      0.00      0.00     93.14
12:14:58 AM     all      4.66      1.05      1.13      0.00      0.00     93.15
12:15:08 AM     all     15.75      0.24      3.39      0.00      0.00     80.62
12:15:18 AM     all      6.80      8.10      2.87      0.00      0.00     82.22
12:15:28 AM     all      4.73      1.10      1.23      0.00      0.00     92.94
12:15:38 AM     all      4.78      1.14      1.16      0.00      0.00     92.92
12:15:48 AM     all      4.84      1.16      1.19      0.00      0.00     92.82
12:15:58 AM     all      4.81      1.19      1.24      0.00      0.00     92.75
12:16:08 AM     all      4.79      1.17      1.17      0.00      0.00     92.87
12:16:18 AM     all      4.82      1.13      1.08      0.00      0.00     92.98
12:16:28 AM     all      4.75      1.19      1.21      0.00      0.00     92.85
12:16:38 AM     all      4.84      1.19      1.11      0.00      0.00     92.85
12:16:48 AM     all      4.83      1.20      1.06      0.00      0.00     92.91
12:16:58 AM     all      4.80      1.35      1.22      0.00      0.00     92.63
12:17:08 AM     all      4.83      1.35      1.18      0.00      0.00     92.64
12:17:18 AM     all      4.75      1.13      1.07      0.00      0.00     93.05
12:17:28 AM     all      4.86      1.18      1.07      0.00      0.00     92.90
12:17:38 AM     all      4.76      1.21      1.17      0.00      0.00     92.87
12:17:48 AM     all      3.23      0.53      2.21      0.00      0.00     94.02
12:17:58 AM     all     19.10      7.60      4.15      0.00      0.00     69.15
12:18:08 AM     all      4.33      0.87      1.22      0.00      0.00     93.57
12:18:18 AM     all      4.23      0.86      1.13      0.00      0.00     93.78
12:18:28 AM     all      4.39      0.93      1.03      0.00      0.00     93.66
12:18:38 AM     all      4.20      0.94      1.12      0.00      0.00     93.74
12:18:48 AM     all      4.44      0.92      1.10      0.00      0.00     93.53
12:18:58 AM     all      4.49      0.91      1.07      0.00      0.00     93.53
12:19:08 AM     all      4.37      0.90      0.97      0.00      0.00     93.76
12:19:18 AM     all      4.34      0.90      1.08      0.00      0.00     93.68
12:19:28 AM     all      4.34      0.95      1.07      0.00      0.00     93.64
12:19:38 AM     all      4.27      0.88      1.02      0.00      0.00     93.83
12:19:48 AM     all      4.33      0.87      1.01      0.00      0.00     93.80
12:19:58 AM     all      4.36      0.89      0.98      0.00      0.00     93.77
12:20:08 AM     all      4.40      0.93      0.94      0.00      0.00     93.73
12:20:18 AM     all      4.42      0.98      0.97      0.00      0.00     93.63
12:20:28 AM     all      4.48      1.02      0.97      0.00      0.00     93.52
12:20:38 AM     all      4.31      1.04      1.08      0.00      0.00     93.58
12:20:48 AM     all      4.27      1.01      1.00      0.00      0.00     93.73
12:20:58 AM     all      4.41      0.86      0.96      0.01      0.00     93.77
12:21:08 AM     all      4.30      0.88      0.99      0.00      0.00     93.82
12:21:18 AM     all      4.32      0.88      1.01      0.00      0.00     93.78
12:21:28 AM     all      4.48      0.92      1.02      0.00      0.00     93.59
12:21:38 AM     all      4.19      0.89      1.00      0.00      0.00     93.92
12:21:48 AM     all      3.43      0.64      3.10      0.00      0.00     92.84
12:21:58 AM     all     18.59      7.50      3.99      0.00      0.00     69.92
12:22:08 AM     all      4.42      0.91      1.26      0.00      0.00     93.41
12:22:18 AM     all      4.25      0.87      1.12      0.00      0.00     93.75
12:22:28 AM     all      4.36      0.94      0.99      0.00      0.00     93.71
12:22:38 AM     all      4.34      0.92      1.06      0.00      0.00     93.68
12:22:48 AM     all      4.26      0.90      1.06      0.00      0.00     93.78
12:22:58 AM     all      4.31      0.89      1.04      0.00      0.00     93.77
12:23:08 AM     all      4.34      0.88      0.99      0.00      0.00     93.79
12:23:18 AM     all      4.47      0.93      1.03      0.00      0.00     93.57
12:23:28 AM     all      4.31      0.90      0.92      0.00      0.00     93.87
12:23:38 AM     all      4.36      0.90      0.98      0.00      0.00     93.77


Average:        all      4.76      1.59      1.96      0.00      0.00     91.68
