Linux 5.15.0-131-generic (node0.parthaw-244324.hyflowtm-pg0.wisc.cloudlab.us) 	03/01/2025 	_x86_64_	(40 CPU)

10:43:35 PM kbmemfree   kbavail kbmemused  %memused kbbuffers  kbcached  kbcommit   %commit  kbactive   kbinact   kbdirty
10:43:45 PM 193866752 193661064   1555844      0.79     63172    852632    513056      0.25    243776    868096       128
10:43:55 PM 193866248 193660560   1556508      0.79     63180    852632    513056      0.25    243776    868108        20
10:44:05 PM 193742644 193585232   1631036      0.83     63572    899824    594484      0.29    249740    987060       600
10:44:15 PM 193552288 193563564   1648852      0.84     64456   1064644    618328      0.30    251096   1176600      1808
10:44:25 PM 193389224 193538456   1672136      0.85     65468   1200052    640364      0.31    252496   1334664       640
10:44:35 PM 193205532 193520056   1684600      0.86     68144   1358640    652392      0.32    277492   1481596    140512
10:44:45 PM 192977304 193498668   1697308      0.86     73908   1551524    665552      0.32    306248   1664956     63572
10:44:55 PM 192719492 193489824   1695748      0.86     79792   1785840    664528      0.32    340808   1870540    165488
10:45:05 PM 192981048 193601160   1582492      0.80     81932   1631852    555656      0.27    269884   1680852      5944
10:45:15 PM 189700396 190327980   4807104      2.44     82336   1644300  28114632     13.71    305768   4793060      2560
10:45:25 PM 189157820 189785788   5302416      2.70     82352   1689860  29102892     14.19    305844   5327012       380
10:45:35 PM 189057888 189686292   5401284      2.75     82368   1690332  29162244     14.22    305888   5412308       352
10:45:45 PM 189021772 189650668   5436696      2.76     82396   1690796  29179736     14.23    305916   5445428       164
10:45:55 PM 188970132 189599544   5486840      2.79     82440   1692048  29204836     14.24    305952   5481920       272
10:46:05 PM 188932436 189562336   5524100      2.81     82460   1692488  29222180     14.25    305972   5507032       248
10:46:15 PM 188901600 189532184   5554064      2.82     82476   1693176  29260860     14.27    305988   5549232       284
10:46:25 PM 188907708 189538792   5547720      2.82     82492   1693648  29254148     14.27    306024   5548752       740
10:46:35 PM 188887808 189519412   5566980      2.83     82508   1694108  29258400     14.27    306040   5559196       456
10:46:45 PM 188867932 189500020   5586536      2.84     82524   1694576  29287560     14.28    306056   5592368       472
10:46:55 PM 188867708 189500260   5586008      2.84     82540   1695028  29238032     14.26    306072   5555748       416
10:47:05 PM 191746860 192379912   2786120      1.42     82560   1642524   5005616      2.44    353656   2842248        40
10:47:15 PM 188826908 189462392   5569252      2.83     82632   1747264  29329236     14.30    354656   5595328       156
10:47:25 PM 188657668 189293604   5737152      2.92     82648   1747708  29394984     14.33    354632   5772740        92
10:47:35 PM 188528644 189165024   5865412      2.98     82664   1748136  29485160     14.38    354648   5867112       280
10:47:45 PM 188544828 189181680   5848944      2.97     82696   1748556  29496580     14.38    354680   5876028       296
10:47:55 PM 188501280 189138580   5890188      2.99     82720   1750524  29535096     14.40    354736   5919156       480
10:48:05 PM 188409832 189047616   5980892      3.04     82736   1750988  29591368     14.43    354744   5994944       504
10:48:15 PM 188366828 189005256   6023292      3.06     82756   1751624  29639960     14.45    354772   6053328       436
10:48:25 PM 188362164 189001040   6027412      3.06     82772   1752052  29637188     14.45    354788   6070956       432
10:48:35 PM 188364340 189003644   6024844      3.06     82788   1752496  29655844     14.46    354812   6071356       448
10:48:45 PM 188310536 188950332   6077884      3.09     82804   1752928  29689480     14.48    354832   6106968       356
10:48:55 PM 188399872 189040128   5986628      3.04     82820   1754936  29537528     14.40    354844   5982692       184
10:49:05 PM 191273372 191914240   3248496      1.65     82844   1648932   5488528      2.68    380260   3278872        12
10:49:15 PM 188471412 189114460   5858016      2.98     82948   1809880  29529520     14.40    380432   5934020       132
10:49:25 PM 188251832 188895272   6076648      3.09     82964   1810252  29720416     14.49    380448   6138948        56
10:49:35 PM 188051784 188695636   6276008      3.19     82980   1810636  29632792     14.45    380468   6333072       352
10:49:45 PM 188068240 188712508   6259076      3.18     83008   1811044  29848020     14.56    380492   6304568       556
10:49:55 PM 188030900 188675608   6295424      3.20     83068   1811420  29895032     14.58    380548   6334840       288
10:50:05 PM 187936888 188582020   6389268      3.25     83084   1811824  29899828     14.58    380568   6442664       268
10:50:15 PM 187841076 188486820   6484116      3.30     83104   1812408  30073456     14.67    380588   6533716       256
10:50:25 PM 187715096 188361288   6609792      3.36     83124   1812832  30137776     14.70    380608   6635200       268
10:50:35 PM 187731892 188378492   6592316      3.35     83144   1813188  30149480     14.70    380628   6638392       136
10:50:45 PM 187725188 188372208   6598708      3.36     83160   1813596  30174224     14.71    380648   6648116       116
10:50:55 PM 187644212 188291656   6679464      3.40     83176   1813988  30216416     14.74    380664   6717148       124
10:51:05 PM 187747908 188395812   6575396      3.34     83192   1814448  30125132     14.69    380680   6630152        36
10:51:15 PM 192711492 193360732   1800300      0.92     83232   1656100   2235208      1.09    381820   1747832       900
10:51:25 PM 188618848 189270044   5659608      2.88     83356   1857528  29025160     14.15    382140   5744780       548
10:51:35 PM 187960580 188612200   6306796      3.21     83372   1867304  29916876     14.59    382156   6442916       396
10:51:45 PM 187755640 188407592   6511048      3.31     83388   1867684  30106944     14.68    382168   6603956       388
10:51:55 PM 187523860 188176200   6739056      3.43     83404   1871180  30275704     14.76    382184   6823176       520
10:52:05 PM 187574880 188227632   6687644      3.40     83448   1871540  30272072     14.76    382224   6798388       244
10:52:15 PM 187503508 188156692   6758688      3.44     83484   1871916  30279256     14.77    382264   6865000       244
10:52:25 PM 187422940 188076792   6838724      3.48     83500   1872572  30416340     14.83    382280   6960388       244
10:52:35 PM 187209024 187863252   7051976      3.59     83516   1872928  30578860     14.91    382296   7149312       224
10:52:45 PM 187173500 187828100   7087120      3.60     83532   1873296  30625940     14.94    382312   7176080       224
10:52:55 PM 187126432 187781424   7133404      3.63     83548   1873664  30630428     14.94    382328   7227216       204
10:53:05 PM 187091084 187746472   7168696      3.65     83564   1874056  30652312     14.95    382344   7270468       192
10:53:15 PM 187100892 187756684   7158344      3.64     83580   1874432  30481836     14.86    382360   7228280       328
10:53:25 PM 187172132 187828624   7086176      3.60     83596   1875120  30610096     14.93    382376   7207432       164
10:53:35 PM 192546448 193203380   1956264      0.99     83612   1662796   2853200      1.39    382896   1932916        28
10:53:45 PM 188358600 189017316   5879568      2.99     83724   1894712  29291548     14.28    383204   5987092       116
10:53:55 PM 187592932 188252028   6624328      3.37     83740   1914564  30087968     14.67    383220   6788432         4
10:54:05 PM 187345348 188004856   6861496      3.49     83756   1924696  30336172     14.79    383236   7013872       412
10:54:15 PM 187067672 187727572   7134400      3.63     83772   1928964  30708720     14.98    383248   7301100       376
10:54:25 PM 187076024 187736328   7125676      3.62     83824   1929312  30645972     14.94    383300   7265220       576
10:54:35 PM 187050856 187711588   7150156      3.64     83884   1929684  30731920     14.99    383356   7323640       516
10:54:45 PM 186901224 187562580   7299224      3.71     83908   1930280  30851064     15.04    383384   7453856       492
10:54:55 PM 186795292 187457004   7404816      3.77     83924   1930624  31007324     15.12    383400   7588328       452
10:55:05 PM 186597788 187259876   7602168      3.87     83940   1930992  31169448     15.20    383416   7764220       600
10:55:15 PM 186580212 187242672   7619240      3.87     83956   1931364  31163580     15.20    383432   7786392       436
10:55:25 PM 186539944 187202784   7659184      3.89     83972   1931724  31192888     15.21    383448   7796364       452
10:55:35 PM 186505324 187168592   7693176      3.91     83992   1932104  31280780     15.25    383468   7890888       600
10:55:45 PM 186488964 187152940   7709096      3.92     84008   1932804  31216304     15.22    383484   7848772       372
10:55:55 PM 186723820 187388168   7473856      3.80     84024   1933156  30944780     15.09    383500   7588352       224
10:56:05 PM 190151800 190817064   4276136      2.17     84152   1708952  23083456     11.26    384776   4293356       596
10:56:15 PM 188015432 188683176   5186672      2.64     84228   2924920  30180384     14.72    384856   6360748       136
10:56:25 PM 187864856 188532868   5289608      2.69     84248   2972032  30260836     14.76    384872   6507000       140
10:56:35 PM 187804764 188472960   5315176      2.70     84264   3006172  30326976     14.79    384884   6572388       116
10:56:45 PM 187782664 188451108   5330596      2.71     84288   3012640  30332428     14.79    384912   6591960       376
10:56:55 PM 187775144 188443788   5337768      2.71     84304   3012824  30356696     14.80    384920   6614292       380
10:57:05 PM 187715596 188384492   5397112      2.74     84324   3013064  30380484     14.82    384944   6650568        68
10:57:15 PM 187672568 188341872   5431360      2.76     84340   3021680  30394696     14.82    384956   6669628       308
10:57:25 PM 187669888 188339408   5433768      2.76     84356   3021868  30385276     14.82    384980   6668844       104
10:57:35 PM 187659892 188329620   5443480      2.77     84400   3022044  30403792     14.83    385024   6681484       316
10:57:45 PM 187639380 188309396   5463672      2.78     84488   3022244  30424112     14.84    385108   6710596       380
10:57:55 PM 187619208 188289436   5483548      2.79     84508   3022424  30427768     14.84    385128   6719440       352
10:58:05 PM 187613320 188283840   5458624      2.78     84524   3053108  30423936     14.84    385152   6726216       372
10:58:15 PM 187626968 188297952   5444208      2.77     84540   3053568  30396672     14.82    385160   6696860       344
10:58:25 PM 187631572 188302768   5439256      2.77     84556   3053744  30400240     14.83    385188   6705336       228
10:58:35 PM 187611468 188282848   5459404      2.78     84572   3053920  30415612     14.83    385192   6717420        60
10:58:45 PM 187596236 188267864   5453312      2.77     84588   3075312  30440544     14.84    385212   6742496        20
10:58:55 PM 187588960 188260776   5460460      2.78     84604   3075508  30449936     14.85    385224   6752640       360
10:59:05 PM 189559452 190230960   4862284      2.47     84744   1712000  23070200     11.25    385976   4894312       232
10:59:15 PM 188002268 188675972   5230660      2.66     84816   2891856  30105308     14.68    386028   6389664       240
10:59:25 PM 187853280 188527300   5321228      2.71     84836   2949680  30228768     14.74    386056   6534228       228
10:59:35 PM 187773232 188447484   5364780      2.73     84852   2985792  30296272     14.77    386072   6618284       224
10:59:45 PM 187732208 188406664   5405456      2.75     84868   2985980  30290020     14.77    386084   6614428       364
10:59:55 PM 187704188 188378844   5433048      2.76     84884   2986176  30306676     14.78    386092   6637580       368
11:00:05 PM 187666740 188341676   5447068      2.77     84900   3009164  30359764     14.81    386104   6689672       228
11:00:15 PM 187634008 188309360   5479252      2.79     84920   3009564  30385112     14.82    386128   6726248       180
11:00:25 PM 187609332 188284884   5503620      2.80     84936   3009724  30382676     14.82    386144   6728476       120
11:00:35 PM 187599812 188275608   5512752      2.80     85004   3009924  30398108     14.82    386204   6743796       340
11:00:45 PM 187580788 188256888   5531256      2.81     85084   3010120  30410712     14.83    386296   6761664       128
11:00:55 PM 187597036 188273336   5515072      2.80     85104   3010316  30413248     14.83    386316   6768048       216
11:01:05 PM 187623984 188300508   5484060      2.79     85124   3014340  30366044     14.81    386336   6729376       364
11:01:15 PM 187631536 188308584   5475876      2.78     85140   3014804  30349404     14.80    386352   6723568       160
11:01:25 PM 187606152 188283400   5501084      2.80     85156   3014988  30376700     14.81    386368   6740564       188
11:01:35 PM 187584852 188262320   5521972      2.81     85172   3015172  30389292     14.82    386384   6755512       344
11:01:45 PM 187569176 188246832   5537412      2.82     85188   3015376  30401588     14.83    386400   6762636       340
11:01:55 PM 188698732 189376360   5666468      2.88     85388   1757796  31447284     15.34    386856   5715556       512
11:02:05 PM 187326876 188006904   5346292      2.72     85404   3448760  30790880     15.02    386768   7044124       364
11:02:15 PM 187105680 187786008   5440816      2.77     85420   3574624  30918720     15.08    386780   7245732       376
11:02:25 PM 186989696 187670272   5471024      2.78     85440   3659940  31086300     15.16    386804   7391848       256
11:02:35 PM 186898108 187578832   5561892      2.83     85456   3660060  31128968     15.18    386820   7471632       248
11:02:45 PM 186864828 187545712   5558008      2.83     85472   3696992  31164948     15.20    386836   7500748       220
11:02:55 PM 186828512 187509692   5593864      2.84     85488   3697340  31184960     15.21    386852   7535216       520
11:03:05 PM 186760536 187442020   5630340      2.86     85504   3728660  31246680     15.24    386868   7597520       216
11:03:15 PM 186694956 187376592   5695460      2.90     85520   3728812  31270868     15.25    386880   7637640       136
11:03:25 PM 186665928 187347720   5724260      2.91     85536   3728944  31314332     15.27    386900   7665452       120
11:03:35 PM 186639672 187321604   5750168      2.92     85552   3729052  31285920     15.26    386916   7667692       108
11:03:45 PM 186655564 187337644   5734116      2.92     85568   3729188  31135744     15.18    386932   7663984       240
11:03:55 PM 186637192 187319596   5752100      2.92     85592   3729560  31299888     15.26    386956   7683844       420
11:04:05 PM 186618340 187301088   5755680      2.93     85660   3744652  31343036     15.28    387008   7712852        76
11:04:15 PM 186576380 187259324   5797564      2.95     85724   3744780  31369996     15.30    387076   7760660       228
11:04:25 PM 186481988 187165204   5823720      2.96     85760   3812872  31458272     15.34    387124   7847420       196
11:04:35 PM 186459752 187143124   5845696      2.97     85780   3813004  31442176     15.33    387140   7846376       152
11:04:45 PM 186566700 187250220   5738452      2.92     85796   3813152  31364980     15.30    387152   7755752       164
11:04:55 PM 186613220 187297024   5691412      2.89     85812   3813524  31312272     15.27    387176   7720212       452
11:05:05 PM 186627812 187311968   5676636      2.89     85828   3813748  31313532     15.27    387192   7713596       264
11:05:15 PM 186573640 187257928   5729176      2.91     85844   3815428  31321696     15.27    387208   7738864       104
11:05:25 PM 186538800 187223240   5763928      2.93     85860   3815564  31339612     15.28    387224   7748612        92
11:05:35 PM 186548680 187233260   5754092      2.93     85876   3815692  31352412     15.29    387232   7767244        88
11:05:45 PM 186530360 187215092   5772272      2.94     85892   3815816  31353140     15.29    387256   7768416        44
11:05:55 PM 186507180 187192120   5795176      2.95     85908   3816164  31385012     15.31    387264   7794092       312
11:06:05 PM 192417668 193101492   2050088      1.04     85928   1684952   2947044      1.44    387324   2022644         0
11:06:15 PM 187734488 188421040   5279020      2.68     86120   3105868  30124668     14.69    387700   6667616       476
11:06:25 PM 187093552 187780720   5464868      2.78     86136   3559208  30961492     15.10    387716   7282900       260
11:06:35 PM 186814216 187501640   5633092      2.86     86156   3669572  31149340     15.19    387732   7524784       220
11:06:45 PM 186752008 187439580   5695088      2.90     86172   3669704  31232084     15.23    387752   7590240       196
11:06:55 PM 186711676 187399408   5734936      2.92     86188   3669840  31276912     15.25    387768   7639592       252
11:07:05 PM 186742228 187430108   5703836      2.90     86204   3669980  31240772     15.23    387784   7618216       240
11:07:15 PM 186718372 187406660   5727640      2.91     86220   3670364  31241852     15.24    387800   7615608       140
11:07:25 PM 186569428 187258036   5761080      2.93     86236   3785308  31399624     15.31    387816   7789440       184
11:07:35 PM 186494672 187183424   5835684      2.97     86252   3785440  31465320     15.34    387832   7864692       108
11:07:45 PM 186436848 187125752   5893452      3.00     86268   3785576  31520060     15.37    388388   7915760       112
11:07:55 PM 186415340 187104396   5914600      3.01     86284   3785728  31518880     15.37    388404   7918012       156
11:08:05 PM 186405064 187094288   5924712      3.01     86320   3785856  31511372     15.37    388432   7912204       188
11:08:15 PM 186404092 187093884   5924892      3.01     86404   3786336  31512692     15.37    388516   7922008       248
11:08:25 PM 186389136 187079112   5939708      3.02     86444   3786468  31520692     15.37    388564   7926756       196
11:08:35 PM 186351840 187041992   5976792      3.04     86476   3786612  31539508     15.38    388596   7956616       188
11:08:45 PM 186357232 187047528   5971404      3.04     86496   3786748  31530956     15.38    388608   7947720       308
11:08:55 PM 186429484 187119952   5898920      3.00     86512   3786896  31455336     15.34    388636   7878960       172
11:09:05 PM 186446288 187136888   5881996      2.99     86528   3787028  31423280     15.32    388648   7855392       124
11:09:15 PM 186427628 187118716   5900168      3.00     86544   3787496  31448464     15.34    388664   7868296        96
11:09:25 PM 186414584 187105856   5913072      3.01     86560   3787644  31469268     15.35    388680   7899376        88
11:09:35 PM 186376136 187067548   5951280      3.03     86576   3787772  31473232     15.35    388696   7906860        72
11:09:45 PM 186373404 187064968   5953716      3.03     86592   3787924  31498480     15.36    388704   7936260        76
11:09:55 PM 192285340 192975644   2174688      1.11     86644   1690160   3014628      1.47    388648   2173504         0
11:10:05 PM 186993080 187687104   5544876      2.82     86800   3572464  31066744     15.15    388988   7306200       328
11:10:15 PM 186677944 187372980   5677100      2.89     86816   3749484  31176988     15.20    389004   7530420       220
11:10:25 PM 186582520 187277572   5769636      2.93     86844   3749592  31213312     15.22    389032   7646540       408
11:10:35 PM 186451512 187146808   5834832      2.97     86860   3816400  31337340     15.28    389048   7793524       176
11:10:45 PM 186450308 187145840   5833476      2.97     86876   3820768  31400636     15.31    389064   7800128       168
11:10:55 PM 186313504 187008980   5928036      3.01     86892   3862388  31459288     15.34    389080   7918216       196
11:11:05 PM 186343676 187039432   5895024      3.00     86908   3862708  31497320     15.36    389088   7890680       292
11:11:15 PM 186291940 186987864   5871344      2.99     86924   3940096  31530712     15.38    389112   7955076       112
11:11:25 PM 186185924 186882136   5977292      3.04     86940   3940184  31576420     15.40    389120   8032228       216
11:11:35 PM 186222572 186918648   5940212      3.02     86956   3940288  31620952     15.42    389136   8027548       168
11:11:45 PM 186084308 186780460   6084920      3.09     86964   3940396  31699500     15.46    389152   8164836       124
11:11:55 PM 186065160 186761240   6099372      3.10     86980   3940500  31720592     15.47    389168   8189072       144
11:12:05 PM 186082760 186779572   6077060      3.09     87000   3940944  31711240     15.46    389188   8142804       108
11:12:15 PM 185841224 186538148   6181536      3.14     87016   4081696  31888232     15.55    389204   8376744       108
11:12:25 PM 185857096 186553984   6171168      3.14     87032   4081796  31633132     15.43    389220   8410896        80
11:12:35 PM 185901008 186598216   6121940      3.11     87048   4081892  31869488     15.54    389236   8336760        72
11:12:45 PM 185861928 186559200   6160884      3.13     87076   4081988  31890404     15.55    389264   8373088        40
11:12:55 PM 185879404 186576976   6140792      3.12     87120   4082088  31895108     15.55    389304   8346128        40
11:13:05 PM 185798800 186496568   6223580      3.16     87184   4082512  31939660     15.58    389372   8446736        12
11:13:15 PM 185762048 186460076   6256812      3.18     87216   4082620  31949036     15.58    389408   8450392       180
11:13:25 PM 185827148 186525804   6192784      3.15     87248   4082724  31930280     15.57    389436   8395836       168
11:13:35 PM 185767544 186466048   6252936      3.18     87272   4082824  31952804     15.58    389464   8461628       200
11:13:45 PM 185775252 186473788   6244732      3.18     87288   4082912  31872840     15.54    389480   8402852       148
11:13:55 PM 185935712 186634540   6085272      3.09     87304   4083056  31832968     15.52    389496   8291144       228
11:14:05 PM 185905220 186604140   6116832      3.11     87320   4083348  31786620     15.50    389512   8295924       156
11:14:15 PM 185923780 186622840   6096520      3.10     87336   4083432  31770876     15.49    389528   8255032       140
11:14:25 PM 185867984 186567104   6061564      3.08     87352   4174900  31868108     15.54    389544   8379752       144
11:14:35 PM 185815792 186515112   6109436      3.11     87368   4174996  31863420     15.54    389560   8374144       112
11:14:45 PM 185877036 186576524   6051660      3.08     87384   4175092  31849356     15.53    389576   8337132       132
11:14:55 PM 185818652 186518344   6108436      3.11     87400   4175220  31904264     15.56    389592   8408988       136
11:15:05 PM 185799320 186499324   6130824      3.12     87416   4175640  31908960     15.56    389608   8420112       284
11:15:15 PM 185806460 186506656   6117676      3.11     87436   4175732  31901940     15.56    389628   8393848       112
11:15:25 PM 185732940 186433412   6193144      3.15     87460   4175824  31938268     15.58    389644   8444868       172
11:15:35 PM 185745636 186445800   6181604      3.14     87476   4175920  31955876     15.58    389660   8496848       160
11:15:45 PM 192336296 193035380   2110604      1.07     87488   1696164   3004888      1.47    389912   2098932        24
11:15:55 PM 187387360 188088204   5342396      2.72     87684   3372572  30273036     14.76    390296   6936140        48
11:16:05 PM 186722944 187425276   5630808      2.86     87700   3746092  31203868     15.22    390312   7578824        32
11:16:15 PM 186276976 186979432   5888268      2.99     87728   3940712  31501532     15.36    390336   7981460       184
11:16:25 PM 186103204 186805688   6057432      3.08     87744   3940812  31592440     15.41    390352   8105748        12
11:16:35 PM 186155732 186858440   6004844      3.05     87760   3940900  31632292     15.43    390368   8095508       272
11:16:45 PM 186034264 186737200   6124544      3.11     87776   3941000  31689704     15.45    390384   8178412       240
11:16:55 PM 186087176 186790020   6071904      3.09     87792   3941384  31719012     15.47    390400   8170056       568
11:17:05 PM 186046748 186749740   6107128      3.11     87808   3947348  31687360     15.45    390416   8182548       420
11:17:15 PM 186105508 186808452   6049460      3.08     87824   3947456  31709652     15.46    390432   8156632       244
11:17:25 PM 186000632 186704232   6152016      3.13     87840   3947568  31757556     15.49    390448   8255768       252
11:17:35 PM 185825920 186529304   6224008      3.16     87856   4053148  31906380     15.56    390464   8410220       176
11:17:45 PM 185778412 186482104   6245848      3.18     87872   4073204  31960340     15.59    390480   8437596       260
11:17:55 PM 185682356 186386540   6345624      3.23     87892   4073624  32015448     15.61    390500   8546968       136
11:18:05 PM 185666028 186370156   6361260      3.23     87908   4073716  32050612     15.63    390516   8545244       144
11:18:15 PM 185652868 186357128   6374780      3.24     87924   4073828  32054800     15.63    390536   8587004       132
11:18:25 PM 185672204 186376452   6352716      3.23     87944   4073932  32035364     15.62    390552   8587148       124
11:18:35 PM 185642268 186346932   6385196      3.25     87988   4074020  32045912     15.63    390592   8566812       120
11:18:45 PM 185643680 186348536   6379788      3.24     88056   4074120  32062308     15.64    390660   8597896        68
11:18:55 PM 185623216 186328188   6404000      3.26     88096   4074568  32086924     15.65    390704   8595184        92
11:19:05 PM 185544464 186250092   6480108      3.29     88132   4074664  32118508     15.66    390740   8663192        96
11:19:15 PM 185486312 186192040   6537420      3.32     88148   4074764  32154760     15.68    390756   8718544        60
11:19:25 PM 185590220 186296088   6433408      3.27     88164   4074872  32086772     15.65    390772   8606888        36
11:19:35 PM 185670756 186376576   6360908      3.23     88180   4074972  31897056     15.56    390788   8542040        36
11:19:45 PM 185756024 186461620   6270704      3.19     88196   4075076  31953152     15.58    390804   8473884         8
11:19:55 PM 185695700 186401840   6328848      3.22     88212   4075440  31964884     15.59    390820   8515912       480
11:20:05 PM 185629768 186336128   6397888      3.25     88228   4075536  32014088     15.61    390836   8563760       280
11:20:15 PM 185708948 186415520   6318548      3.21     88244   4075632  32010572     15.61    390852   8526980       312
11:20:25 PM 185625648 186332504   6397048      3.25     88260   4075736  32034008     15.62    390868   8578648       476
11:20:35 PM 185656752 186363560   6369444      3.24     88276   4075832  32034028     15.62    390876   8564376       272
11:20:45 PM 185634192 186341432   6386956      3.25     88292   4075928  32043408     15.63    390900   8595628       248
11:20:55 PM 185596540 186303716   6427288      3.27     88308   4076352  32067748     15.64    390920   8630688       348
11:21:05 PM 192234244 192941220   2202952      1.12     88332   1702096   3060460      1.49    390896   2176872       596
11:21:15 PM 187175436 187883840   5339824      2.72     88592   3584804  30498388     14.87    391332   7169488       248
11:21:25 PM 185860800 186570704   5795516      2.95     88608   4437972  31985588     15.60    391348   8399864       116
11:21:35 PM 185510824 186220716   6053088      3.08     88628   4536468  32173284     15.69    391368   8714248       116
11:21:45 PM 185551356 186261448   6008664      3.06     88644   4538104  32150504     15.68    391384   8706260       144
11:21:55 PM 185524992 186235492   6032068      3.07     88660   4538192  32204120     15.70    391400   8701288        92
11:22:05 PM 185311048 186021520   6251444      3.18     88676   4538284  32047736     15.63    391416   8886232        76
11:22:15 PM 185321048 186031752   6222520      3.16     88692   4554276  32311476     15.76    391432   8882292        80
11:22:25 PM 185396588 186107548   6143796      3.12     88708   4554376  32324704     15.76    391448   8810968       156
11:22:35 PM 185339096 186049992   6200920      3.15     88724   4554444  32320040     15.76    391464   8867760       124
11:22:45 PM 185344540 186055516   6196212      3.15     88740   4554540  32334908     15.77    391480   8903964       128
11:22:55 PM 185306900 186018060   6235432      3.17     88756   4554640  32399204     15.80    391492   8904880        96
11:23:05 PM 185158768 185870088   6380724      3.24     88772   4554724  32460952     15.83    391508   9036580       128
11:23:15 PM 185097208 185809008   6446040      3.28     88792   4555168  32504712     15.85    391528   9088032       336
11:23:25 PM 185134236 185846088   6366328      3.24     88808   4592776  32555516     15.88    391544   9078424       136
11:23:35 PM 185043332 185755056   6457792      3.28     88824   4592864  32637792     15.92    391560   9190208       116
11:23:45 PM 185006920 185718804   6493712      3.30     88840   4592952  32630784     15.91    391576   9205548       156
11:23:55 PM 185104756 185817284   6395972      3.25     88856   4593044  32515652     15.86    391592   9054088       136
11:24:05 PM 185106816 185818968   6396052      3.25     88872   4593124  32521388     15.86    391608   9107724       124
11:24:15 PM 185105504 185818100   6395912      3.25     88904   4593564  32527640     15.86    391640   9121968       256
11:24:25 PM 185073028 185785908   6424640      3.27     88936   4593632  32575036     15.89    391672   9131816        88
11:24:35 PM 184956564 185669348   6544036      3.33     89000   4593748  32653048     15.92    391732   9247116        64
11:24:45 PM 184948568 185661564   6554468      3.33     89056   4593812  32679228     15.94    391792   9285204        96
11:24:55 PM 184940712 185653796   6562556      3.34     89080   4593920  32680792     15.94    391816   9248724        68
11:25:05 PM 184863540 185576752   6639768      3.38     89096   4594016  32675052     15.93    391832   9287636       184
11:25:15 PM 184851472 185565196   6653220      3.38     89112   4594364  32726872     15.96    391848   9332448        40
11:25:25 PM 185060592 185774680   6437012      3.27     89128   4594460  32535464     15.87    391864   9104460        36
11:25:35 PM 185132904 185846736   6370224      3.24     89144   4594548  32460700     15.83    391884   9053168        12
11:25:45 PM 185047804 185761692   6351544      3.23     89160   4697712  32535264     15.87    391900   9145004       280
11:25:55 PM 185097096 185811164   6300216      3.20     89176   4697804  32506052     15.85    391916   9073776       264
11:26:05 PM 184884704 185599156   6360272      3.23     89192   4854140  32682792     15.94    391932   9289356       260
11:26:15 PM 184788720 185503592   6450548      3.28     89208   4854568  32748428     15.97    391948   9374760       468
11:26:25 PM 184845380 185560296   6394344      3.25     89228   4854648  32760112     15.98    391968   9314040       248
11:26:35 PM 184830092 185545392   6411304      3.26     89244   4854736  32758564     15.98    391984   9360100       252
11:26:45 PM 184733632 185448696   6507580      3.31     89260   4854832  32801944     16.00    392000   9438416       244
11:26:55 PM 184869316 185584548   6377772      3.24     89276   4854936  32757000     15.97    392016   9323244       288
11:27:05 PM 184794916 185510300   6446428      3.28     89300   4855020  32784076     15.99    392028   9391924       152
11:27:15 PM 184769300 185485216   6470168      3.29     89316   4855436  32815792     16.00    392044   9406088       112
11:27:25 PM 192286016 193000992   2141816      1.09     89364   1708504   2868420      1.40    392264   2121068       140
11:27:35 PM 187003172 187719720   5443384      2.77     89472   3646312  30784216     15.01    392600   7330660         0
11:27:45 PM 185986044 186703116   5851048      2.98     89488   4258384  31906340     15.56    392620   8261548       164
11:27:55 PM 185406324 186123968   6131236      3.12     89508   4553820  32348168     15.78    392632   8816064        84
11:28:05 PM 185282392 186000220   6226928      3.17     89524   4585216  32487300     15.84    392648   8970452       104
11:28:15 PM 185241948 185959956   6265824      3.19     89532   4585312  32546680     15.87    392668   8954096        64
11:28:25 PM 185100688 185818680   6408136      3.26     89548   4585392  32670500     15.93    392680   9142840        48
11:28:35 PM 185101988 185820196   6404936      3.26     89564   4585748  32728612     15.96    392696   9117832        28
11:28:45 PM 185106348 185824936   6405192      3.26     89580   4585844  32666444     15.93    392712   9106428        16
11:28:55 PM 185143084 185861528   6363740      3.24     89596   4585924  32619172     15.91    392728   9103368       244
11:29:05 PM 185167220 185885704   6342544      3.22     89612   4586028  32639636     15.92    392744   9067060       196
11:29:15 PM 185047436 185766356   6460024      3.28     89628   4586124  32698564     15.95    392764   9188616       152
11:29:25 PM 184854516 185573628   6535732      3.32     89644   4704944  32893524     16.04    392776   9378308       172
11:29:35 PM 184844392 185563612   6543384      3.33     89664   4705360  32936904     16.06    392796   9366540       464
11:29:45 PM 184681020 185400496   6709132      3.41     89680   4705448  33027156     16.11    392812   9532236       156
11:29:55 PM 184718248 185437828   6670200      3.39     89696   4705536  33104108     16.14    392828   9513524       140
11:30:05 PM 184610808 185330648   6773084      3.44     89712   4705620  33114660     16.15    392844   9577424       132
11:30:15 PM 184590812 185311072   6793788      3.45     89728   4705724  33113088     16.15    392860   9627196       136
11:30:25 PM 184643916 185363720   6745212      3.43     89756   4705796  33109156     16.15    392892   9550736       140
11:30:35 PM 184557008 185277808   6833812      3.47     89800   4706264  33113996     16.15    392936   9630304       116
11:30:45 PM 184543260 185263952   6842184      3.48     89856   4706352  33134320     16.16    392992   9648164       124
11:30:55 PM 184574760 185295568   6815148      3.47     89908   4706456  33158144     16.17    393044   9612228       100
11:31:05 PM 184510344 185231136   6880452      3.50     89936   4706556  33195112     16.19    393068   9711584       124
11:31:15 PM 184408172 185129236   6985008      3.55     89952   4706640  32969716     16.08    393084   9799204        96
11:31:25 PM 184548000 185268976   6840948      3.48     89968   4706744  33155668     16.17    393100   9644476       104
11:31:35 PM 184581536 185303056   6811756      3.46     89984   4707092  33066216     16.13    393116   9596368        60
11:31:45 PM 184654488 185376040   6731988      3.42     90000   4707188  33045896     16.12    393132   9526224        76
11:31:55 PM 184685332 185407044   6702568      3.41     90016   4707292  32962272     16.07    393148   9486112        64
11:32:05 PM 184748352 185470068   6637452      3.37     90040   4707372  32933388     16.06    393172   9472696       144
11:32:15 PM 184749196 185470920   6636056      3.37     90056   4707452  32951640     16.07    393184   9439928       280
11:32:25 PM 184626988 185348956   6764212      3.44     90072   4707544  33011908     16.10    393204   9536200         0
11:32:35 PM 184584792 185307364   6801684      3.46     90088   4707964  33018812     16.10    393216   9580032       480
11:32:45 PM 184720296 185442796   6664744      3.39     90108   4708052  33006696     16.10    393236   9488272       272
11:32:55 PM 184638856 185361560   6745448      3.43     90124   4708148  33026624     16.11    393252   9561516       268
11:33:05 PM 184638572 185361664   6741964      3.43     90140   4708248  33051616     16.12    393268   9541680       268
11:33:15 PM 192124928 192847168   2293616      1.17     90188   1714460   3080592      1.50    393216   2323360       384
11:33:25 PM 186207848 186931892   5628268      2.86     90352   4260228  31734964     15.48    393560   8094628       140
11:33:35 PM 185343188 186068040   5996332      3.05     90368   4754996  32411500     15.81    393576   8920568       116
11:33:45 PM 184989056 185714680   6239076      3.17     90388   4862464  32596392     15.90    393592   9193468       268
11:33:55 PM 185009612 185735216   6157344      3.13     90404   4925076  32540036     15.87    393608   9207904       120
11:34:05 PM 184911652 185637464   6252820      3.18     90420   4925172  32753112     15.97    393624   9276076        80
11:34:15 PM 184719740 185445280   6313900      3.21     90436   5059984  32920644     16.05    393640   9497196       108
11:34:25 PM 184560924 185287088   6469196      3.29     90484   5060328  32946532     16.07    393684   9631648       312
11:34:35 PM 184438800 185165308   6587824      3.35     90500   5064312  33060092     16.12    393704   9768252        80
11:34:45 PM 184646500 185372860   6381652      3.24     90516   5064396  32970756     16.08    393720   9542304        72
11:34:55 PM 184497388 185223876   6529180      3.32     90532   5064476  33014396     16.10    393736   9710664        32
11:35:05 PM 184436432 185163036   6593936      3.35     90548   5064556  33073008     16.13    393752   9774968       160
11:35:15 PM 184495864 185222960   6524880      3.32     90564   5064668  33084724     16.13    393768   9675444         4
11:35:25 PM 184342832 185070020   6685232      3.40     90584   5065040  33182404     16.18    393788   9867960       428
11:35:35 PM 184153796 184880852   6705388      3.41     90600   5233092  33389412     16.28    393796  10081052       260
11:35:45 PM 184148480 184875696   6678148      3.40     90616   5266396  33446584     16.31    393812  10058488       136
11:35:55 PM 183874104 184601840   6951756      3.53     90632   5266476  33593336     16.38    393836  10295608       128
11:36:05 PM 183951752 184679160   6871508      3.49     90648   5266556  33530316     16.35    393844  10240220       120
11:36:15 PM 184096232 184823856   6728844      3.42     90664   5266664  33477712     16.33    393868  10086792       124
11:36:25 PM 184011144 184739452   6811396      3.46     90684   5267088  33489056     16.33    393884  10166600       100
11:36:35 PM 183996084 184724276   6828584      3.47     90712   5267176  33487100     16.33    393904  10200148        84
11:36:45 PM 184058448 184786940   6764460      3.44     90748   5267260  33530828     16.35    393940  10136264       280
11:36:55 PM 183967352 184695888   6856336      3.49     90796   5267336  33571464     16.37    393988  10226380       220
11:37:05 PM 183841896 184570620   6981996      3.55     90848   5267424  33606516     16.39    394048  10309756       208
11:37:15 PM 183856912 184585700   6964480      3.54     90872   5267524  33674624     16.42    394072  10291104       180
11:37:25 PM 183842772 184572072   6979820      3.55     90900   5267860  33687100     16.43    394104  10315980         8
11:37:35 PM 183757204 184486652   7066832      3.59     90928   5267948  33674628     16.42    394132  10403040       452
11:37:45 PM 183775820 184505336   7044892      3.58     90944   5268020  33616020     16.39    394148  10365760       276
11:37:55 PM 184030924 184760224   6791576      3.45     90960   5268112  33502308     16.34    394164  10143640       268
11:38:05 PM 184045960 184775636   6777280      3.45     90976   5268200  33368720     16.27    394180  10091812       308
11:38:15 PM 184062788 184792360   6758992      3.44     90992   5268292  33346472     16.26    394196  10083044       276
11:38:25 PM 184171184 184901192   6655784      3.38     91008   5268692  33327656     16.25    394216   9999360       312
11:38:35 PM 184089548 184819768   6731652      3.42     91028   5268772  33362096     16.27    394232  10080504       248
11:38:45 PM 184055512 184785980   6766980      3.44     91044   5268868  33387868     16.28    394248  10107488       252
11:38:55 PM 184099596 184830016   6716372      3.42     91060   5268932  33390196     16.28    394264  10031952       128
11:39:05 PM 183998540 184729028   6820484      3.47     91076   5269032  33442176     16.31    394280  10160776       120
11:39:15 PM 184045252 184775816   6772680      3.44     91092   5269116  33429268     16.30    394296  10134888       168
11:39:25 PM 184057160 184788252   6762176      3.44     91108   5269516  33412872     16.29    394312  10087752       124
11:39:35 PM 183962584 184693728   6861800      3.49     91124   5269600  33453896     16.31    394328  10190156       108
11:39:45 PM 183952352 184683896   6867048      3.49     91140   5269684  33454284     16.31    394344  10176372        88
11:39:55 PM 184009084 184740560   6812212      3.46     91156   5269784  33508972     16.34    394360  10167080       104
11:40:05 PM 192119440 192849964   2289976      1.16     91216   1720920   3110820      1.52    394332   2318044        12
11:40:15 PM 186022356 186754708   5742020      2.92     91376   4328476  31877160     15.55    394676   8233160        48
11:40:25 PM 185139548 185872844   6051708      3.08     91392   4892268  32557016     15.88    394692   9102540       408
11:40:35 PM 184846784 185580668   6346976      3.23     91412   4892372  32688720     15.94    394708   9379492        24
11:40:45 PM 184620248 185353896   6530272      3.32     91428   4937420  32843628     16.02    394724   9563044       284
11:40:55 PM 184636672 185370588   6509860      3.31     91444   4937504  32918368     16.05    394740   9518564       200
11:41:05 PM 184465820 185199592   6681572      3.40     91460   4937608  33037008     16.11    394756   9754652       276
11:41:15 PM 184137216 184871408   6863264      3.49     91476   5090276  33314348     16.25    394772  10068020       268
11:41:25 PM 184313032 185047416   6683072      3.40     91492   5090368  33269384     16.22    394788   9889044       228
11:41:35 PM 184083368 184818712   6715344      3.41     91508   5287732  33390956     16.28    394804  10123600       240
11:41:45 PM 184174040 184908728   6626992      3.37     91524   5287848  33443936     16.31    394820  10041256       132
11:41:55 PM 184071000 184805876   6726592      3.42     91540   5287928  33458804     16.32    394836  10132644       292
11:42:05 PM 183939964 184674972   6857860      3.49     91556   5288040  33502296     16.34    394852  10242916       244
11:42:15 PM 183883848 184619272   6915268      3.52     91576   5288428  33625588     16.40    394872  10261632       244
11:42:25 PM 183678892 184414220   7123160      3.62     91592   5288536  33777968     16.47    394888  10508404       220
11:42:35 PM 183655368 184390816   7145464      3.63     91608   5288612  33793576     16.48    394904  10522128       156
11:42:45 PM 183701744 184437340   7097404      3.61     91624   5288696  33829932     16.50    394920  10492196       100
11:42:55 PM 183617416 184353068   7181144      3.65     91640   5288788  33822876     16.49    394936  10554336       100
11:43:05 PM 183662124 184397912   7136348      3.63     91660   5288884  33769380     16.47    394956  10526492       136
11:43:15 PM 183703676 184440304   7094532      3.61     91692   5289296  33793576     16.48    394988  10467192       104
11:43:25 PM 183627816 184364188   7167520      3.64     91724   5289376  33828736     16.50    395020  10567180       108
11:43:35 PM 183596604 184333160   7202504      3.66     91780   5289464  33855464     16.51    395076  10624668        84
11:43:45 PM 183611324 184348076   7185956      3.65     91828   5289556  33897096     16.53    395124  10580008        40
11:43:55 PM 183481700 184218576   7314516      3.72     91856   5289628  33945940     16.55    395152  10700096       164
11:44:05 PM 183398776 184135592   7400680      3.76     91876   5289756  34010392     16.59    395172  10793724       160
11:44:15 PM 183530080 184267568   7266944      3.69     91892   5290100  33913932     16.54    395188  10624064       132
11:44:25 PM 183596080 184333808   7199344      3.66     91908   5290168  33794864     16.48    395204  10559144       124
11:44:35 PM 183636596 184374080   7164004      3.64     91924   5290260  33468176     16.32    395220  10545324       112
11:44:45 PM 183725424 184463088   7072804      3.60     91940   5290360  33734980     16.45    395236  10451292       112
11:44:55 PM 183644408 184382268   7151288      3.64     91956   5290436  33708828     16.44    395252  10473696       104
11:45:05 PM 183707824 184445756   7092436      3.61     91972   5290536  33734596     16.45    395272  10449860       336
11:45:15 PM 183648180 184386668   7146588      3.63     91988   5290944  33779916     16.47    395288  10520212        80
11:45:25 PM 183589028 184327480   7203496      3.66     92008   5291048  33787724     16.48    395308  10552568        36
11:45:35 PM 183655344 184393680   7138652      3.63     92024   5291112  33805304     16.49    395324  10527192        44
11:45:45 PM 183616148 184354740   7176604      3.65     92040   5291220  33742288     16.45    395340  10528892        24
11:45:55 PM 183646720 184385500   7148136      3.63     92056   5291304  33745948     16.46    395348  10528812         0
11:46:05 PM 183646836 184385672   7146832      3.63     92072   5291408  33793588     16.48    395372  10516528       276
11:46:15 PM 183938624 184677748   6861744      3.49     92088   5291760  33510780     16.34    395380  10224500       124
11:46:25 PM 183944236 184683432   6856120      3.49     92096   5291764  33510780     16.34    395396  10223760        24
11:46:35 PM 183948368 184687576   6851996      3.48     92112   5291764  33510780     16.34    395396  10223544        48
11:46:45 PM 183955064 184694304   6845280      3.48     92128   5291768  33510780     16.34    395424  10223012        20
11:46:55 PM 183962120 184701396   6838208      3.48     92144   5291768  33510780     16.34    395436  10223096        52
11:47:05 PM 183967972 184707268   6832324      3.47     92160   5291784  33510780     16.34    395456  10223024        40
11:47:15 PM 183972884 184712364   6827008      3.47     92304   5292036  33510780     16.34    395504  10222996        16
11:47:25 PM 183977968 184717556   6821940      3.47     92320   5292036  33510780     16.34    395556  10222616        48
11:47:35 PM 183982556 184722268   6817336      3.47     92336   5292036  33510780     16.34    395628  10222708        24
11:47:45 PM 183987988 184727720   6811884      3.46     92352   5292040  33510780     16.34    395640  10222452        56
11:47:55 PM 183992064 184731788   6807792      3.46     92368   5292040  33510780     16.34    395656  10222356        20
11:48:05 PM 183995600 184735400   6804220      3.46     92384   5292060  33510780     16.34    395668  10222600        72
11:48:15 PM 184002420 184742460   6797036      3.46     92432   5292368  33510780     16.34    395700  10222864        20
11:48:25 PM 184007496 184747572   6791940      3.45     92448   5292372  33510780     16.34    395724  10222692        52
11:48:35 PM 184010096 184750212   6789312      3.45     92464   5292376  33511880     16.34    395760  10222996        24
11:48:45 PM 184012880 184753092   6786500      3.45     92488   5292376  33510780     16.34    395788  10222452        48
11:48:55 PM 184015828 184756052   6783536      3.45     92504   5292376  33510780     16.34    395792  10222380        28
11:49:05 PM 184019580 184759828   6779756      3.45     92512   5292396  33510780     16.34    395792  10222544        44
11:49:15 PM 184022812 184763252   6776160      3.45     92528   5292744  33510780     16.34    395820  10222788        20
11:49:25 PM 184027384 184767916   6771560      3.44     92544   5292744  33510780     16.34    395836  10222912        28
11:49:35 PM 184030792 184771448   6768132      3.44     92560   5292748  33510780     16.34    395848  10222992        20
11:49:45 PM 184034876 184775556   6764020      3.44     92576   5292752  33510780     16.34    395868  10223164        24
11:49:55 PM 184038236 184778940   6760640      3.44     92592   5292756  33510780     16.34    395884  10223292        20
11:50:05 PM 184036400 184777168   6762384      3.44     92616   5292780  33510780     16.34    395904  10223632       320
11:50:15 PM 184044580 184785508   6753964      3.43     92624   5293012  33510780     16.34    395924  10226304       304
11:50:25 PM 184048264 184789240   6750260      3.43     92640   5293016  33510780     16.34    395936  10226624        20
11:50:35 PM 184050532 184791532   6747968      3.43     92660   5293020  33510780     16.34    395944  10226676        20
11:50:45 PM 184052016 184793048   6746456      3.43     92676   5293024  33510780     16.34    395956  10226112        56
11:50:55 PM 184053144 184794232   6745308      3.43     92692   5293028  33510780     16.34    395972  10225844        20
11:51:05 PM 184055540 184796640   6742880      3.43     92708   5293044  33510780     16.34    395988  10225764        68
11:51:15 PM 184058924 184800276   6739136      3.43     92724   5293388  33510780     16.34    396016  10226400        20
11:51:25 PM 184062408 184803800   6735636      3.42     92740   5293388  33510780     16.34    396024  10226028        44
11:51:35 PM 184062920 184804388   6735076      3.42     92756   5293388  33514964     16.34    396052  10228012        16
11:51:45 PM 184066536 184808048   6731424      3.42     92772   5293392  33510780     16.34    396064  10225676        52
11:51:55 PM 184068228 184809748   6729716      3.42     92788   5293392  33510780     16.34    396076  10225728        20
11:52:05 PM 184070604 184812124   6727308      3.42     92804   5293408  33510780     16.34    396080  10225628        72
11:52:15 PM 184072460 184814208   6725104      3.42     92820   5293740  33510780     16.34    396108  10225772        20
11:52:25 PM 184074568 184816384   6722980      3.42     92836   5293740  33510780     16.34    396120  10225816        16
11:52:35 PM 184077784 184819660   6719740      3.42     92852   5293740  33510780     16.34    396140  10225404        32
11:52:45 PM 184080056 184822012   6717448      3.42     92868   5293744  33510780     16.34    396160  10225828        16
11:52:55 PM 184081556 184823532   6715928      3.41     92884   5293748  33510780     16.34    396168  10225868        44
11:53:05 PM 184084244 184826240   6713208      3.41     92900   5293764  33510780     16.34    396168  10225444        36
11:53:15 PM 184087296 184829484   6709788      3.41     92916   5294052  33514964     16.34    396212  10228028         0
11:53:25 PM 184089808 184832056   6707240      3.41     92932   5294056  33510780     16.34    396232  10225872        20
11:53:35 PM 184090332 184832624   6706696      3.41     92948   5294060  33510780     16.34    396236  10225992        16
11:53:45 PM 184091000 184833336   6706012      3.41     92964   5294060  33510780     16.34    396252  10226140        32
11:53:55 PM 184091500 184833852   6705496      3.41     92980   5294060  33510780     16.34    396268  10226260        20
11:54:05 PM 184092036 184834428   6704924      3.41     92996   5294080  33510780     16.34    396292  10226212        64
11:54:15 PM 184092816 184835384   6703856      3.41     93012   5294352  33510780     16.34    396304  10226856        20
11:54:25 PM 184074672 184817404   6722628      3.42     93028   5294368  33514964     16.34    396324  10229040       556
11:54:35 PM 184074672 184817448   6722556      3.42     93044   5294372  33510780     16.34    396344  10227160        16
11:54:45 PM 184075600 184818352   6721604      3.42     93060   5294372  33510780     16.34    396348  10226656        36
11:54:55 PM 184077144 184819968   6720008      3.42     93076   5294376  33512872     16.34    396380  10228400        24
11:55:05 PM 184078288 184821148   6718776      3.42     93100   5294392  33512872     16.34    396396  10230268       204
11:55:15 PM 184079448 184822488   6717260      3.42     93108   5294740  33512872     16.34    396412  10231064       252
11:55:25 PM 184074836 184817980   6721960      3.42     93124   5294744  33517056     16.35    396428  10232624       228
11:55:35 PM 184072276 184815464   6724296      3.42     93140   5294748  33517056     16.35    396440  10233180       372
11:55:45 PM 184074432 184817672   6722180      3.42     93156   5294756  33512872     16.34    396456  10231192       252
11:55:55 PM 184074100 184817392   6722544      3.42     93172   5294764  33517236     16.35    396480  10233336        88
11:56:05 PM 184077224 184820536   6719100      3.42     93188   5294784  33517056     16.35    396484  10232812       304
11:56:15 PM 184078772 184822252   6717112      3.42     93204   5295096  33517056     16.35    396512  10232740       452
11:56:25 PM 184080640 184824196   6715264      3.41     93220   5295100  33512872     16.34    396524  10230684        52
11:56:35 PM 184080488 184824176   6715400      3.41     93236   5295100  33512872     16.34    396540  10230508        56
11:56:45 PM 184080228 184823936   6715592      3.41     93252   5295104  33512872     16.34    396544  10230420       220
11:56:55 PM 184082676 184826384   6713128      3.41     93268   5295104  33510780     16.34    396540  10228712        20
11:57:05 PM 184084020 184827780   6711752      3.41     93284   5295120  33510780     16.34    396560  10228744        36
11:57:15 PM 184085220 184829140   6710272      3.41     93300   5295384  33510780     16.34    396592  10229532       276
11:57:25 PM 184085824 184829836   6709648      3.41     93316   5295388  33510780     16.34    396616  10229184       252
11:57:35 PM 184085576 184829632   6709880      3.41     93332   5295388  33510780     16.34    396632  10229160        20
11:57:45 PM 184086088 184830172   6709348      3.41     93348   5295392  33510780     16.34    396640  10229484        48
11:57:55 PM 184086216 184830312   6709200      3.41     93364   5295392  33510780     16.34    396648  10229000         0
11:58:05 PM 184087196 184831348   6708180      3.41     93380   5295412  33510780     16.34    396676  10229004        56
11:58:15 PM 184087204 184831568   6707772      3.41     93396   5295748  33512872     16.34    396688  10231448         0
11:58:25 PM 184088360 184832740   6706600      3.41     93412   5295748  33512872     16.34    396704  10231352        32
11:58:35 PM 184088592 184833048   6706348      3.41     93428   5295752  33512872     16.34    396716  10231536         0
11:58:45 PM 184089768 184834260   6705152      3.41     93444   5295756  33513972     16.34    396744  10231388        40
11:58:55 PM 184091616 184836092   6703380      3.41     93460   5295760  33512872     16.34    396748  10231588        20
11:59:05 PM 184091680 184836268   6703204      3.41     93476   5295780  33512872     16.34    396772  10231572       296
11:59:15 PM 184092004 184836828   6702524      3.41     93492   5296120  33512872     16.34    396788  10232304         4
11:59:25 PM 184089956 184834884   6704600      3.41     93508   5296124  33512872     16.34    396804  10233132       140
11:59:35 PM 184088936 184833896   6705736      3.41     93524   5296128  33512872     16.34    396828  10232484        32
11:59:45 PM 184089548 184834516   6705108      3.41     93540   5296128  33512872     16.34    396828  10232264        20
11:59:55 PM 184090320 184835328   6704292      3.41     93556   5296132  33517056     16.35    396856  10234300       136
12:00:05 AM 184085800 184831348   6708264      3.41     93596   5296628  33515408     16.34    396864  10233988       564
12:00:15 AM 184085796 184831564   6707768      3.41     93656   5296852  33510780     16.34    397208  10232868         4
12:00:25 AM 184086452 184832292   6707068      3.41     93680   5296860  33510780     16.34    397224  10233088       216
12:00:35 AM 184084508 184830436   6708992      3.41     93696   5296864  33510780     16.34    397244  10232716        24
12:00:45 AM 184085596 184831536   6707896      3.41     93704   5296864  33510780     16.34    397256  10232820         0
12:00:55 AM 184084752 184830708   6708720      3.41     93720   5296868  33510780     16.34    397264  10232692        40
12:01:05 AM 184083608 184829592   6709832      3.41     93736   5296884  33510780     16.34    397276  10232856        40
12:01:15 AM 184082520 184828752   6710604      3.41     93760   5297180  33512712     16.34    397344  10235560         4
12:01:25 AM 184054260 184800600   6738584      3.43     93792   5297180  33537228     16.35    397384  10257736       260
12:01:35 AM 191929636 192675596   2461440      1.25     93848   1732752   4342924      2.12    397436   2512092       440
12:01:45 AM 188715520 189462928   5591768      2.84     94000   1785560  29238208     14.26    397788   5638000       320
12:01:55 AM 188699080 189446976   5607504      2.85     94020   1786020  29233076     14.26    397808   5650044       296
12:02:05 AM 188645620 189393984   5658336      2.88     94036   1788028  29288560     14.28    397824   5720976       276
12:02:15 AM 188631268 189380192   5672148      2.88     94140   1788484  29285784     14.28    397924   5735716       348
12:02:25 AM 188595328 189344752   5707440      2.90     94172   1788936  29305412     14.29    397960   5761656       400
12:02:35 AM 188551520 189301404   5751280      2.92     94192   1789380  29346536     14.31    397984   5802568       352
12:02:45 AM 188523180 189273764   5778584      2.94     94212   1790080  29353288     14.31    398004   5820856       400
12:02:55 AM 188495160 189246220   5806156      2.95     94232   1790540  29357928     14.32    398020   5830492       376
12:03:05 AM 188475288 189226836   5825900      2.96     94248   1791000  29373160     14.32    398036   5847492       388
12:03:15 AM 188495800 189247812   5804604      2.95     94264   1791448  29372424     14.32    398048   5850032       356
12:03:25 AM 188518236 189270708   5781640      2.94     94280   1791904  29092736     14.19    398076   5799252       140
12:03:35 AM 188756520 189510928   5501376      2.80     94472   1834808  28872496     14.08    398500   5620404       112
12:03:45 AM 188426880 189181756   5821988      2.96     94488   1842536  29460748     14.37    398516   5944972       108
12:03:55 AM 188250552 189005880   5994948      3.05     94508   1845328  29591728     14.43    398532   6096280       204
12:04:05 AM 188179036 188934860   6065268      3.08     94556   1846528  29632116     14.45    398580   6159544       128
12:04:15 AM 188135604 188891920   6107740      3.11     94656   1846968  29659848     14.46    398676   6188456       620
12:04:25 AM 188125228 188882008   6117744      3.11     94672   1847384  29692856     14.48    398692   6232416       248
12:04:35 AM 188024948 188782404   6217536      3.16     94696   1848056  29762396     14.51    398708   6308704       364
12:04:45 AM 187998672 188756604   6243424      3.17     94712   1848492  29781736     14.52    398732   6336896       200
12:04:55 AM 187954540 188712908   6287068      3.20     94728   1848940  29803668     14.53    398760   6350256       320
12:05:05 AM 187936936 188695780   6304292      3.21     94744   1849384  29834944     14.55    398772   6394768       256
12:05:15 AM 187918880 188678204   6322156      3.21     94764   1849844  29820040     14.54    398796   6395952        44
12:05:25 AM 188089460 188849728   6150856      3.13     94788   1850252  29506432     14.39    398820   6217496       428
12:05:35 AM 188610388 189371692   5598120      2.85     94984   1884024  28960612     14.12    399128   5760544       400
12:05:45 AM 188023740 188785552   6163000      3.13     95020   1904424  29678292     14.47    398620   6311220       488
12:05:55 AM 187874604 188636868   6311260      3.21     95044   1904844  29839888     14.55    398644   6468988       316
12:06:05 AM 187774388 188537116   6408612      3.26     95076   1907616  29694888     14.48    398676   6541732       440
12:06:15 AM 187784032 188547328   6398148      3.25     95192   1908056  29907860     14.58    398792   6551476       468
12:06:25 AM 187626780 188390508   6554980      3.33     95212   1908468  30008668     14.63    398812   6693044       256
12:06:35 AM 187489804 188254236   6690868      3.40     95232   1909156  30149164     14.70    398832   6836544       772
12:06:45 AM 187478972 188243836   6701164      3.41     95248   1909596  30187828     14.72    398848   6858092       460
12:06:55 AM 187424884 188190204   6754900      3.43     95264   1910016  30228852     14.74    398864   6905260       452
12:07:05 AM 187346024 188111952   6833068      3.47     95288   1910596  30253468     14.75    399012   6959712       616
12:07:15 AM 187390396 188156752   6788204      3.45     95304   1911036  30210108     14.73    399028   6915244       280
12:07:25 AM 187495064 188261884   6683276      3.40     95320   1911456  30102280     14.68    399044   6823952       280
12:07:35 AM 189384112 190152188   4950064      2.52     95512   1752856  25683632     12.52    399368   5006932       908
12:07:45 AM 187785136 188554116   6339324      3.22     95528   1964804  29949248     14.61    399260   6577824       392
12:07:55 AM 187473952 188243344   6649480      3.38     95544   1965200  30202960     14.73    399276   6833828       224
12:08:05 AM 187264640 188034484   6858004      3.49     95560   1965640  30387824     14.82    399292   7077560       216
12:08:15 AM 187216964 187987316   6905672      3.51     95676   1966024  30376876     14.81    399400   7103204       192
12:08:25 AM 187152332 187923140   6969816      3.54     95712   1966436  30462828     14.86    399444   7151300       188
12:08:35 AM 187017200 187788680   7103752      3.61     95732   1967100  30611256     14.93    399464   7336512       552
12:08:45 AM 186871116 187643032   7249728      3.69     95748   1967512  30747236     14.99    399480   7466232       144
12:08:55 AM 186830840 187603204   7289352      3.71     95768   1967948  30739412     14.99    399500   7475848       296
12:09:05 AM 186829104 187601904   7290672      3.71     95784   1968376  30765980     15.00    399516   7493144       156
12:09:15 AM 186789296 187562512   7330112      3.73     95800   1968772  30803480     15.02    399532   7545256       244
12:09:25 AM 186783804 187557460   7335188      3.73     95816   1969184  30541556     14.89    399548   7533704       192
12:09:35 AM 192159764 192934072   2201836      1.12     95868   1758536   2986440      1.46    399432   2248884       132
12:09:45 AM 188134548 188910480   5973956      3.04     96028   1980676  29420020     14.35    399776   6141248       360
12:09:55 AM 187324004 188100316   6751540      3.43     96044   2012292  30245484     14.75    399792   7010808       400
12:10:05 AM 187122820 187899508   6940256      3.53     96068   2024384  30517012     14.88    399820   7206864       384
12:10:15 AM 186762212 187539284   7294836      3.71     96084   2030612  30762204     15.00    399836   7557968       252
12:10:25 AM 186782024 187559520   7274464      3.70     96156   2030960  30699692     14.97    399908   7528688       256
12:10:35 AM 186709792 187487736   7346136      3.74     96236   2031344  30809084     15.02    399988   7624496       264
12:10:45 AM 186653356 187431944   7402156      3.76     96260   2031956  30908692     15.07    400012   7673316       492
12:10:55 AM 186403828 187182800   7650896      3.89     96284   2032312  31082812     15.16    400040   7887640       576
12:11:05 AM 186321036 187100400   7733560      3.93     96304   2032688  31191932     15.21    400056   7977868       396
12:11:15 AM 186290040 187069796   7764304      3.95     96320   2033060  31188164     15.21    400076   7998144       392
12:11:25 AM 186253872 187033996   7799788      3.97     96340   2033412  31219404     15.22    400096   8040716       332
12:11:35 AM 186180764 186961288   7871828      4.00     96356   2033800  31283872     15.26    400112   8113960       352
12:11:45 AM 186222528 187003740   7829384      3.98     96372   2034484  31254564     15.24    400128   8062492       208
12:11:55 AM 186498748 187280352   7552892      3.84     96388   2034864  30936456     15.09    400144   7774760       204
12:12:05 AM 188843924 189627160   5085020      2.59     96592   2159624  28632220     13.96    400384   5543228       800
12:12:15 AM 187566384 188349816   5421308      2.76     96608   3099732  30415724     14.83    400396   6792524       164
12:12:25 AM 187495956 188279576   5491300      2.79     96628   3099908  30459004     14.85    400416   6834060       344
12:12:35 AM 187452440 188236252   5533984      2.81     96644   3100072  30476724     14.86    400432   6879000       356
12:12:45 AM 187433276 188217280   5533884      2.81     96660   3119056  30503884     14.88    400448   6905096       332
12:12:55 AM 187386720 188170940   5580076      2.84     96676   3119264  30516788     14.88    400464   6927960       488
12:13:05 AM 187351228 188135884   5614784      2.85     96696   3119696  30545688     14.90    400484   6962440       616
12:13:15 AM 187338880 188123732   5627080      2.86     96712   3119856  30542924     14.89    400496   6969024       184
12:13:25 AM 187330368 188115424   5635112      2.87     96736   3120028  30543992     14.90    400516   6966680       188
12:13:35 AM 187310464 188095736   5654816      2.88     96780   3120200  30556292     14.90    400564   6979040       356
12:13:45 AM 187296856 188082424   5668204      2.88     96868   3120400  30569920     14.91    400652   7009168       332
12:13:55 AM 187281032 188066816   5683636      2.89     96904   3120572  30565300     14.91    400688   7005356       184
12:14:05 AM 187214772 188001028   5682620      2.89     96920   3187864  30596088     14.92    400704   7045032       648
12:14:15 AM 187245704 188032224   5651432      2.87     96936   3188040  30576596     14.91    400720   7027492       152
12:14:25 AM 187221476 188008188   5675536      2.89     96952   3188228  30585676     14.92    400736   7037508       140
12:14:35 AM 187239232 188026136   5657572      2.88     96968   3188396  30598696     14.92    400756   7048360       140
12:14:45 AM 187225500 188012608   5670904      2.88     96984   3188580  30599916     14.92    400772   7052660       260
12:14:55 AM 187223924 188011228   5672400      2.88     97000   3188748  30608752     14.93    400788   7064872       284
12:15:05 AM 191972116 192759624   2375264      1.21     97060   1770276   3407152      1.66    400688   2429432       164
12:15:15 AM 187788260 188577540   5407392      2.75     97220   2890500  30103632     14.68    401028   6560056       416
12:15:25 AM 187478204 188267716   5521576      2.81     97236   3085708  30364588     14.81    401040   6849080       472
12:15:35 AM 187393604 188183316   5571224      2.83     97256   3120264  30450484     14.85    401060   6941548       444
12:15:45 AM 187341832 188131764   5573996      2.83     97272   3168956  30487524     14.87    401076   6995520       316
12:15:55 AM 187294820 188084996   5607292      2.85     97304   3182740  30512228     14.88    401108   7021756       332
12:16:05 AM 187258408 188048804   5643512      2.87     97320   3182968  30551656     14.90    401124   7058100       340
12:16:15 AM 187191200 187982096   5697960      2.90     97340   3195980  30383312     14.82    401148   7129300       320
12:16:25 AM 187176584 187967692   5712260      2.90     97376   3196148  30624152     14.93    401288   7129156       308
12:16:35 AM 187167772 187959420   5720104      2.91     97660   3196348  30609196     14.93    401728   7132320       196
12:16:45 AM 187155840 187947800   5731968      2.91     97748   3196572  30625700     14.94    401812   7155752       216
12:16:55 AM 187152156 187944336   5735296      2.92     97764   3196764  30614960     14.93    401836   7152016       196
12:17:05 AM 187165312 187957692   5722188      2.91     97780   3196976  30581068     14.91    401852   7125904       240
12:17:15 AM 187184360 187977264   5702132      2.90     97796   3197452  30568620     14.91    401864   7119052       176
12:17:25 AM 187167504 187960604   5719056      2.91     97812   3197632  30590488     14.92    401884   7134536       136
12:17:35 AM 187156016 187949340   5730240      2.91     97828   3197840  30610608     14.93    401892   7152224       288
12:17:45 AM 192116456 192910116   2222892      1.13     97844   1775096   3018532      1.47    401740   2301756       144
12:17:55 AM 187578652 188374040   5372872      2.73     98020   3132848  30089460     14.67    402092   6809888       204
12:18:05 AM 186849192 187644724   5564788      2.83     98036   3669632  31040104     15.14    402112   7472712        80
12:18:15 AM 186681544 187477224   5671768      2.88     98056   3729888  31121352     15.18    402128   7608784        56
12:18:25 AM 186623364 187419196   5703852      2.90     98072   3755644  31204124     15.22    402144   7686148       200
12:18:35 AM 186444720 187240708   5745852      2.92     98088   3891904  31358656     15.29    402160   7869400        16
12:18:45 AM 186437228 187233372   5753252      2.93     98104   3892044  31368960     15.30    402180   7874272       532
12:18:55 AM 186381304 187177864   5808936      2.95     98120   3892452  31416132     15.32    402192   7923932       940
12:19:05 AM 186353500 187150236   5836436      2.97     98136   3892596  31427444     15.33    402208   7944932       452
12:19:15 AM 186319300 187116196   5870248      2.98     98152   3892740  31460500     15.34    402224   7973848       328
12:19:25 AM 186272944 187069984   5916232      3.01     98168   3892884  31502584     15.36    402240   8027232       220
12:19:35 AM 186290260 187087444   5898924      3.00     98184   3893004  31469872     15.35    402256   7984572       196
12:19:45 AM 186226340 187023696   5917848      3.01     98212   3937752  31521292     15.37    402284   8049888       300
12:19:55 AM 186249748 187047624   5893988      3.00     98264   3938232  31531892     15.38    402332   8049968       184
12:20:05 AM 186210656 187008744   5932696      3.02     98336   3938352  31567824     15.39    402408   8097752       116
12:20:15 AM 186177312 186975592   5965648      3.03     98376   3938520  31585412     15.40    402448   8128256       188
12:20:25 AM 186170820 186969304   5971976      3.04     98392   3938676  31561652     15.39    402468   8118072       288
12:20:35 AM 186201228 186999856   5941240      3.02     98408   3938796  31513456     15.37    402484   8067348       272
12:20:45 AM 186190120 186988888   5907096      3.00     98424   3984172  31506936     15.36    402500   8072652       132
12:20:55 AM 186177640 186976928   5919240      3.01     98448   3984668  31519188     15.37    402524   8076884       120
12:21:05 AM 186151988 186951424   5944656      3.02     98464   3984804  31533776     15.38    402540   8088164       120
12:21:15 AM 186163924 186963524   5932468      3.02     98480   3984940  31544716     15.38    402560   8104584       124
12:21:25 AM 186160432 186960264   5935488      3.02     98560   3985084  31533776     15.38    402856   8090648       356
12:21:35 AM 186149112 186949112   5946752      3.02     98580   3985240  31555832     15.39    402876   8113144        88
12:21:45 AM 186141296 186941444   5954392      3.03     98596   3985368  31576880     15.40    402892   8133548        64
12:21:55 AM 189047560 189849528   5102572      2.59     98788   1932460  28235924     13.77    403128   5294068      1316
12:22:05 AM 186838288 187640388   5557792      2.83     98804   3685228  31049916     15.14    403144   7490312       700
12:22:15 AM 186650740 187453012   5698704      2.90     98824   3731400  31161404     15.20    403160   7677476       316
12:22:25 AM 186467300 187269724   5776064      2.94     98840   3837080  31372816     15.30    403176   7880760       456
12:22:35 AM 186385692 187188276   5857500      2.98     98856   3837228  31413856     15.32    403192   7930488       304
12:22:45 AM 186383840 187186568   5859056      2.98     98872   3837352  31415120     15.32    403212   7946728       268
12:22:55 AM 186356676 187159768   5885608      2.99     98888   3837732  31417784     15.32    403228   7941020       540
12:23:05 AM 186315228 187118524   5926612      3.01     98904   3837884  31449528     15.34    403244   7981748       176
12:23:15 AM 186268248 187071716   5973456      3.04     98920   3838024  31476456     15.35    403256   8010440       144
12:23:25 AM 186211876 187015496   6029664      3.07     98940   3838168  31521284     15.37    403276   8077292       180
12:23:35 AM 186139060 186942860   6057404      3.08     98960   3882792  31597480     15.41    403292   8152016       180


Average:    186226890 186941276   6134179      3.12     90030   3742998  30565159     14.91    389088   8065912       845
