Linux 5.15.0-131-generic (node0.parthaw-244253.hyflowtm-pg0.clemson.cloudlab.us) 	03/01/2025 	_x86_64_	(48 CPU)

11:14:15 PM     CPU     %user     %nice   %system   %iowait    %steal     %idle
11:14:25 PM     all      0.11      0.00      0.06      0.02      0.00     99.80
11:14:35 PM     all      0.11      0.00      0.07      0.02      0.00     99.80
11:14:45 PM     all      0.13      0.00      0.06      0.01      0.00     99.80
11:14:55 PM     all      0.19      0.00      0.07      0.02      0.00     99.73
11:15:05 PM     all      0.19      0.00      0.08      0.02      0.00     99.72
11:15:15 PM     all      0.20      0.00      0.09      0.02      0.00     99.70
11:15:25 PM     all      1.02      0.00      0.12      0.04      0.00     98.82
11:15:35 PM     all     15.14      5.87      2.73      0.03      0.00     76.23
11:15:45 PM     all      5.52      2.29      1.72      0.12      0.00     90.35
11:15:55 PM     all      5.55      2.27      1.72      0.10      0.00     90.35
11:16:05 PM     all      5.45      2.31      1.75      0.06      0.00     90.44
11:16:15 PM     all      5.53      2.46      1.79      0.09      0.00     90.13
11:16:25 PM     all     16.43      6.71      3.70      0.12      0.00     73.04
11:16:35 PM     all      5.40      2.65      1.83      0.09      0.00     90.03
11:16:45 PM     all      5.39      2.63      1.81      0.08      0.00     90.09
11:16:55 PM     all      5.36      2.55      1.61      0.05      0.00     90.43
11:17:05 PM     all      5.38      2.67      1.74      0.08      0.00     90.12
11:17:15 PM     all     15.42      1.38      2.94      0.05      0.00     80.20
11:17:25 PM     all      6.19      8.46      2.73      0.10      0.00     82.52
11:17:35 PM     all      5.26      3.07      1.90      0.10      0.00     89.67
11:17:45 PM     all      5.23      3.02      1.77      0.08      0.00     89.90
11:17:55 PM     all      5.30      2.99      1.68      0.12      0.00     89.91
11:18:05 PM     all      5.20      3.10      2.70      0.05      0.00     88.94
11:18:15 PM     all     16.29      7.12      3.26      0.13      0.00     73.20
11:18:25 PM     all      5.03      3.24      1.84      0.11      0.00     89.76
11:18:35 PM     all      5.11      3.40      1.93      0.08      0.00     89.48
11:18:45 PM     all      5.17      3.22      1.65      0.11      0.00     89.86
11:18:55 PM     all      5.05      3.12      1.70      0.05      0.00     90.08
11:19:05 PM     all      4.34      2.80      2.68      0.06      0.00     90.11
11:19:15 PM     all     16.66      7.17      3.44      0.04      0.00     72.70
11:19:25 PM     all      4.58      3.01      1.94      0.09      0.00     90.38
11:19:35 PM     all      4.58      3.05      1.97      0.07      0.00     90.33
11:19:45 PM     all      4.63      3.07      1.83      0.05      0.00     90.42
11:19:55 PM     all      4.64      3.11      1.73      0.04      0.00     90.47
11:20:05 PM     all      4.66      3.08      1.81      0.04      0.00     90.41
11:20:15 PM     all      4.43      2.92      2.65      0.41      0.00     89.59
11:20:25 PM     all     15.52      6.11      3.12      0.14      0.00     75.11
11:20:35 PM     all      3.70      0.84      1.05      0.08      0.00     94.33
11:20:45 PM     all      3.76      0.86      0.94      0.08      0.00     94.36
11:20:55 PM     all      3.81      0.90      0.94      0.06      0.00     94.29
11:21:05 PM     all      3.81      0.88      0.89      0.08      0.00     94.35
11:21:15 PM     all      3.79      0.89      0.94      0.06      0.00     94.32
11:21:25 PM     all      3.72      0.94      0.93      0.08      0.00     94.33
11:21:35 PM     all      3.74      1.10      1.07      0.05      0.00     94.04
11:21:45 PM     all      3.73      0.84      0.96      0.03      0.00     94.44
11:21:55 PM     all      3.76      0.88      0.91      0.03      0.00     94.42
11:22:05 PM     all      9.98      0.44      2.58      0.03      0.00     86.98
11:22:15 PM     all      9.09      6.44      2.55      0.18      0.00     81.74
11:22:25 PM     all      3.81      0.88      0.99      0.07      0.00     94.26
11:22:35 PM     all      3.75      0.90      0.91      0.07      0.00     94.36
11:22:45 PM     all      3.74      0.88      0.98      0.07      0.00     94.33
11:22:55 PM     all      3.71      0.88      0.98      0.08      0.00     94.35
11:23:05 PM     all      3.70      0.88      0.97      0.07      0.00     94.38
11:23:15 PM     all      3.79      1.10      1.07      0.11      0.00     93.94
11:23:25 PM     all      3.72      0.96      0.97      0.05      0.00     94.30
11:23:35 PM     all      3.73      0.87      0.97      0.04      0.00     94.39
11:23:45 PM     all     15.79      5.88      3.90      0.02      0.00     74.41
11:23:55 PM     all      2.74      1.04      1.29      0.24      0.00     94.68
11:24:05 PM     all      3.30      0.68      0.86      0.06      0.00     95.10
11:24:15 PM     all      3.29      0.67      0.90      0.06      0.00     95.09
11:24:25 PM     all      3.32      0.69      0.80      0.06      0.00     95.13
11:24:35 PM     all      3.31      0.72      0.83      0.05      0.00     95.09
11:24:45 PM     all      3.30      0.68      0.82      0.06      0.00     95.13
11:24:55 PM     all      3.34      0.72      0.79      0.07      0.00     95.09
11:25:05 PM     all      3.34      0.70      0.80      0.05      0.00     95.11
11:25:15 PM     all      3.36      0.71      0.88      0.07      0.00     94.98
11:25:25 PM     all      3.32      0.77      0.75      0.05      0.00     95.11
11:25:35 PM     all      3.33      0.88      0.81      0.05      0.00     94.92
11:25:45 PM     all      3.38      0.75      0.81      0.05      0.00     95.00
11:25:55 PM     all      3.30      0.66      0.75      0.07      0.00     95.23
11:26:05 PM     all      3.35      0.70      0.79      0.04      0.00     95.13
11:26:15 PM     all      3.39      0.71      0.74      0.04      0.00     95.12
11:26:25 PM     all     15.44      5.85      4.09      0.04      0.00     74.58
11:26:35 PM     all      2.96      0.93      1.25      0.06      0.00     94.80
11:26:45 PM     all      3.29      0.68      0.81      0.05      0.00     95.18
11:26:55 PM     all      3.37      0.69      0.84      0.03      0.00     95.08
11:27:05 PM     all      3.40      0.72      0.84      0.04      0.00     94.99
11:27:15 PM     all      3.42      0.71      0.76      0.09      0.00     95.02
11:27:25 PM     all      3.39      0.70      0.78      0.05      0.00     95.07
11:27:35 PM     all      3.39      0.74      0.79      0.08      0.00     95.00
11:27:45 PM     all      3.32      0.72      0.82      0.05      0.00     95.08
11:27:55 PM     all      3.37      0.78      0.77      0.05      0.00     95.04
11:28:05 PM     all      3.35      0.84      0.83      0.06      0.00     94.92
11:28:15 PM     all      3.39      0.87      0.82      0.07      0.00     94.85
11:28:25 PM     all      3.31      0.72      0.75      0.05      0.00     95.17
11:28:35 PM     all      3.37      0.69      0.77      0.04      0.00     95.14
11:28:45 PM     all      3.39      0.68      1.98      0.04      0.00     93.90
11:28:55 PM     all     15.49      6.18      3.98      0.09      0.00     74.27
11:29:05 PM     all      3.50      0.56      2.63      0.05      0.00     93.26
11:29:15 PM     all      3.58      0.53      2.57      0.05      0.00     93.28
11:29:25 PM     all      3.75      0.57      2.50      0.05      0.00     93.13
11:29:35 PM     all      3.75      0.58      2.46      0.06      0.00     93.16
11:29:45 PM     all      3.69      0.55      2.51      0.04      0.00     93.20
11:29:55 PM     all      3.51      0.58      2.52      0.07      0.00     93.33
11:30:05 PM     all      3.68      0.60      2.51      0.05      0.00     93.16
11:30:15 PM     all      3.59      0.57      2.48      0.07      0.00     93.29
11:30:25 PM     all      3.66      0.63      2.49      0.05      0.00     93.18
11:30:35 PM     all      3.72      0.59      2.49      0.05      0.00     93.15
11:30:45 PM     all      3.75      0.71      2.43      0.05      0.00     93.06
11:30:55 PM     all      3.64      0.73      2.53      0.08      0.00     93.02
11:31:05 PM     all      3.68      0.62      2.46      0.03      0.00     93.21
11:31:15 PM     all      3.50      0.56      2.46      0.04      0.00     93.45
11:31:25 PM     all      3.66      0.57      2.46      0.04      0.00     93.26
11:31:35 PM     all      3.39      0.58      2.47      0.04      0.00     93.50
11:31:45 PM     all      2.84      0.44      4.68      0.04      0.00     92.01
11:31:55 PM     all     16.20      6.25      4.38      0.05      0.00     73.12
11:32:05 PM     all      3.39      0.57      2.65      0.04      0.00     93.35
11:32:15 PM     all      3.65      0.57      2.51      0.04      0.00     93.24
11:32:25 PM     all      3.42      0.62      2.49      0.06      0.00     93.40
11:32:35 PM     all      3.40      0.60      2.50      0.08      0.00     93.43
11:32:45 PM     all      3.54      0.58      2.53      0.07      0.00     93.29
11:32:55 PM     all      3.49      0.58      2.49      0.07      0.00     93.37
11:33:05 PM     all      3.45      0.62      2.57      0.05      0.00     93.31
11:33:15 PM     all      3.49      0.58      2.54      0.05      0.00     93.34
11:33:25 PM     all      3.49      0.58      2.56      0.05      0.00     93.33
11:33:35 PM     all      3.57      0.58      2.44      0.05      0.00     93.36
11:33:45 PM     all      3.73      0.69      2.52      0.05      0.00     93.01
11:33:55 PM     all      3.58      0.70      2.52      0.10      0.00     93.10
11:34:05 PM     all      3.36      0.63      2.47      0.03      0.00     93.50
11:34:15 PM     all      3.43      0.57      2.44      0.04      0.00     93.53
11:34:25 PM     all      3.58      0.57      2.44      0.04      0.00     93.37
11:34:35 PM     all      3.37      0.56      2.52      0.04      0.00     93.52
11:34:45 PM     all     15.41      6.08      5.35      0.03      0.00     73.12
11:34:55 PM     all      3.65      0.57      2.85      0.13      0.00     92.79
11:35:05 PM     all      3.99      0.56      2.62      0.18      0.00     92.66
11:35:15 PM     all      3.92      0.58      2.43      0.05      0.00     93.02
11:35:25 PM     all      3.91      0.60      2.47      0.04      0.00     92.98
11:35:35 PM     all      4.14      0.59      2.42      0.06      0.00     92.80
11:35:45 PM     all      3.97      0.58      2.39      0.07      0.00     92.99
11:35:55 PM     all      3.88      0.64      2.56      0.05      0.00     92.87
11:36:05 PM     all      3.83      0.59      2.48      0.05      0.00     93.06
11:36:15 PM     all      3.99      0.60      2.45      0.05      0.00     92.91
11:36:25 PM     all      4.23      0.61      2.38      0.04      0.00     92.73
11:36:35 PM     all      3.79      0.57      2.41      0.05      0.00     93.18
11:36:45 PM     all      4.12      0.74      2.50      0.06      0.00     92.58
11:36:55 PM     all      3.86      0.68      2.43      0.04      0.00     93.00
11:37:05 PM     all      4.06      0.62      2.50      0.03      0.00     92.78
11:37:15 PM     all      4.05      0.60      2.42      0.03      0.00     92.89
11:37:25 PM     all      4.11      0.59      2.38      0.04      0.00     92.89
11:37:35 PM     all      4.15      0.55      2.47      0.03      0.00     92.79
11:37:45 PM     all      3.91      0.67      2.41      0.03      0.00     92.98
11:37:55 PM     all     15.68      5.77      6.30      0.13      0.00     72.12
11:38:05 PM     all      3.41      0.97      3.30      0.15      0.00     92.16
11:38:15 PM     all      3.79      0.58      2.47      0.06      0.00     93.09
11:38:25 PM     all      3.70      0.60      2.52      0.04      0.00     93.14
11:38:35 PM     all      3.86      0.63      2.47      0.06      0.00     92.98
11:38:45 PM     all      3.89      0.57      2.31      0.05      0.00     93.18
11:38:55 PM     all      3.82      0.59      2.49      0.08      0.00     93.02
11:39:05 PM     all      3.79      0.59      2.48      0.05      0.00     93.09
11:39:15 PM     all      3.80      0.59      2.45      0.05      0.00     93.11
11:39:25 PM     all      3.90      0.57      2.53      0.05      0.00     92.94
11:39:35 PM     all      3.75      0.56      2.41      0.05      0.00     93.23
11:39:45 PM     all      3.74      0.58      2.41      0.05      0.00     93.23
11:39:55 PM     all      3.98      0.63      2.48      0.05      0.00     92.85
11:40:05 PM     all      3.86      0.71      2.42      0.07      0.00     92.94
11:40:15 PM     all      4.02      0.65      2.39      0.05      0.00     92.89
11:40:25 PM     all      3.75      0.59      2.52      0.04      0.00     93.09
11:40:35 PM     all      3.79      0.63      2.43      0.04      0.00     93.12
11:40:45 PM     all      3.64      0.57      2.43      0.04      0.00     93.32
11:40:55 PM     all      3.50      0.53      4.47      0.03      0.00     91.47
11:41:05 PM     all     15.50      6.14      4.13      0.08      0.00     74.16
11:41:15 PM     all      3.90      0.57      2.63      0.04      0.00     92.87
11:41:25 PM     all      4.26      0.58      2.61      0.04      0.00     92.53
11:41:35 PM     all      4.30      0.58      2.36      0.03      0.00     92.73
11:41:45 PM     all      4.19      0.57      2.41      0.02      0.00     92.81
11:41:55 PM     all      4.58      0.59      2.31      0.04      0.00     92.48
11:42:05 PM     all      4.10      0.55      2.39      0.09      0.00     92.88
11:42:15 PM     all      4.08      0.60      2.41      0.04      0.00     92.87
11:42:25 PM     all      4.03      0.61      2.39      0.04      0.00     92.92
11:42:35 PM     all      4.44      0.62      2.30      0.05      0.00     92.58
11:42:45 PM     all      4.26      0.58      2.32      0.05      0.00     92.79
11:42:55 PM     all      4.56      0.57      2.30      0.05      0.00     92.52
11:43:05 PM     all      4.53      0.66      2.37      0.08      0.00     92.37
11:43:15 PM     all      4.16      0.65      2.39      0.05      0.00     92.75
11:43:25 PM     all      4.04      0.65      2.41      0.05      0.00     92.85
11:43:35 PM     all      3.97      0.61      2.44      0.03      0.00     92.95
11:43:45 PM     all      4.05      0.55      2.39      0.04      0.00     92.97
11:43:55 PM     all      4.25      0.57      2.38      0.04      0.00     92.77
11:44:05 PM     all      4.34      0.60      2.36      0.05      0.00     92.65
11:44:15 PM     all      4.20      0.59      2.31      0.04      0.00     92.86
11:44:25 PM     all      4.22      0.56      2.33      0.03      0.00     92.85
11:44:35 PM     all     15.35      6.33      7.25      0.03      0.00     71.04
11:44:45 PM     all      4.02      0.59      2.57      0.06      0.00     92.76
11:44:55 PM     all      4.07      0.58      2.53      0.03      0.00     92.79
11:45:05 PM     all      4.10      0.60      2.36      0.03      0.00     92.91
11:45:15 PM     all      4.12      0.60      2.41      0.10      0.00     92.77
11:45:25 PM     all      4.49      0.58      2.23      0.05      0.00     92.65
11:45:35 PM     all      4.68      0.61      2.33      0.08      0.00     92.29
11:45:45 PM     all      4.24      0.61      2.32      0.07      0.00     92.76
11:45:55 PM     all      4.37      0.59      2.39      0.06      0.00     92.60
11:46:05 PM     all      4.18      0.65      2.43      0.05      0.00     92.69
11:46:15 PM     all      4.29      0.59      2.39      0.05      0.00     92.68
11:46:25 PM     all      4.36      0.62      2.40      0.05      0.00     92.56
11:46:35 PM     all      4.21      0.61      2.30      0.07      0.00     92.82
11:46:45 PM     all      4.44      0.80      2.37      0.05      0.00     92.34
11:46:55 PM     all      4.15      0.64      2.32      0.04      0.00     92.85
11:47:05 PM     all      4.32      0.59      2.31      0.04      0.00     92.74
11:47:15 PM     all      4.18      0.62      2.38      0.03      0.00     92.79
11:47:25 PM     all      4.11      0.60      2.24      0.04      0.00     93.02
11:47:35 PM     all      3.52      0.50      1.88      0.06      0.00     94.04
11:47:45 PM     all      0.32      0.14      0.24      0.02      0.00     99.28
11:47:55 PM     all      0.26      0.17      0.25      0.01      0.00     99.31
11:48:05 PM     all      0.56      0.16      0.29      0.02      0.00     98.97
11:48:15 PM     all      0.40      0.14      0.26      0.02      0.00     99.19
11:48:25 PM     all      0.65      0.14      0.25      0.03      0.00     98.94
11:48:35 PM     all      1.68      0.10      2.92      0.04      0.00     95.26
11:48:45 PM     all     17.52      7.37      3.55      0.11      0.00     71.45
11:48:55 PM     all      5.55      2.37      1.70      0.12      0.00     90.26
11:49:05 PM     all      5.53      2.39      1.78      0.07      0.00     90.22
11:49:15 PM     all      5.49      2.35      1.81      0.09      0.00     90.26
11:49:25 PM     all     10.48      1.40      2.31      0.04      0.00     85.78
11:49:35 PM     all     11.25      7.88      3.13      0.11      0.00     77.64
11:49:45 PM     all      5.36      2.67      1.82      0.11      0.00     90.05
11:49:55 PM     all      5.51      2.69      1.80      0.08      0.00     89.92
11:50:05 PM     all      5.37      2.65      1.73      0.04      0.00     90.21
11:50:15 PM     all      4.56      2.29      2.25      0.05      0.00     90.85
11:50:25 PM     all     17.24      7.53      3.40      0.09      0.00     71.73
11:50:35 PM     all      5.30      3.01      1.87      0.10      0.00     89.72
11:50:45 PM     all      5.36      3.01      1.89      0.07      0.00     89.67
11:50:55 PM     all      5.21      3.02      1.73      0.05      0.00     89.99
11:51:05 PM     all      5.38      3.06      1.82      0.04      0.00     89.70
11:51:15 PM     all     16.37      7.04      4.00      0.03      0.00     72.56
11:51:25 PM     all      5.23      3.25      1.95      0.11      0.00     89.45
11:51:35 PM     all      5.10      3.28      2.07      0.10      0.00     89.45
11:51:45 PM     all      5.14      3.29      1.69      0.14      0.00     89.74
11:51:55 PM     all      5.10      3.31      1.65      0.04      0.00     89.90
11:52:05 PM     all      5.17      3.43      1.87      0.06      0.00     89.47
11:52:15 PM     all     16.05      6.91      4.13      0.12      0.00     72.80
11:52:25 PM     all      4.56      3.02      1.82      0.09      0.00     90.50
11:52:35 PM     all      4.56      3.21      1.99      0.08      0.00     90.16
11:52:45 PM     all      4.57      3.08      1.75      0.08      0.00     90.53
11:52:55 PM     all      4.53      3.09      1.72      0.04      0.00     90.63
11:53:05 PM     all      4.62      3.17      1.79      0.04      0.00     90.37
11:53:15 PM     all      4.60      3.25      1.90      0.35      0.00     89.90
11:53:25 PM     all     15.31      6.21      4.05      0.10      0.00     74.33
11:53:35 PM     all      3.55      0.84      1.15      0.08      0.00     94.38
11:53:45 PM     all      3.72      0.85      0.93      0.06      0.00     94.44
11:53:55 PM     all      3.63      0.86      0.90      0.05      0.00     94.55
11:54:05 PM     all      3.68      0.85      0.97      0.04      0.00     94.46
11:54:15 PM     all      3.68      0.84      0.96      0.04      0.00     94.49
11:54:25 PM     all      3.73      0.89      0.98      0.06      0.00     94.35
11:54:35 PM     all      3.69      1.19      1.00      0.21      0.00     93.90
11:54:45 PM     all      3.78      0.93      0.91      0.05      0.00     94.33
11:54:55 PM     all      3.64      0.85      0.93      0.04      0.00     94.53
11:55:05 PM     all      3.15      0.67      2.26      0.05      0.00     93.87
11:55:15 PM     all     16.06      6.41      3.27      0.13      0.00     74.12
11:55:25 PM     all      3.78      0.90      0.98      0.05      0.00     94.29
11:55:35 PM     all      3.86      0.92      0.90      0.04      0.00     94.28
11:55:45 PM     all      3.79      0.91      0.94      0.06      0.00     94.31
11:55:55 PM     all      3.73      0.86      0.97      0.09      0.00     94.35
11:56:05 PM     all      3.77      0.91      0.99      0.05      0.00     94.27
11:56:15 PM     all      3.70      1.09      1.07      0.21      0.00     93.94
11:56:25 PM     all      3.75      0.95      0.98      0.07      0.00     94.25
11:56:35 PM     all      3.77      0.91      0.97      0.04      0.00     94.31
11:56:45 PM     all     14.89      0.51      2.94      0.06      0.00     81.60
11:56:55 PM     all      3.81      6.52      2.13      0.08      0.00     87.47
11:57:05 PM     all      3.27      0.68      0.92      0.06      0.00     95.07
11:57:15 PM     all      3.34      0.69      0.79      0.04      0.00     95.13
11:57:25 PM     all      3.31      0.69      0.79      0.05      0.00     95.16
11:57:35 PM     all      3.29      0.68      0.80      0.05      0.00     95.18
11:57:45 PM     all      3.28      0.66      0.76      0.05      0.00     95.25
11:57:55 PM     all      3.38      0.70      0.79      0.06      0.00     95.06
11:58:05 PM     all      3.31      0.70      0.80      0.05      0.00     95.14
11:58:15 PM     all      3.28      0.68      0.73      0.04      0.00     95.27
11:58:25 PM     all      3.34      0.73      0.74      0.05      0.00     95.14
11:58:35 PM     all      3.28      0.86      0.84      0.04      0.00     94.98
11:58:45 PM     all      3.31      0.78      0.80      0.04      0.00     95.06
11:58:55 PM     all      3.38      0.70      0.74      0.04      0.00     95.13
11:59:05 PM     all      3.33      0.69      0.71      0.06      0.00     95.21
11:59:15 PM     all      3.35      0.74      0.77      0.04      0.00     95.11
11:59:25 PM     all      3.10      0.61      2.08      0.02      0.00     94.19
11:59:35 PM     all     15.34      6.11      3.07      0.11      0.00     75.36
11:59:45 PM     all      3.14      0.66      0.90      0.05      0.00     95.25
11:59:55 PM     all      3.34      0.70      0.82      0.05      0.00     95.09
12:00:05 AM     all      3.38      0.72      0.81      0.05      0.00     95.04
12:00:15 AM     all      3.39      0.70      0.83      0.10      0.00     94.97
12:00:25 AM     all      3.35      0.71      0.78      0.06      0.00     95.10
12:00:35 AM     all      3.35      0.65      0.80      0.06      0.00     95.14
12:00:45 AM     all      3.37      0.74      0.82      0.04      0.00     95.03
12:00:55 AM     all      3.32      0.70      0.77      0.05      0.00     95.16
12:01:05 AM     all      3.39      0.77      0.77      0.04      0.00     95.03
12:01:15 AM     all      3.35      0.95      0.89      0.04      0.00     94.77
12:01:25 AM     all      3.37      0.80      0.80      0.03      0.00     95.01
12:01:35 AM     all      3.36      0.69      0.76      0.05      0.00     95.15
12:01:45 AM     all      3.38      0.71      0.76      0.05      0.00     95.10
12:01:55 AM     all      2.45      0.41      1.85      0.06      0.00     95.22
12:02:05 AM     all     16.38      6.29      4.74      0.10      0.00     72.49
12:02:15 AM     all      3.78      0.60      2.58      0.06      0.00     92.98
12:02:25 AM     all      3.66      0.59      2.38      0.05      0.00     93.32
12:02:35 AM     all      3.27      0.54      2.56      0.05      0.00     93.57
12:02:45 AM     all      3.42      0.58      2.49      0.04      0.00     93.46
12:02:55 AM     all      3.45      0.52      2.46      0.04      0.00     93.53
12:03:05 AM     all      3.69      0.56      2.50      0.07      0.00     93.18
12:03:15 AM     all      3.59      0.59      2.51      0.04      0.00     93.27
12:03:25 AM     all      3.73      0.60      2.49      0.05      0.00     93.13
12:03:35 AM     all      3.36      0.56      2.50      0.05      0.00     93.53
12:03:45 AM     all      3.48      0.54      2.50      0.05      0.00     93.42
12:03:55 AM     all      3.48      0.65      2.57      0.05      0.00     93.25
12:04:05 AM     all      3.44      0.61      2.59      0.05      0.00     93.32
12:04:15 AM     all      3.55      0.65      2.50      0.05      0.00     93.25
12:04:25 AM     all      3.54      0.56      2.55      0.05      0.00     93.30
12:04:35 AM     all      3.30      0.55      2.42      0.06      0.00     93.66
12:04:45 AM     all      3.36      0.58      2.46      0.04      0.00     93.55
12:04:55 AM     all      3.43      0.55      2.45      0.19      0.00     93.38
12:05:05 AM     all     15.66      2.78      4.95      0.08      0.00     76.54
12:05:15 AM     all      3.21      3.98      3.36      0.17      0.00     89.28
12:05:25 AM     all      3.30      0.58      2.51      0.05      0.00     93.56
12:05:35 AM     all      3.58      0.62      2.49      0.05      0.00     93.26
12:05:45 AM     all      3.58      0.56      2.48      0.06      0.00     93.32
12:05:55 AM     all      3.49      0.58      2.48      0.06      0.00     93.38
12:06:05 AM     all      3.42      0.55      2.42      0.05      0.00     93.55
12:06:15 AM     all      3.67      0.62      2.54      0.07      0.00     93.10
12:06:25 AM     all      3.48      0.58      2.48      0.05      0.00     93.41
12:06:35 AM     all      3.37      0.60      2.51      0.05      0.00     93.47
12:06:45 AM     all      3.43      0.60      2.51      0.05      0.00     93.42
12:06:55 AM     all      3.49      0.60      2.45      0.05      0.00     93.41
12:07:05 AM     all      3.33      0.71      2.60      0.05      0.00     93.32
12:07:15 AM     all      3.53      0.67      2.47      0.07      0.00     93.27
12:07:25 AM     all      3.38      0.55      2.44      0.04      0.00     93.59
12:07:35 AM     all      3.46      0.56      2.54      0.04      0.00     93.40
12:07:45 AM     all      3.50      0.56      2.47      0.03      0.00     93.43
12:07:55 AM     all      3.29      0.31      3.45      0.04      0.00     92.91
12:08:05 AM     all     16.06      6.39      4.74      0.18      0.00     72.62
12:08:15 AM     all      3.91      0.62      2.67      0.06      0.00     92.74
12:08:25 AM     all      3.99      0.60      2.40      0.05      0.00     92.96
12:08:35 AM     all      3.91      0.58      2.45      0.05      0.00     93.00
12:08:45 AM     all      4.24      0.61      2.41      0.05      0.00     92.68
12:08:55 AM     all      4.19      0.59      2.41      0.05      0.00     92.76
12:09:05 AM     all      4.00      0.58      2.39      0.07      0.00     92.96
12:09:15 AM     all      4.02      0.65      2.51      0.05      0.00     92.76
12:09:25 AM     all      3.88      0.57      2.46      0.05      0.00     93.05
12:09:35 AM     all      4.07      0.60      2.37      0.03      0.00     92.93
12:09:45 AM     all      4.03      0.57      2.42      0.14      0.00     92.85
12:09:55 AM     all      4.06      0.65      2.42      0.06      0.00     92.81
12:10:05 AM     all      4.03      0.71      2.51      0.06      0.00     92.69
12:10:15 AM     all      4.17      0.66      2.41      0.06      0.00     92.70
12:10:25 AM     all      4.01      0.58      2.42      0.04      0.00     92.95
12:10:35 AM     all      4.04      0.58      2.36      0.04      0.00     92.98
12:10:45 AM     all      3.91      0.52      2.46      0.04      0.00     93.06
12:10:55 AM     all      3.92      0.55      2.41      0.04      0.00     93.08
12:11:05 AM     all      6.95      0.27      4.21      0.09      0.00     88.48
12:11:15 AM     all     12.52      6.44      4.53      0.06      0.00     76.45
12:11:25 AM     all      3.94      0.63      2.55      0.05      0.00     92.83
12:11:35 AM     all      3.94      0.58      2.45      0.05      0.00     92.99
12:11:45 AM     all      4.26      0.58      2.53      0.04      0.00     92.59
12:11:55 AM     all      4.23      0.57      2.33      0.05      0.00     92.81
12:12:05 AM     all      4.13      0.57      2.42      0.03      0.00     92.85
12:12:15 AM     all      4.10      0.59      2.50      0.07      0.00     92.75
12:12:25 AM     all      4.36      0.56      2.42      0.05      0.00     92.61
12:12:35 AM     all      4.39      0.56      2.45      0.05      0.00     92.55
12:12:45 AM     all      4.48      0.61      2.48      0.03      0.00     92.40
12:12:55 AM     all      4.07      0.54      2.41      0.04      0.00     92.94
12:13:05 AM     all      4.18      0.57      2.35      0.04      0.00     92.86
12:13:15 AM     all      4.44      0.64      2.47      0.05      0.00     92.39
12:13:25 AM     all      4.47      0.68      2.39      0.03      0.00     92.43
12:13:35 AM     all      4.31      0.66      2.44      0.02      0.00     92.57
12:13:45 AM     all      4.20      0.59      2.40      0.04      0.00     92.77
12:13:55 AM     all      4.38      0.58      2.39      0.05      0.00     92.60
12:14:05 AM     all      3.89      0.55      2.36      0.04      0.00     93.15
12:14:15 AM     all      2.88      0.40      4.07      0.07      0.00     92.58
12:14:25 AM     all     16.41      6.44      4.63      0.08      0.00     72.44
12:14:35 AM     all      4.06      0.59      2.53      0.05      0.00     92.77
12:14:45 AM     all      4.05      0.58      2.49      0.07      0.00     92.81
12:14:55 AM     all      4.01      0.59      2.45      0.03      0.00     92.93
12:15:05 AM     all      4.13      0.57      2.30      0.03      0.00     92.98
12:15:15 AM     all      4.46      0.59      2.37      0.05      0.00     92.54
12:15:25 AM     all      4.35      0.61      2.41      0.12      0.00     92.51
12:15:35 AM     all      4.12      0.61      2.44      0.05      0.00     92.78
12:15:45 AM     all      3.97      0.55      2.46      0.05      0.00     92.97
12:15:55 AM     all      4.26      0.53      2.39      0.04      0.00     92.78
12:16:05 AM     all      4.44      0.62      2.41      0.05      0.00     92.49
12:16:15 AM     all      4.22      0.62      2.42      0.05      0.00     92.69
12:16:25 AM     all      4.13      0.64      2.32      0.05      0.00     92.86
12:16:35 AM     all      4.21      0.67      2.32      0.04      0.00     92.76
12:16:45 AM     all      4.06      0.67      2.38      0.04      0.00     92.85
12:16:55 AM     all      4.42      0.65      2.30      0.04      0.00     92.58
12:17:05 AM     all      4.14      0.58      2.30      0.04      0.00     92.95
12:17:15 AM     all      4.28      0.60      2.36      0.04      0.00     92.73
12:17:25 AM     all      4.43      0.59      2.40      0.06      0.00     92.51
12:17:35 AM     all      4.69      0.59      2.35      0.04      0.00     92.33
12:17:45 AM     all     15.60      1.00      6.17      0.05      0.00     77.18
12:17:55 AM     all      3.72      5.96      3.80      0.12      0.00     86.40
12:18:05 AM     all      4.18      0.62      2.55      0.05      0.00     92.60
12:18:15 AM     all      4.09      0.58      2.35      0.05      0.00     92.93
12:18:25 AM     all      4.23      0.57      2.46      0.05      0.00     92.69
12:18:35 AM     all      4.24      0.58      2.32      0.04      0.00     92.82
12:18:45 AM     all      4.13      0.54      2.33      0.04      0.00     92.96
12:18:55 AM     all      3.97      0.57      2.34      0.06      0.00     93.05
12:19:05 AM     all      4.15      0.63      2.53      0.06      0.00     92.63
12:19:15 AM     all      3.94      0.58      2.26      0.04      0.00     93.18
12:19:25 AM     all      4.08      0.56      2.36      0.09      0.00     92.91
12:19:35 AM     all      3.95      0.60      2.36      0.04      0.00     93.05
12:19:45 AM     all      3.83      0.58      2.41      0.06      0.00     93.12
12:19:55 AM     all      4.23      0.59      2.35      0.06      0.00     92.77
12:20:05 AM     all      4.12      0.69      2.35      0.03      0.00     92.81
12:20:15 AM     all      4.09      0.70      2.41      0.04      0.00     92.77
12:20:25 AM     all      3.88      0.59      2.37      0.02      0.00     93.13
12:20:35 AM     all      4.12      0.57      2.29      0.03      0.00     92.99
12:20:45 AM     all      3.96      0.60      2.34      0.02      0.00     93.07
12:20:55 AM     all      4.15      0.61      2.38      0.11      0.00     92.76
12:21:05 AM     all      1.91      0.31      0.98      0.04      0.00     96.76
12:21:15 AM     all      0.31      0.13      0.28      0.02      0.00     99.26
12:21:25 AM     all      0.28      0.15      0.25      0.02      0.00     99.30
12:21:35 AM     all      0.28      0.15      0.26      0.01      0.00     99.29
12:21:45 AM     all      0.31      0.15      0.26      0.02      0.00     99.26
12:21:55 AM     all      0.26      0.18      0.24      0.05      0.00     99.28
12:22:05 AM     all      0.31      0.15      0.25      0.01      0.00     99.28
12:22:15 AM     all      0.30      0.17      0.23      0.01      0.00     99.28
12:22:25 AM     all      0.27      0.15      0.26      0.02      0.00     99.30
12:22:35 AM     all      0.30      0.15      0.27      0.01      0.00     99.26
12:22:45 AM     all      0.27      0.16      0.24      0.02      0.00     99.30
12:22:55 AM     all      0.32      0.16      0.25      0.04      0.00     99.23
12:23:05 AM     all      0.29      0.16      0.23      0.02      0.00     99.29
12:23:15 AM     all      0.26      0.16      0.27      0.01      0.00     99.30
12:23:25 AM     all      0.29      0.14      0.23      0.01      0.00     99.33
12:23:35 AM     all      0.29      0.16      0.26      0.02      0.00     99.27
12:23:45 AM     all      0.30      0.16      0.24      0.02      0.00     99.28
12:23:55 AM     all      0.55      0.14      0.24      0.04      0.00     99.04
12:24:05 AM     all      0.28      0.14      0.24      0.04      0.00     99.30
12:24:15 AM     all      0.31      0.14      0.25      0.00      0.00     99.29
12:24:25 AM     all      0.30      0.14      0.24      0.02      0.00     99.30
12:24:35 AM     all      0.31      0.15      0.24      0.01      0.00     99.30
12:24:45 AM     all      0.30      0.15      0.24      0.01      0.00     99.29
12:24:55 AM     all      0.31      0.14      0.22      0.05      0.00     99.27
12:25:05 AM     all      0.44      0.17      0.26      0.01      0.00     99.13
12:25:15 AM     all      0.26      0.16      0.23      0.01      0.00     99.33
12:25:25 AM     all      0.30      0.15      0.24      0.02      0.00     99.29
12:25:35 AM     all      0.27      0.18      0.24      0.01      0.00     99.30
12:25:45 AM     all      0.26      0.14      0.24      0.01      0.00     99.35
12:25:55 AM     all      0.31      0.15      0.23      0.05      0.00     99.26
12:26:05 AM     all      0.30      0.15      0.24      0.01      0.00     99.30
12:26:15 AM     all      0.31      0.14      0.24      0.02      0.00     99.29
12:26:25 AM     all      0.29      0.14      0.23      0.02      0.00     99.32
12:26:35 AM     all      0.30      0.16      0.24      0.01      0.00     99.29
12:26:45 AM     all      0.29      0.16      0.23      0.03      0.00     99.29
12:26:55 AM     all      0.32      0.14      0.23      0.11      0.00     99.18
12:27:05 AM     all      0.30      0.16      0.21      0.01      0.00     99.32
12:27:15 AM     all      0.29      0.15      0.25      0.02      0.00     99.29
12:27:25 AM     all      0.29      0.17      0.25      0.02      0.00     99.27
12:27:35 AM     all      0.31      0.16      0.23      0.01      0.00     99.29
12:27:45 AM     all      0.32      0.16      0.22      0.02      0.00     99.28
12:27:55 AM     all      0.29      0.14      0.24      0.05      0.00     99.28
12:28:05 AM     all      0.28      0.15      0.25      0.03      0.00     99.29
12:28:15 AM     all      0.29      0.17      0.25      0.02      0.00     99.27
12:28:25 AM     all      0.29      0.14      0.23      0.03      0.00     99.31
12:28:35 AM     all      0.28      0.14      0.25      0.02      0.00     99.31
12:28:45 AM     all      0.31      0.15      0.22      0.01      0.00     99.31
12:28:55 AM     all      0.32      0.14      0.26      0.08      0.00     99.20
12:29:05 AM     all      0.29      0.14      0.21      0.02      0.00     99.34
12:29:15 AM     all      0.30      0.16      0.26      0.01      0.00     99.27
12:29:25 AM     all      0.31      0.16      0.23      0.02      0.00     99.29
12:29:35 AM     all      0.31      0.14      0.23      0.02      0.00     99.31
12:29:45 AM     all      0.31      0.15      0.22      0.01      0.00     99.31
12:29:55 AM     all      0.29      0.16      0.26      0.06      0.00     99.23
12:30:05 AM     all      0.31      0.15      0.24      0.03      0.00     99.27
12:30:15 AM     all      0.29      0.15      0.25      0.02      0.00     99.29
12:30:25 AM     all      0.26      0.15      0.23      0.02      0.00     99.34
12:30:35 AM     all      0.32      0.16      0.26      0.01      0.00     99.25
12:30:45 AM     all      0.29      0.15      0.24      0.02      0.00     99.30
12:30:55 AM     all      0.29      0.15      0.23      0.02      0.00     99.31
12:31:05 AM     all      0.31      0.15      0.24      0.01      0.00     99.29
12:31:15 AM     all      0.28      0.15      0.22      0.01      0.00     99.33
12:31:25 AM     all      0.27      0.14      0.27      0.02      0.00     99.29
12:31:35 AM     all      0.32      0.17      0.22      0.01      0.00     99.29
12:31:45 AM     all      0.31      0.16      0.23      0.03      0.00     99.28
12:31:55 AM     all      0.29      0.16      0.24      0.02      0.00     99.29
12:32:05 AM     all      0.30      0.16      0.22      0.01      0.00     99.31
12:32:15 AM     all      0.30      0.15      0.25      0.01      0.00     99.28
12:32:25 AM     all      0.30      0.16      0.24      0.01      0.00     99.29
12:32:35 AM     all      0.27      0.15      0.21      0.03      0.00     99.33
12:32:45 AM     all      0.47      0.16      0.28      0.02      0.00     99.08
12:32:55 AM     all      0.60      0.14      0.26      0.06      0.00     98.94
12:33:05 AM     all      1.80      0.09      2.63      0.10      0.00     95.38
12:33:15 AM     all     17.86      7.35      3.60      0.18      0.00     71.01
12:33:25 AM     all      5.63      2.28      1.77      0.11      0.00     90.22
12:33:35 AM     all      5.65      2.35      1.84      0.08      0.00     90.07
12:33:45 AM     all      5.52      2.35      1.79      0.05      0.00     90.29
12:33:55 AM     all     10.76      1.36      2.44      0.08      0.00     85.36
12:34:05 AM     all     11.39      8.06      3.10      0.11      0.00     77.33
12:34:15 AM     all      5.33      2.65      1.78      0.10      0.00     90.14
12:34:25 AM     all      5.36      2.68      1.77      0.06      0.00     90.13
12:34:35 AM     all      5.39      2.57      1.75      0.04      0.00     90.25
12:34:45 AM     all      4.06      2.05      2.23      0.06      0.00     91.60
12:34:55 AM     all     17.81      7.66      3.57      0.33      0.00     70.63
12:35:05 AM     all      5.31      3.06      1.92      0.32      0.00     89.38
12:35:15 AM     all      5.32      3.06      1.71      0.09      0.00     89.82
12:35:25 AM     all      5.41      3.05      1.76      0.05      0.00     89.73
12:35:35 AM     all      5.28      3.09      1.81      0.05      0.00     89.78
12:35:45 AM     all     16.35      7.11      3.94      0.12      0.00     72.48
12:35:55 AM     all      5.09      3.22      1.86      0.08      0.00     89.75
12:36:05 AM     all      5.19      3.41      2.00      0.09      0.00     89.31
12:36:15 AM     all      5.14      3.26      1.79      0.06      0.00     89.74
12:36:25 AM     all      5.07      3.17      1.74      0.04      0.00     89.98
12:36:35 AM     all      5.17      3.42      1.90      0.04      0.00     89.47
12:36:45 AM     all     16.15      6.90      4.24      0.13      0.00     72.58
12:36:55 AM     all      4.48      2.90      1.92      0.08      0.00     90.62
12:37:05 AM     all      4.66      3.26      2.07      0.08      0.00     89.94
12:37:15 AM     all      4.57      3.03      1.68      0.06      0.00     90.66
12:37:25 AM     all      4.73      3.20      1.77      0.04      0.00     90.27
12:37:35 AM     all      4.54      3.21      1.85      0.02      0.00     90.38
12:37:45 AM     all      4.55      3.23      1.92      0.36      0.00     89.95
12:37:55 AM     all     15.27      6.08      4.09      0.10      0.00     74.46
12:38:05 AM     all      3.52      0.82      1.12      0.07      0.00     94.46
12:38:15 AM     all      3.83      0.87      0.98      0.12      0.00     94.20
12:38:25 AM     all      3.80      0.88      0.91      0.10      0.00     94.31
12:38:35 AM     all      3.79      0.85      0.99      0.07      0.00     94.30
12:38:45 AM     all      3.70      0.87      0.98      0.07      0.00     94.38
12:38:55 AM     all      3.77      0.92      1.00      0.17      0.00     94.13
12:39:05 AM     all      3.67      1.05      0.97      0.07      0.00     94.24
12:39:15 AM     all      3.80      0.91      0.93      0.05      0.00     94.31
12:39:25 AM     all      3.72      0.86      0.93      0.05      0.00     94.43
12:39:35 AM     all      2.80      0.55      1.75      0.07      0.00     94.82
12:39:45 AM     all     16.46      6.43      3.18      0.10      0.00     73.83
12:39:55 AM     all      3.67      0.84      1.02      0.08      0.00     94.39
12:40:05 AM     all      3.82      0.90      0.99      0.06      0.00     94.24
12:40:15 AM     all      3.75      0.88      0.95      0.07      0.00     94.35
12:40:25 AM     all      3.77      0.88      0.94      0.06      0.00     94.35
12:40:35 AM     all      3.72      0.87      0.96      0.05      0.00     94.40
12:40:45 AM     all      3.79      1.05      1.02      0.07      0.00     94.07
12:40:55 AM     all      3.83      0.98      0.95      0.05      0.00     94.19
12:41:05 AM     all      3.82      0.86      0.92      0.04      0.00     94.36
12:41:15 AM     all      2.71      0.49      1.84      0.06      0.00     94.90
12:41:25 AM     all     15.75      6.33      3.09      0.09      0.00     74.75
12:41:35 AM     all      3.30      0.74      0.95      0.06      0.00     94.95
12:41:45 AM     all      3.36      0.69      0.80      0.05      0.00     95.09
12:41:55 AM     all      3.39      0.70      0.82      0.05      0.00     95.03
12:42:05 AM     all      3.36      0.68      0.78      0.05      0.00     95.13
12:42:15 AM     all      3.31      0.67      0.75      0.05      0.00     95.20
12:42:25 AM     all      3.36      0.68      0.81      0.09      0.00     95.06
12:42:35 AM     all      3.26      0.71      0.82      0.04      0.00     95.17
12:42:45 AM     all      3.29      0.66      0.79      0.04      0.00     95.21
12:42:55 AM     all      3.41      0.74      0.76      0.05      0.00     95.04
12:43:05 AM     all      3.29      0.88      0.84      0.05      0.00     94.94
12:43:15 AM     all      3.43      0.78      0.72      0.04      0.00     95.03
12:43:25 AM     all      3.61      0.70      0.79      0.19      0.00     94.71
12:43:35 AM     all      3.29      0.88      1.62      0.11      0.00     94.10
12:43:45 AM     all      0.02      0.00      0.00      0.01      0.00     99.96
12:43:55 AM     all      3.55      0.00      0.28      0.04      0.00     96.12
12:44:05 AM     all     17.47      7.52      3.47      0.07      0.00     71.46
12:44:15 AM     all      5.69      2.29      1.76      0.10      0.00     90.16
12:44:25 AM     all      5.58      2.26      1.77      0.06      0.00     90.33
12:44:35 AM     all      5.51      2.32      1.78      0.04      0.00     90.35
12:44:45 AM     all     16.79      2.03      3.24      0.04      0.00     77.90
12:44:55 AM     all      5.14      7.39      2.33      0.08      0.00     85.06
12:45:05 AM     all      5.42      2.64      1.84      0.57      0.00     89.52
12:45:15 AM     all      5.25      2.58      1.78      0.07      0.00     90.32
12:45:25 AM     all      5.33      2.64      1.75      0.08      0.00     90.21
12:45:35 AM     all      4.21      2.21      2.15      0.07      0.00     91.36
12:45:45 AM     all     17.14      7.26      3.35      0.14      0.00     72.11
12:45:55 AM     all      5.02      2.75      1.77      0.09      0.00     90.36
12:46:05 AM     all      4.97      2.82      1.93      0.07      0.00     90.21
12:46:15 AM     all      5.01      2.72      1.66      0.05      0.00     90.56
12:46:25 AM     all      5.05      2.78      1.78      0.05      0.00     90.34
12:46:35 AM     all      3.88      2.11      2.20      0.05      0.00     91.76
12:46:45 AM     all     17.00      7.49      3.73      0.07      0.00     71.71
12:46:55 AM     all      4.64      2.89      1.84      0.14      0.00     90.49
12:47:05 AM     all      4.71      2.93      1.93      0.17      0.00     90.26
12:47:15 AM     all      4.76      2.87      1.72      0.07      0.00     90.58
12:47:25 AM     all      4.82      2.88      1.69      0.05      0.00     90.56
12:47:35 AM     all      4.75      2.93      1.87      0.05      0.00     90.39
12:47:45 AM     all     16.06      6.84      3.98      0.08      0.00     73.05
12:47:55 AM     all      4.37      3.07      2.08      0.26      0.00     90.21
12:48:05 AM     all      4.56      3.16      2.04      0.09      0.00     90.15
12:48:15 AM     all      4.53      3.19      1.83      0.08      0.00     90.36
12:48:25 AM     all      4.59      3.16      1.63      0.05      0.00     90.58
12:48:35 AM     all      4.57      3.22      1.80      0.04      0.00     90.37
12:48:45 AM     all      4.60      3.09      1.79      0.06      0.00     90.47
12:48:55 AM     all     16.07      4.43      3.87      0.13      0.00     75.50
12:49:05 AM     all      3.15      3.49      1.56      0.12      0.00     91.66
12:49:15 AM     all      3.72      0.85      0.92      0.08      0.00     94.43
12:49:25 AM     all      3.70      0.84      1.05      0.05      0.00     94.37
12:49:35 AM     all      3.71      0.86      0.97      0.04      0.00     94.42
12:49:45 AM     all      3.71      0.82      0.90      0.04      0.00     94.52
12:49:55 AM     all      3.76      0.87      0.96      0.09      0.00     94.32
12:50:05 AM     all      3.60      1.05      0.95      0.18      0.00     94.22
12:50:15 AM     all      3.66      0.89      1.01      0.12      0.00     94.31
12:50:25 AM     all      3.66      0.89      0.93      0.04      0.00     94.48
12:50:35 AM     all      3.69      0.85      0.98      0.04      0.00     94.45
12:50:45 AM     all     15.47      6.38      3.80      0.22      0.00     74.14
12:50:55 AM     all      3.41      0.79      1.19      0.07      0.00     94.54
12:51:05 AM     all      3.78      0.87      0.95      0.05      0.00     94.34
12:51:15 AM     all      3.73      0.87      0.94      0.07      0.00     94.39
12:51:25 AM     all      3.77      0.87      0.98      0.06      0.00     94.32
12:51:35 AM     all      3.73      0.88      1.02      0.06      0.00     94.32
12:51:45 AM     all      3.78      0.94      1.06      0.12      0.00     94.09
12:51:55 AM     all      3.74      1.14      0.98      0.07      0.00     94.06
12:52:05 AM     all      3.70      0.92      0.96      0.04      0.00     94.38
12:52:15 AM     all      3.74      0.86      0.95      0.04      0.00     94.41
12:52:25 AM     all     15.37      5.99      3.93      0.16      0.00     74.54
12:52:35 AM     all      3.06      0.64      1.03      0.07      0.00     95.21
12:52:45 AM     all      3.19      0.64      0.90      0.05      0.00     95.21
12:52:55 AM     all      3.47      0.69      0.82      0.05      0.00     94.96
12:53:05 AM     all      3.38      0.72      0.83      0.05      0.00     95.02
12:53:15 AM     all      3.34      0.71      0.80      0.05      0.00     95.10
12:53:25 AM     all      3.41      0.66      0.80      0.06      0.00     95.07
12:53:35 AM     all      3.33      0.73      0.85      0.05      0.00     95.04
12:53:45 AM     all      3.29      0.68      0.80      0.05      0.00     95.18
12:53:55 AM     all      3.39      0.70      0.80      0.05      0.00     95.05
12:54:05 AM     all      3.32      0.80      0.80      0.06      0.00     95.02
12:54:15 AM     all      3.27      0.80      0.85      0.05      0.00     95.03
12:54:25 AM     all      3.34      0.76      0.81      0.06      0.00     95.03
12:54:35 AM     all      3.41      0.67      0.86      0.04      0.00     95.02
12:54:45 AM     all      3.34      0.67      0.75      0.05      0.00     95.19
12:54:55 AM     all      3.38      0.71      0.76      0.04      0.00     95.11
12:55:05 AM     all     15.49      5.77      3.79      0.07      0.00     74.87
12:55:15 AM     all      2.84      0.93      1.23      0.09      0.00     94.91
12:55:25 AM     all      3.30      0.69      0.85      0.06      0.00     95.09
12:55:35 AM     all      3.32      0.74      0.84      0.06      0.00     95.05
12:55:45 AM     all      3.42      0.71      0.81      0.05      0.00     95.01
12:55:55 AM     all      3.34      0.71      0.84      0.05      0.00     95.06
12:56:05 AM     all      3.37      0.69      0.79      0.05      0.00     95.11
12:56:15 AM     all      3.28      0.70      0.83      0.06      0.00     95.13
12:56:25 AM     all      3.49      0.72      0.81      0.06      0.00     94.92
12:56:35 AM     all      3.27      0.67      0.88      0.08      0.00     95.09
12:56:45 AM     all      3.45      0.84      0.84      0.06      0.00     94.82
12:56:55 AM     all      3.27      0.82      0.79      0.05      0.00     95.07
12:57:05 AM     all      3.33      0.74      0.88      0.08      0.00     94.97
12:57:15 AM     all      3.30      0.67      0.77      0.04      0.00     95.22
12:57:25 AM     all      3.37      0.68      0.81      0.03      0.00     95.10
12:57:35 AM     all     15.52      4.98      3.61      0.04      0.00     75.86
12:57:45 AM     all      3.41      1.69      3.28      0.05      0.00     91.56
12:57:55 AM     all      3.61      0.55      2.61      0.04      0.00     93.19
12:58:05 AM     all      3.47      0.57      2.49      0.04      0.00     93.43
12:58:15 AM     all      3.56      0.58      2.54      0.07      0.00     93.26
12:58:25 AM     all      3.86      0.56      2.48      0.05      0.00     93.05
12:58:35 AM     all      3.67      0.58      2.53      0.05      0.00     93.17
12:58:45 AM     all      3.61      0.58      2.46      0.08      0.00     93.27
12:58:55 AM     all      3.59      0.61      2.48      0.06      0.00     93.26
12:59:05 AM     all      3.51      0.53      2.54      0.04      0.00     93.36
12:59:15 AM     all      3.48      0.57      2.43      0.04      0.00     93.48
12:59:25 AM     all      3.51      0.62      2.49      0.04      0.00     93.34
12:59:35 AM     all      3.80      0.70      2.54      0.04      0.00     92.92
12:59:45 AM     all      3.67      0.70      2.45      0.07      0.00     93.11
12:59:55 AM     all      3.60      0.60      2.44      0.04      0.00     93.32
01:00:05 AM     all      3.59      0.59      2.51      0.04      0.00     93.27
01:00:15 AM     all      3.53      0.55      2.38      0.04      0.00     93.50
01:00:25 AM     all      3.56      0.56      2.47      0.05      0.00     93.37
01:00:35 AM     all      9.33      0.28      3.89      0.06      0.00     86.45
01:00:45 AM     all      9.69      6.30      4.43      0.12      0.00     79.46
01:00:55 AM     all      3.58      0.55      2.58      0.06      0.00     93.23
01:01:05 AM     all      3.46      0.58      2.59      0.05      0.00     93.32
01:01:15 AM     all      3.60      0.57      2.50      0.05      0.00     93.28
01:01:25 AM     all      3.39      0.57      2.56      0.05      0.00     93.42
01:01:35 AM     all      3.43      0.55      2.55      0.05      0.00     93.42
01:01:45 AM     all      3.39      0.56      2.49      0.07      0.00     93.50
01:01:55 AM     all      3.63      0.57      2.53      0.04      0.00     93.23
01:02:05 AM     all      3.38      0.57      2.52      0.04      0.00     93.49
01:02:15 AM     all      3.45      0.55      2.52      0.05      0.00     93.42
01:02:25 AM     all      3.53      0.62      2.50      0.04      0.00     93.30
01:02:35 AM     all      3.45      0.60      2.56      0.04      0.00     93.36
01:02:45 AM     all      3.44      0.71      2.58      0.05      0.00     93.22
01:02:55 AM     all      3.62      0.62      2.53      0.05      0.00     93.19
01:03:05 AM     all      3.35      0.53      2.47      0.03      0.00     93.61
01:03:15 AM     all      3.48      0.57      2.46      0.03      0.00     93.46
01:03:25 AM     all      3.51      0.53      4.18      0.04      0.00     91.75
01:03:35 AM     all     15.44      6.16      3.92      0.13      0.00     74.35
01:03:45 AM     all      3.69      0.58      2.70      0.05      0.00     92.98
01:03:55 AM     all      3.84      0.57      2.53      0.05      0.00     93.02
01:04:05 AM     all      3.76      0.54      2.55      0.04      0.00     93.10
01:04:15 AM     all      3.77      0.60      2.50      0.05      0.00     93.09
01:04:25 AM     all      3.88      0.56      2.44      0.04      0.00     93.08
01:04:35 AM     all      3.89      0.60      2.47      0.07      0.00     92.98
01:04:45 AM     all      3.80      0.58      2.52      0.05      0.00     93.04
01:04:55 AM     all      3.71      0.54      2.43      0.08      0.00     93.23
01:05:05 AM     all      3.69      0.53      2.47      0.18      0.00     93.12
01:05:15 AM     all      3.77      0.60      2.39      0.04      0.00     93.20
01:05:25 AM     all      3.89      0.56      2.49      0.04      0.00     93.01
01:05:35 AM     all      3.55      0.57      2.41      0.05      0.00     93.41
01:05:45 AM     all      3.79      0.65      2.46      0.04      0.00     93.07
01:05:55 AM     all      3.92      0.66      2.45      0.04      0.00     92.93
01:06:05 AM     all      3.71      0.59      2.46      0.04      0.00     93.21
01:06:15 AM     all      3.50      0.55      2.38      0.04      0.00     93.53
01:06:25 AM     all      3.72      0.57      2.44      0.04      0.00     93.23
01:06:35 AM     all      3.81      0.58      2.50      0.06      0.00     93.05
01:06:45 AM     all      3.85      0.57      2.49      0.04      0.00     93.05
01:06:55 AM     all     15.66      5.88      6.51      0.05      0.00     71.90
01:07:05 AM     all      3.73      0.88      3.18      0.04      0.00     92.17
01:07:15 AM     all      3.99      0.57      2.42      0.06      0.00     92.96
01:07:25 AM     all      4.07      0.65      2.43      0.05      0.00     92.81
01:07:35 AM     all      3.95      0.57      2.36      0.06      0.00     93.06
01:07:45 AM     all      3.77      0.57      2.50      0.05      0.00     93.12
01:07:55 AM     all      3.74      0.54      2.43      0.06      0.00     93.24
01:08:05 AM     all      3.86      0.59      2.46      0.05      0.00     93.04
01:08:15 AM     all      3.92      0.62      2.48      0.05      0.00     92.94
01:08:25 AM     all      3.63      0.57      2.50      0.04      0.00     93.26
01:08:35 AM     all      3.86      0.60      2.47      0.04      0.00     93.02
01:08:45 AM     all      3.97      0.60      2.47      0.04      0.00     92.93
01:08:55 AM     all      3.80      0.65      2.49      0.07      0.00     92.99
01:09:05 AM     all      3.87      0.69      2.46      0.05      0.00     92.93
01:09:15 AM     all      3.80      0.59      2.47      0.04      0.00     93.10
01:09:25 AM     all      3.87      0.58      2.41      0.04      0.00     93.10
01:09:35 AM     all      3.61      0.58      2.47      0.04      0.00     93.31
01:09:45 AM     all      3.89      0.60      2.40      0.03      0.00     93.08
01:09:55 AM     all      5.26      0.27      3.85      0.04      0.00     90.58
01:10:05 AM     all     13.75      6.41      4.67      0.05      0.00     75.12
01:10:15 AM     all      4.12      0.56      2.49      0.03      0.00     92.80
01:10:25 AM     all      4.08      0.63      2.37      0.10      0.00     92.82
01:10:35 AM     all      3.96      0.57      2.51      0.05      0.00     92.91
01:10:45 AM     all      4.12      0.57      2.40      0.04      0.00     92.87
01:10:55 AM     all      4.24      0.57      2.41      0.06      0.00     92.72
01:11:05 AM     all      4.25      0.55      2.42      0.07      0.00     92.71
01:11:15 AM     all      4.15      0.62      2.46      0.04      0.00     92.74
01:11:25 AM     all      4.17      0.59      2.42      0.05      0.00     92.77
01:11:35 AM     all      4.15      0.57      2.28      0.05      0.00     92.95
01:11:45 AM     all      4.40      0.59      2.37      0.05      0.00     92.59
01:11:55 AM     all      4.28      0.60      2.40      0.04      0.00     92.68
01:12:05 AM     all      4.23      0.64      2.30      0.06      0.00     92.78
01:12:15 AM     all      4.31      0.64      2.36      0.04      0.00     92.65
01:12:25 AM     all      3.96      0.71      2.46      0.04      0.00     92.83
01:12:35 AM     all      3.97      0.63      2.43      0.04      0.00     92.93
01:12:45 AM     all      4.17      0.59      2.35      0.03      0.00     92.85
01:12:55 AM     all      4.10      0.53      2.39      0.03      0.00     92.95
01:13:05 AM     all      4.19      0.59      2.36      0.06      0.00     92.80
01:13:15 AM     all      4.08      0.55      2.29      0.03      0.00     93.05
01:13:25 AM     all      3.60      0.47      5.24      0.07      0.00     90.63
01:13:35 AM     all     15.21      6.08      3.96      0.07      0.00     74.68
01:13:45 AM     all      4.06      0.54      2.64      0.04      0.00     92.72
01:13:55 AM     all      4.53      0.60      2.42      0.04      0.00     92.40
01:14:05 AM     all      4.12      0.57      2.43      0.04      0.00     92.84
01:14:15 AM     all      3.95      0.57      2.41      0.05      0.00     93.02
Average:        all      4.40      1.32      1.89      0.06      0.00     92.34
