Linux 5.15.0-131-generic (node0.parthaw-244253.hyflowtm-pg0.clemson.cloudlab.us) 	03/01/2025 	_x86_64_	(48 CPU)

11:14:19 PM kbmemfree   kbavail kbmemused  %memused kbbuffers  kbcached  kbcommit   %commit  kbactive   kbinact   kbdirty
11:14:29 PM 253093948 253821104   2021548      0.77    160780   8315420  11948844      4.39   3752656   6104972         4
11:14:39 PM 253093484 253820656   2021960      0.77    160792   8315444  11949512      4.39   3752668   6105292        92
11:14:49 PM 253094332 253821560   2021208      0.77    160800   8315476  11949512      4.39   3752684   6105420       244
11:14:59 PM 253094008 253821268   2021516      0.77    160804   8315488  11952452      4.39   3752692   6107280       276
11:15:09 PM 253093076 253820340   2022488      0.77    160816   8315492  11953696      4.39   3752772   6108836       288
11:15:19 PM 253093056 253820348   2022536      0.77    160828   8315492  11953696      4.39   3752784   6108944       216
11:15:29 PM 259875316 260602060   1608804      0.61    160860   1949932   3378432      1.24    680696   2397204       376
11:15:39 PM 255734724 256463856   5667972      2.15    161008   2003136  35079356     12.88    681072   6370568       704
11:15:49 PM 255593192 256323544   5806820      2.20    161060   2005952  35168852     12.91    681124   6514036      1076
11:15:59 PM 255491880 256223396   5906888      2.24    161076   2007068  34998584     12.85    681140   6585188      1392
11:16:09 PM 255478280 256210928   5918108      2.24    161088   2009360  35249824     12.94    681156   6620504       308
11:16:19 PM 259686020 260419680   1788772      0.68    161104   1956156   3415032      1.25    680960   2497176       908
11:16:29 PM 255348816 256085112   5992332      2.27    161264   2063048  35159500     12.91    681332   6781464      1480
11:16:39 PM 255123912 255861328   6215940      2.35    161320   2064120  35523908     13.04    681388   6961964      1852
11:16:49 PM 254977160 255715596   6360184      2.41    161352   2066652  35428128     13.01    681412   7114372      1252
11:16:59 PM 254938644 255678140   6397800      2.42    161364   2067668  35602704     13.07    681428   7141804       436
11:17:09 PM 255032440 255772968   6302932      2.39    161376   2068680  35336888     12.97    681436   7051296       712
11:17:19 PM 255157176 255900040   6122332      2.32    161592   2121236  35024820     12.86    681668   6971112      1296
11:17:29 PM 254759132 255503024   6519936      2.47    161608   2122224  35762132     13.13    681680   7306700      1260
11:17:39 PM 254568516 255313464   6709836      2.54    161692   2123200  35893664     13.18    681764   7482724      1428
11:17:49 PM 254389476 255135464   6885352      2.61    161724   2126536  36054236     13.24    681796   7669708      1520
11:17:59 PM 254333152 255080168   6940624      2.63    161732   2127516  36128748     13.26    681804   7764252       456
11:18:09 PM 257581672 258329232   3872260      1.47    161848   1968568  20826408      7.65    681804   4624756      1084
11:18:19 PM 254560328 255310504   6657140      2.52    161944   2183352  36013664     13.22    682020   7542580      1252
11:18:29 PM 254281976 255033180   6934320      2.63    162032   2184296  36246656     13.31    682108   7812544      1384
11:18:39 PM 253974892 254727052   7240344      2.74    162064   2185184  36508000     13.40    682140   8091072      1216
11:18:49 PM 253941080 254694184   7273240      2.75    162072   2186112  36572072     13.43    682152   8145704       616
11:18:59 PM 253958592 254712640   7254508      2.75    162084   2187028  36529356     13.41    682160   8119348       240
11:19:09 PM 254884764 255640104   6539540      2.48    162284   1975184  41141040     15.10    682472   7231612       576
11:19:19 PM 254167628 254924800   6997096      2.65    162308   2234772  36307300     13.33    682400   7912372       816
11:19:29 PM 253755104 254513048   7398952      2.80    162336   2245260  36641556     13.45    682424   8313680       172
11:19:39 PM 253626804 254385596   7526356      2.85    162440   2245984  36521316     13.41    682532   8451220       276
11:19:49 PM 253354860 254114444   7797512      2.95    162452   2246760  36969440     13.57    682544   8659220       128
11:19:59 PM 253264788 254025176   7886732      2.99    162456   2247544  36810388     13.51    682548   8782540        52
11:20:09 PM 253257860 254019192   7892520      2.99    162476   2248540  36863148     13.53    682564   8784848      1328
11:20:19 PM 256655472 257418016   4729388      1.79    162628   2020656  26894828      9.87    682716   5533284       816
11:20:29 PM 254112188 254876276   5526660      2.09    162704   3760420  36615072     13.44    682800   7936680       860
11:20:39 PM 253788912 254553320   5614220      2.13    162712   3995540  36929176     13.56    682816   8287756       308
11:20:49 PM 253716832 254481548   5646016      2.14    162724   4035312  36980812     13.58    682820   8342548       312
11:20:59 PM 253669072 254434136   5692976      2.16    162740   4035640  37028104     13.59    682836   8408016       484
11:21:09 PM 253650620 254415884   5711088      2.16    162788   4035796  36996588     13.58    682012   8383064       588
11:21:19 PM 253620784 254386532   5740460      2.17    162904   4036160  37041916     13.60    682124   8439132       452
11:21:29 PM 253586912 254353296   5773528      2.19    162916   4036720  37003424     13.58    682144   8410712       468
11:21:39 PM 253623740 254390436   5725140      2.17    162928   4048400  36992956     13.58    682152   8398216       480
11:21:49 PM 253600160 254367188   5748716      2.18    162936   4048720  37012968     13.59    682164   8417772       352
11:21:59 PM 253590504 254357860   5757832      2.18    162944   4049048  37030604     13.59    682164   8434604       448
11:22:09 PM 254686968 255456176   5457596      2.07    163152   3253920  35711736     13.11    682376   7435576       764
11:22:19 PM 253861400 254630932   5599628      2.12    163168   3937256  36889824     13.54    682396   8241520       544
11:22:29 PM 253762816 254532696   5697884      2.16    163188   3937580  36936784     13.56    682420   8303848       356
11:22:39 PM 253753000 254523228   5707444      2.16    163196   3937904  36952876     13.57    682428   8330592       472
11:22:49 PM 253703964 254474548   5750764      2.18    163212   3943324  36990912     13.58    682440   8383032       332
11:22:59 PM 253691868 254462856   5762524      2.18    163304   3943652  37003108     13.58    682520   8396088        76
11:23:09 PM 253629480 254401168   5824240      2.21    163356   3944268  37025752     13.59    682592   8420292       280
11:23:19 PM 253621632 254393652   5831716      2.21    163364   3944600  36982328     13.58    682596   8396792       640
11:23:29 PM 253604556 254376904   5848116      2.22    163372   3944912  36991660     13.58    682604   8410352       476
11:23:39 PM 257902884 258675808   2062476      0.78    163392   3451472   6036508      2.22   1707412   3186560       784
11:23:49 PM 253752252 254527664   5612776      2.13    163616   4030116  36620520     13.44    682860   8335236       400
11:23:59 PM 253009792 253785408   5658264      2.14    163628   4727248  37653340     13.82    682872   9069988       172
11:24:09 PM 252685684 253461524   5817192      2.20    163632   4892348  37742340     13.86    682876   9363796       180
11:24:19 PM 252666896 253442940   5819140      2.20    163644   4908964  37930256     13.92    682884   9368012       168
11:24:29 PM 252524424 253300696   5880708      2.23    163660   4989668  38071692     13.98    682900   9508568       184
11:24:39 PM 252423460 253199956   5981420      2.27    163668   4989876  38136224     14.00    682912   9607736       324
11:24:49 PM 252351744 253128760   5974392      2.26    163684   5068492  38217932     14.03    682924   9684788       168
11:24:59 PM 252402296 253179536   5923640      2.24    163708   5068700  38186092     14.02    682940   9647464       128
11:25:09 PM 252327304 253104828   5998212      2.27    163772   5068904  38188756     14.02    683012   9730224       268
11:25:19 PM 252284548 253062340   6040584      2.29    163840   5069108  38278088     14.05    683072   9755752       132
11:25:29 PM 252308952 253086988   6015816      2.28    163860   5069328  38196388     14.02    683100   9677232        68
11:25:39 PM 252251300 253029564   5998272      2.27    163872   5144536  37978644     13.94    683112   9714208       200
11:25:49 PM 252281484 253060384   5967260      2.26    163888   5145140  38223636     14.03    683128   9725800        24
11:25:59 PM 252267124 253046236   5981384      2.27    163904   5145340  38245596     14.04    683144   9738232        12
11:26:09 PM 252222996 253002352   6025160      2.28    163920   5145572  38050316     13.97    683160   9780584       436
11:26:19 PM 259613748 260393244   1807276      0.68    163940   1996244   3748268      1.38    682984   2547972       672
11:26:29 PM 253666820 254448412   5570640      2.11    164140   4155728  36900256     13.55    683404   8438360       524
11:26:39 PM 252896332 253678168   5768576      2.18    164156   4728608  37744496     13.86    683416   9191228       300
11:26:49 PM 252665904 253447940   5883060      2.23    164168   4844564  37963776     13.94    683428   9417024       424
11:26:59 PM 252531904 253314168   5939344      2.25    164184   4922116  38051168     13.97    683444   9524652       264
11:27:09 PM 252509872 253292396   5961076      2.26    164200   4922356  38082372     13.98    683460   9560284       188
11:27:19 PM 252412688 253195456   6057988      2.29    164216   4922568  38155792     14.01    683468   9648052       180
11:27:29 PM 252310932 253094232   6087160      2.31    164236   4994948  38265800     14.05    683492   9757664       404
11:27:39 PM 252268604 253052148   6127704      2.32    164276   4996728  38270764     14.05    683524   9763228       228
11:27:49 PM 252250148 253033984   6145900      2.33    164364   4996952  38294648     14.06    683600   9790136       296
11:27:59 PM 252226832 253010972   6168960      2.34    164400   4997176  38318080     14.07    683652   9820060       556
11:28:09 PM 252134600 252918976   6187636      2.34    164412   5070836  38362588     14.08    683664   9875932       368
11:28:19 PM 252174760 252959328   6147260      2.33    164428   5071028  38316252     14.07    683676   9842364       108
11:28:29 PM 252162824 252948024   6158464      2.33    164452   5071628  38345888     14.08    683704   9871148       488
11:28:39 PM 252163292 252948732   6157740      2.33    164468   5071864  38360428     14.08    683716   9882132       324
11:28:49 PM 258942620 259728244   2470276      0.94    164524   2001412   5335404      1.96    683592   3334032       972
11:28:59 PM 251686876 252474768   5790796      2.19    164716   5904400  38891480     14.28    683968  10273776       304
11:29:09 PM 251320584 252108728   6018176      2.28    164736   6044076  39143348     14.37    683992  10660792       172
11:29:19 PM 251046048 251834452   6075152      2.30    164748   6262328  39410576     14.47    684004  10918508       140
11:29:29 PM 251031712 251820340   6086528      2.31    164764   6263568  39423496     14.47    684020  10912364       164
11:29:39 PM 250983088 251771900   6135960      2.32    164772   6263736  39476248     14.49    684028  10966652       272
11:29:49 PM 250821204 251610212   6298856      2.39    164784   6263964  39561812     14.52    684040  11100088       148
11:29:59 PM 250649940 251439492   6360108      2.41    164804   6373392  39730556     14.59    684060  11272180        92
11:30:09 PM 250712780 251502516   6292684      2.38    164820   6379424  39709452     14.58    684076  11224552         0
11:30:19 PM 250682952 251472996   6322600      2.39    164864   6379616  39700096     14.57    684112  11235792       296
11:30:29 PM 250571548 251361844   6434628      2.44    164944   6379816  39789152     14.61    684200  11340376       424
11:30:39 PM 250519752 251310308   6482308      2.46    164984   6380008  39830184     14.62    684240  11391512       404
11:30:49 PM 250702424 251493284   6299012      2.39    164996   6380200  39642656     14.55    684252  11194360       420
11:30:59 PM 250658448 251449836   6264764      2.37    165000   6459252  39704064     14.58    684256  11244460       360
11:31:09 PM 250597860 251389548   6326428      2.40    165016   6459448  39744584     14.59    684272  11320012       512
11:31:19 PM 250572772 251364496   6352264      2.41    165028   6459616  39769440     14.60    684280  11340712       468
11:31:29 PM 250531036 251323008   6390256      2.42    165044   6459796  39772956     14.60    684296  11345624       392
11:31:39 PM 250523500 251315728   6398128      2.42    165060   6459984  39809316     14.61    684312  11391104       344
11:31:49 PM 255349228 256142504   5918020      2.24    165276   2118740  35805208     13.14    684696   6746028       712
11:31:59 PM 251387568 252181968   5946804      2.25    165292   6047784  39169456     14.38    684556  10624128       464
11:32:09 PM 251095304 251889912   6098520      2.31    165312   6187744  39433212     14.48    684576  10886428       232
11:32:19 PM 250789804 251584588   6405944      2.43    165328   6187916  39590260     14.53    684592  11125012       216
11:32:29 PM 250919920 251714864   6272824      2.38    165344   6188100  39491812     14.50    684608  11014948       116
11:32:39 PM 250862544 251657728   6332980      2.40    165360   6188288  39563964     14.52    684624  11073436       124
11:32:49 PM 250778940 251574560   6414844      2.43    165380   6188744  39624252     14.55    684640  11122140       528
11:32:59 PM 250585688 251381524   6606032      2.50    165388   6188924  39793020     14.61    684648  11342368       244
11:33:09 PM 250662556 251458580   6528568      2.47    165404   6189084  39759032     14.60    684664  11300124        56
11:33:19 PM 250664756 251460988   6528620      2.47    165448   6189252  39768396     14.60    684704  11285768        40
11:33:29 PM 250660132 251456628   6530032      2.47    165532   6189420  39782468     14.60    684780  11300784       248
11:33:39 PM 250519604 251316384   6673596      2.53    165576   6189620  39845760     14.63    684836  11405572       416
11:33:49 PM 250530288 251327528   6620700      2.51    165588   6231280  39825396     14.62    684852  11381360       892
11:33:59 PM 250638360 251435884   6512556      2.47    165600   6231468  39757900     14.60    684860  11297376       248
11:34:09 PM 250634484 251432180   6517860      2.47    165616   6231628  39750892     14.59    684876  11288180       224
11:34:19 PM 250540228 251338140   6609368      2.50    165632   6231812  39777528     14.60    684896  11342168       388
11:34:29 PM 250566692 251364836   6584116      2.49    165648   6231992  39777848     14.60    684908  11352884       232
11:34:39 PM 259636728 260434968   1765712      0.67    165700   2011832   3407044      1.25    684748   2555456       380
11:34:49 PM 251269248 252069304   5863164      2.22    165868   6247876  39273384     14.42    685132  10719896       136
11:34:59 PM 250423412 251223832   6055688      2.29    165888   6901248  39899852     14.65    685152  11513868       300
11:35:09 PM 250155320 250956272   6166444      2.34    165900   7057656  40254592     14.78    685164  11800144       156
11:35:19 PM 249603644 250404912   6409068      2.43    165916   7368780  40660376     14.93    685180  12327536       140
11:35:29 PM 249689248 250490420   6321700      2.39    165932   7368940  40639240     14.92    685196  12250656       268
11:35:39 PM 249595400 250396924   6416052      2.43    165944   7370692  40752576     14.96    685208  12338276       132
11:35:49 PM 249498804 250300796   6510056      2.47    165960   7371168  40859208     15.00    685224  12400176       116
11:35:59 PM 249431008 250233172   6570860      2.49    165976   7374468  40843200     14.99    685240  12484912       116
11:36:09 PM 249501336 250303448   6496924      2.46    165988   7383916  40823272     14.99    685252  12433004       264
11:36:19 PM 249459424 250261960   6535456      2.48    166048   7384208  40840088     14.99    685312  12438688        88
11:36:29 PM 249133148 249936184   6713452      2.54    166136   7534384  41093240     15.09    685400  12746908        48
11:36:39 PM 249103760 249906736   6747324      2.56    166168   7534568  40876408     15.01    685432  12784468         8
11:36:49 PM 249272800 250076544   6570256      2.49    166184   7535120  40966652     15.04    685448  12596452       436
11:36:59 PM 249364080 250167928   6479268      2.45    166200   7535284  40818456     14.98    685468  12479368       372
11:37:09 PM 249381092 250184980   6462848      2.45    166212   7535424  40838512     14.99    685476  12509084       344
11:37:19 PM 249369932 250174060   6474928      2.45    166224   7535612  40850200     15.00    685488  12483256       512
11:37:29 PM 249270972 250075528   6575728      2.49    166240   7535772  40899832     15.01    685504  12585316       504
11:37:39 PM 249256520 250061032   6587544      2.50    166248   7535968  40953344     15.03    685512  12622268       396
11:37:49 PM 258047320 258852364   2035836      0.77    166268   3327756   9601172      3.52   1364904   3419040       628
11:37:59 PM 251450628 252257568   5889320      2.23    166480   6039444  38765504     14.23    685756  10570620       384
11:38:09 PM 250799416 251606572   6216680      2.35    166496   6363096  39559296     14.52    685772  11175692       156
11:38:19 PM 249863488 250670916   6402508      2.43    166516   7113340  40507668     14.87    685792  12076052       212
11:38:29 PM 249718836 250526464   6543556      2.48    166532   7113488  40681124     14.93    685804  12228280       132
11:38:39 PM 249651908 250460132   6607376      2.50    166548   7113652  40582628     14.90    686556  12206856       136
11:38:49 PM 249619304 250427312   6645556      2.52    166564   7113820  40664268     14.93    686572  12285968       128
11:38:59 PM 249548268 250357016   6660924      2.52    166576   7169028  40809660     14.98    686584  12384828       112
11:39:09 PM 249317368 250126064   6890460      2.61    166600   7169200  40952144     15.03    686604  12608384       136
11:39:19 PM 249327256 250136096   6883016      2.61    166620   7169360  40972984     15.04    686628  12625416       148
11:39:29 PM 249368252 250177324   6839628      2.59    166668   7169520  40984684     15.05    686676  12582776       256
11:39:39 PM 249170360 249979820   7040088      2.67    166744   7169684  41012056     15.06    686748  12698900        60
11:39:49 PM 249123812 249933336   7085488      2.68    166792   7169856  41082384     15.08    686796  12760496        40
11:39:59 PM 248989620 249799800   6970972      2.64    166812   7415684  41276824     15.15    686820  12924772         4
11:40:09 PM 249080356 249891012   6876528      2.60    166828   7415844  41152984     15.11    686836  12807764       496
11:40:19 PM 249063160 249873920   6897112      2.61    166840   7416020  41138252     15.10    686848  12811944       332
11:40:29 PM 249049524 249860352   6918152      2.62    166856   7416188  40915468     15.02    686864  12859904       324
11:40:39 PM 249034472 249845660   6928908      2.62    166868   7416360  41172928     15.11    686876  12841588       524
11:40:49 PM 248995688 249806940   6965568      2.64    166880   7416508  41168232     15.11    686888  12858556       332
11:40:59 PM 258582136 259393764   2800596      1.06    166932   2022816   5615760      2.06    686948   3650660       244
11:41:09 PM 250083224 250896888   5983844      2.27    167120   7309644  40357016     14.82    687300  11922636       412
11:41:19 PM 249316240 250130716   6172700      2.34    167140   7884040  40958468     15.04    687316  12684088       416
11:41:29 PM 248564064 249379204   6393632      2.42    167156   8417548  41719440     15.32    687332  13363204       320
11:41:39 PM 248290140 249106192   6664308      2.52    167172   8417668  41824920     15.35    687348  13596564       244
11:41:49 PM 248324212 249139532   6634268      2.51    167188   8417840  41823244     15.35    687364  13568940       276
11:41:59 PM 248369488 249185708   6586288      2.49    167204   8418008  41880804     15.37    687380  13541900       272
11:42:09 PM 248042036 248858640   6799644      2.58    167220   8533620  42131144     15.47    687396  13889608       304
11:42:19 PM 247900864 248717636   6938528      2.63    167232   8533748  42242100     15.51    687408  13979312       120
11:42:29 PM 248006072 248822640   6838036      2.59    167248   8533920  42215504     15.50    687424  13895004       164
11:42:39 PM 247948496 248765808   6891336      2.61    167284   8534084  42160048     15.48    687456  13933988       116
11:42:49 PM 247912048 248729316   6929116      2.62    167336   8534260  42249912     15.51    687512  13976928       120
11:42:59 PM 247799748 248617184   7038696      2.67    167392   8534460  42382748     15.56    687568  14102300       120
11:43:09 PM 247758472 248576692   7081048      2.68    167420   8534988  42308500     15.53    687596  14098944       152
11:43:19 PM 247922688 248740996   6914548      2.62    167440   8535140  42193508     15.49    687616  13923912       364
11:43:29 PM 248069880 248888352   6769748      2.56    167456   8535276  42046764     15.44    687632  13825252       324
11:43:39 PM 248043828 248862312   6797224      2.57    167472   8535412  42048716     15.44    687648  13809752       304
11:43:49 PM 247957488 248776376   6879748      2.61    167488   8535568  42111224     15.46    687664  13934188       324
11:43:59 PM 247919384 248738436   6916708      2.62    167500   8535760  42105736     15.46    687676  13886908       404
11:44:09 PM 247968856 248788004   6869912      2.60    167516   8536260  42109280     15.46    687692  13883716       328
11:44:19 PM 247849524 248669484   6987276      2.65    167540   8536424  42185452     15.49    687716  14000180       392
11:44:29 PM 259557064 260375952   1821112      0.69    167588   2028476   5777760      2.12    687556   2600596       240
11:44:39 PM 250181368 251002372   6092396      2.31    167772   7098528  40253420     14.78    687948  11766108       412
11:44:49 PM 248738372 249559872   6543412      2.48    167792   8089056  41490952     15.23    687968  13166096       256
11:44:59 PM 248502184 249323840   6784276      2.57    167808   8089220  41739548     15.32    687984  13371876       264
11:45:09 PM 248471268 249293072   6811020      2.58    167824   8089360  41827556     15.35    688000  13411916       244
11:45:19 PM 248465780 249287784   6816328      2.58    167840   8089508  41747264     15.33    688016  13429764       156
11:45:29 PM 248058860 248881268   6923112      2.62    167856   8390440  42168728     15.48    688032  13856160       296
11:45:39 PM 247787304 248610768   7000584      2.65    167872   8582296  42480316     15.59    688048  14096804       240
11:45:49 PM 247597020 248420184   7194228      2.72    167888   8582460  42626440     15.65    688064  14342600       100
11:45:59 PM 247469696 248293156   7319468      2.77    167908   8582628  42663552     15.66    688084  14382744        92
11:46:09 PM 247529692 248353140   7260644      2.75    167948   8582792  42676024     15.67    688124  14320828        52
11:46:19 PM 247392828 248216532   7399360      2.80    168028   8582956  42706528     15.68    688204  14476840        32
11:46:29 PM 247373484 248197668   7414784      2.81    168080   8583156  42781512     15.71    688256  14501784       548
11:46:39 PM 247212780 248037536   7389220      2.80    168100   8771220  42908464     15.75    688272  14634392       372
11:46:49 PM 247535604 248360676   7065692      2.68    168112   8771384  42617172     15.64    688288  14325704       484
11:46:59 PM 247449104 248274496   7152460      2.71    168128   8771552  42646336     15.66    688304  14394092       360
11:47:09 PM 247364528 248189860   7233664      2.74    168144   8771728  42717312     15.68    688320  14463684       352
11:47:19 PM 247367204 248193060   7230272      2.74    168160   8771884  42797760     15.71    688332  14499528       316
11:47:29 PM 247277104 248102732   7323908      2.77    168172   8772068  42799720     15.71    688348  14566232       484
11:47:39 PM 247587532 248413556   7017724      2.66    168188   8772508  42533568     15.61    688368  14231600       112
11:47:49 PM 247599108 248425108   7006124      2.65    168192   8772512  42521192     15.61    688376  14229136        80
11:47:59 PM 247602316 248428364   7002852      2.65    168212   8772516  42523028     15.61    688392  14231052        60
11:48:09 PM 247611696 248437748   6993428      2.65    168220   8772520  42523028     15.61    688408  14230492        24
11:48:19 PM 247618048 248444136   6987032      2.65    168236   8772524  42523028     15.61    688428  14229884        60
11:48:29 PM 247606288 248432456   6998756      2.65    168292   8772544  42564576     15.63    688504  14268668       276
11:48:39 PM 255789940 256617216   5507452      2.09    168516   2083300  34282768     12.59    689068   6331160      1380
11:48:49 PM 255475404 256303824   5815712      2.20    168532   2089544  35151148     12.90    689096   6615672       796
11:48:59 PM 255423984 256253740   5864532      2.22    168676   2091088  35195556     12.92    689240   6688612       556
11:49:09 PM 255320004 256150932   5967332      2.26    168696   2092228  35225976     12.93    689260   6738844       388
11:49:19 PM 255328252 256160372   5958156      2.26    168720   2093368  35187176     12.92    689284   6715568       400
11:49:29 PM 255366868 256201968   5865576      2.22    168944   2145188  34794908     12.77    689524   6700072       536
11:49:39 PM 255025832 255862020   6202484      2.35    168968   2149368  35251256     12.94    689548   7051696       436
11:49:49 PM 254916660 255754028   6310056      2.39    169100   2150400  35553008     13.05    689680   7142512       384
11:49:59 PM 254808588 255647016   6417016      2.43    169120   2151432  35552268     13.05    689700   7276884       396
11:50:09 PM 254765544 255605056   6459280      2.45    169136   2152480  35435244     13.01    689716   7282416       520
11:50:19 PM 255026616 255867560   6299832      2.39    169352   2047192  37203820     13.66    690088   7059660         0
11:50:29 PM 254689892 255532724   6481564      2.46    169356   2204916  35745860     13.12    689940   7396976       264
11:50:39 PM 254536096 255380040   6631504      2.51    169484   2208200  35841948     13.16    690068   7526316       160
11:50:49 PM 254313404 255158376   6853388      2.60    169508   2209204  36069332     13.24    690092   7748076       768
11:50:59 PM 254248972 255094940   6916652      2.62    169524   2210184  36099804     13.25    690108   7801852       732
11:51:09 PM 259613952 260460776   1733928      0.66    169572   2052608   3206128      1.18    689916   2508516       840
11:51:19 PM 254502316 255351312   6612024      2.50    169748   2262532  35863260     13.17    690340   7571932       836
11:51:29 PM 254123152 254973148   6983168      2.64    169792   2269728  36197936     13.29    690384   7945492       400
11:51:39 PM 253944356 254795384   7160972      2.71    169896   2270640  36348704     13.34    690488   8114624       516
11:51:49 PM 253724288 254576272   7380132      2.80    169912   2271580  36324048     13.33    690504   8346048       332
11:51:59 PM 253615832 254468764   7487492      2.84    169928   2272480  36650300     13.45    690520   8417024       272
11:52:09 PM 258561660 259415296   2776112      1.05    169976   2058900   5599276      2.06    690380   3666404        40
11:52:19 PM 254113488 254969840   6939892      2.63    170152   2320704  36126324     13.26    690748   7936200       220
11:52:29 PM 253613664 254470784   7436452      2.82    170164   2323400  36569076     13.42    690760   8428540       100
11:52:39 PM 253600872 254458900   7448648      2.82    170300   2324140  36627696     13.45    690900   8420300        32
11:52:49 PM 253199092 254057864   7849556      2.97    170316   2324868  36980972     13.58    690912   8830840       484
11:52:59 PM 253102284 253961856   7943948      3.01    170320   2327608  37070828     13.61    690916   8924588       700
11:53:09 PM 253017828 253878208   8027352      3.04    170328   2328408  37156776     13.64    690924   9035232       548
11:53:19 PM 259546852 260408252   1785476      0.68    170368   2065492   3674040      1.35    690764   2615352       608
11:53:29 PM 254008036 254871740   5498228      2.08    170548   3865236  36601140     13.44    691164   8077836       496
11:53:39 PM 253699112 254563140   5612312      2.13    170564   4059960  36864432     13.53    691176   8374388       520
11:53:49 PM 253641720 254506072   5629832      2.13    170580   4099328  36904612     13.55    691192   8430216       296
11:53:59 PM 253583580 254448256   5687504      2.15    170592   4099640  36961652     13.57    691208   8492840       292
11:54:09 PM 253552192 254417196   5713340      2.16    170608   4105052  36957160     13.57    691216   8501716       308
11:54:19 PM 253510412 254375816   5754940      2.18    170712   4105348  36978336     13.57    691320   8525076       360
11:54:29 PM 253485568 254351708   5779100      2.19    170768   4105988  36982220     13.58    691384   8547528       248
11:54:39 PM 253486796 254353244   5762468      2.18    170784   4121192  36936428     13.56    691400   8504156       332
11:54:49 PM 253488400 254355208   5760536      2.18    170792   4121520  36958568     13.57    691404   8531308       320
11:54:59 PM 253449448 254316592   5798932      2.20    170808   4121848  36964464     13.57    691420   8532708       320
11:55:09 PM 255955704 256825240   5246336      1.99    171024   2167300  33905884     12.45    691696   6099744      1092
11:55:19 PM 253741328 254611244   5622696      2.13    171032   4006144  36850484     13.53    691652   8331492        44
11:55:29 PM 253678320 254548576   5685372      2.15    171052   4006464  36896492     13.54    691672   8397828       424
11:55:39 PM 253627344 254497968   5735872      2.17    171068   4006812  36923268     13.55    691688   8427188       436
11:55:49 PM 253537808 254408780   5824912      2.21    171088   4007132  36982904     13.58    691708   8493068       408
11:55:59 PM 253549148 254420464   5813156      2.20    171144   4007436  36978652     13.57    691752   8498732       296
11:56:09 PM 253498092 254370212   5855020      2.22    171244   4016340  36786620     13.50    691860   8541236       808
11:56:19 PM 253505852 254378324   5839136      2.21    171260   4024496  36945684     13.56    691880   8485188       476
11:56:29 PM 253475244 254348056   5869604      2.22    171276   4024820  36974324     13.57    691892   8513256       264
11:56:39 PM 253489200 254362360   5855100      2.22    171292   4025152  36981456     13.58    691908   8520304       280
11:56:49 PM 253885620 254760628   5589128      2.12    171508   3894296  36327384     13.34    692128   8196696       144
11:56:59 PM 252875552 253750756   5709440      2.16    171524   4784228  37576344     13.79    692144   9157832       160
11:57:09 PM 252573552 253448996   5793240      2.19    171544   5002396  37900960     13.91    692164   9481508       172
11:57:19 PM 252448112 253323744   5849988      2.22    171556   5071320  37974864     13.94    692172   9574132       140
11:57:29 PM 252435588 253311464   5862320      2.22    171572   5071528  38025856     13.96    692188   9621704       132
11:57:39 PM 252383312 253259384   5914212      2.24    171588   5071728  38070972     13.98    692204   9686464       112
11:57:49 PM 252324704 253201276   5972272      2.26    171608   5072200  38113684     13.99    692224   9740152        92
11:57:59 PM 252326624 253203412   5970132      2.26    171616   5072396  38087056     13.98    692236   9705044       256
11:58:09 PM 252301752 253178760   5994540      2.27    171680   5072580  38102460     13.99    692284   9713436       136
11:58:19 PM 252215332 253092664   6080616      2.30    171768   5072776  38156012     14.01    692380   9806152       364
11:58:29 PM 252209300 253086868   6085544      2.31    171780   5073792  38149668     14.00    692396   9790712       432
11:58:39 PM 252302032 253179800   5992528      2.27    171784   5073980  38029496     13.96    692400   9681132       420
11:58:49 PM 252337628 253216008   5956336      2.26    171800   5074592  38003132     13.95    692416   9658784       960
11:58:59 PM 252301208 253179816   5991724      2.27    171816   5075584  37804748     13.88    692428   9669956       504
11:59:09 PM 252278828 253157660   6013868      2.28    171828   5075772  38055236     13.97    692444   9697168       500
11:59:19 PM 252262280 253141348   6030036      2.28    171844   5075984  38067484     13.97    692456   9729268       204
11:59:29 PM 256886028 257765724   4336500      1.64    171992   2155128  26427196      9.70    692608   5284444       436
11:59:39 PM 252933500 253814404   5659916      2.14    172088   4776076  37622236     13.81    692720   9145452       360
11:59:49 PM 252682528 253563680   5832212      2.21    172108   4854428  37812180     13.88    692740   9376400       420
11:59:59 PM 252431424 253312800   5932752      2.25    172124   5004656  38045088     13.97    692756   9648100       288
12:00:09 AM 252340952 253222656   5975368      2.26    172188   5051792  38091936     13.98    692812   9712036       436
12:00:19 AM 252255708 253137400   6021004      2.28    172224   5091636  38177192     14.01    692888   9803880       368
12:00:29 AM 252166400 253048368   6109760      2.31    172244   5091892  38264600     14.05    692904   9890616       280
12:00:39 AM 252110320 252992764   6165292      2.34    172260   5092324  38303276     14.06    692924   9937424       284
12:00:49 AM 252085396 252968128   6189528      2.34    172336   5092556  38296788     14.06    692992   9941680       388
12:00:59 AM 252039692 252922724   6235020      2.36    172420   5092760  38324084     14.07    693080   9975908       396
12:01:09 AM 252038072 252921384   6236156      2.36    172436   5092992  38305740     14.06    693100   9968552       256
12:01:19 AM 252042240 252925760   6180816      2.34    172452   5143928  38268876     14.05    693116   9939808        44
12:01:29 AM 252032100 252915900   6190728      2.34    172460   5144204  38280008     14.05    693124   9947644        40
12:01:39 AM 251976692 252861048   6245508      2.37    172476   5144760  38313964     14.07    693144   9977400       488
12:01:49 AM 251959436 252844040   6251628      2.37    172492   5155936  38322780     14.07    693156   9990188       288
12:01:59 AM 253567840 254454780   5502136      2.08    172696   4290620  36427832     13.37    693380   8442452      1372
12:02:09 AM 251321032 252208224   5928328      2.25    172712   6110324  39029196     14.33    693392  10675900       532
12:02:19 AM 250987352 251874912   6028044      2.28    172732   6344912  39345652     14.44    693412  10965024       192
12:02:29 AM 250885832 251773516   6127832      2.32    172748   6345084  39410104     14.47    693428  11031276       196
12:02:39 AM 250851996 251739836   6162996      2.33    172764   6345248  39392524     14.46    693444  11074876       192
12:02:49 AM 250783356 251671368   6229644      2.36    172780   6345404  39476924     14.49    693460  11123844       176
12:02:59 AM 250662804 251551340   6348812      2.40    172800   6345876  39580032     14.53    693480  11202732       564
12:03:09 AM 250621260 251509988   6390744      2.42    172816   6346044  39558952     14.52    693496  11258532       132
12:03:19 AM 250702268 251591220   6312652      2.39    172840   6346232  39542516     14.52    693520  11214336       152
12:03:29 AM 250688416 251577536   6324536      2.40    172892   6346408  39553076     14.52    693564  11213424       320
12:03:39 AM 250553684 251443060   6455668      2.45    172972   6346568  39599992     14.54    693648  11317896       264
12:03:49 AM 250526000 251415660   6486500      2.46    173008   6346756  39665616     14.56    693688  11383380       284
12:03:59 AM 250672404 251562600   6338116      2.40    173024   6347320  39527300     14.51    693704  11228244       264
12:04:09 AM 250714700 251605068   6297620      2.39    173040   6347480  39438232     14.48    693720  11162576       184
12:04:19 AM 250696100 251586728   6316632      2.39    173056   6347656  39444104     14.48    693736  11183096       184
12:04:29 AM 250589132 251479900   6344740      2.40    173072   6426300  39532464     14.51    693752  11238408       168
12:04:39 AM 250547624 251438600   6385532      2.42    173104   6426480  39596412     14.54    693784  11337984       332
12:04:49 AM 250530848 251422040   6401364      2.42    173120   6426648  39602968     14.54    693804  11335724       348
12:04:59 AM 254911080 255803028   2048016      0.78    173164   6427276   8792140      3.23   3813644   4104560      1080
12:05:09 AM 252020052 252913828   5788948      2.19    173376   5551952  38231268     14.03    694056  10001932       348
12:05:19 AM 251227316 252121292   6071328      2.30    173392   6058664  39196528     14.39    694072  10737936       104
12:05:29 AM 250864284 251758460   6250988      2.37    173408   6243948  39545728     14.52    694088  11086396       116
12:05:39 AM 250829440 251723852   6279800      2.38    173424   6244124  39583244     14.53    694104  11084748        44
12:05:49 AM 250865660 251760220   6248244      2.37    173440   6244304  39572688     14.53    694120  11069916        32
12:05:59 AM 250724804 251619584   6390000      2.42    173456   6244512  39632464     14.55    694132  11213264       324
12:06:09 AM 250539788 251435060   6570948      2.49    173476   6244964  39776632     14.60    694156  11355064       496
12:06:19 AM 250408484 251304008   6586276      2.49    173496   6363560  39954788     14.67    694176  11499616       332
12:06:29 AM 250429500 251325180   6567668      2.49    173516   6363716  39959472     14.67    694192  11497892       264
12:06:39 AM 250321956 251217900   6672732      2.53    173592   6363900  39962988     14.67    694268  11561268       328
12:06:49 AM 250335796 251231984   6657628      2.52    173660   6364080  39985256     14.68    694340  11582008       332
12:06:59 AM 250342772 251239184   6650352      2.52    173676   6364276  40003996     14.69    694356  11563028       356
12:07:09 AM 250450956 251348024   6544668      2.48    173696   6364880  39866224     14.63    694420  11433728       604
12:07:19 AM 250414876 251312216   6579644      2.49    173712   6365148  39854660     14.63    694496  11467568       428
12:07:29 AM 250397384 251294892   6593720      2.50    173728   6365312  39880948     14.64    694512  11495608       304
12:07:39 AM 250387060 251284780   6602536      2.50    173744   6365500  39880948     14.64    694528  11477616       308
12:07:49 AM 250376720 251274648   6617844      2.51    173760   6365684  39940696     14.66    694544  11511440       284
12:07:59 AM 253411636 254311436   5461480      2.07    173980   4481580  36616592     13.44    694768   8607052       532
12:08:09 AM 249898684 250798812   6154544      2.33    173996   7302908  40401924     14.83    694784  12104016        76
12:08:19 AM 249871168 250771648   6181628      2.34    174016   7303072  40377324     14.82    694804  12019012        52
12:08:29 AM 249561844 250462604   6333468      2.40    174032   7457944  40647276     14.92    694816  12377740        36
12:08:39 AM 249235920 250137504   6449000      2.44    174048   7667532  40918428     15.02    694836  12642172       196
12:08:49 AM 249272728 250174108   6415308      2.43    174064   7667716  40945792     15.03    694852  12622308       300
12:08:59 AM 249009168 249911336   6676300      2.53    174080   7668188  41102072     15.09    694868  12870460       492
12:09:09 AM 249002064 249904344   6681696      2.53    174100   7668360  41110248     15.09    694888  12857480       272
12:09:19 AM 248971948 249874436   6609952      2.50    174120   7770048  41208272     15.13    694908  12906416       176
12:09:29 AM 248879160 249781624   6704356      2.54    174152   7770204  41247912     15.14    694940  13026764       268
12:09:39 AM 248821008 249723648   6763192      2.56    174240   7770388  41310608     15.17    695028  13061480       460
12:09:49 AM 248769840 249672732   6815140      2.58    174288   7770572  41380156     15.19    695076  13126840       508
12:09:59 AM 248897516 249801136   6687728      2.53    174304   7771140  41245768     15.14    695092  12987672       904
12:10:09 AM 249037760 249941552   6544640      2.48    174320   7771328  41039880     15.07    695108  12812832       496
12:10:19 AM 249010416 249914768   6575880      2.49    174332   7771512  40805484     14.98    695120  12870056       184
12:10:29 AM 249029452 249933536   6554268      2.48    174344   7771668  41077008     15.08    695132  12826160       192
12:10:39 AM 248914560 249818952   6667976      2.53    174360   7771832  41146520     15.10    695148  12913996       176
12:10:49 AM 248941060 249845444   6641260      2.52    174376   7771992  41161396     15.11    695164  12953060       128
12:10:59 AM 248931576 249836612   6650516      2.52    174392   7772548  41206720     15.13    695180  12966536       152
12:11:09 AM 252625360 253532636   5642568      2.14    174604   5086956  37497700     13.77    695396   9392256       272
12:11:19 AM 250093928 251001416   6214744      2.35    174620   7042936  40156660     14.74    695412  11889708       212
12:11:29 AM 249919616 250827372   6389660      2.42    174640   7043092  40257852     14.78    695432  11943508        60
12:11:39 AM 249565656 250473492   6733312      2.55    174656   7052648  40531352     14.88    695448  12331056        40
12:11:49 AM 249662900 250570952   6637192      2.51    174672   7052816  40436364     14.84    695464  12204376        12
12:11:59 AM 249709156 250617520   6588828      2.50    174688   7053004  40462540     14.85    695480  12189616       340
12:12:09 AM 249564840 250473752   6732176      2.55    174704   7053472  40600260     14.90    695496  12306636       624
12:12:19 AM 249342432 250251480   6956832      2.64    174720   7053616  40715540     14.95    695512  12498280       420
12:12:29 AM 249318796 250228064   6980940      2.64    174736   7053756  40800292     14.98    695528  12552160       264
12:12:39 AM 249428488 250337968   6868924      2.60    174760   7053924  40724524     14.95    695552  12468868       268
12:12:49 AM 249343448 250253040   6958812      2.64    174844   7054088  40701940     14.94    695624  12555136       316
12:12:59 AM 249271852 250181712   7024268      2.66    174908   7054244  40816224     14.98    695704  12602780       504
12:13:09 AM 249288492 250198972   7009868      2.66    174924   7054772  40838612     14.99    695716  12601548       592
12:13:19 AM 249370872 250281344   6927608      2.62    174936   7054944  40646400     14.92    695728  12468092       312
12:13:29 AM 249527832 250438672   6771216      2.56    174952   7055096  40534276     14.88    695744  12323212       324
12:13:39 AM 249528452 250439396   6771436      2.56    174968   7055252  40587016     14.90    695760  12370596       408
12:13:49 AM 249435440 250346432   6863040      2.60    174984   7055416  40633900     14.92    695776  12456244       288
12:13:59 AM 249369296 250280584   6928332      2.62    174992   7055572  40699536     14.94    695784  12508008       180
12:14:09 AM 249359160 250270964   6937492      2.63    175004   7056120  40678032     14.93    695796  12469512       140
12:14:19 AM 255714644 256628352   5252360      1.99    175224   2389824  34144492     12.53    696104   6353196       960
12:14:29 AM 249709700 250623868   6141000      2.33    175240   7501948  40542452     14.88    696040  12221752       324
12:14:39 AM 248234280 249150240   6506192      2.46    175260   8607568  41813800     15.35    696056  13651528       160
12:14:49 AM 248115116 249031292   6630872      2.51    175272   8607704  41664472     15.30    696072  13777184       148
12:14:59 AM 248222864 249139028   6517316      2.47    175284   8607868  41884732     15.38    696084  13639948       140
12:15:09 AM 248103460 249020264   6634024      2.51    175300   8608020  41950548     15.40    696100  13792556       104
12:15:19 AM 247572884 248489880   6829876      2.59    175316   8946352  42453696     15.58    696116  14311912       364
12:15:29 AM 247612360 248529744   6787816      2.57    175332   8946516  42471264     15.59    696124  14263168       264
12:15:39 AM 247474056 248391788   6928276      2.62    175348   8946652  42545476     15.62    696140  14430868       384
12:15:49 AM 247581948 248499936   6817972      2.58    175364   8946812  42465396     15.59    696156  14272172       212
12:15:59 AM 247586436 248504368   6815584      2.58    175396   8946968  42436380     15.58    696196  14322600       264
12:16:09 AM 247387836 248306052   7010224      2.66    175484   8947116  42565028     15.63    696276  14458072       368
12:16:19 AM 247373108 248291576   7028180      2.66    175540   8947688  42637308     15.65    696332  14473848       724
12:16:29 AM 247256720 248176128   7138932      2.70    175552   8947856  42700564     15.68    696352  14566900       216
12:16:39 AM 247552352 248471620   6848152      2.59    175564   8948008  42381416     15.56    696364  14267172       228
12:16:49 AM 247723932 248643040   6677784      2.53    175580   8948168  42280220     15.52    696380  14107480       276
12:16:59 AM 247583080 248502524   6759736      2.56    175596   9005000  42338988     15.54    696396  14233880       232
12:17:09 AM 247524972 248445008   6814476      2.58    175612   9005156  42422472     15.57    696412  14283168       220
12:17:19 AM 247393996 248314212   6948396      2.63    175628   9005712  42502556     15.60    696428  14436708       800
12:17:29 AM 247441952 248362568   6897896      2.61    175640   9005868  42502940     15.60    696440  14389544       376
12:17:39 AM 250626028 251546928   3720536      1.41    175656   9006068  31632576     11.61   4398564   7619444       404
12:17:49 AM 250607532 251528904   5979380      2.26    175872   6760300  39475552     14.49    696680  11372512       156
12:17:59 AM 249415628 250337196   6497484      2.46    175892   7435424  40696992     14.94    696696  12490588       152
12:18:09 AM 248635892 249557676   6544224      2.48    175908   8166076  41585728     15.27    696712  13275336       148
12:18:19 AM 247943928 248865988   6921472      2.62    175924   8480636  42142344     15.47    696728  13965128       176
12:18:29 AM 247981588 248903960   6882968      2.61    175940   8480796  42075852     15.45    696744  13897080       136
12:18:39 AM 247999656 248922420   6868976      2.60    175956   8480944  42097328     15.45    696760  13832228       288
12:18:49 AM 247815140 248738096   7048404      2.67    175972   8481400  42238980     15.51    696776  14063120       128
12:18:59 AM 247561336 248484420   7305092      2.77    175988   8481576  42442512     15.58    696792  14269160       116
12:19:09 AM 247547056 248470408   7319504      2.77    176004   8481712  42567140     15.63    696808  14319728       104
12:19:19 AM 247582320 248505744   7281268      2.76    176024   8481872  42444072     15.58    696828  14283592       108
12:19:29 AM 247523600 248447248   7341212      2.78    176108   8482016  42498540     15.60    696172  14330592        60
12:19:39 AM 247543660 248467480   7321908      2.77    176196   8482148  42555708     15.62    696260  14315484       212
12:19:49 AM 247402880 248327408   7462504      2.83    176240   8482716  42586948     15.63    696308  14425524       308
12:19:59 AM 247478084 248402696   7389144      2.80    176256   8482860  42556904     15.62    696320  14349440       520
12:20:09 AM 247676176 248601056   7187808      2.72    176272   8483032  42373296     15.56    696344  14151844       356
12:20:19 AM 247574660 248499636   7290924      2.76    176284   8483192  42385776     15.56    696356  14230524       484
12:20:29 AM 247603468 248528608   7258168      2.75    176296   8483340  42422124     15.57    696368  14232736       496
12:20:39 AM 247485984 248411360   7374556      2.79    176312   8483504  42483060     15.60    696384  14351936       368
12:20:49 AM 247530216 248456128   7332028      2.78    176328   8484028  42465096     15.59    696400  14321220       356
12:20:59 AM 247783184 248709860   7081476      2.68    176344   8484192  42187324     15.49    696416  14009332       176
12:21:09 AM 247791148 248717856   7073936      2.68    176360   8484200  42183316     15.49    696428  14010100        48
12:21:19 AM 247800316 248727052   7064620      2.68    176380   8484204  42179132     15.48    696448  14008304         8
12:21:29 AM 247807792 248734508   7057128      2.67    176396   8484204  42179132     15.48    696456  14007952        36
12:21:39 AM 247815476 248742248   7049484      2.67    176412   8484208  42183316     15.49    696480  14009200       148
12:21:49 AM 247826684 248753640   7037940      2.67    176428   8484520  42179132     15.48    696492  14008132       324
12:21:59 AM 247832216 248759208   7032392      2.66    176444   8484520  42179132     15.48    696504  14007552        16
12:22:09 AM 247837868 248764928   7026644      2.66    176460   8484524  42179132     15.48    696524  14006656       284
12:22:19 AM 247842728 248769812   7021764      2.66    176476   8484528  42179132     15.48    696544  14006496        24
12:22:29 AM 247846384 248773536   7018092      2.66    176488   8484532  42179132     15.48    696552  14006920        24
12:22:39 AM 247851612 248778788   7012848      2.66    176504   8484532  42179132     15.48    696564  14007392        16
12:22:49 AM 247855912 248783312   7008168      2.65    176520   8484916  42179132     15.48    696588  14009372       296
12:22:59 AM 247857204 248784800   7006876      2.65    176540   8484920  42183308     15.49    696600  14010612        36
12:23:09 AM 247859720 248787344   7004376      2.65    176556   8484920  42179132     15.48    696616  14009324         8
12:23:19 AM 247862376 248790020   7001704      2.65    176572   8484920  42179132     15.48    696636  14009056        12
12:23:29 AM 247866448 248794112   6997612      2.65    176588   8484924  42179132     15.48    696656  14009088        12
12:23:39 AM 247870096 248797768   6993944      2.65    176604   8484924  42179132     15.48    696664  14009116         4
12:23:49 AM 247863004 248791096   7000300      2.65    176640   8485468  42189312     15.49    696716  14019672        12
12:23:59 AM 247864800 248793008   6998440      2.65    176660   8485472  42189312     15.49    696736  14019332       224
12:24:09 AM 247869596 248798004   6993488      2.65    176692   8485600  42189312     15.49    696760  14020148       224
12:24:19 AM 247872768 248801244   6990292      2.65    176712   8485604  42189312     15.49    696784  14019972       200
12:24:29 AM 247878396 248806884   6984708      2.65    176728   8485604  42189312     15.49    696796  14019488       164
12:24:39 AM 247881804 248810280   6981220      2.64    176744   8485604  42189312     15.49    696800  14019144       216
12:24:49 AM 247887568 248816264   6975172      2.64    176880   8485932  42189312     15.49    696860  14019424       380
12:24:59 AM 247892300 248821136   6970028      2.64    176896   8485932  42189312     15.49    696912  14019280        36
12:25:09 AM 247897052 248826024   6965260      2.64    176912   8485932  42190160     15.49    696956  14018868        16
12:25:19 AM 247902116 248831108   6960248      2.64    176928   8485936  42189312     15.49    696972  14018956       148
12:25:29 AM 247906304 248835296   6956072      2.63    176944   8485940  42189312     15.49    696976  14018460         4
12:25:39 AM 247910564 248839604   6951796      2.63    176956   8485944  42189312     15.49    697004  14018216        16
12:25:49 AM 247912736 248841932   6949192      2.63    177032   8486304  42189312     15.49    697028  14018872       672
12:25:59 AM 247915032 248844280   6946880      2.63    177048   8486304  42189312     15.49    697048  14018908        24
12:26:09 AM 247917980 248847352   6943904      2.63    177064   8486316  42189312     15.49    697084  14018888        16
12:26:19 AM 247915584 248845116   6946220      2.63    177080   8486316  42189312     15.49    697128  14018932        16
12:26:29 AM 247917564 248847116   6944196      2.63    177092   8486316  42189312     15.49    697140  14018764       160
12:26:39 AM 247918396 248847964   6943344      2.63    177108   8486320  42189312     15.49    697164  14018332        12
12:26:49 AM 247922036 248851928   6939268      2.63    177124   8486724  42189312     15.49    697188  14019168       364
12:26:59 AM 247924624 248854588   6936612      2.63    177140   8486728  42189312     15.49    697196  14019376        16
12:27:09 AM 247927840 248857836   6933376      2.63    177156   8486732  42189312     15.49    697220  14019432         4
12:27:19 AM 247924368 248854392   6936756      2.63    177172   8486732  42189312     15.49    697228  14019904        16
12:27:29 AM 247924344 248854396   6936732      2.63    177184   8486736  42193676     15.49    697244  14021936        20
12:27:39 AM 247926720 248856840   6934436      2.63    177200   8486736  42193496     15.49    697264  14022384       172
12:27:49 AM 247928212 248858516   6932608      2.63    177216   8487036  42189312     15.49    697292  14022928       516
12:27:59 AM 247928408 248858820   6932328      2.63    177228   8487028  42189312     15.49    697300  14023380         8
12:28:09 AM 247928136 248858568   6932596      2.63    177244   8487044  42189312     15.49    697320  14023484       196
12:28:19 AM 247930912 248861396   6929772      2.62    177260   8487044  42189312     15.49    697328  14023600       184
12:28:29 AM 247930536 248861060   6930104      2.62    177276   8487040  42189312     15.49    697344  14023316         8
12:28:39 AM 247930520 248861076   6930116      2.62    177292   8487040  42189312     15.49    697360  14023380         8
12:28:49 AM 247932616 248863388   6927580      2.62    177304   8487464  42189312     15.49    697380  14024484       708
12:28:59 AM 247933684 248864584   6926484      2.62    177320   8487472  42189312     15.49    697396  14024500       192
12:29:09 AM 247934208 248865204   6925944      2.62    177336   8487472  42189312     15.49    697404  14024160        12
12:29:19 AM 247934284 248865340   6925848      2.62    177352   8487476  42189312     15.49    697420  14024504        44
12:29:29 AM 247934084 248865160   6925904      2.62    177368   8487472  42189312     15.49    697432  14024324       208
12:29:39 AM 247932772 248863848   6927128      2.62    177384   8487472  42189312     15.49    697452  14024344        12
12:29:49 AM 247933636 248864832   6925868      2.62    177396   8487872  42189312     15.49    697472  14025004       512
12:29:59 AM 247932724 248864136   6926632      2.62    177412   8487872  42189312     15.49    697476  14024996       224
12:30:09 AM 247933088 248864536   6926216      2.62    177428   8487872  42193496     15.49    697488  14026152        40
12:30:19 AM 247932964 248864464   6926284      2.62    177440   8487880  42189312     15.49    697508  14023636        16
12:30:29 AM 247930528 248862088   6928708      2.62    177456   8487876  42189312     15.49    697520  14023240         8
12:30:39 AM 247928028 248859588   6931188      2.63    177472   8487880  42189312     15.49    697520  14023028        56
12:30:49 AM 247927468 248859240   6931388      2.63    177488   8488228  42189312     15.49    697556  14024028        56
12:30:59 AM 247928580 248860460   6930256      2.62    177496   8488236  42189312     15.49    697572  14023400        44
12:31:09 AM 247928476 248860400   6930316      2.62    177508   8488236  42189312     15.49    697584  14023652       204
12:31:19 AM 247928304 248860252   6930408      2.63    177520   8488240  42189312     15.49    697588  14023760       216
12:31:29 AM 247929164 248861152   6929676      2.62    177536   8488240  42193496     15.49    697616  14025696         4
12:31:39 AM 247928932 248860968   6929940      2.62    177552   8488244  42189312     15.49    697632  14023948       172
12:31:49 AM 247930772 248863008   6927592      2.62    177568   8488592  42189312     15.49    697648  14024244       204
12:31:59 AM 247933856 248866212   6924488      2.62    177584   8488592  42189312     15.49    697660  14024116        12
12:32:09 AM 247936928 248869312   6921396      2.62    177600   8488596  42189312     15.49    697660  14023652        40
12:32:19 AM 247937492 248869924   6920812      2.62    177616   8488596  42189312     15.49    697692  14023368        44
12:32:29 AM 247939460 248871892   6918828      2.62    177632   8488596  42189312     15.49    697692  14023848        40
12:32:39 AM 247942204 248874692   6916060      2.62    177648   8488604  42189312     15.49    697724  14026484         4
12:32:49 AM 247939412 248872240   6918376      2.62    177672   8489036  42189312     15.49    697748  14028040       528
12:32:59 AM 247906160 248839112   6951244      2.63    177720   8489040  42229012     15.50    697804  14066028        12
12:33:09 AM 255558496 256492552   5619724      2.13    177932   2174432  34541596     12.68    698084   6496276      1592
12:33:19 AM 255274688 256209928   5898136      2.23    177948   2178728  35125836     12.89    698100   6754136       588
12:33:29 AM 255249584 256186128   5921748      2.24    178092   2179864  35174148     12.91    698244   6822764       380
12:33:39 AM 255166752 256104464   6002456      2.27    178112   2181776  35213052     12.93    698264   6877688       328
12:33:49 AM 255121656 256060532   6046256      2.29    178128   2182928  34962532     12.83    698276   6872600       460
12:33:59 AM 255193880 256135428   5924604      2.24    178348   2232392  34841500     12.79    698496   6871176       140
12:34:09 AM 254838536 255781192   6276116      2.38    178380   2235796  35531052     13.04    698524   7206752       192
12:34:19 AM 254725952 255669800   6382560      2.42    178504   2241576  35603212     13.07    698652   7310768       572
12:34:29 AM 254611048 255555992   6496112      2.46    178528   2242608  35682184     13.10    698672   7407620       548
12:34:39 AM 254616516 255562528   6489420      2.46    178544   2243644  35648744     13.09    698688   7393536       732
12:34:49 AM 255186216 256134552   5899548      2.23    178752   2262612  34878632     12.80    698912   6851948      1424
12:34:59 AM 254471936 255421288   6580216      2.49    178772   2296784  35873916     13.17    698928   7575416       668
12:35:09 AM 254318164 255268660   6733056      2.55    178916   2297780  35950088     13.20    699072   7677160       428
12:35:19 AM 254110848 255062396   6939236      2.63    178936   2298792  36131428     13.26    699088   7910028       360
12:35:29 AM 254015368 254967904   7033764      2.66    178952   2299752  36205600     13.29    699108   7981092       304
12:35:39 AM 259290860 260243956   1940420      0.73    179004   2142164   3433768      1.26    699956   2784988        32
12:35:49 AM 254309088 255264644   6682904      2.53    179180   2356732  35924416     13.19    700352   7740156        12
12:35:59 AM 253998656 254955216   6991780      2.65    179224   2357664  36095224     13.25    700384   8005720       676
12:36:09 AM 253752356 254709956   7236984      2.74    179340   2358596  36424480     13.37    700504   8289068       704
12:36:19 AM 253567272 254525836   7420788      2.81    179356   2359512  36334176     13.34    700524   8466380       540
12:36:29 AM 253464988 254424520   7519112      2.85    179376   2363568  36663548     13.46    700544   8550648       540
12:36:39 AM 258922612 259882492   2299236      0.87    179436   2148416   5761756      2.12    700432   3274424       504
12:36:49 AM 253898952 254861384   7035960      2.66    179620   2412160  36231736     13.30    700792   8136888       368
12:36:59 AM 253433008 254396204   7500900      2.84    179640   2412908  36618228     13.44    700812   8569508       548
12:37:09 AM 253230912 254194988   7702084      2.92    179776   2413632  36533076     13.41    700948   8748700       668
12:37:19 AM 252962352 253927224   7965880      3.02    179796   2418344  37074052     13.61    700968   9010092       496
12:37:29 AM 252959236 253924916   7968352      3.02    179816   2419112  37085768     13.61    700984   9044816       628
12:37:39 AM 252780244 253746756   8146480      3.09    179828   2419912  37191480     13.65    701000   9179500       452
12:37:49 AM 257980604 258947984   3233464      1.22    179900   2155060   6034256      2.22    701004   4233672        56
12:37:59 AM 253808716 254778244   5582844      2.11    180076   3953836  36607556     13.44    701256   8252732        60
12:38:09 AM 253484408 254454244   5681968      2.15    180092   4179300  36883780     13.54    701268   8548000       232
12:38:19 AM 253412644 254382844   5739796      2.17    180184   4193084  36919492     13.55    701284   8594016       668
12:38:29 AM 253364004 254334552   5787824      2.19    180196   4193424  36955852     13.57    701296   8638980       364
12:38:39 AM 253336332 254307196   5815132      2.20    180208   4193728  36950440     13.56    701308   8643048       240
12:38:49 AM 253303204 254274544   5819400      2.20    180320   4222324  37002616     13.58    701420   8702324       324
12:38:59 AM 253277468 254249384   5844688      2.21    180360   4222876  36972780     13.57    701460   8687624       340
12:39:09 AM 253307036 254279304   5814724      2.20    180376   4223196  36948456     13.56    701476   8668760       304
12:39:19 AM 253294280 254266860   5822380      2.21    180392   4228204  36966816     13.57    701488   8681292       688
12:39:29 AM 253251416 254224356   5864748      2.22    180404   4228536  36978612     13.57    701508   8699320       532
12:39:39 AM 255521104 256496308   5360304      2.03    180600   2460396  34291324     12.59    701728   6516700      1120
12:39:49 AM 253554652 254530160   5695800      2.16    180628   4091636  36870228     13.54    701740   8488408       424
12:39:59 AM 253483760 254459584   5755268      2.18    180648   4103304  36911688     13.55    701756   8546436       304
12:40:09 AM 253459392 254435588   5779328      2.19    180672   4103660  36940736     13.56    701788   8573000       336
12:40:19 AM 253388616 254365148   5829904      2.21    180688   4123596  37022012     13.59    701800   8664960       284
12:40:29 AM 253368120 254345036   5847872      2.21    180744   4126252  37019712     13.59    701852   8671872       200
12:40:39 AM 253319216 254296888   5895984      2.23    180856   4126888  37028792     13.59    701968   8690908       648
12:40:49 AM 253312336 254290344   5898668      2.23    180872   4130996  37012292     13.59    701992   8674116       220
12:40:59 AM 253312760 254291120   5897912      2.23    180892   4131316  37009196     13.59    702008   8678436       400
12:41:09 AM 253296528 254275224   5914088      2.24    180908   4131624  37024388     13.59    702024   8693316       480
12:41:19 AM 255338672 256319940   5373260      2.04    181132   2628432  34381112     12.62    702256   6674760       176
12:41:29 AM 252741004 253722468   5752556      2.18    181148   4847036  37623748     13.81    702268   9285584       220
12:41:39 AM 252541284 253522952   5792816      2.19    181168   5006624  37812496     13.88    702288   9487264         8
12:41:49 AM 252382224 253364108   5874596      2.23    181184   5084176  37944420     13.93    702300   9638604       532
12:41:59 AM 252283180 253265284   5914040      2.24    181200   5143720  38023532     13.96    702316   9743176       292
12:42:09 AM 252196504 253178832   5981808      2.27    181216   5162720  38111776     13.99    702332   9820472       436
12:42:19 AM 252057084 253039928   6041844      2.29    181236   5242152  38229432     14.03    702356   9955336       652
12:42:29 AM 252087608 253070696   6011016      2.28    181252   5242332  38162952     14.01    702372   9898728       428
12:42:39 AM 252058148 253041472   6040192      2.29    181316   5242524  38219844     14.03    702424   9929208       284
12:42:49 AM 251972508 252956144   6125244      2.32    181392   5242740  38269116     14.05    702512  10005512       456
12:42:59 AM 251920872 252904756   6120352      2.32    181428   5299168  38297788     14.06    702548  10053056       348
12:43:09 AM 252022500 253006600   6018420      2.28    181444   5299384  38191168     14.02    702564   9945788       492
12:43:19 AM 252019084 253003784   6021380      2.28    181468   5299972  38170764     14.01    702588   9929876       692
12:43:29 AM 255903224 256888324   2157260      0.82    181500   5300332   8103712      2.97   2072368   4797152       672
12:43:39 AM 260187040 261171756   1010192      0.38    181532   2169484    559300      0.21    706372   1904964       248
12:43:49 AM 260153988 261138704   1043436      0.40    181560   2169488    601592      0.22    706376   1945760       256
12:43:59 AM 256006128 256993208   5113324      1.94    181784   2221220  34168032     12.54    711696   6065800      1280
12:44:09 AM 255710408 256698676   5403780      2.05    181804   2226316  35010736     12.85    711716   6317240       592
12:44:19 AM 255637996 256627576   5474904      2.07    181936   2227464  35062560     12.87    711848   6394528       648
12:44:29 AM 255590276 256580996   5521240      2.09    181960   2228596  35100820     12.89    711880   6449600       516
12:44:39 AM 255547240 256539108   5562568      2.11    181972   2229700  34827748     12.79    711896   6423320       704
12:44:49 AM 255613896 256607788   5442596      2.06    182188   2283064  34743412     12.75    712120   6450324       572
12:44:59 AM 255258360 256253332   5796644      2.20    182224   2284104  35347224     12.98    712152   6762468       392
12:45:09 AM 255157752 256153900   5895152      2.23    182356   2285920  35433088     13.01    712288   6869476       208
12:45:19 AM 255028504 256025692   6023012      2.28    182372   2286916  35514948     13.04    712304   6976460       184
12:45:29 AM 254994256 255992484   6056292      2.29    182392   2287936  35540836     13.05    712324   7002412       172
12:45:39 AM 256319860 257320052   4824164      1.83    182616   2188108  33318216     12.23    712684   5718160      1404
12:45:49 AM 254881328 255882744   6113676      2.32    182632   2342556  35587576     13.06    712576   7129780       736
12:45:59 AM 254773868 255776336   6217620      2.36    182768   2345800  35677148     13.10    712704   7250584       476
12:46:09 AM 254421120 255424544   6569328      2.49    182792   2346712  35960772     13.20    712732   7570768       540
12:46:19 AM 254367108 255371436   6622068      2.51    182808   2347620  36002972     13.22    712748   7623024       464
12:46:29 AM 254351332 255356584   6637056      2.51    182828   2348500  35828640     13.15    712768   7618024       456
12:46:39 AM 255626792 256634404   5382220      2.04    183044   2327524  34597584     12.70    712984   6424884      1508
12:46:49 AM 254386296 255394644   6552264      2.48    183060   2398236  35920856     13.19    712996   7617028       540
12:46:59 AM 254359800 255369056   6577516      2.49    183156   2399020  35972784     13.21    713088   7623980       404
12:47:09 AM 254075860 255085996   6857572      2.60    183216   2402972  36243300     13.30    713152   7912460       216
12:47:19 AM 253902976 254913936   7029244      2.66    183232   2403764  36393316     13.36    713168   8070528       176
12:47:29 AM 253772580 254784416   7158844      2.71    183256   2404596  36246764     13.31    713192   8210992       156
12:47:39 AM 259629088 260642252   1534072      0.58    183268   2194696   3704392      1.36    713004   2458436       552
12:47:49 AM 254500108 255515204   6385424      2.42    183472   2449572  35590152     13.07    713420   7530928       480
12:47:59 AM 253846440 254862296   7029044      2.66    183488   2458988  36400216     13.36    713432   8158264       448
12:48:09 AM 253728376 254745120   7146024      2.71    183604   2459736  36529128     13.41    713548   8252876       440
12:48:19 AM 253526636 254544188   7346596      2.78    183640   2460496  36747888     13.49    713584   8491896       440
12:48:29 AM 253215020 254233368   7657656      2.90    183656   2461292  36927580     13.56    713600   8748180       444
12:48:39 AM 253241288 254260432   7626592      2.89    183672   2465964  36959136     13.57    713620   8744516       564
12:48:49 AM 254080528 255100704   6786256      2.57    183688   2466980  36250892     13.31    713632   7897336       624
12:48:59 AM 254676416 255698816   5121716      1.94    183928   3536280  35588832     13.06    714200   7332840       296
12:49:09 AM 253841672 254864416   5238924      1.98    183948   4254008  36750004     13.49    714216   8173932       240
12:49:19 AM 253797408 254820392   5282492      2.00    184004   4254152  36758164     13.49    713356   8212144       432
12:49:29 AM 253746016 254769332   5333440      2.02    184020   4254472  36807832     13.51    713368   8259804       296
12:49:39 AM 253697668 254721312   5381264      2.04    184036   4254784  36834112     13.52    713384   8303336       300
12:49:49 AM 253711316 254735332   5367184      2.03    184092   4255084  36830504     13.52    713432   8296112       164
12:49:59 AM 253616052 254640840   5461856      2.07    184196   4255728  36852684     13.53    713544   8335704       316
12:50:09 AM 253667624 254692708   5409972      2.05    184212   4256032  36784048     13.50    713564   8275840       396
12:50:19 AM 253653468 254678904   5423760      2.05    184244   4256328  36787864     13.50    713592   8283320       216
12:50:29 AM 253652540 254678300   5424192      2.05    184260   4256632  36795712     13.51    713608   8287688       372
12:50:39 AM 259642204 260668356   1509040      0.57    184308   2206112   3058636      1.12    713412   2424688       408
12:50:49 AM 254235216 255263524   5163984      1.96    184500   3932692  36460276     13.38    713844   7809932       484
12:50:59 AM 253874592 254903268   5319284      2.01    184520   4138076  36761556     13.50    713864   8148448       144
12:51:09 AM 253821048 254850044   5372660      2.03    184536   4138380  36784024     13.50    713880   8186352       104
12:51:19 AM 253777788 254807152   5415464      2.05    184548   4138732  36816932     13.52    713896   8227256       276
12:51:29 AM 253692176 254721852   5469840      2.07    184564   4170024  36894976     13.54    713908   8311484       120
12:51:39 AM 253681884 254712012   5479740      2.08    184684   4170352  36900004     13.55    714016   8321328       112
12:51:49 AM 253647068 254677892   5481156      2.08    184720   4203772  36898828     13.55    714060   8338912       428
12:51:59 AM 253659572 254690740   5468016      2.07    184736   4204100  36872020     13.54    714080   8316216        80
12:52:09 AM 253620644 254652120   5506704      2.09    184752   4204404  36901696     13.55    714096   8343756       224
12:52:19 AM 259557708 260589648   1586080      0.60    184796   2210928   3300632      1.21    713932   2490748       820
12:52:29 AM 253474964 254508908   5296364      2.01    184972   4559480  37159876     13.64    714332   8547684       160
12:52:39 AM 252860112 253894304   5486724      2.08    184992   4984052  37623660     13.81    714352   9103704       228
12:52:49 AM 252679984 253714380   5546496      2.10    185008   5104496  37802028     13.88    714364   9297392       232
12:52:59 AM 252599724 253634352   5600664      2.12    185024   5130520  37853504     13.90    715172   9361712       220
12:53:09 AM 252560420 253595276   5639676      2.14    185040   5130736  37898552     13.91    715188   9398928       204
12:53:19 AM 252423968 253459056   5698496      2.16    185056   5208312  38036900     13.96    715204   9540100       244
12:53:29 AM 252364776 253400372   5749132      2.18    185072   5216628  38040460     13.96    715224   9573004       216
12:53:39 AM 252408708 253444564   5705020      2.16    185108   5216832  38026100     13.96    715256   9558756       172
12:53:49 AM 252357920 253394032   5755508      2.18    185184   5217032  38073364     13.98    715328   9605988       192
12:53:59 AM 252317016 253353428   5795840      2.20    185248   5217252  38094688     13.98    715400   9634616       328
12:54:09 AM 252292004 253328620   5749276      2.18    185264   5288524  38106052     13.99    715416   9648844       276
12:54:19 AM 252318900 253355756   5722196      2.17    185272   5288744  38046776     13.97    715428   9587624       308
12:54:29 AM 252310800 253348236   5729736      2.17    185288   5289316  38040016     13.96    715440   9600756       248
12:54:39 AM 252308168 253345820   5732252      2.17    185300   5289516  38063628     13.97    715456   9612388       420
12:54:49 AM 252288200 253326084   5751992      2.18    185320   5289716  38096464     13.99    715472   9648040       220
12:54:59 AM 259706308 260744536   1430548      0.54    185348   2216196   3287476      1.21    715284   2394736       636
12:55:09 AM 253716728 254757140   5295536      2.01    185564   4316336  36775176     13.50    715724   8332980       112
12:55:19 AM 252836052 253876692   5501736      2.08    185592   4990848  37702660     13.84    715748   9170540       148
12:55:29 AM 252659716 253700596   5630344      2.13    185608   5038692  37864068     13.90    715764   9342828       176
12:55:39 AM 252510844 253551940   5675288      2.15    185624   5142840  37980992     13.94    715788   9484096       124
12:55:49 AM 252463040 253504352   5721324      2.17    185640   5144620  38018764     13.96    715796   9523684       268
12:55:59 AM 252401920 253443460   5782076      2.19    185648   5144836  38082352     13.98    715808   9583660       140
12:56:09 AM 252325028 253367060   5858552      2.22    185664   5145316  38160316     14.01    715824   9665872        88
12:56:19 AM 252293176 253335484   5889900      2.23    185704   5145544  38145828     14.00    715852   9672480       216
12:56:29 AM 252324432 253367052   5853812      2.22    185788   5150460  38141444     14.00    715944   9671568       160
12:56:39 AM 252235924 253278824   5877760      2.23    185844   5214720  38230388     14.03    716000   9771436         4
12:56:49 AM 252249208 253292352   5864188      2.22    185864   5214932  38151848     14.01    716024   9688840       440
12:56:59 AM 252275576 253318920   5837656      2.21    185880   5215120  38102648     13.99    716036   9651944       384
12:57:09 AM 252238276 253282236   5874220      2.22    185896   5215732  38141720     14.00    716052   9690544       548
12:57:19 AM 252198160 253242364   5914300      2.24    185912   5215928  38171360     14.01    716068   9719064       392
12:57:29 AM 257484468 258528948   1817204      0.69    185928   4049468   7020420      2.58   2063932   3184604       624
12:57:39 AM 252356204 253402708   5541880      2.10    186132   5424576  37786352     13.87    716292   9598064       392
12:57:49 AM 251598096 252644788   5716180      2.17    186148   6008396  38684496     14.20    716308  10273324       280
12:57:59 AM 251311240 252358140   5841020      2.21    186168   6165676  38985944     14.31    716328  10549044       420
12:58:09 AM 251161840 252208904   5903080      2.24    186184   6252532  39123548     14.36    716344  10682792       284
12:58:19 AM 251005004 252052288   5943240      2.25    186200   6369908  39202744     14.39    716360  10829472       132
12:58:29 AM 250776088 251823564   6060376      2.30    186216   6481404  39438980     14.48    716384  11077436       240
12:58:39 AM 250755224 251803184   6083124      2.30    186232   6481864  39491012     14.50    716392  11080932       244
12:58:49 AM 250658424 251706608   6180176      2.34    186248   6482048  39520344     14.51    716408  11182836       216
12:58:59 AM 250687516 251735860   6147856      2.33    186272   6482204  39477484     14.49    716432  11118924       192
12:59:09 AM 250701884 251750512   6136528      2.32    186344   6482396  39518004     14.51    716504  11152792       204
12:59:19 AM 250606404 251655244   6228312      2.36    186416   6482560  39613584     14.54    716584  11225368       396
12:59:29 AM 250625672 251674780   6211072      2.35    186440   6482760  39585968     14.53    716600  11242892       528
12:59:39 AM 250775764 251825496   6060452      2.30    186456   6483356  39405980     14.47    716616  11058748       756
12:59:49 AM 250854628 251904520   5982720      2.27    186472   6483528  39385520     14.46    716632  11010364       116
12:59:59 AM 250803344 251853488   6030876      2.28    186488   6483724  39417192     14.47    716648  11053408       124
01:00:09 AM 250696044 251746356   6139072      2.33    186504   6483896  39432444     14.48    716664  11111128        72
01:00:19 AM 250680184 251730684   6156192      2.33    186520   6484080  39458204     14.49    716680  11133440        88
01:00:29 AM 250681268 251731976   6156540      2.33    186544   6484260  39480492     14.49    716704  11138960        52
01:00:39 AM 252421964 253474672   5513924      2.09    186760   5386084  37679948     13.83    716928   9486284       472
01:00:49 AM 250980216 252033180   5852384      2.22    186776   6485992  39343992     14.44    716940  10925232       616
01:00:59 AM 250825428 251878604   5997212      2.27    186796   6494368  39500580     14.50    716964  11076532       432
01:01:09 AM 250694392 251747756   6127548      2.32    186812   6494536  39572584     14.53    716976  11143616       452
01:01:19 AM 250721748 251775312   6103356      2.31    186828   6494728  39488196     14.50    716992  11125132       232
01:01:29 AM 250665704 251719472   6154900      2.33    186844   6494896  39545632     14.52    717008  11179536       232
01:01:39 AM 250561368 251615620   6262904      2.37    186864   6495364  39675736     14.57    717028  11301440       596
01:01:49 AM 250424728 251479196   6399020      2.42    186880   6495528  39787072     14.61    717044  11395404       376
01:01:59 AM 250441028 251495688   6378036      2.42    186900   6495708  39713232     14.58    717064  11376428       372
01:02:09 AM 250463720 251518564   6357988      2.41    186948   6495880  39755092     14.59    717104  11398536       440
01:02:19 AM 250365544 251420712   6454068      2.44    187048   6496072  39803480     14.61    717208  11452372       476
01:02:29 AM 250362516 251417896   6456908      2.45    187068   6496264  39852708     14.63    717232  11482468       324
01:02:39 AM 250473352 251529308   6346608      2.40    187084   6496820  39710876     14.58    717248  11380960       312
01:02:49 AM 250556172 251612324   6266884      2.37    187100   6497004  39626464     14.55    717264  11284052       292
01:02:59 AM 250525824 251582204   6293316      2.38    187116   6497184  39654628     14.56    717276  11315844       256
01:03:09 AM 250454868 251511396   6366540      2.41    187132   6497348  39700352     14.57    717292  11358420       232
01:03:19 AM 250386132 251442864   6433280      2.44    187148   6497524  39706204     14.58    717304  11394464       432
01:03:29 AM 258962760 260019752   2152260      0.82    187208   2231796   6491756      2.38    717204   3184600       412
01:03:39 AM 250495988 251554764   5703936      2.16    187384   7116300  39863096     14.63    717552  11437256       444
01:03:49 AM 250071468 251130468   5969860      2.26    187404   7272272  40124996     14.73    717572  11824656       296
01:03:59 AM 249779956 250839580   6105712      2.31    187412   7432300  40422596     14.84    717584  12121768       276
01:04:09 AM 249760944 250820656   6117776      2.32    187428   7432444  40439484     14.85    717592  12069920       300
01:04:19 AM 249550040 250610272   6295052      2.38    187444   7470140  40486168     14.86    717616  12210400       196
01:04:29 AM 249519968 250580156   6325836      2.40    187460   7470368  40598160     14.90    717628  12293632       348
01:04:39 AM 249377568 250437920   6389660      2.42    187476   7547284  40752780     14.96    717640  12436388       436
01:04:49 AM 249297588 250358724   6470680      2.45    187492   7547436  40746320     14.96    717664  12487372       456
01:04:59 AM 249389700 250450552   6379808      2.42    187532   7547604  40737144     14.95    717692  12441960       488
01:05:09 AM 249227908 250289360   6539268      2.48    187588   7547760  40801228     14.98    717752  12572784       308
01:05:19 AM 249157464 250218868   6551360      2.48    187656   7602664  40941112     15.03    717820  12679416       128
01:05:29 AM 249138112 250199788   6574424      2.49    187712   7602872  40992284     15.05    717872  12692704       324
01:05:39 AM 249172780 250234880   6542492      2.48    187732   7603368  40884096     15.01    717896  12654888       420
01:05:49 AM 249355152 250417792   6356396      2.41    187744   7603532  40674696     14.93    717908  12427356       388
01:05:59 AM 249417124 250479676   6295848      2.38    187760   7603664  40616880     14.91    717928  12332860       272
01:06:09 AM 249339976 250402968   6371036      2.41    187776   7603856  40693452     14.94    717940  12453364       556
01:06:19 AM 249252984 250315816   6456588      2.45    187792   7604016  40754400     14.96    717956  12511212       596
01:06:29 AM 249327512 250390552   6385560      2.42    187808   7604196  40724700     14.95    717968  12465848       632
01:06:39 AM 249221536 250285580   6489168      2.46    187820   7604716  40771592     14.97    717984  12554460       188
01:06:49 AM 259493868 260557904   1612992      0.61    187840   2237408   3374196      1.24    717804   2569840       224
01:06:59 AM 251002976 252068812   5756596      2.18    188052   6556268  39420508     14.47    718224  10943344       768
01:07:09 AM 249814144 250880200   6166808      2.34    188068   7333100  40324752     14.80    718240  12026820       296
01:07:19 AM 249618020 250684260   6367876      2.41    188088   7333280  40270260     14.78    718260  12270340       320
01:07:29 AM 249339840 250406828   6499824      2.46    188104   7475652  40745132     14.96    718280  12401576       304
01:07:39 AM 249384836 250451520   6452512      2.44    188120   7475832  40688600     14.94    718292  12463400       508
01:07:49 AM 249332692 250399504   6505016      2.46    188136   7475988  40754624     14.96    718308  12499140       220
01:07:59 AM 249197932 250265256   6639364      2.51    188152   7476476  40958024     15.04    718324  12651712       296
01:08:09 AM 249071200 250138716   6766980      2.56    188168   7476640  41041352     15.07    718340  12730348       368
01:08:19 AM 249135288 250203000   6702020      2.54    188188   7476816  40980400     15.04    718360  12724456       368
01:08:29 AM 249087072 250155052   6748548      2.56    188256   7476984  40995272     15.05    718424  12752992       332
01:08:39 AM 249053216 250121448   6780288      2.57    188328   7477164  41073608     15.08    718500  12788704       400
01:08:49 AM 248766364 249834800   6906380      2.62    188360   7641424  41270316     15.15    718532  13070976       660
01:08:59 AM 248948608 250017576   6722904      2.55    188372   7641948  41118740     15.09    718544  12892736       364
01:09:09 AM 249030852 250100092   6639156      2.51    188388   7642108  41009336     15.05    718560  12766336       532
01:09:19 AM 249011512 250080888   6658600      2.52    188404   7642272  41043728     15.07    718572  12784636       604
01:09:29 AM 248909172 249978820   6756876      2.56    188420   7642444  41103112     15.09    718592  12878392       584
01:09:39 AM 248778652 249848420   6892500      2.61    188436   7642608  41171068     15.11    718608  12953508       272
01:09:49 AM 248861828 249931728   6807416      2.58    188452   7642776  41164064     15.11    718624  12937756       392
01:09:59 AM 251811992 252883244   5535604      2.10    188668   5964636  38145560     14.00    718872  10098848       688
01:10:09 AM 249478900 250551332   6073112      2.30    188688   7760064  40690756     14.94    718888  12424064      1016
01:10:19 AM 249004500 250077084   6353380      2.41    188704   7955520  40983652     15.05    718908  12874700        24
01:10:29 AM 248938872 250011964   6416168      2.43    188720   7955656  41045892     15.07    718920  12912260       380
01:10:39 AM 248805356 249878620   6348868      2.40    188736   8160896  41264656     15.15    718936  13039096       468
01:10:49 AM 248532356 249606376   6478916      2.45    188752   8299692  41444692     15.21    718956  13309504       312
01:10:59 AM 248136924 249211124   6626856      2.51    188768   8548236  41870920     15.37    718972  13698296       536
01:11:09 AM 247893412 248968052   6873692      2.60    188792   8548392  41731068     15.32    718992  13912624       420
01:11:19 AM 247931880 249006516   6830636      2.59    188800   8548544  41989304     15.41    719004  13885332       364
01:11:29 AM 248061196 249136128   6699948      2.54    188816   8548692  41932924     15.39    719024  13748104       520
01:11:39 AM 247961076 249035972   6777968      2.57    188848   8572320  41932676     15.39    719052  13825136       656
01:11:49 AM 247851676 248927144   6884800      2.61    188936   8572472  42085804     15.45    719140  13970964       332
01:11:59 AM 247727256 248803008   6978476      2.64    188996   8606272  42214732     15.50    719192  14032476       900
01:12:09 AM 247746624 248822824   6960028      2.64    189008   8606440  42126364     15.46    719216  14026696       444
01:12:19 AM 247970480 249046904   6734208      2.55    189020   8606584  41954948     15.40    719224  13826432       608
01:12:29 AM 248001184 249077552   6708608      2.54    189036   8606728  41596332     15.27    719240  13800424       320
01:12:39 AM 248001036 249077672   6704464      2.54    189052   8606888  41868236     15.37    719260  13777712       568
01:12:49 AM 247967772 249044936   6735148      2.55    189068   8607036  41905360     15.38    719276  13784708       500
01:12:59 AM 247904036 248981796   6797260      2.57    189084   8607560  41936604     15.40    719296  13856192       624
01:13:09 AM 247879560 248957216   6824192      2.58    189100   8607712  41977628     15.41    719312  13897804       496
01:13:19 AM 247835188 248912820   6873588      2.60    189116   8607864  41766276     15.33    719328  13977232       548
01:13:29 AM 259197176 260274652   1897420      0.72    189176   2248384   4692252      1.72    719192   2882396        88
01:13:39 AM 250328192 251407832   5992856      2.27    189360   6990284  39962436     14.67    719584  11569588       180
01:13:49 AM 248686372 249766296   6385244      2.42    189380   8240328  41423720     15.21    719600  13188292       320
01:13:59 AM 248408960 249489284   6660848      2.52    189388   8242588  41717500     15.31    719608  13462372       452
01:14:09 AM 248268712 249349328   6797264      2.57    189396   8242756  41865180     15.37    719616  13534676       460
01:14:19 AM 248441312 249522196   6622168      2.51    189408   8242880  41626732     15.28    719620  13405248       472
Average:    251338585 252249893   6191700      2.35    175099   5826893  37674549     13.83    739044  10575274       350
