procs -----------memory---------- ---swap-- -----io---- -system-- ------cpu-----
 r  b   swpd   free   buff  cache   si   so    bi    bo   in   cs us sy id wa st
 0  0      0 253093952 160784 8549488    0    0     0     1    6    5  0  0 99  0  0
 0  0      0 253093488 160796 8549532    0    0     0    20  915 1477  0  0 100  0  0
 0  0      0 253094560 160804 8549544    0    0     0    17  996 1612  0  0 100  0  0
 0  0      0 253093056 160808 8549552    0    0     0    16 1000 1601  0  0 100  0  0
 0  0      0 253092608 160824 8549560    0    0     0    26 1013 1672  0  0 100  0  0
 1  0      0 253053552 160832 8549560    0    0     0    44 1038 1608  0  0 100  0  0
 2  0      0 259762640 160864 2182440    0    0     0    54 2441 2653  1  0 98  0  0
 4  0      0 255687696 161008 2238608    0    0     0   230 24742 104139 25  4 71  0  0
 2  0      0 255570752 161064 2239764    0    0     0   176 22922 105157  8  2 90  0  0
 5  0      0 255467296 161076 2240912    0    0     0   172 22933 105128  8  2 90  0  0
 6  0      0 255483456 161088 2243180    0    0     0   292 22860 102583  8  2 90  0  0
49  0      0 256863680 161172 2190428    0    0     0   164 15633 60883 13  3 85  0  0
 4  0      0 255250848 161264 2298016    0    0     0   239 25605 115249 19  3 78  0  0
 9  0      0 255116032 161332 2299080    0    0     0   174 22459 98464  8  2 90  0  0
 6  0      0 254949536 161352 2301676    0    0     0   262 22515 96475  8  2 90  0  0
 6  0      0 254901056 161364 2302748    0    0     0   274 22542 97361  8  2 90  0  0
 1  0      0 259842944 161408 2197168    0    0     0   170 20135 80688  7  2 91  0  0
 1  0      0 254975072 161592 2357000    0    0     0   306 20596 82314 25  3 72  0  0
 1  0      0 254782128 161652 2358032    0    0     0   169 22290 96179  8  2 90  0  0
 8  0      0 254517072 161692 2359020    0    0     0   153 22454 94798  8  2 90  0  0
 5  0      0 254362944 161724 2362388    0    0     0   342 22720 97498  8  2 90  0  0
procs -----------memory---------- ---swap-- -----io---- -system-- ------cpu-----
 r  b   swpd   free   buff  cache   si   so    bi    bo   in   cs us sy id wa st
 4  0      0 254448464 161732 2363412    0    0     0   169 22619 95092  8  2 90  0  0
 2  0      0 255445872 161940 2395220    0    0     0   154 18261 65565 23  4 73  0  0
 4  0      0 254438912 161944 2419732    0    0     0   297 22023 90805  8  2 90  0  0
 6  0      0 254244848 162044 2420684    0    0     0   173 22139 93871  9  2 89  0  0
 7  1      0 253891488 162064 2421600    0    0     0   270 22046 91149  8  2 90  0  0
 4  0      0 253915728 162072 2422576    0    0     0   178 22125 91928  8  2 90  0  0
 5  0      0 254056080 162084 2423500    0    0     0   197 22273 91134  8  2 89  0  0
 6  0      0 255146544 162300 2471344    0    0     0   291 17500 57275 23  4 73  0  0
 4  0      0 254123856 162316 2472128    0    0     0   216 21908 79937  7  2 90  0  0
 2  0      0 253807264 162408 2482648    0    0     0   219 22137 78898  8  2 90  0  0
 3  0      0 253600528 162440 2483436    0    0     0   195 22152 80510  8  2 91  0  0
 1  0      0 253333184 162456 2484220    0    0     0   184 22222 80708  8  2 91  0  0
 6  0      0 253302736 162464 2484992    0    0     0   190 22160 82499  8  2 90  0  0
 1  0      0 253193936 162480 2486088    0    0     0   260 22220 82147  8  2 90  0  0
 2  0      0 255268640 162700 3065260    0    0     0   359 17982 54587 22  4 73  0  0
 3  0      0 253943712 162708 4135232    0    0     0   216 19101 54596  4  1 94  0  0
 2  0      0 253790128 162716 4233300    0    0     0   120 19695 56424  5  1 94  0  0
 2  0      0 253700608 162732 4273100    0    0     0   131 19794 56882  5  1 94  0  0
 3  0      0 253663872 162748 4273428    0    0     0   140 19741 55443  5  1 94  0  0
 2  0      0 253643872 162800 4273600    0    0     0   309 19867 56719  5  1 94  0  0
 1  0      0 253610064 162904 4274248    0    0     0   112 19695 54921  5  1 94  0  0
procs -----------memory---------- ---swap-- -----io---- -system-- ------cpu-----
 r  b   swpd   free   buff  cache   si   so    bi    bo   in   cs us sy id wa st
 2  0      0 253617504 162916 4274600    0    0     0   186 19799 55851  5  1 94  0  0
 3  0      0 253627344 162928 4286292    0    0     0   152 19642 55614  5  1 94  0  0
 7  0      0 253601056 162936 4286624    0    0     0   133 19678 55003  5  1 94  0  0
 0  0      0 259686560 162948 2223604    0    0     0   134 18580 50756  4  2 94  0  0
 3  0      0 254379856 163152 3762964    0    0     0   282 18081 54146 22  3 75  0  0
 2  0      0 253822032 163172 4175160    0    0     0   136 19720 57725  5  1 94  0  0
 1  0      0 253754912 163188 4175512    0    0     0   162 19814 57384  5  1 94  0  0
 2  0      0 253736304 163196 4175852    0    0     0   126 19986 57492  5  1 94  0  0
 6  0      0 253699296 163212 4181296    0    0     0   134 19806 56682  5  1 94  0  0
 2  0      0 253681824 163324 4181600    0    0     0   128 19909 57135  5  1 94  0  0
 2  0      0 253619424 163360 4182276    0    0     0   225 19897 56771  5  1 94  0  0
 2  0      0 253612960 163368 4182588    0    0     0   143 19772 56076  5  1 94  0  0
 2  0      0 253600448 163380 4182928    0    0     0   161 19921 56179  5  1 94  0  0
 0  0      0 259571840 163432 2228888    0    0     0   173 15943 42437  3  2 94  0  0
 1  0      0 253474672 163620 4582400    0    0     0   260 19454 52824 22  3 74  0  0
 2  0      0 252794976 163632 5123320    0    0     0   118 18115 45812  4  1 95  0  0
 2  1      0 252697824 163640 5132132    0    0     0   113 18655 45842  4  1 95  0  0
 3  0      0 252615264 163652 5158200    0    0     0    79 18769 46603  4  1 95  0  0
 3  0      0 252510560 163664 5229488    0    0     0   111 18749 45788  4  1 95  0  0
 2  0      0 252483168 163672 5229704    0    0     0   120 18623 45400  4  1 95  0  0
 1  0      0 252383552 163688 5308340    0    0     0   153 18723 46558  4  1 95  0  0
procs -----------memory---------- ---swap-- -----io---- -system-- ------cpu-----
 r  b   swpd   free   buff  cache   si   so    bi    bo   in   cs us sy id wa st
 1  0      0 252384768 163728 5308556    0    0     0   122 18757 45473  4  1 95  0  0
 1  0      0 252326576 163808 5308764    0    0     0   144 18813 45637  4  1 95  0  0
 2  0      0 252267712 163852 5309008    0    0     0   152 18662 46147  4  1 95  0  0
 2  0      0 252226848 163868 5384240    0    0     0   131 18583 44929  4  1 95  0  0
 1  0      0 252286672 163880 5384440    0    0     0   145 18267 45074  4  1 95  0  0
 3  0      0 252277424 163896 5385076    0    0     0   208 18489 46008  4  1 95  0  0
 3  0      0 252258368 163912 5385272    0    0     0   120 18177 44751  4  1 95  0  0
 1  0      0 252239280 163928 5385496    0    0     0   144 18467 45273  4  1 95  0  0
 2  0      0 259584000 163984 2235572    0    0     0   152 13932 32396  3  2 95  0  0
 2  0      0 253340960 164148 4691736    0    0     0   238 20102 57664 22  3 74  0  0
 2  0      0 252819296 164160 5013008    0    0     0   133 18620 47433  4  1 95  0  0
 5  0      0 252545936 164176 5157760    0    0     0    98 18784 46815  4  1 95  0  0
 3  0      0 252534464 164192 5162668    0    0     0    83 18644 46624  4  1 95  0  0
 2  0      0 252506144 164208 5162916    0    0     0    93 18817 46434  4  1 95  0  0
 1  0      0 252394624 164224 5163144    0    0     0   122 18759 46674  4  1 95  0  0
 4  1      0 252280688 164244 5237088    0    0     0   159 18738 46700  4  1 95  0  0
 4  1      0 252252896 164296 5237344    0    0     0   124 18639 46413  4  1 95  0  0
 2  1      0 252225632 164380 5237548    0    0     0   123 18588 46215  4  1 95  0  0
 2  1      0 252233296 164408 5237792    0    0     0   114 18749 45782  4  1 95  0  0
 1  0      0 252141424 164420 5311444    0    0     0   133 18516 46017  4  1 95  0  0
 1  0      0 252173472 164436 5311688    0    0     0   119 18809 46412  4  1 95  0  0
procs -----------memory---------- ---swap-- -----io---- -system-- ------cpu-----
 r  b   swpd   free   buff  cache   si   so    bi    bo   in   cs us sy id wa st
 1  0      0 252162592 164452 5312280    0    0     0   173 18632 46327  4  1 95  0  0
 1  0      0 252154464 164468 5312496    0    0     0   110 18517 46441  4  1 95  0  0
 8  0      0 256054368 164696 2360620    0    0     0   191 15415 40543 21  4 75  0  0
 4  0      0 251542576 164716 6149480    0    0     0   234 28375 145605  4  3 92  0  0
 5  0      0 251348736 164736 6285696    0    0     0   130 28835 131543  4  3 93  0  0
 2  0      0 250973728 164748 6505212    0    0     0   111 27076 142361  4  3 93  0  0
 2  0      0 250981616 164764 6505376    0    0     0    92 29027 128815  4  2 93  0  0
 2  0      0 250963648 164772 6505680    0    0     0   110 30389 141965  4  2 93  0  0
 4  0      0 250832288 164788 6505968    0    0     0    93 30228 129030  4  3 93  0  0
 2  0      0 250648992 164804 6621160    0    0     0   153 26912 141909  4  3 93  0  0
 4  0      0 250650448 164820 6621364    0    0     0   100 28153 133118  4  2 93  0  0
 4  0      0 250668448 164876 6621632    0    0     0   120 27074 132644  4  2 93  0  0
 2  0      0 250571968 164960 6621780    0    0     0   142 28399 140720  4  2 93  0  0
 5  0      0 250547488 164984 6622092    0    0     0   132 28578 137299  4  2 93  0  0
 1  0      0 250679248 164996 6622696    0    0     0   132 26859 140286  5  3 93  0  0
 3  0      0 250637200 165000 6701472    0    0     0   187 29993 140278  4  2 93  0  0
 5  0      0 250624864 165016 6701796    0    0     0   118 26627 135352  4  2 93  0  0
 3  0      0 250562176 165028 6701696    0    0     0   134 29232 131231  4  2 93  0  0
 1  0      0 250497824 165044 6701780    0    0     0   134 26716 135125  4  3 93  0  0
 4  0      0 250534320 165060 6702048    0    0     0   130 28833 127411  4  2 94  0  0
 3  1      0 252578432 165276 5376608    0    0     0   139 20145 79309 22  6 72  0  0
procs -----------memory---------- ---swap-- -----io---- -system-- ------cpu-----
 r  b   swpd   free   buff  cache   si   so    bi    bo   in   cs us sy id wa st
 4  0      0 251283472 165292 6290620    0    0     0   212 30923 129686  4  3 93  0  0
 5  0      0 251009856 165312 6430508    0    0     0   108 33406 135994  4  3 93  0  0
 2  0      0 250845136 165328 6430528    0    0     0    79 31077 126214  4  3 93  0  0
 2  0      0 250884864 165344 6430672    0    0     0    85 29781 124130  4  2 93  0  0
 2  0      0 250870384 165360 6430884    0    0     0    89 28379 127638  4  3 93  0  0
 2  0      0 250751808 165380 6431352    0    0     0   118 27063 127569  4  2 93  0  0
 4  0      0 250631696 165388 6431600    0    0     0   154 27633 127345  4  3 93  0  0
 4  0      0 250642320 165408 6431708    0    0     0   107 27980 121477  4  3 93  0  0
 3  0      0 250614032 165476 6431872    0    0     0    98 29131 119734  4  3 93  0  0
 2  0      0 250627712 165548 6432064    0    0     0   112 27257 128903  4  2 93  0  0
 4  0      0 250515984 165576 6473296    0    0     0   127 29272 137749  4  2 93  0  0
 3  0      0 250543808 165596 6473944    0    0     0   205 29716 126645  4  3 93  0  0
 4  0      0 250628160 165608 6474096    0    0     0   136 27103 121819  4  2 93  0  0
 2  0      0 250605072 165624 6474288    0    0     0   111 27749 122371  4  2 94  0  0
 3  0      0 250612416 165640 6474504    0    0     0   117 27869 127534  4  2 93  0  0
 3  0      0 250543072 165656 6474696    0    0     0   142 29130 130430  4  2 93  0  0
 9  0      0 257492032 165780 2254204    0    0     0   130 18064 63655  9  4 87  0  0
 1  0      0 250898288 165876 6879892    0    0     0   236 35804 137172 16  4 79  0  0
 2  0      0 250228208 165896 7301292    0    0     0    90 29964 128504  5  3 93  0  0
 3  0      0 250004848 165908 7300928    0    0     0   114 28965 116614  4  2 93  0  0
 3  0      0 249815600 165924 7612904    0    0     0    87 32148 127843  5  3 93  0  0
procs -----------memory---------- ---swap-- -----io---- -system-- ------cpu-----
 r  b   swpd   free   buff  cache   si   so    bi    bo   in   cs us sy id wa st
 4  0      0 249656608 165940 7614848    0    0     0    91 30927 131651  5  2 93  0  0
 3  0      0 249519328 165952 7615004    0    0     0   107 33460 128212  5  2 93  0  0
 1  0      0 249514112 165968 7614644    0    0     0   145 29671 127381  4  2 93  0  0
 1  0      0 249409280 165984 7617976    0    0     0   108 31028 131524  5  3 93  0  0
 3  0      0 249495568 166000 7627476    0    0     0    91 26833 124088  4  2 93  0  0
 6  0      0 249461600 166064 7628604    0    0     0   118 29292 140975  5  2 93  0  0
 2  0      0 249067296 166148 7778380    0    0     0   117 29633 133148  5  2 93  0  0
 6  0      0 249173600 166176 7778192    0    0     0   119 31627 128053  5  2 93  0  0
 5  0      0 249378592 166192 7779008    0    0     0   185 33686 134106  5  2 93  0  0
 1  0      0 249484512 166208 7779864    0    0     0   109 29918 124838  5  3 93  0  0
 3  0      0 249353312 166216 7780052    0    0     0   124 30879 125594  5  2 93  0  0
 4  0      0 249375904 166232 7779536    0    0     0   120 26964 126290  5  2 93  0  0
 1  0      0 249303104 166244 7779868    0    0     0   105 30673 129053  5  2 93  0  0
 1  0      0 249261328 166256 7779740    0    0     0   122 29955 136863  5  2 93  0  0
 0  0      0 259563184 166308 2260484    0    0     0   187 21977 87628  3  5 92  0  0
 4  0      0 251162832 166488 6552172    0    0     0   237 26272 118083 23  5 72  0  0
 3  0      0 250510032 166508 6902696    0    0     0   112 31763 121605  4  3 93  0  0
 2  0      0 249761872 166524 7357596    0    0     0    66 29218 127731  4  3 93  0  0
 5  0      0 249750656 166540 7357820    0    0     0   108 29069 120074  4  2 93  0  0
 5  0      0 249660128 166556 7358096    0    0     0   105 27200 123697  5  2 93  0  0
 1  0      0 249650816 166572 7410564    0    0     0    86 29013 123355  4  2 93  0  0
procs -----------memory---------- ---swap-- -----io---- -system-- ------cpu-----
 r  b   swpd   free   buff  cache   si   so    bi    bo   in   cs us sy id wa st
 6  0      0 249480352 166592 7413708    0    0     0   158 27060 122632  4  3 93  0  0
 4  0      0 249298944 166612 7413620    0    0     0   107 26743 120541  4  2 93  0  0
10  0      0 249309216 166628 7413804    0    0     0    90 26829 124519  4  2 93  0  0
 2  0      0 249317696 166688 7413832    0    0     0    93 29738 120386  4  2 93  0  0
 1  0      0 249237808 166764 7414228    0    0     0   124 29733 118016  4  2 93  0  0
 6  0      0 248860512 166804 7660140    0    0     0   121 30431 123902  5  2 93  0  0
 5  0      0 248987904 166820 7660252    0    0     0   182 32913 115301  5  2 93  0  0
 6  0      0 249060544 166836 7661740    0    0     0   114 28680 122808  5  2 93  0  0
 4  0      0 249033280 166848 7660828    0    0     0   135 28633 120234  4  2 93  0  0
 3  0      0 249033088 166864 7660816    0    0     0   110 27781 123354  4  2 93  0  0
 2  0      0 249040464 166876 7661492    0    0     0   128 30468 123040  4  2 93  0  0
 4  0      0 249003424 166884 7661444    0    0     0   111 28221 120674  4  2 93  0  0
 6  0      0 255696624 167100 2767004    0    0     0   198 17076 61605 21  5 73  0  0
 4  0      0 250029072 167120 7555012    0    0     0   218 28495 123351  5  3 92  0  0
 1  0      0 248903808 167140 8382584    0    0     0   104 26358 122724  5  3 92  0  0
 3  0      0 248410944 167156 8665296    0    0     0   102 26339 122747  5  2 93  0  0
 2  0      0 248480832 167172 8666696    0    0     0    54 27250 121227  5  2 93  0  0
 5  0      0 248327376 167188 8665864    0    0     0    77 28667 120622  5  2 93  0  0
 5  0      0 248320672 167204 8665820    0    0     0    90 27006 121002  5  2 93  0  0
 2  0      0 247860224 167220 8781724    0    0     0   144 29427 126241  5  2 93  0  0
 3  0      0 247850592 167232 8782404    0    0     0    99 28533 110189  4  2 93  0  0
procs -----------memory---------- ---swap-- -----io---- -system-- ------cpu-----
 r  b   swpd   free   buff  cache   si   so    bi    bo   in   cs us sy id wa st
 5  0      0 247999456 167252 8781956    0    0     0    95 28897 130699  5  2 93  0  0
 3  0      0 247924336 167288 8783616    0    0     0   119 32607 128017  5  2 93  0  0
 3  0      0 247815136 167352 8782956    0    0     0   102 26564 123057  5  2 93  0  0
 4  0      0 247778944 167408 8783312    0    0     0   123 27191 129962  5  2 92  0  0
 5  0      0 247772000 167424 8783456    0    0     0   218 27255 121180  5  2 92  0  0
 3  0      0 247983808 167440 8783988    0    0     0   125 27259 112011  5  2 93  0  0
 4  0      0 248002720 167456 8783888    0    0     0   113 27827 112057  5  2 93  0  0
 5  0      0 247938000 167472 8784984    0    0     0   105 27201 113073  5  2 93  0  0
 1  0      0 248024624 167488 8784248    0    0     0   121 29080 115558  5  2 93  0  0
 2  0      0 248003216 167508 8784748    0    0     0   175 26858 124743  5  2 93  0  0
10  1      0 247921472 167532 8784708    0    0     0   137 28306 121783  5  2 93  0  0
 4  0      0 247880432 167540 8784676    0    0     0   108 30027 121520  5  2 93  0  0
81  0      0 255772704 167688 2460356    0    0     0   156 15122 49998 13  6 81  0  0
 6  0      0 250148960 167772 7346096    0    0     0   243 28675 128560 13  4 83  0  0
 2  0      0 248651088 167792 8336860    0    0     0   103 29005 128056  5  3 93  0  0
 2  0      0 248484608 167808 8337884    0    0     0    76 26294 113782  5  2 93  0  0
 5  0      0 248533600 167824 8337388    0    0     0    67 26358 114774  5  2 93  0  0
 8  0      0 248299568 167840 8454696    0    0     0   106 29645 125640  5  2 93  0  0
 1  0      0 248002176 167856 8639200    0    0     0   105 32220 127375  5  2 93  0  0
 2  0      0 247741744 167872 8831892    0    0     0   148 32275 122834  5  2 93  0  0
 7  0      0 247608944 167892 8831808    0    0     0   104 26994 124689  5  2 93  0  0
procs -----------memory---------- ---swap-- -----io---- -system-- ------cpu-----
 r  b   swpd   free   buff  cache   si   so    bi    bo   in   cs us sy id wa st
 6  0      0 247504096 167916 8831680    0    0     0    89 27101 129871  5  2 93  0  0
 4  0      0 247496800 167956 8831292    0    0     0   114 27123 124366  5  2 93  0  0
 2  0      0 247474496 168056 8831688    0    0     0   104 32546 127354  5  2 93  0  0
 2  0      0 247313280 168084 8831916    0    0     0   147 29279 123409  5  2 93  0  0
 2  0      0 247388400 168100 9020388    0    0     0   186 27319 132726  5  2 92  0  0
 2  0      0 247502112 168112 9021456    0    0     0   133 27064 129417  5  2 93  0  0
 1  0      0 247474016 168128 9021224    0    0     0   129 26695 118667  5  2 93  0  0
 3  0      0 247383808 168144 9021008    0    0     0   114 26749 125607  5  2 93  0  0
 3  0      0 247297136 168160 9021220    0    0     0   108 30949 116150  5  2 93  0  0
 1  0      0 247334464 168172 9021224    0    0     0   117 26942 127217  5  2 93  0  0
 0  0      0 247588800 168188 9021344    0    0     0   136 16559 38677  1  1 98  0  0
 0  0      0 247601392 168196 9021344    0    0     0    42 14922 25371  0  0 99  0  0
 0  0      0 247605856 168212 9021348    0    0     0    24 15213 26160  1  0 99  0  0
 0  0      0 247611728 168228 9021356    0    0     0    20 14988 25523  1  0 99  0  0
 0  0      0 247620576 168244 9021360    0    0     0    37 14853 25380  0  0 99  0  0
 2  0      0 259328928 168320 2281040    0    0     0   141 14757 24935  2  3 95  0  0
 5  0      0 255644832 168524 2335024    0    0     0   259 15949 61272 22  3 74  0  0
 6  0      0 255447168 168608 2337392    0    0     0   234 22997 106617  8  2 90  0  0
 2  0      0 255366048 168684 2338960    0    0     0   270 23026 105306  8  2 90  0  0
 9  0      0 255326336 168704 2340116    0    0     0   195 23110 105933  8  2 90  0  0
 0  0      0 259615488 168732 2287816    0    0     0   193 21796 95344  7  2 90  0  0
procs -----------memory---------- ---swap-- -----io---- -system-- ------cpu-----
 r  b   swpd   free   buff  cache   si   so    bi    bo   in   cs us sy id wa st
 6  0      0 255248992 168952 2394968    0    0     0   395 19227 74623 24  3 73  0  0
 7  0      0 255010272 169036 2399180    0    0     0   236 22678 99673  8  2 90  0  0
 2  0      0 254882784 169108 2400304    0    0     0   242 22798 101077  8  2 90  0  0
 4  0      0 254779648 169128 2401380    0    0     0   218 22629 98561  8  2 90  0  0
 3  0      0 254769088 169144 2402432    0    0     0   214 22657 97064  8  2 90  0  0
 3  0      0 255078496 169352 2450796    0    0     0   380 18258 67859 23  4 73  0  0
 4  0      0 254620960 169364 2457688    0    0     0   228 22462 98679  8  2 90  0  0
 4  0      0 254487008 169496 2458676    0    0     0   211 22533 96045  8  2 90  0  0
 5  0      0 254318656 169516 2459732    0    0     0   210 22538 96834  8  2 90  0  0
 8  0      0 254279712 169532 2464276    0    0     0   218 22576 95650  8  2 90  0  0
52  0      0 257942480 169576 2302612    0    0     0   165 15554 60382 11  3 86  0  0
 4  0      0 254344704 169748 2519452    0    0     0   339 25189 100774 21  3 76  0  0
 3  0      0 254160032 169856 2520388    0    0     0   235 22155 91594  8  2 89  0  0
 5  0      0 253805152 169896 2521328    0    0     0   121 22334 92435  8  2 90  0  0
 1  0      0 253721136 169912 2522316    0    0     0   227 22513 94599  8  2 90  0  0
 5  0      0 253666496 169928 2523272    0    0     0   218 22361 91851  8  2 90  0  0
10  0      0 255751680 170144 2390652    0    0     0   227 17381 62830 24  4 72  0  0
 6  0      0 253962656 170152 2572752    0    0     0   306 22794 79489  7  2 91  0  0
 5  0      0 253656800 170208 2575484    0    0     0   207 22098 80194  8  2 90  0  0
 5  0      0 253476864 170300 2576288    0    0     0   181 22317 82007  8  2 90  0  0
 3  0      0 253034528 170316 2577072    0    0     0   207 22265 81062  8  2 91  0  0
procs -----------memory---------- ---swap-- -----io---- -system-- ------cpu-----
 r  b   swpd   free   buff  cache   si   so    bi    bo   in   cs us sy id wa st
 1  0      0 253079568 170320 2579748    0    0     0   204 22260 80422  8  2 91  0  0
 5  0      0 253047264 170328 2580832    0    0     0   188 22314 82650  8  2 90  0  0
70  0      0 255882848 170468 2357452    0    0     0   298 15211 41710 15  3 81  0  0
 1  0      0 253964368 170548 4118504    0    0     0   283 22404 66011 12  2 86  0  0
 2  0      0 253657328 170564 4352308    0    0     0   149 19760 56585  5  1 94  0  0
 1  0      0 253628432 170580 4352616    0    0     0   113 19601 55545  4  1 95  0  0
 3  0      0 253577120 170592 4352944    0    0     0   112 19793 55785  5  1 94  0  0
 1  0      0 253544896 170612 4358336    0    0     0   118 19672 55015  4  1 95  0  0
 2  0      0 253497728 170740 4358708    0    0     0    71 19679 55594  5  1 94  0  0
 1  0      0 253478624 170776 4374248    0    0     0   256 19637 55225  5  1 94  0  0
 1  0      0 253484816 170788 4374592    0    0     0   159 19715 56675  5  1 94  0  0
 3  0      0 253492464 170800 4374900    0    0     0   160 19682 55589  5  1 94  0  0
 4  0      0 253447216 170816 4375248    0    0     0   161 19544 55854  5  1 94  0  0
 5  0      0 254546048 171028 3592784    0    0     0   420 16820 48488 22  4 74  0  0
 3  0      0 253713664 171040 4260716    0    0     0   137 19333 56826  5  1 94  0  0
 5  0      0 253665184 171060 4261048    0    0     0   108 19711 58400  5  1 94  0  0
 1  0      0 253594928 171076 4261376    0    0     0   101 19818 57848  5  1 94  0  0
 1  0      0 253541392 171096 4261760    0    0     0   105 19828 57684  5  1 94  0  0
 1  0      0 253533648 171216 4262072    0    0     0   126 19800 57082  5  1 94  0  0
 4  0      0 253481792 171252 4271004    0    0     0   248 19770 56501  5  1 94  0  0
 2  0      0 253500336 171268 4279184    0    0     0   189 19792 56184  5  1 94  0  0
procs -----------memory---------- ---swap-- -----io---- -system-- ------cpu-----
 r  b   swpd   free   buff  cache   si   so    bi    bo   in   cs us sy id wa st
 2  0      0 253466560 171284 4279508    0    0     0   156 19841 56982  5  1 94  0  0
 0  0      0 259497280 171340 2329948    0    0     0   176 17699 47556  4  2 94  0  0
 3  0      0 253401632 171516 4602648    0    0     0   247 18171 52073 22  3 75  0  0
 3  0      0 252776800 171536 5117092    0    0     0   120 18178 44816  4  1 95  0  0
 2  0      0 252501680 171548 5300812    0    0     0    95 18600 46515  4  1 95  0  0
 4  0      0 252441120 171564 5326060    0    0     0   115 18651 45866  4  1 95  0  0
 1  0      0 252438256 171580 5326276    0    0     0   115 18508 44975  4  1 95  0  0
 1  0      0 252344704 171596 5326476    0    0     0    99 18727 45733  4  1 95  0  0
 1  0      0 252327584 171612 5326972    0    0     0   144 18463 44403  4  1 95  0  0
 4  0      0 252308768 171628 5327152    0    0     0   112 18698 45623  4  1 95  0  0
 2  0      0 252277904 171716 5327344    0    0     0   133 18498 44560  4  1 95  0  0
 1  0      0 252231232 171772 5327568    0    0     0   147 18498 44639  4  1 95  0  0
 1  0      0 252216368 171780 5328556    0    0     0   148 18543 45557  4  1 95  0  0
 1  0      0 252338768 171792 5328764    0    0     0   122 18409 43819  4  1 95  0  0
 2  0      0 252309040 171808 5329412    0    0     0   165 18495 45582  4  1 95  0  0
 3  0      0 252273328 171820 5330384    0    0     0    91 18410 45143  4  1 95  0  0
 1  0      0 252294416 171836 5330588    0    0     0   110 18496 44113  4  1 95  0  0
 1  0      0 252245392 171852 5330804    0    0     0   141 18522 45588  4  1 95  0  0
 3  0      0 255077984 172080 3238744    0    0     0   334 16072 41768 21  4 75  0  0
 1  0      0 252741568 172096 5104956    0    0     0   126 18011 45086  4  1 95  0  0
 2  0      0 252560624 172116 5183312    0    0     0   112 18636 46628  4  1 95  0  0
procs -----------memory---------- ---swap-- -----io---- -system-- ------cpu-----
 r  b   swpd   free   buff  cache   si   so    bi    bo   in   cs us sy id wa st
 2  0      0 252425312 172132 5259308    0    0     0   100 18714 46324  4  1 95  0  0
 1  0      0 252346768 172212 5306164    0    0     0   258 19245 46968  4  1 95  0  0
 2  0      0 252256464 172232 5346320    0    0     0   150 18703 46954  4  1 95  0  0
 1  0      0 252134720 172252 5346816    0    0     0   134 18858 46503  4  1 95  0  0
 7  0      0 252090352 172272 5347052    0    0     0   149 18661 46236  4  1 95  0  0
 1  0      0 252064080 172368 5347288    0    0     0   136 18624 45778  4  1 95  0  0
 3  0      0 252056032 172428 5347508    0    0     0   136 18648 46343  4  1 95  0  0
 2  0      0 252012176 172444 5398476    0    0     0   131 18725 46569  4  1 95  0  0
 2  0      0 252055296 172456 5398696    0    0     0   144 18656 46444  4  1 95  0  0
 2  0      0 252007680 172468 5399296    0    0     0   135 18689 46517  4  1 95  0  0
 2  0      0 251968528 172484 5410488    0    0     0   228 18727 45892  4  1 95  0  0
 1  0      0 256275440 172500 5324092    0    0     0   125 19018 45182  4  2 94  0  0
 6  0      0 251968000 172704 5867880    0    0     3   289 21563 86181 22  4 74  0  0
 6  0      0 251166592 172720 6516572    0    0     0   130 28084 142354  4  3 93  0  0
 1  0      0 250873184 172740 6601108    0    0     0   103 30900 139848  4  3 93  0  0
 2  0      0 250894128 172756 6601252    0    0     0   109 32028 128810  4  2 94  0  0
 2  0      0 250811616 172772 6601384    0    0     0    96 28966 125013  4  3 93  0  0
 3  1      0 250720960 172788 6601556    0    0     0    94 28656 126484  4  2 93  0  0
 1  0      0 250712480 172808 6602056    0    0     0   143 32332 127020  4  2 93  0  0
 2  0      0 250610704 172824 6602252    0    0     0   109 27449 129978  4  3 93  0  0
 4  0      0 250689184 172848 6602528    0    0     0   114 30174 138066  4  2 93  0  0
procs -----------memory---------- ---swap-- -----io---- -system-- ------cpu-----
 r  b   swpd   free   buff  cache   si   so    bi    bo   in   cs us sy id wa st
 4  0      0 250687904 172912 6602592    0    0     0   104 31881 123343  4  2 94  0  0
 5  0      0 250524272 172992 6602788    0    0     0   146 32031 128031  4  3 93  0  0
 3  0      0 250502896 173016 6603020    0    0     0   130 31370 128860  4  3 93  0  0
 5  0      0 250632288 173032 6603524    0    0     0   195 29763 124716  4  3 93  0  0
 4  0      0 250750352 173048 6603700    0    0     0   108 29434 129318  4  3 93  0  0
 4  0      0 250616720 173064 6682404    0    0     0   114 29930 135765  4  3 93  0  0
 4  0      0 250577456 173088 6682564    0    0     0   129 31453 122480  4  3 93  0  0
 4  0      0 250573504 173104 6682744    0    0     0   122 31325 124059  4  2 94  0  0
 3  0      0 250513632 173120 6683028    0    0     0   124 32021 129605  4  2 94  0  0
 0  0      0 259481152 173196 2347148    0    0     0   128 22867 85641  3  4 93  0  0
 2  0      0 251815648 173376 5981276    0    0     5   331 27675 122712 23  4 73  0  0
 4  0      0 251144608 173396 6315500    0    0     0   126 30484 128165  4  3 93  0  0
 4  0      0 250837392 173408 6500788    0    0     0   105 30441 126397  4  3 93  0  0
 4  0      0 250781552 173424 6501008    0    0     0    98 33240 132544  4  2 93  0  0
 6  0      0 250829472 173440 6501144    0    0     0    98 32548 127010  4  2 93  0  0
 2  0      0 250660912 173456 6501360    0    0     0   103 30494 130859  4  2 93  0  0
 5  0      0 250516320 173476 6501848    0    0     0   165 33267 125487  4  2 93  0  0
 2  0      0 250348992 173496 6620448    0    0     0   117 30573 137381  4  2 93  0  0
 4  0      0 250426272 173520 6620592    0    0     0    94 28542 130703  4  3 93  0  0
 2  0      0 250384192 173620 6620800    0    0     0   111 28453 125409  4  3 93  0  0
 3  0      0 250301104 173660 6621000    0    0     0   125 31516 129558  4  2 93  0  0
procs -----------memory---------- ---swap-- -----io---- -system-- ------cpu-----
 r  b   swpd   free   buff  cache   si   so    bi    bo   in   cs us sy id wa st
 2  0      0 250306112 173676 6621160    0    0     0   147 33827 122568  4  3 93  0  0
 3  0      0 250468720 173696 6621904    0    0     7   180 31138 127944  4  3 93  0  0
 2  0      0 250430400 173712 6622076    0    0     0   150 27757 123058  4  2 94  0  0
 3  0      0 250402912 173728 6622244    0    0     0   130 31110 119155  4  2 94  0  0
 6  0      0 250353888 173744 6622424    0    0     0    82 29605 129012  4  3 93  0  0
 1  0      0 258716272 173764 2894948    0    0     0   110 27970 118275  4  4 92  0  0
 2  0      0 250748672 173980 6929956    0    0     0   283 20163 88130 22  4 74  0  0
 2  0      0 250002944 173996 7560368    0    0     0   130 29172 135871  5  3 93  0  0
 7  0      0 249860016 174016 7560652    0    0     0    84 31836 130153  4  2 93  0  0
 1  0      0 249584096 174032 7715512    0    0     0    92 26896 129495  5  2 93  0  0
 2  0      0 249206944 174048 7926396    0    0     0   108 27185 133070  5  2 93  0  0
 2  0      0 249146176 174064 7926204    0    0     0    92 27212 134591  5  2 93  0  0
 1  0      0 249087040 174080 7927392    0    0     0   142 27177 131611  5  2 93  0  0
 1  0      0 248889024 174100 8029176    0    0     0    94 27108 133438  5  2 93  0  0
 3  0      0 248928176 174120 8028580    0    0     0   112 28191 121645  4  3 93  0  0
 5  0      0 248921088 174172 8028492    0    0     0   108 26937 131647  5  2 93  0  0
 5  0      0 248788928 174260 8028676    0    0     0   154 26856 135217  5  2 93  0  0
 3  0      0 248743520 174296 8029472    0    0     0   134 27130 131880  5  2 93  0  0
 4  0      0 248938400 174312 8031224    0    0     0   182 26780 127716  5  2 93  0  0
 7  0      0 248979456 174328 8029736    0    0     0   139 27059 137845  5  3 92  0  0
 1  0      0 249022368 174336 8030636    0    0     0   112 30302 128561  5  2 93  0  0
procs -----------memory---------- ---swap-- -----io---- -system-- ------cpu-----
 r  b   swpd   free   buff  cache   si   so    bi    bo   in   cs us sy id wa st
 4  0      0 249006720 174352 8030056    0    0     0   111 29122 129695  5  2 93  0  0
 3  1      0 248963312 174368 8030636    0    0     0   109 29536 126179  4  2 93  0  0
 4  0      0 248904160 174384 8031124    0    0     0    83 30716 123777  4  2 93  0  0
 0  0      0 259476448 174404 2359812    0    0     0   210 27283 108944  4  5 91  0  0
 2  0      0 251309872 174612 6383944    0    0     0   282 23630 87807 22  4 74  0  0
 3  0      0 249994064 174628 7302552    0    0     0   164 26617 129335  5  3 93  0  0
 5  0      0 249767280 174648 7302840    0    0     0    90 28558 122255  4  3 93  0  0
 4  0      0 249719264 174664 7312184    0    0     0    90 29147 129650  5  2 93  0  0
 6  0      0 249678624 174680 7312532    0    0     0    94 30181 125240  5  2 93  0  0
 6  0      0 249678736 174696 7312664    0    0     0    90 28963 118199  5  2 93  0  0
 3  0      0 249564960 174712 7313200    0    0     0   145 28944 118427  5  2 93  0  0
 3  0      0 249315136 174728 7313388    0    0     0    87 29687 120946  5  3 92  0  0
 5  1      0 249282416 174744 7313616    0    0     0   102 28852 115558  5  2 93  0  0
 4  0      0 249409904 174772 7313960    0    0     0    88 30865 119559  5  2 92  0  0
 5  1      0 249303584 174868 7313996    0    0     0   122 29435 121859  5  2 93  0  0
 3  1      0 249229984 174920 7314152    0    0     0   130 30336 118638  5  2 93  0  0
 5  1      0 249283920 174928 7314764    0    0     0   186 28474 114871  5  2 93  0  0
 4  2      0 249383952 174940 7314720    0    0     0   108 28206 118728  5  2 92  0  0
 4  0      0 249550432 174952 7315056    0    0     0    85 32447 116807  5  2 93  0  0
 2  0      0 249531040 174968 7314964    0    0     0    97 32098 116112  5  2 93  0  0
 1  0      0 249393856 174984 7315200    0    0     0    79 32024 117706  5  2 93  0  0
procs -----------memory---------- ---swap-- -----io---- -system-- ------cpu-----
 r  b   swpd   free   buff  cache   si   so    bi    bo   in   cs us sy id wa st
 2  0      0 249345808 174992 7315456    0    0     0   118 27102 117627  5  2 93  0  0
 2  0      0 249618208 175004 7315920    0    0     0   177 26442 117232  4  2 93  0  0
 5  0      0 251510800 175224 6285920    0    0     0   170 19568 68957 22  6 72  0  0
 4  0      0 249052960 175240 8231360    0    0     0   211 28458 123536  5  3 93  0  0
 4  0      0 248376368 175260 8871520    0    0     0   146 29981 127334  5  3 93  0  0
 2  0      0 248191520 175272 8871756    0    0     0    96 28119 112073  4  2 93  0  0
 5  0      0 248237552 175284 8871908    0    0     0   102 27486 126395  5  2 93  0  0
 1  0      0 247631776 175300 9210772    0    0     0   100 28674 127250  5  2 93  0  0
 5  0      0 247631136 175316 9210428    0    0     0   144 26611 132360  5  2 93  0  0
 4  0      0 247578480 175332 9211236    0    0     0    88 26716 122385  5  2 93  0  0
 2  0      0 247468800 175348 9211072    0    0     0    89 28565 112097  5  2 93  0  0
 1  0      0 247572224 175368 9211460    0    0     0    95 29692 119327  5  2 93  0  0
 5  0      0 247601072 175416 9211132    0    0     0    90 29866 125036  5  2 93  0  0
 3  0      0 247371232 175500 9212688    0    0     0   148 27395 125673  5  2 93  0  0
 3  0      0 247356832 175540 9211428    0    0     0   187 26327 120988  5  2 93  0  0
 4  0      0 247311600 175556 9212348    0    0     0   122 28877 120765  5  2 93  0  0
 2  0      0 247652688 175572 9213008    0    0     0   114 27460 118881  5  2 93  0  0
 4  0      0 247708896 175588 9212376    0    0     0   127 26564 124005  5  2 93  0  0
 4  0      0 247527888 175604 9269152    0    0     0   106 26838 123354  5  2 93  0  0
 1  0      0 247441456 175620 9269912    0    0     0   131 26806 124528  5  2 93  0  0
 3  0      0 247529904 175632 9270084    0    0     0   184 28243 125229  5  2 93  0  0
procs -----------memory---------- ---swap-- -----io---- -system-- ------cpu-----
 r  b   swpd   free   buff  cache   si   so    bi    bo   in   cs us sy id wa st
 4  0      0 247404880 175648 9271384    0    0     0   143 27276 130194  5  2 92  0  0
 0  0      0 259378928 175696 2375884    0    0     0   138 20467 90398  4  5 91  0  0
 2  0      0 250522800 175880 7029744    0    0     0   278 24062 97132 23  5 73  0  0
 3  0      0 249335760 175900 7813260    0    0     0   123 28533 121473  5  3 93  0  0
 6  0      0 248495744 175916 8428832    0    0     0    62 26694 124404  5  2 93  0  0
 4  0      0 248025824 175932 8743608    0    0     0    89 26402 120582  5  2 93  0  0
 2  0      0 247980304 175948 8743824    0    0     0    86 29319 116432  5  2 93  0  0
 1  0      0 247963472 175964 8744648    0    0     0   107 32526 118973  5  2 93  0  0
 3  0      0 247831472 175980 8745236    0    0     0   142 27840 114157  5  2 93  0  0
 3  0      0 247557664 175996 8744812    0    0     0   109 29488 116813  5  2 93  0  0
 2  0      0 247639296 176012 8744924    0    0     0    89 27931 116973  5  2 93  0  0
 2  0      0 247504432 176032 8744932    0    0     0   107 28768 112508  5  2 93  0  0
 3  0      0 247514672 176128 8745060    0    0     0   271 26759 114096  5  2 93  0  0
 2  0      0 247554208 176208 8745140    0    0     0   137 28615 108494  4  2 93  0  0
 6  0      0 247362624 176248 8745820    0    0     0   203 30888 117254  5  2 93  0  0
 2  0      0 247475936 176264 8745988    0    0     0   112 26743 111506  5  2 93  0  0
 1  0      0 247653264 176280 8746360    0    0     0   147 28272 116775  5  2 93  0  0
 4  0      0 247609760 176288 8746300    0    0     0   116 30449 112188  5  2 93  0  0
 6  0      0 247504576 176304 8746464    0    0     0   120 26611 114580  5  2 93  0  0
 3  0      0 247518784 176320 8746656    0    0     0   114 26437 111600  5  2 93  0  0
 7  0      0 247543648 176336 8747248    0    0     0   174 26379 112345  5  2 93  0  0
procs -----------memory---------- ---swap-- -----io---- -system-- ------cpu-----
 r  b   swpd   free   buff  cache   si   so    bi    bo   in   cs us sy id wa st
 1  0      0 247784720 176352 8748524    0    0     0   100 23564 94589  4  2 94  0  0
 1  0      0 247794464 176364 8748536    0    0     0    14 15027 25378  0  0 99  0  0
 0  0      0 247801584 176380 8748536    0    0     0    41 14957 25337  0  0 99  0  0
 1  0      0 247809056 176396 8748536    0    0     0    14 14999 25302  0  0 99  0  0
 0  0      0 247817600 176412 8748544    0    0     0    22 15112 25308  0  0 99  0  0
 2  0      0 247828192 176428 8748856    0    0     0   100 15023 25269  0  0 99  0  0
 1  0      0 247833984 176444 8748856    0    0     0    25 15034 25261  0  0 99  0  0
 1  0      0 247838880 176460 8748860    0    0     0    44 15025 25256  0  0 99  0  0
 0  0      0 247841728 176476 8748864    0    0     0    18 14808 25181  0  0 99  0  0
 1  0      0 247847408 176488 8748868    0    0     0    36 14830 25191  0  0 99  0  0
 1  0      0 247854080 176504 8748884    0    0     0    16 14791 25173  0  0 99  0  0
 1  0      0 247856928 176520 8749256    0    0     0   106 15005 25265  0  0 99  0  0
 1  0      0 247857856 176540 8749260    0    0     0    48 15038 25204  0  0 99  0  0
 0  0      0 247860064 176556 8749260    0    0     0    34 14976 25208  0  0 99  0  0
 1  0      0 247863136 176572 8749260    0    0     0    14 14930 25178  0  0 99  0  0
 0  0      0 247866720 176588 8749264    0    0     0    17 15077 25195  0  0 99  0  0
 1  0      0 247871376 176604 8749284    0    0     0    35 14882 25182  0  0 99  0  0
 0  0      0 247863392 176640 8749872    0    0     0   305 15035 25243  1  0 99  0  0
 0  0      0 247866320 176660 8749876    0    0     0    38 14872 25258  0  0 99  0  0
 0  0      0 247870112 176704 8750032    0    0     0   247 14897 25256  0  0 99  0  0
 0  0      0 247874032 176712 8750036    0    0     0    44 14784 25120  0  0 99  0  0
procs -----------memory---------- ---swap-- -----io---- -system-- ------cpu-----
 r  b   swpd   free   buff  cache   si   so    bi    bo   in   cs us sy id wa st
 0  0      0 247879200 176728 8750036    0    0     0    18 14741 25162  0  0 99  0  0
 0  0      0 247882816 176744 8750036    0    0     0    53 14853 25159  0  0 99  0  0
 0  0      0 247888336 176880 8750384    0    0     0   136 14810 25155  0  0 99  0  0
 1  0      0 247893568 176896 8750384    0    0     0    18 14973 27208  1  0 99  0  0
 0  0      0 247898592 176912 8750384    0    0     0    38 14723 25168  0  0 99  0  0
 0  0      0 247902912 176928 8750388    0    0     0    21 14768 25151  0  0 99  0  0
 0  0      0 247907568 176944 8750392    0    0     0    51 14762 25177  0  0 99  0  0
 0  0      0 247911488 176956 8750396    0    0     0    16 14632 25090  0  0 99  0  0
 0  0      0 247913280 177032 8750768    0    0     0   106 14635 25135  0  0 99  0  0
 1  0      0 247916192 177048 8750772    0    0     0    59 14761 25171  0  0 99  0  0
 0  0      0 247917520 177064 8750780    0    0     0    36 14811 25163  0  0 99  0  0
 0  0      0 247916160 177080 8750780    0    0     0    48 14813 25190  0  0 99  0  0
 0  0      0 247917888 177092 8750780    0    0     0    18 14653 25098  0  0 99  0  0
 0  0      0 247919360 177108 8750784    0    0     0    33 14626 25113  0  0 99  0  0
 0  0      0 247923488 177124 8751208    0    0     0   107 14800 25112  0  0 99  0  0
 0  0      0 247925680 177140 8751208    0    0     0    64 14820 25118  0  0 99  0  0
 0  0      0 247926560 177156 8751212    0    0     0    19 14741 25109  0  0 99  0  0
 1  0      0 247924528 177172 8751216    0    0     0    38 14789 25172  0  0 99  0  0
 0  0      0 247924352 177184 8751220    0    0     0    15 14732 25168  0  0 99  0  0
 1  0      0 247926896 177200 8751220    0    0     0    34 14948 25228  0  0 99  0  0
 0  0      0 247928320 177216 8751532    0    0     0   132 14845 25162  0  0 99  0  0
procs -----------memory---------- ---swap-- -----io---- -system-- ------cpu-----
 r  b   swpd   free   buff  cache   si   so    bi    bo   in   cs us sy id wa st
 0  0      0 247928720 177228 8751540    0    0     0    66 14867 25193  0  0 99  0  0
 0  0      0 247928192 177244 8751544    0    0     0    23 14792 25169  0  0 99  0  0
 0  0      0 247931024 177260 8751544    0    0     0    34 14971 25126  0  0 99  0  0
 0  0      0 247930784 177276 8751548    0    0     0    40 14725 25044  0  0 99  0  0
 0  0      0 247931104 177292 8751564    0    0     0    41 14881 25096  0  0 99  0  0
 0  0      0 247933008 177304 8751968    0    0     0   109 14783 25071  0  0 99  0  0
 0  0      0 247933760 177320 8751976    0    0     0    59 14854 25107  0  0 99  0  0
 1  0      0 247934016 177336 8751976    0    0     0    18 14988 25111  0  0 99  0  0
 3  0      0 247934640 177352 8751984    0    0     0    18 14791 25094  0  0 99  0  0
 0  0      0 247934464 177368 8751984    0    0     0    42 14908 25166  0  0 99  0  0
 0  0      0 247932928 177384 8751984    0    0     0    40 14806 25102  0  0 99  0  0
 1  0      0 247933664 177404 8752392    0    0     0   134 14644 25086  0  0 99  0  0
 0  0      0 247933024 177412 8752396    0    0     0    32 14759 25133  0  0 99  0  0
 1  0      0 247932720 177428 8752404    0    0     0    33 14722 25134  0  0 99  0  0
 0  0      0 247932960 177440 8752408    0    0     0    52 14738 25073  0  0 99  0  0
 1  0      0 247930304 177456 8752408    0    0     0    16 14769 25089  0  0 99  0  0
 0  0      0 247927600 177472 8752428    0    0     0    40 14891 25129  0  0 99  0  0
 0  0      0 247927744 177488 8752768    0    0     0   124 14760 25082  0  0 99  0  0
 0  0      0 247929136 177504 8752768    0    0     0    14 14784 25082  0  0 99  0  0
 0  0      0 247929024 177512 8752772    0    0     0    30 14836 25122  0  0 99  0  0
 0  0      0 247928288 177528 8752772    0    0     0    30 14872 25130  0  0 99  0  0
procs -----------memory---------- ---swap-- -----io---- -system-- ------cpu-----
 r  b   swpd   free   buff  cache   si   so    bi    bo   in   cs us sy id wa st
 1  0      0 247928944 177544 8752772    0    0     0    40 14820 25181  0  0 99  0  0
 0  0      0 247928944 177560 8752792    0    0     0    53 14823 25172  0  0 99  0  0
 0  0      0 247931296 177576 8753128    0    0     0   145 14724 25178  0  0 99  0  0
 0  0      0 247934400 177592 8753128    0    0     0    30 14722 25105  0  0 99  0  0
 0  0      0 247936784 177608 8753136    0    0     0    20 14695 25137  0  0 99  0  0
 0  0      0 247937616 177624 8753136    0    0     0    16 14682 25132  0  0 99  0  0
 0  0      0 247939840 177640 8753144    0    0     0    17 14645 25118  0  0 99  0  0
 0  0      0 247941264 177656 8753148    0    0     0    18 14665 25156  0  0 99  0  0
 0  0      0 247938816 177672 8753584    0    0     0   152 14837 25966  1  0 99  0  0
 2  0      0 256484256 177740 5067312    0    0     0   130 15306 25342  2  3 95  0  0
 8  0      0 255420416 177940 2440628    0    0     0   326 17624 65375 23  3 74  0  0
 4  0      0 255276912 178048 2442212    0    0     0   186 22848 105767  8  2 90  0  0
10  0      0 255208768 178104 2443468    0    0     0   262 23103 106851  8  2 90  0  0
 2  0      0 255154304 178120 2445392    0    0     0   226 22886 103112  8  2 90  0  0
 0  1      0 259414096 178140 2393048    0    0     0   244 21245 91938  7  2 91  0  0
 6  1      0 255060736 178356 2499508    0    0     0   336 20389 82264 24  3 72  0  0
 7  1      0 254793664 178472 2502208    0    0     0   245 22657 101987  8  2 90  0  0
 7  1      0 254624480 178516 2506456    0    0     0   239 22818 102272  8  2 90  0  0
 2  1      0 254590528 178536 2507528    0    0     0   228 22723 98431  8  2 90  0  0
 7  1      0 254623600 178552 2508596    0    0     0   231 22914 100236  8  2 90  0  0
 7  0      0 254791168 178764 2560184    0    0     0   333 18512 64181 23  4 73  0  0
procs -----------memory---------- ---swap-- -----io---- -system-- ------cpu-----
 r  b   swpd   free   buff  cache   si   so    bi    bo   in   cs us sy id wa st
 6  0      0 254423232 178788 2562392    0    0     0   238 22267 96533  8  2 90  0  0
 2  0      0 254269888 178924 2563440    0    0     0   218 22548 97800  9  2 90  0  0
 4  0      0 254075552 178944 2564468    0    0     0   242 22541 97479  8  2 90  0  0
 3  0      0 254008384 178960 2565464    0    0     0   239 22622 96139  8  2 90  0  0
 1  0      0 257023808 179108 2408072    0    0     0   241 15273 55152 12  3 85  0  0
 4  0      0 254141552 179188 2622680    0    0     0   308 24282 102065 20  3 77  0  0
 1  0      0 253974768 179320 2623676    0    0     0   242 22231 93933  9  2 89  0  0
 8  0      0 253653344 179348 2624604    0    0     0   208 22158 91144  8  2 90  0  0
 4  0      0 253579264 179364 2628700    0    0     0   215 22334 92167  8  2 90  0  0
 7  0      0 253591232 179384 2629652    0    0     0   221 22217 92361  9  2 90  0  0
10  0      0 255658848 179600 2477524    0    0     0   191 16579 57074 23  4 72  0  0
 3  0      0 253754816 179620 2678396    0    0     0   306 22774 80570  7  2 90  0  0
 7  0      0 253463856 179672 2679128    0    0     0   187 22118 79343  8  2 90  0  0
 7  0      0 253183440 179780 2683848    0    0     0   200 22411 83141  8  2 90  0  0
 6  0      0 252893824 179796 2684624    0    0     0   183 22198 81997  8  2 91  0  0
 4  0      0 252865952 179816 2685460    0    0     0   132 22361 84098  8  2 90  0  0
 1  0      0 253024448 179832 2686536    0    0     0   159 22197 81159  8  2 90  0  0
 2  0      0 255523696 180068 2773040    0    0     0   426 18323 56098 22  4 73  0  0
 8  0      0 253563136 180084 4445760    0    0     0   229 18829 52585  4  1 94  0  0
 3  0      0 253471168 180100 4446068    0    0     0   165 19734 56989  5  1 94  0  0
 6  0      0 253404592 180184 4459988    0    0     0   521 19917 56484  5  1 94  0  0
procs -----------memory---------- ---swap-- -----io---- -system-- ------cpu-----
 r  b   swpd   free   buff  cache   si   so    bi    bo   in   cs us sy id wa st
 2  0      0 253349136 180196 4460312    0    0     0   123 19751 56043  5  1 94  0  0
 1  0      0 253339840 180228 4460652    0    0     0   110 19721 56252  5  1 94  0  0
 3  0      0 253296624 180340 4489484    0    0     0   146 19635 54986  5  1 94  0  0
 2  0      0 253271760 180360 4489796    0    0     0   218 19714 55334  5  1 94  0  0
 5  0      0 253307552 180376 4490124    0    0     0   153 19698 55138  5  1 94  0  0
 5  0      0 253278992 180392 4495152    0    0     0   138 19852 55763  5  1 94  0  0
 3  0      0 253260736 180404 4495488    0    0     0   160 19670 54975  5  1 94  0  0
 2  0      0 254337056 180612 3694820    0    0     0   326 17030 47340 22  4 74  0  0
 1  0      0 253537776 180632 4370740    0    0     0   144 19392 56119  4  1 94  0  0
 3  0      0 253471136 180656 4371064    0    0     0   129 19811 56743  5  1 94  0  0
 1  0      0 253450640 180672 4371388    0    0     0   144 19998 57375  5  1 94  0  0
 1  0      0 253389728 180688 4391376    0    0     0   134 19831 57013  5  1 94  0  0
 3  0      0 253356864 180800 4394036    0    0     0   142 19728 56312  5  1 94  0  0
 1  0      0 253325904 180856 4394676    0    0     0   204 19737 56064  5  1 94  0  0
 2  0      0 253328800 180876 4398788    0    0     0   173 19925 56688  5  1 94  0  0
 3  0      0 253314352 180892 4399152    0    0     0   163 19556 56457  5  1 94  0  0
 0  1      0 259140192 180908 2432284    0    0     0   163 19482 53231  4  2 93  0  0
 1  0      0 253616672 181132 4326632    0    0     0   343 14011 38767 21  3 76  0  0
 1  0      0 252700016 181148 5163900    0    0     0   157 18117 45407  4  1 95  0  0
 1  0      0 252478064 181168 5275772    0    0     0   118 18670 46819  4  1 95  0  0
 2  0      0 252391840 181184 5353320    0    0     0   122 18538 45899  4  1 95  0  0
procs -----------memory---------- ---swap-- -----io---- -system-- ------cpu-----
 r  b   swpd   free   buff  cache   si   so    bi    bo   in   cs us sy id wa st
 2  0      0 252273456 181200 5412868    0    0     0    97 18674 46504  4  1 95  0  0
 2  0      0 252166624 181216 5431904    0    0     0   102 18618 45919  4  1 95  0  0
 2  0      0 252059024 181236 5511316    0    0     0   171 18639 45201  4  1 95  0  0
 3  0      0 252078080 181260 5511516    0    0     0   139 18679 45741  4  1 95  0  0
 5  0      0 252026464 181344 5511736    0    0     0   128 18380 45132  4  1 95  0  0
 3  0      0 251975488 181408 5511944    0    0     0   129 18388 44931  4  1 95  0  0
 2  0      0 251923824 181428 5568388    0    0     0   146 18560 45733  4  1 95  0  0
 2  0      0 252015632 181444 5568608    0    0     0   138 18482 45590  4  1 95  0  0
 3  0      0 252019040 181476 5569232    0    0     0   257 18478 45813  4  1 95  0  0
 2  1      0 255905008 181500 5569076    0    0     0   134 12845 44837  5  2 93  0  0
 0  0      0 260188048 181532 2437800    0    0     0    86  687 1607  1  0 99  0  0
 0  0      0 260194224 181572 2437800    0    0     0    62  624  681  1  0 99  0  0
 5  0      0 255884080 181784 2491372    0    0     0   314 18301 75217 25  3 72  0  0
 4  0      0 255675760 181908 2496136    0    0     0   265 22569 105558  8  2 90  0  0
 2  0      0 255578272 181944 2497312    0    0     0   228 23071 105803  8  2 90  0  0
 5  0      0 255578384 181960 2498452    0    0     0   236 22783 102598  8  2 90  0  0
 0  0      0 259812448 182008 2445320    0    0     0   252 19512 82776  6  2 91  0  0
 8  0      0 255460352 182188 2552924    0    0     0   273 21916 88464 25  4 71  0  0
 5  0      0 255255104 182324 2554012    0    0     0   214 22301 98790  8  2 90  0  0
 5  1      0 255072752 182364 2555856    0    0     0   369 22481 97912  8  2 90  1  0
 6  1      0 254991584 182380 2556876    0    0     0   238 22421 96063  8  2 90  0  0
procs -----------memory---------- ---swap-- -----io---- -system-- ------cpu-----
 r  b   swpd   free   buff  cache   si   so    bi    bo   in   cs us sy id wa st
10  1      0 255062752 182400 2557920    0    0     0   212 22497 96335  8  2 90  0  0
 7  0      0 255262368 182616 2606236    0    0     0   263 18153 62738 23  4 73  0  0
 3  0      0 254746304 182636 2613060    0    0     0   245 22449 90519  8  2 90  0  0
 3  0      0 254706480 182772 2616320    0    0     0   213 22409 88744  8  2 90  0  0
 2  0      0 254340992 182792 2617268    0    0     0   224 22579 91292  8  2 90  0  0
 8  0      0 254352320 182812 2618184    0    0     0   199 22439 90194  8  2 91  0  0
 3  0      0 254434064 182828 2619116    0    0     0   196 22503 89577  8  2 90  0  0
 5  1      0 254984992 183044 2667168    0    0     0   281 17903 57074 23  4 73  0  0
 3  0      0 254284896 183064 2669580    0    0     0   186 22041 83935  7  2 91  0  0
 5  0      0 254297008 183192 2670404    0    0     0   223 22272 83064  8  2 90  0  0
 3  0      0 253987008 183216 2674356    0    0     0   257 22472 84717  8  2 91  0  0
 5  0      0 253905904 183240 2675176    0    0     0   200 22215 84990  8  2 90  0  0
10  0      0 253812224 183256 2679112    0    0     0   217 22424 84225  8  2 90  0  0
 2  0      0 259691776 183300 2465672    0    0     0   258 16820 59616  6  2 92  0  0
 3  0      0 254303712 183472 2722124    0    0     0   342 22924 79968 25  4 71  0  0
 8  0      0 253720032 183492 2730744    0    0     0   202 21902 81539  8  2 90  0  0
 3  0      0 253607808 183628 2731520    0    0     0   193 22262 81465  8  2 90  0  0
10  0      0 253328672 183640 2732308    0    0     0   194 22224 81398  8  2 90  0  0
 3  0      0 253306560 183656 2733096    0    0     0   184 22051 81217  8  2 91  0  0
 6  0      0 253221888 183672 2737812    0    0     0   204 22157 80630  8  2 90  0  0
 0  0      0 259661280 183748 2473024    0    0     0   362 17575 60066  6  2 92  0  0
procs -----------memory---------- ---swap-- -----io---- -system-- ------cpu-----
 r  b   swpd   free   buff  cache   si   so    bi    bo   in   cs us sy id wa st
 2  0      0 254102032 183936 4376108    0    0     0   270 19969 55824 22  3 74  0  0
 2  1      0 253808544 183964 4526444    0    0     0   201 19598 56484  5  1 94  0  0
 3  0      0 253781856 184004 4526652    0    0     0   309 19773 55233  5  1 94  0  0
 2  0      0 253715200 184020 4526980    0    0     0   125 19820 56284  5  1 94  0  0
 3  0      0 253712480 184036 4527296    0    0     0    67 19649 55676  5  1 95  0  0
 4  0      0 253695648 184156 4527636    0    0     0   108 19805 55714  5  1 94  0  0
 2  0      0 253607552 184196 4528264    0    0     0   225 19680 54694  5  1 94  0  0
 2  1      0 253667072 184212 4528600    0    0     0   196 19852 55058  5  1 94  0  0
 2  0      0 253649632 184244 4528896    0    0     0   211 19786 54804  4  1 94  0  0
 4  0      0 253642928 184260 4529220    0    0     0   143 19716 55334  5  1 94  0  0
 4  0      0 257454864 184400 2478700    0    0     0   176 13559 33852 10  2 88  0  0
 3  0      0 254008448 184500 4356136    0    0     0   294 22125 64246 16  3 81  0  0
 3  0      0 253838864 184520 4411500    0    0     0   134 19686 57397  5  1 94  0  0
 4  0      0 253821760 184536 4411828    0    0     0   113 19880 56818  5  1 94  0  0
 1  0      0 253781632 184548 4412176    0    0     0   139 19814 56779  5  1 94  0  0
 1  0      0 253687808 184568 4443468    0    0     0   138 19803 56761  5  1 94  0  0
 6  0      0 253662912 184700 4443852    0    0     0   141 19789 57053  5  1 94  0  0
 3  0      0 253646848 184720 4477272    0    0     0   227 19849 56046  5  1 94  0  0
 3  0      0 253652816 184736 4477604    0    0     0   177 19574 55648  5  1 94  0  0
 1  0      0 253621952 184752 4477908    0    0     0   147 19410 56031  5  1 94  0  0
80  0      0 255861936 184896 2563232    0    0     0   219 13846 31725 14  3 83  0  0
procs -----------memory---------- ---swap-- -----io---- -system-- ------cpu-----
 r  b   swpd   free   buff  cache   si   so    bi    bo   in   cs us sy id wa st
 1  0      0 253208016 184980 5068136    0    0     0   247 20274 58197 11  2 87  0  0
 1  0      0 252857472 185000 5258292    0    0     0   144 18456 46287  4  1 95  0  0
 4  0      0 252638272 185016 5402232    0    0     0   114 18448 45526  4  1 95  0  0
 7  0      0 252596352 185032 5404808    0    0     0   101 18582 45819  4  1 95  0  0
 2  0      0 252527136 185048 5405004    0    0     0   119 18722 46465  4  1 95  0  0
 2  0      0 252411168 185064 5482632    0    0     0   107 18479 45129  4  1 95  0  0
 4  0      0 252391504 185080 5490908    0    0     0   171 18486 45491  4  1 95  0  0
 2  0      0 252398320 185132 5491120    0    0     0   127 18737 46008  4  1 95  0  0
 2  0      0 252357248 185216 5491340    0    0     0   125 18324 44477  4  1 95  0  0
 2  0      0 252320288 185256 5491544    0    0     0   118 18448 45384  4  1 95  0  0
 2  0      0 252291936 185268 5562836    0    0     0   156 18611 45538  4  1 95  0  0
 2  0      0 252336416 185280 5563076    0    0     0   145 18404 44504  4  1 95  0  0
 2  0      0 252324416 185296 5563632    0    0     0   234 18835 47625  4  1 95  0  0
 2  0      0 252289840 185312 5563836    0    0     0   132 18451 44929  4  1 95  0  0
 1  0      0 252298944 185328 5564048    0    0     0   145 18342 44880  4  1 95  0  0
 0  0      0 259561712 185388 2490524    0    0     0   178 13459 31244  3  2 95  0  0
 1  0      0 253331728 185572 4962860    0    0     0   245 20342 51431 22  3 75  0  0
 2  0      0 252793632 185600 5266272    0    0     0   153 18548 47274  4  1 95  0  0
 1  0      0 252577552 185616 5373616    0    0     0   122 18658 46608  4  1 95  0  0
 1  0      0 252503360 185632 5418276    0    0     0   116 18727 45801  4  1 95  0  0
 2  0      0 252447728 185644 5420060    0    0     0   130 18410 46431  4  1 95  0  0
procs -----------memory---------- ---swap-- -----io---- -system-- ------cpu-----
 r  b   swpd   free   buff  cache   si   so    bi    bo   in   cs us sy id wa st
 4  0      0 252385120 185656 5420288    0    0     0   135 18762 46390  4  1 95  0  0
 2  0      0 252326144 185676 5420780    0    0     0   168 18577 46042  4  1 95  0  0
 2  0      0 252311248 185716 5420984    0    0     0   118 18675 46066  4  1 95  0  0
 3  0      0 252324672 185812 5425924    0    0     0   163 18579 45658  4  1 95  0  0
 5  0      0 252254560 185856 5490192    0    0     0   139 18618 46237  4  1 95  0  0
 2  0      0 252249344 185872 5490408    0    0     0   153 18735 46087  4  1 95  0  0
 1  0      0 252271088 185888 5490632    0    0     0   147 18530 45435  4  1 95  0  0
 1  0      0 252225200 185904 5491220    0    0     0   187 18563 45082  4  1 95  0  0
 1  0      0 252195248 185920 5491456    0    0     0   138 18540 45914  4  1 95  0  0
 2  0      0 259480096 185964 2496692    0    0     0   161 14191 32628  3  2 95  0  0
 3  0      0 251838592 186140 6200060    0    0     0   255 26492 123108 23  5 73  0  0
 3  0      0 251382608 186156 6441696    0    0     0   120 27962 134712  4  3 93  0  0
 6  0      0 251178416 186176 6441884    0    0     0    95 31601 129817  4  2 93  0  0
 2  1      0 251218656 186192 6528740    0    0     0    91 27047 130792  4  3 93  0  0
 6  1      0 250905488 186208 6646108    0    0     0   112 33260 138666  4  3 93  0  0
 5  0      0 250821728 186216 6757664    0    0     0    90 32997 137607  4  2 93  0  0
 2  0      0 250678176 186232 6758140    0    0     0   155 28944 130362  4  2 93  0  0
 4  0      0 250711008 186248 6758304    0    0     0   116 30739 132810  4  3 93  0  0
 2  0      0 250704096 186280 6758464    0    0     0    97 32078 127899  4  3 93  0  0
 3  0      0 250605984 186360 6758684    0    0     0   130 33311 132856  4  2 93  0  0
 4  0      0 250617152 186420 6758852    0    0     0   125 31183 131613  4  2 94  0  0
procs -----------memory---------- ---swap-- -----io---- -system-- ------cpu-----
 r  b   swpd   free   buff  cache   si   so    bi    bo   in   cs us sy id wa st
 4  0      0 250707168 186440 6759112    0    0     0   174 30274 140191  4  3 93  0  0
 4  0      0 250782816 186456 6759704    0    0     0   212 29840 139345  4  2 93  0  0
 3  0      0 250758624 186472 6759928    0    0     0   123 28017 131909  4  2 93  0  0
 3  0      0 250787008 186488 6760064    0    0     0   138 32503 133659  4  2 93  0  0
 3  0      0 250704000 186504 6760268    0    0     0   158 30028 136015  4  2 93  0  0
 1  0      0 250651280 186528 6760412    0    0     0   141 33081 127682  4  2 94  0  0
 0  0      0 259603200 186548 2502836    0    0     0   127 30274 109865  4  4 93  0  0
 5  0      0 251895232 186760 6097756    0    0     0   310 25694 99719 22  4 74  0  0
 3  0      0 250916240 186780 6771224    0    0     0   141 30662 139718  4  3 93  0  0
 3  0      0 250772368 186796 6771332    0    0     0   101 28926 128645  4  3 93  0  0
 8  0      0 250738384 186812 6771508    0    0     0   141 29801 127947  4  3 93  0  0
 4  0      0 250769344 186828 6771668    0    0     0    95 32120 123972  4  3 93  0  0
 1  0      0 250660448 186844 6771876    0    0     0    96 30742 130685  4  3 93  0  0
 3  0      0 250505840 186864 6772340    0    0     0   146 32602 121015  4  2 94  0  0
 2  0      0 250470576 186880 6772536    0    0     0   112 29519 128424  4  3 93  0  0
 4  0      0 250475088 186908 6772720    0    0     0   106 31161 128545  4  3 93  0  0
 3  0      0 250415424 187000 6772956    0    0     0   136 34847 126362  4  3 93  0  0
 2  0      0 250307840 187052 6773140    0    0     0   129 28700 129552  4  3 93  0  0
 4  0      0 250352176 187068 6773268    0    0     0   140 32771 123380  4  3 93  0  0
 4  0      0 250510736 187084 6773840    0    0     0   150 30860 121689  4  3 93  0  0
 3  0      0 250504720 187100 6774168    0    0     0   142 33959 132814  4  3 93  0  0
procs -----------memory---------- ---swap-- -----io---- -system-- ------cpu-----
 r  b   swpd   free   buff  cache   si   so    bi    bo   in   cs us sy id wa st
 2  0      0 250503584 187116 6774244    0    0     0   116 32357 124660  4  2 93  0  0
 3  0      0 250439760 187132 6774396    0    0     0   110 33811 124306  4  2 94  0  0
 2  0      0 250428352 187148 6774608    0    0     0   126 28814 127679  4  2 93  0  0
 3  0      0 255552160 187368 2978744    0    0     0   156 18773 65262 21  5 74  0  0
 2  0      0 250370432 187384 7393692    0    0     0   250 30469 133841  4  3 92  0  0
 3  0      0 249873024 187404 7553620    0    0     0   114 29310 124765  4  3 93  0  0
 5  0      0 249711936 187412 7710732    0    0     0   106 32134 124212  4  2 93  0  0
 2  0      0 249824512 187428 7710436    0    0     0   120 26492 118577  4  2 93  0  0
 4  0      0 249547072 187444 7748144    0    0     0    94 30110 130111  5  3 93  0  0
 5  0      0 249379712 187460 7820672    0    0     0   127 29099 126249  4  2 93  0  0
 3  0      0 249379712 187476 7825616    0    0     0   180 26905 123426  4  2 93  0  0
 1  0      0 249294192 187492 7825388    0    0     0   102 34092 124526  4  2 93  0  0
 3  0      0 249284608 187532 7825740    0    0     0   149 31337 120534  4  2 93  0  0
 3  0      0 249283760 187592 7826180    0    0     0   152 30166 122272  4  2 93  0  0
 5  0      0 249111152 187672 7881056    0    0     0   115 31104 130307  4  2 93  0  0
 5  0      0 249092816 187720 7881640    0    0     0    86 32586 120650  4  2 93  0  0
 3  0      0 249260992 187732 7882448    0    0     0   156 33737 115573  4  2 93  0  0
 4  0      0 249392080 187744 7882364    0    0     0   111 31121 130938  5  2 93  0  0
 6  0      0 249398944 187760 7881736    0    0     0   134 32457 121644  4  2 93  0  0
 4  0      0 249256336 187776 7882868    0    0     0    93 36190 118304  4  2 93  0  0
 3  0      0 249267392 187792 7882460    0    0     0    93 30023 118758  4  2 93  0  0
procs -----------memory---------- ---swap-- -----io---- -system-- ------cpu-----
 r  b   swpd   free   buff  cache   si   so    bi    bo   in   cs us sy id wa st
 4  0      0 249321376 187808 7882432    0    0     0   117 33711 123110  4  2 93  0  0
 5  0      0 249199456 187820 7883112    0    0     0   179 29069 123294  4  2 93  0  0
46  0      0 259035904 187872 2515772    0    0     0   113 17191 68312  3  5 92  0  0
 3  0      0 250602016 188052 7197792    0    0     0   223 29924 130743 23  5 73  0  0
 2  0      0 249682640 188072 7611968    0    0     0   147 29287 131336  5  3 93  0  0
 2  0      0 249595632 188088 7612240    0    0     0    96 29535 128359  5  2 93  0  0
 4  0      0 249456240 188104 7754552    0    0     0   125 27451 127853  5  2 93  0  0
 2  0      0 249476784 188120 7754712    0    0     0   124 30579 127103  4  2 93  0  0
 3  0      0 249253040 188136 7754892    0    0     0    92 29520 123423  4  2 93  0  0
 6  0      0 249107040 188152 7755352    0    0     0   138 31700 122770  4  2 93  0  0
 7  0      0 249094400 188168 7755528    0    0     0   110 28304 126786  4  2 93  0  0
 6  0      0 249147664 188196 7755716    0    0     0    87 29245 125303  4  2 93  0  0
 3  0      0 249047856 188264 7756024    0    0     0   107 27132 120673  4  2 93  0  0
 3  0      0 248935008 188336 7756088    0    0     0   102 27015 127217  5  2 93  0  0
 3  0      0 248866768 188360 7920408    0    0     0   126 32046 121351  4  2 93  0  0
 3  0      0 248907936 188372 7921036    0    0     0   202 31614 120835  5  2 93  0  0
 3  0      0 248993808 188388 7921496    0    0     0   100 29161 121800  4  3 93  0  0
 1  0      0 249021888 188404 7921388    0    0     0    98 26998 124214  4  2 93  0  0
 2  0      0 248886960 188420 7921536    0    0     0    96 33352 120047  4  3 93  0  0
 5  0      0 248859776 188436 7921708    0    0     0   132 29563 123554  4  2 93  0  0
 0  0      0 259452480 188456 2520532    0    0     0   137 27079 99944  4  4 92  0  0
procs -----------memory---------- ---swap-- -----io---- -system-- ------cpu-----
 r  b   swpd   free   buff  cache   si   so    bi    bo   in   cs us sy id wa st
 1  0      0 250198464 188668 7416880    0    0     0   201 22629 85739 22  4 74  0  0
 3  0      0 249321760 188692 8040704    0    0     0    91 29532 114321  5  3 93  0  0
 5  0      0 249156128 188704 8235512    0    0     0   161 30127 117993  5  2 93  0  0
 1  0      0 248932928 188720 8236136    0    0     0    90 30557 113285  5  2 93  0  0
 4  0      0 248763936 188736 8442444    0    0     0    93 29236 115501  5  2 93  0  0
 4  0      0 248189376 188752 8823204    0    0     0    99 31147 125436  5  2 93  0  0
 4  0      0 248109344 188768 8830184    0    0     0   134 30947 125168  5  2 93  0  0
 5  0      0 248004448 188792 8830080    0    0     0    90 31784 117447  5  2 93  0  0
 4  0      0 247925408 188808 8830780    0    0     0    94 33233 122923  5  2 93  0  0
 1  0      0 248034912 188828 8830288    0    0     0    87 28467 119126  5  2 93  0  0
 2  0      0 248009088 188868 8854352    0    0     0   120 35809 129741  5  2 93  0  0
 3  0      0 247837104 188960 8854576    0    0     0   108 30404 125937  5  2 93  0  0
 3  0      0 247721664 189000 8888112    0    0     0   168 27082 124549  5  2 93  0  0
 1  0      0 247670640 189012 8888144    0    0     0   102 31644 123202  5  2 93  0  0
 4  0      0 248029600 189028 8888420    0    0     0    92 26528 112721  5  2 93  0  0
 3  0      0 248151968 189044 8888820    0    0     0    95 30145 112756  5  2 93  0  0
 5  0      0 248018048 189060 8889004    0    0     0   113 32921 117356  5  2 93  0  0
 1  0      0 247885008 189076 8889700    0    0     0    88 32745 117143  5  2 93  0  0
 7  0      0 247827040 189092 8890392    0    0     0   184 32918 117096  5  2 93  0  0
 2  0      0 247874016 189108 8889748    0    0     0   110 29550 117618  5  2 93  0  0
 2  0      0 247896960 189124 8890064    0    0     0   152 29147 115422  5  2 93  0  0
procs -----------memory---------- ---swap-- -----io---- -system-- ------cpu-----
 r  b   swpd   free   buff  cache   si   so    bi    bo   in   cs us sy id wa st
 7  0      0 255501664 189352 2953272    0    0     0   138 14201 44578 21  6 73  0  0
 2  0      0 250072064 189368 7436292    0    0     0   224 28401 119231  5  3 92  0  0
 1  0      0 248494912 189388 8524648    0    0     0   116 35784 127001  5  3 92  0  0
 5  0      0 248363312 189392 8525632    0    0     0    89 31242 118674  5  2 93  0  0
 4  0      0 248318656 189400 8525688    0    0     0    94 31028 111197  5  2 93  0  0
 2  0      0 248417664 189416 8525388    0    0     0   104 34237 114711  5  2 93  0  0
