Linux 5.15.0-131-generic (node0.parthaw-241019.hyflowtm-pg0.wisc.cloudlab.us) 	02/11/2025 	_x86_64_	(40 CPU)

02:02:22 PM kbmemfree   kbavail kbmemused  %memused kbbuffers  kbcached  kbcommit   %commit  kbactive   kbinact   kbdirty
02:03:22 PM 183446268 192079696   2923832      1.49    178060   9433940   3554356      1.73    907300  10126612         8
02:04:22 PM 183444580 192078056   2925604      1.49    178128   9433920   3554356      1.73    907368  10126668        28
02:05:22 PM 183443604 192077128   2926496      1.49    178176   9433920   3554356      1.73    907416  10126956        12
02:06:22 PM 183442620 192076176   2927512      1.49    178208   9433920   3554356      1.73    907448  10126692         8
02:07:22 PM 183444208 192077804   2925932      1.49    178232   9433928   3554356      1.73    907480  10126712        12
02:08:22 PM 183441784 192075440   2928316      1.49    178296   9433932   3554356      1.73    907540  10126704        32
02:09:22 PM 183441824 192075528   2928064      1.49    178336   9433932   3554356      1.73    907588  10126704       156
02:10:22 PM 183440664 192074424   2929048      1.49    178376   9433948   3554356      1.73    907628  10126696       152
02:11:22 PM 183440952 192074744   2928768      1.49    178408   9433948   3554356      1.73    907660  10126752         8
02:12:22 PM 183439496 192073320   2930060      1.49    178440   9433948   3559848      1.74    907696  10129068       140
02:13:22 PM 183441864 192075744   2927720      1.49    178488   9433956   3554356      1.73    907740  10126788       156
02:14:22 PM 183441660 192075580   2927708      1.49    178528   9433956   3554356      1.73    907780  10126828       144
02:15:22 PM 183440988 192074948   2928344      1.49    178576   9433956   3554356      1.73    907820  10126804        24
02:16:22 PM 183441360 192075360   2928220      1.49    178608   9433956   3554356      1.73    907860  10126780       152
02:17:22 PM 183440936 192074988   2928452      1.49    178656   9433960   3554356      1.73    907908  10126800        40
02:18:22 PM 183444512 192078612   2924972      1.49    178704   9433960   3554356      1.73    907956  10126836       156
02:19:22 PM 183443828 192077976   2925640      1.49    178744   9433968   3554356      1.73    907996  10126820         4
02:20:22 PM 183443360 192077552   2925736      1.49    178784   9433972   3554356      1.73    908036  10126848       156
02:21:22 PM 183441912 192076140   2927036      1.49    178816   9433976   3554356      1.73    908068  10126852         4
02:22:22 PM 183441940 192076208   2926796      1.49    178864   9433976   3554356      1.73    908108  10126832        32
02:23:22 PM 183452688 192087012   2915712      1.48    178920   9433976   3554356      1.73    908168  10127240        36
02:24:22 PM 183434296 192068660   2934088      1.49    178952   9433976   3554356      1.73    908220  10126832         4
02:25:22 PM 183434036 192068456   2934028      1.49    179008   9433984   3554356      1.73    908268  10126816        40
02:26:22 PM 183434308 192068760   2933852      1.49    179032   9433984   3554356      1.73    908300  10126844         4
02:27:22 PM 183434572 192069076   2933556      1.49    179080   9433988   3554356      1.73    908348  10126844        24
02:28:22 PM 183433148 192067716   2934944      1.49    179144   9433992   3554356      1.73    908408  10126852        32
02:29:22 PM 183437972 192072576   2930024      1.49    179176   9433996   3558532      1.74    908444  10128744         4
02:30:22 PM 183435820 192070472   2932180      1.49    179224   9434000   3554356      1.73    908484  10126860         4
02:31:22 PM 183436356 192071096   2931496      1.49    179312   9434000   3554356      1.73    908568  10126816       192
02:32:22 PM 183436152 192070948   2931712      1.49    179352   9434008   3554356      1.73    908616  10126884         4
02:33:22 PM 183433928 192068820   2934140      1.49    179424   9434032   3554356      1.73    908688  10126916         4
02:34:22 PM 183440184 192075132   2928108      1.49    179480   9434032   3554356      1.73    908744  10126896       148
02:35:22 PM 183437740 192072740   2930556      1.49    179528   9434036   3554356      1.73    908792  10126928        20
02:36:22 PM 183437512 192072556   2930864      1.49    179568   9434040   3554356      1.73    908832  10126928         4
02:37:22 PM 183437572 192072652   2930564      1.49    179608   9434044   3554356      1.73    908864  10126908        24
02:38:22 PM 183437064 192072192   2931144      1.49    179648   9434044   3554356      1.73    908912  10126936         4
02:39:22 PM 183432624 192067804   2935600      1.49    179704   9434048   3554356      1.73    908960  10126936        24
02:40:22 PM 183432020 192067256   2936236      1.49    179744   9434056   3554356      1.73    909008  10126920         4
02:41:22 PM 183432064 192067344   2935940      1.49    179792   9434060   3554356      1.73    909048  10126948        28
02:42:22 PM 183431608 192066936   2936320      1.49    179832   9434060   3558532      1.74    909100  10128908         4
02:43:22 PM 183431920 192067280   2935804      1.49    179872   9434060   3554356      1.73    909128  10126924         8
02:44:22 PM 183447552 192082976   2920184      1.48    179928   9434068   3554356      1.73    909184  10126932        28
02:45:22 PM 183447424 192082900   2920312      1.48    179976   9434072   3554356      1.73    909236  10126960        28
02:46:22 PM 183447216 192082736   2920256      1.48    180016   9434076   3554356      1.73    909276  10126940        24
02:47:22 PM 183445536 192081112   2921668      1.49    180072   9434076   3554356      1.73    909332  10126960        28
02:48:22 PM 183445300 192080936   2921916      1.49    180120   9434080   3554356      1.73    909388  10126964        28
02:49:22 PM 183440408 192076100   2926456      1.49    180176   9434080   3558540      1.74    909448  10128904         4
02:50:22 PM 183440548 192076276   2926272      1.49    180216   9434084   3554356      1.73    909476  10126944       144
02:51:22 PM 183440356 192076140   2926328      1.49    180256   9434096   3554356      1.73    909524  10126952       152
02:52:22 PM 183442116 192077952   2924620      1.49    180304   9434104   3554356      1.73    909568  10126980        32
02:53:22 PM 183441912 192077788   2924872      1.49    180344   9434104   3554356      1.73    909608  10127004        28
02:54:22 PM 183442204 192078140   2924320      1.49    180392   9434108   3554356      1.73    909664  10126980         4
02:55:22 PM 183441536 192077512   2924832      1.49    180440   9434108   3554356      1.73    909704  10126980        28
02:56:22 PM 183441092 192077100   2925052      1.49    180464   9434108   3558540      1.74    909740  10128988         4
02:57:22 PM 183441656 192077696   2924752      1.49    180496   9434108   3554356      1.73    909768  10127012         4
02:58:22 PM 183442200 192078280   2924016      1.49    180536   9434116   3554356      1.73    909800  10127008        32
02:59:22 PM 183438452 192074580   2927740      1.49    180592   9434116   3554356      1.73    909848  10127004        24
03:00:22 PM 183437556 192073744   2928624      1.49    180632   9434128   3554356      1.73    909896  10127040         4
03:01:22 PM 183438340 192074580   2927772      1.49    180680   9434132   3554356      1.73    909944  10127020       176
03:02:22 PM 183438208 192074496   2927840      1.49    180720   9434132   3554356      1.73    909992  10127044         4
03:03:22 PM 183437580 192073916   2928496      1.49    180768   9434132   3558748      1.74    910052  10129324        12
03:04:22 PM 183438224 192074588   2927952      1.49    180800   9434132   3554356      1.73    910072  10127044        12
03:05:22 PM 183432564 192068988   2933568      1.49    180856   9434140   3554356      1.73    910128  10127000       176
03:06:22 PM 183430992 192067472   2935028      1.49    180904   9434140   3558532      1.74    910188  10128932         4
03:07:22 PM 183432124 192068644   2933812      1.49    180944   9434140   3554356      1.73    910224  10126968       244
03:08:22 PM 183432032 192068596   2933892      1.49    180984   9434144   3554356      1.73    910264  10127048       168
03:09:22 PM 183433176 192069780   2932820      1.49    181016   9434152   3554356      1.73    910296  10127016       156
03:10:22 PM 183432588 192069264   2933244      1.49    181072   9434160   3554356      1.73    910352  10127020       196
03:11:22 PM 183432624 192069344   2933108      1.49    181112   9434164   3559848      1.74    910400  10129964       132
03:12:22 PM 183433088 192069856   2932620      1.49    181160   9434164   3554356      1.73    910440  10127072       204
03:13:22 PM 183432936 192069756   2932508      1.49    181216   9434168   3554356      1.73    910488  10127056       252
03:14:22 PM 183433520 192070380   2931952      1.49    181248   9434172   3554356      1.73    910528  10127052       192
03:15:22 PM 183440424 192077344   2924832      1.49    181312   9434172   3554356      1.73    910584  10127084       160
03:16:22 PM 183444516 192081508   2920896      1.49    181388   9434144   3554356      1.73    910644  10127136       308
03:17:22 PM 183445120 192082192   2920116      1.48    181436   9434176   3554356      1.73    910728  10127048       416
03:18:22 PM 183445280 192082400   2919956      1.48    181476   9434184   3554356      1.73    910768  10127080       156
03:19:22 PM 183445668 192082832   2919616      1.48    181516   9434188   3554356      1.73    910808  10127060       196
03:20:22 PM 183435944 192073180   2929180      1.49    181580   9434196   3554356      1.73    910872  10127096       156
03:21:22 PM 183436180 192073468   2928832      1.49    181628   9434200   3558540      1.74    910924  10129036       204
03:22:22 PM 183437412 192074752   2927736      1.49    181676   9434204   3554356      1.73    910968  10127100         4
03:23:22 PM 183437772 192075160   2927116      1.49    181724   9434204   3554356      1.73    911016  10127104       220
03:24:22 PM 183436696 192074128   2928028      1.49    181764   9434208   3554356      1.73    911056  10127084       296
03:25:22 PM 183444060 192081560   2920652      1.49    181828   9434212   3554356      1.73    911120  10127108       152
03:26:22 PM 183443876 192081432   2920672      1.49    181876   9434220   3554356      1.73    911168  10127096       172
03:27:22 PM 183439660 192077264   2924968      1.49    181924   9434220   3554356      1.73    911216  10127116         4
03:28:22 PM 183439900 192077560   2924752      1.49    181980   9434228   3554356      1.73    911264  10127128        40
03:29:22 PM 183439380 192077084   2925184      1.49    182012   9434232   3554356      1.73    911304  10127116       160
03:30:22 PM 183436672 192074436   2927884      1.49    182076   9434236   3554356      1.73    911360  10127156       164
03:31:22 PM 183435240 192073096   2929180      1.49    182156   9434240   3558540      1.74    911444  10128888       324
03:32:22 PM 183434008 192071908   2930304      1.49    182196   9434244   3554356      1.73    911484  10127168        28
03:33:22 PM 183433612 192071552   2930740      1.49    182252   9434244   3554356      1.73    911524  10127120       228
03:34:22 PM 183433652 192071652   2930848      1.49    182292   9434248   3554356      1.73    911580  10127144       196
03:35:22 PM 183437968 192076036   2926312      1.49    182356   9434252   3554356      1.73    911644  10127176         4
03:36:22 PM 183437912 192076028   2926260      1.49    182396   9434260   3554356      1.73    911684  10127236       152
03:37:22 PM 183438192 192076348   2925928      1.49    182436   9434260   3558540      1.74    911724  10128780         4
03:38:22 PM 183437532 192075744   2926312      1.49    182488   9434264   3554356      1.73    911776  10127324        28
03:39:22 PM 183437812 192076068   2926072      1.49    182528   9434268   3556448      1.73    911816  10128900         4
03:40:22 PM 183436240 192074552   2927600      1.49    182592   9434276   3554356      1.73    911864  10127312       176
03:41:22 PM 183435576 192073952   2928024      1.49    182632   9434284   3554356      1.73    911920  10127320       148
03:42:22 PM 183435720 192074140   2927840      1.49    182672   9434288   3554356      1.73    911960  10127348         4
03:43:22 PM 183436264 192074728   2927140      1.49    182712   9434296   3554356      1.73    912000  10127356         8
03:44:22 PM 183436556 192075072   2926580      1.49    182752   9434304   3554356      1.73    912040  10127340       148
03:45:22 PM 183431452 192070032   2931820      1.49    182816   9434304   3554356      1.73    912108  10127360         4
03:46:22 PM 183432332 192070976   2930956      1.49    182880   9434304   3554356      1.73    912172  10127364        28
03:47:22 PM 183431684 192070356   2931552      1.49    182912   9434308   3558748      1.74    912200  10129584       128
03:48:22 PM 183431972 192070692   2931272      1.49    182952   9434308   3554356      1.73    912244  10127368         4
03:49:22 PM 183432300 192071064   2930860      1.49    183000   9434312   3554356      1.73    912284  10127372        28
03:50:22 PM 183427724 192066536   2935236      1.49    183032   9434320   3554356      1.73    912324  10127348         4
03:51:22 PM 183428032 192066900   2934944      1.49    183088   9434328   3554356      1.73    912372  10127384        28
03:52:22 PM 183428108 192067016   2934828      1.49    183120   9434328   3554356      1.73    912412  10127384         4
03:53:22 PM 183428688 192067636   2934268      1.49    183160   9434328   3554356      1.73    912452  10127384         4
03:54:22 PM 183428304 192067296   2934340      1.49    183200   9434332   3558540      1.74    912496  10129360       168
03:55:22 PM 183428868 192067908   2934004      1.49    183248   9434332   3554356      1.73    912540  10127364         4
03:56:22 PM 183429524 192068616   2933408      1.49    183296   9434336   3554356      1.73    912588  10127396         4
03:57:22 PM 183429856 192068988   2933244      1.49    183336   9434336   3554356      1.73    912628  10127396         4
03:58:22 PM 183430644 192069812   2932344      1.49    183376   9434332   3554356      1.73    912660  10127396         4
03:59:22 PM 183430396 192069608   2932440      1.49    183408   9434344   3554356      1.73    912700  10127376       152
04:00:22 PM 183429548 192068812   2933236      1.49    183456   9434348   3554356      1.73    912748  10127404         4
04:01:22 PM 183430576 192069888   2932148      1.49    183512   9434348   3554356      1.73    912796  10127300        28
04:02:22 PM 183430372 192069740   2932304      1.49    183560   9434356   3560632      1.74    912848  10130684         8
04:03:22 PM 183430876 192070284   2931736      1.49    183600   9434356   3558540      1.74    912892  10130824         8
04:04:22 PM 183432016 192071464   2930468      1.49    183640   9434356   3556448      1.73    912928  10129036        20
04:05:22 PM 183432028 192071528   2930332      1.49    183688   9434360   3554356      1.73    912972  10127416        28
04:06:22 PM 183426828 192066392   2935572      1.49    183752   9434364   3558540      1.74    913040  10129480       168
04:07:22 PM 183425920 192065572   2936264      1.49    183824   9434368   3556448      1.73    913120  10129060       232
04:08:22 PM 183424268 192064004   2938024      1.49    183896   9434380   3556448      1.73    913196  10129172       164
04:09:22 PM 183424368 192064236   2937708      1.49    183988   9434424   3590260      1.75    913288  10129296       212
04:10:22 PM 183426312 192066260   2935708      1.49    184052   9434436   3593640      1.75    913356  10130252       432
04:11:22 PM 183423556 192063564   2938188      1.49    184108   9434444   3588168      1.75    913404  10127812       136
04:12:22 PM 183422680 192062732   2938940      1.49    184156   9434444   3588168      1.75    913444  10127844        28
04:13:22 PM 183422476 192062572   2939256      1.49    184188   9434448   3588168      1.75    913484  10127844       208
04:14:22 PM 183421340 192061488   2940380      1.50    184236   9434452   3590260      1.75    913536  10129568        28
04:15:22 PM 183421384 192061576   2940344      1.50    184284   9434456   3594444      1.75    913580  10131540         4
04:16:22 PM 183429904 192070160   2931620      1.49    184332   9434464   3588168      1.75    913628  10127832         4
04:17:22 PM 183430104 192070424   2931716      1.49    184388   9434472   3588168      1.75    913684  10127844        12
04:18:22 PM 183431580 192071944   2930232      1.49    184436   9434476   3592352      1.75    913724  10129600        40
04:19:22 PM 183432036 192072444   2929632      1.49    184476   9434480   3588168      1.75    913764  10127828        28
04:20:22 PM 183432288 192072748   2929408      1.49    184516   9434484   3588168      1.75    913812  10127884        28
04:21:22 PM 183431784 192072280   2930036      1.49    184548   9434488   3588168      1.75    913844  10127888       164
04:22:22 PM 183431832 192072384   2929860      1.49    184604   9434488   3588168      1.75    913900  10127888         4
04:23:22 PM 183432012 192072620   2929868      1.49    184652   9434496   3592352      1.75    913952  10129748         4
04:24:22 PM 183434208 192074864   2927792      1.49    184700   9434496   3588168      1.75    913988  10127868        28
04:25:22 PM 183435024 192075736   2926888      1.49    184740   9434504   3588168      1.75    914036  10127876         4
04:26:22 PM 183435512 192076276   2926356      1.49    184796   9434508   3592344      1.75    914092  10131316        28
04:27:22 PM 183420556 192069604   2932804      1.49    184856   9442700   3596520      1.75    914164  10141484         4
04:28:22 PM 183427976 192077084   2925532      1.49    184912   9442704   3590260      1.75    914212  10137828        28
04:29:22 PM 183422628 192071776   2930640      1.49    184952   9442704   3594444      1.75    914260  10141268       152
04:30:22 PM 183421940 192071140   2931236      1.49    184992   9442716   3594444      1.75    914300  10141256         4
04:31:22 PM 183428084 192077336   2925276      1.49    185080   9442720   3590260      1.75    914332  10137804        56
04:32:22 PM 183431780 192081132   2921560      1.49    185144   9442724   3586556      1.75    914416  10135356        28
Average:    183435610 192073088   2929427      1.49    181505   9434526   3560648      1.74    910782  10128031        78
