[2025-03-12 02:20:50,920][flwr][INFO] -  ***********  Starting Experiment: resnet18-mnist-faulty_clients[['0']]-noise_rate1-TClients10--clientsPerR10)-non_iid-batch256-epochs3-lr0.001 ***************
[2025-03-12 02:20:55,124][flwr][INFO] - ** All Malicious Clients are: ['0'] **
[2025-03-12 02:20:56,283][flwr][WARNING] - DEPRECATED FEATURE: `client_fn` now expects a signature `def client_fn(context: Context)`.The provided `client_fn` has signature: {'cid': <Parameter "cid">}. You can import the `Context` like this: `from flwr.common import Context`

            This is a deprecated feature. It will be removed
            entirely in future versions of Flower.
        
[2025-03-12 02:20:56,283][flwr][WARNING] - DEPRECATED FEATURE: Passing either `server`, `config`, `strategy` or `client_manager` directly to the ServerApp constructor is deprecated.

            Check the following `FEATURE UPDATE` warning message for the preferred
            new mechanism to use this feature in Flower.
        
[2025-03-12 02:20:56,283][flwr][WARNING] - FEATURE UPDATE: Pass `ServerApp` arguments wrapped in a `flwr.server.ServerAppComponents` object that gets returned by a function passed as the `server_fn` argument to the `ServerApp` constructor. For example: 
        ------------------------------------------------------------
        

        def server_fn(context: Context):
            server_config = ServerConfig(num_rounds=3)
            strategy = FedAvg()
            return ServerAppComponents(
                strategy=strategy,
                server_config=server_config,
        )

        app = ServerApp(server_fn=server_fn)

        ------------------------------------------------------------
        
[2025-03-12 02:20:56,287][flwr][INFO] - Starting Flower ServerApp, config: num_rounds=5, no round_timeout
[2025-03-12 02:20:56,290][flwr][INFO] - 
[2025-03-12 02:20:56,299][flwr][INFO] - [INIT]
[2025-03-12 02:20:56,300][flwr][INFO] - Using initial global parameters provided by strategy
[2025-03-12 02:20:56,300][flwr][INFO] - Starting evaluation of initial global parameters
[2025-03-12 02:21:09,089][flwr][INFO] - initial parameters (loss, other metrics): 0.0048609926223754886, {'accuracy': 0.1049, 'loss': 0.0048609926223754886, 'round': 0}
[2025-03-12 02:21:09,089][flwr][INFO] - 
[2025-03-12 02:21:09,089][flwr][INFO] - [ROUND 1]
[2025-03-12 02:21:09,090][flwr][INFO] - configure_fit: strategy sampled 10 clients (out of 10)
[2025-03-12 02:25:22,242][flwr][INFO] - aggregate_fit: received 10 results and 0 failures
[2025-03-12 02:25:31,151][flwr][INFO] - >>   ------------------- Clients Metrics ------------- 
[2025-03-12 02:25:31,151][flwr][INFO] -  Client 0, Loss Train 0.008876136767854906, Accuracy Train 0.11759186864738076, data_points = 25
[2025-03-12 02:25:31,151][flwr][INFO] -  Client 1, Loss Train 0.0008912168738995629, Accuracy Train 0.9480963228115847, data_points = 25
[2025-03-12 02:25:31,151][flwr][INFO] -  Client 2, Loss Train 0.00021781352996894717, Accuracy Train 0.9832429768358797, data_points = 24
[2025-03-12 02:25:31,151][flwr][INFO] -  Client 3, Loss Train 0.0002260032762055994, Accuracy Train 0.9835112853088255, data_points = 29
[2025-03-12 02:25:31,152][flwr][INFO] -  Client 4, Loss Train 0.0002359086076289615, Accuracy Train 0.9807350730974177, data_points = 29
[2025-03-12 02:25:31,152][flwr][INFO] -  Client 5, Loss Train 0.0006746909651160966, Accuracy Train 0.9632513993672427, data_points = 17
[2025-03-12 02:25:31,152][flwr][INFO] -  Client 6, Loss Train 0.00032208503538240957, Accuracy Train 0.9771374136699215, data_points = 17
[2025-03-12 02:25:31,152][flwr][INFO] -  Client 7, Loss Train 0.00024561218786205895, Accuracy Train 0.9803520905375668, data_points = 25
[2025-03-12 02:25:31,152][flwr][INFO] -  Client 8, Loss Train 0.0001286333694470119, Accuracy Train 0.9892597968069666, data_points = 27
[2025-03-12 02:25:31,152][flwr][INFO] -  Client 9, Loss Train 0.00031909213116532175, Accuracy Train 0.9742834707499018, data_points = 20
[2025-03-12 02:25:31,153][flwr][INFO] - ***FedDebug Output Round 1 ***
[2025-03-12 02:25:31,153][flwr][INFO] - True Malicious Clients (Ground Truth) = ['0']
[2025-03-12 02:25:31,153][flwr][INFO] - Total Random Inputs = 10
[2025-03-12 02:25:31,154][flwr][INFO] - Predicted Malicious Clients = {'0': 0.8, '1': 0.2}
[2025-03-12 02:25:31,154][flwr][INFO] - FedDebug Localization Accuracy = 80.0
[2025-03-12 02:25:40,440][flwr][INFO] - fit progress: (1, 0.00366495281457901, {'accuracy': 0.4737, 'loss': 0.00366495281457901, 'round': 1}, 271.35039192601107)
[2025-03-12 02:25:40,441][flwr][INFO] - configure_evaluate: no clients selected, skipping evaluation
[2025-03-12 02:25:40,441][flwr][INFO] - 
[2025-03-12 02:25:40,441][flwr][INFO] - [ROUND 2]
[2025-03-12 02:25:40,442][flwr][INFO] - configure_fit: strategy sampled 10 clients (out of 10)
[2025-03-12 02:29:34,160][flwr][INFO] - aggregate_fit: received 10 results and 0 failures
[2025-03-12 02:29:43,684][flwr][INFO] - >>   ------------------- Clients Metrics ------------- 
[2025-03-12 02:29:43,685][flwr][INFO] -  Client 0, Loss Train 0.008897867903660945, Accuracy Train 0.11665363565285379, data_points = 25
[2025-03-12 02:29:43,685][flwr][INFO] -  Client 1, Loss Train 0.0006022205951496634, Accuracy Train 0.9645297754637162, data_points = 25
[2025-03-12 02:29:43,685][flwr][INFO] -  Client 2, Loss Train 0.00020095418786153586, Accuracy Train 0.9855429604074256, data_points = 24
[2025-03-12 02:29:43,685][flwr][INFO] -  Client 3, Loss Train 0.00020948629577081902, Accuracy Train 0.9848628192999054, data_points = 29
[2025-03-12 02:29:43,685][flwr][INFO] -  Client 4, Loss Train 0.00022367063478655397, Accuracy Train 0.9831944254679601, data_points = 29
[2025-03-12 02:29:43,685][flwr][INFO] -  Client 5, Loss Train 0.0006128315305907119, Accuracy Train 0.9627646629350207, data_points = 17
[2025-03-12 02:29:43,685][flwr][INFO] -  Client 6, Loss Train 0.00028776640001933727, Accuracy Train 0.9792807811383663, data_points = 17
[2025-03-12 02:29:43,685][flwr][INFO] -  Client 7, Loss Train 0.00020247641295025986, Accuracy Train 0.984124489154354, data_points = 25
[2025-03-12 02:29:43,686][flwr][INFO] -  Client 8, Loss Train 0.0001394525088548271, Accuracy Train 0.9896952104499275, data_points = 27
[2025-03-12 02:29:43,686][flwr][INFO] -  Client 9, Loss Train 0.0002979719225195842, Accuracy Train 0.9787985865724381, data_points = 20
[2025-03-12 02:29:43,687][flwr][INFO] - ***FedDebug Output Round 2 ***
[2025-03-12 02:29:43,687][flwr][INFO] - True Malicious Clients (Ground Truth) = ['0']
[2025-03-12 02:29:43,687][flwr][INFO] - Total Random Inputs = 10
[2025-03-12 02:29:43,688][flwr][INFO] - Predicted Malicious Clients = {'0': 1.0}
[2025-03-12 02:29:43,688][flwr][INFO] - FedDebug Localization Accuracy = 100.0
[2025-03-12 02:29:53,341][flwr][INFO] - fit progress: (2, 0.0027500017762184144, {'accuracy': 0.73, 'loss': 0.0027500017762184144, 'round': 2}, 524.2512006810866)
[2025-03-12 02:29:53,342][flwr][INFO] - configure_evaluate: no clients selected, skipping evaluation
[2025-03-12 02:29:53,342][flwr][INFO] - 
[2025-03-12 02:29:53,342][flwr][INFO] - [ROUND 3]
[2025-03-12 02:29:53,344][flwr][INFO] - configure_fit: strategy sampled 10 clients (out of 10)
[2025-03-12 02:34:00,617][flwr][INFO] - aggregate_fit: received 10 results and 0 failures
[2025-03-12 02:34:10,447][flwr][INFO] - >>   ------------------- Clients Metrics ------------- 
[2025-03-12 02:34:10,448][flwr][INFO] -  Client 0, Loss Train 0.008934654902442532, Accuracy Train 0.10602032838154808, data_points = 25
[2025-03-12 02:34:10,448][flwr][INFO] -  Client 1, Loss Train 0.0010125845661001953, Accuracy Train 0.9627399934917019, data_points = 25
[2025-03-12 02:34:10,448][flwr][INFO] -  Client 2, Loss Train 0.00014454317090202673, Accuracy Train 0.9896500739280434, data_points = 24
[2025-03-12 02:34:10,448][flwr][INFO] -  Client 3, Loss Train 0.00016346131391639017, Accuracy Train 0.9877010406811731, data_points = 29
[2025-03-12 02:34:10,448][flwr][INFO] -  Client 4, Loss Train 0.00024720471558988314, Accuracy Train 0.9830577947807078, data_points = 29
[2025-03-12 02:34:10,448][flwr][INFO] -  Client 5, Loss Train 0.0005963842524362904, Accuracy Train 0.9678753954733512, data_points = 17
[2025-03-12 02:34:10,448][flwr][INFO] -  Client 6, Loss Train 0.0003942541833980278, Accuracy Train 0.9752321981424149, data_points = 17
[2025-03-12 02:34:10,449][flwr][INFO] -  Client 7, Loss Train 0.00018719284927266942, Accuracy Train 0.9860106884627475, data_points = 25
[2025-03-12 02:34:10,449][flwr][INFO] -  Client 8, Loss Train 0.0001391469472911106, Accuracy Train 0.9902757619738752, data_points = 27
[2025-03-12 02:34:10,449][flwr][INFO] -  Client 9, Loss Train 0.0002086099041943977, Accuracy Train 0.9840989399293286, data_points = 20
[2025-03-12 02:34:10,449][flwr][INFO] - ***FedDebug Output Round 3 ***
[2025-03-12 02:34:10,450][flwr][INFO] - True Malicious Clients (Ground Truth) = ['0']
[2025-03-12 02:34:10,450][flwr][INFO] - Total Random Inputs = 10
[2025-03-12 02:34:10,450][flwr][INFO] - Predicted Malicious Clients = {'1': 1.0}
[2025-03-12 02:34:10,451][flwr][INFO] - FedDebug Localization Accuracy = 0.0
[2025-03-12 02:34:20,015][flwr][INFO] - fit progress: (3, 0.0022347145318984984, {'accuracy': 0.764, 'loss': 0.0022347145318984984, 'round': 3}, 790.9252555960556)
[2025-03-12 02:34:20,015][flwr][INFO] - configure_evaluate: no clients selected, skipping evaluation
[2025-03-12 02:34:20,015][flwr][INFO] - 
[2025-03-12 02:34:20,015][flwr][INFO] - [ROUND 4]
[2025-03-12 02:34:20,016][flwr][INFO] - configure_fit: strategy sampled 10 clients (out of 10)
[2025-03-12 02:38:17,673][flwr][INFO] - aggregate_fit: received 10 results and 0 failures
[2025-03-12 02:38:26,539][flwr][INFO] - >>   ------------------- Clients Metrics ------------- 
[2025-03-12 02:38:26,540][flwr][INFO] -  Client 0, Loss Train 0.008930689548495414, Accuracy Train 0.11696637998436278, data_points = 25
[2025-03-12 02:38:26,540][flwr][INFO] -  Client 1, Loss Train 0.0006790054283776735, Accuracy Train 0.9798242759518386, data_points = 25
[2025-03-12 02:38:26,540][flwr][INFO] -  Client 2, Loss Train 0.00020595171941860136, Accuracy Train 0.9855429604074256, data_points = 24
[2025-03-12 02:38:26,540][flwr][INFO] -  Client 3, Loss Train 0.00011977565781682717, Accuracy Train 0.9910798756588728, data_points = 29
[2025-03-12 02:38:26,540][flwr][INFO] -  Client 4, Loss Train 0.00021564514134580573, Accuracy Train 0.9851072550894932, data_points = 29
[2025-03-12 02:38:26,541][flwr][INFO] -  Client 5, Loss Train 0.0008687650593100572, Accuracy Train 0.9690922365539061, data_points = 17
[2025-03-12 02:38:26,541][flwr][INFO] -  Client 6, Loss Train 0.0001652994252799891, Accuracy Train 0.9873779471302692, data_points = 17
[2025-03-12 02:38:26,541][flwr][INFO] -  Client 7, Loss Train 0.00018621913658929898, Accuracy Train 0.9878968877711412, data_points = 25
[2025-03-12 02:38:26,541][flwr][INFO] -  Client 8, Loss Train 9.2213006733399e-05, Accuracy Train 0.9937590711175617, data_points = 27
[2025-03-12 02:38:26,541][flwr][INFO] -  Client 9, Loss Train 0.0002353063588548769, Accuracy Train 0.9844915586965057, data_points = 20
[2025-03-12 02:38:26,542][flwr][INFO] - ***FedDebug Output Round 4 ***
[2025-03-12 02:38:26,542][flwr][INFO] - True Malicious Clients (Ground Truth) = ['0']
[2025-03-12 02:38:26,542][flwr][INFO] - Total Random Inputs = 10
[2025-03-12 02:38:26,542][flwr][INFO] - Predicted Malicious Clients = {'0': 1.0}
[2025-03-12 02:38:26,543][flwr][INFO] - FedDebug Localization Accuracy = 100.0
[2025-03-12 02:38:35,669][flwr][INFO] - fit progress: (4, 0.001708628249168396, {'accuracy': 0.8927, 'loss': 0.001708628249168396, 'round': 4}, 1046.5800482199993)
[2025-03-12 02:38:35,670][flwr][INFO] - configure_evaluate: no clients selected, skipping evaluation
[2025-03-12 02:38:35,670][flwr][INFO] - 
[2025-03-12 02:38:35,670][flwr][INFO] - [ROUND 5]
[2025-03-12 02:38:35,671][flwr][INFO] - configure_fit: strategy sampled 10 clients (out of 10)
[2025-03-12 02:42:45,283][flwr][INFO] - aggregate_fit: received 10 results and 0 failures
[2025-03-12 02:42:54,923][flwr][INFO] - >>   ------------------- Clients Metrics ------------- 
[2025-03-12 02:42:54,924][flwr][INFO] -  Client 0, Loss Train 0.008931704402622346, Accuracy Train 0.1125879593432369, data_points = 25
[2025-03-12 02:42:54,924][flwr][INFO] -  Client 1, Loss Train 0.0003581426500076391, Accuracy Train 0.9783599088838268, data_points = 25
[2025-03-12 02:42:54,924][flwr][INFO] -  Client 2, Loss Train 0.0001187533705830525, Accuracy Train 0.990964350254641, data_points = 24
[2025-03-12 02:42:54,924][flwr][INFO] -  Client 3, Loss Train 8.452755191612242e-05, Accuracy Train 0.9928368698472767, data_points = 29
[2025-03-12 02:42:54,924][flwr][INFO] -  Client 4, Loss Train 0.00013142064551466932, Accuracy Train 0.9908457439540921, data_points = 29
[2025-03-12 02:42:54,924][flwr][INFO] -  Client 5, Loss Train 0.0002837809458661468, Accuracy Train 0.9805305427111219, data_points = 17
[2025-03-12 02:42:54,924][flwr][INFO] -  Client 6, Loss Train 0.00012757649699992994, Accuracy Train 0.9923791378899738, data_points = 17
[2025-03-12 02:42:54,925][flwr][INFO] -  Client 7, Loss Train 0.00015647372442272167, Accuracy Train 0.9883684375982396, data_points = 25
[2025-03-12 02:42:54,925][flwr][INFO] -  Client 8, Loss Train 6.863205152643502e-05, Accuracy Train 0.995210449927431, data_points = 27
[2025-03-12 02:42:54,925][flwr][INFO] -  Client 9, Loss Train 0.00018065240841854728, Accuracy Train 0.9876325088339223, data_points = 20
[2025-03-12 02:42:54,925][flwr][INFO] - ***FedDebug Output Round 5 ***
[2025-03-12 02:42:54,925][flwr][INFO] - True Malicious Clients (Ground Truth) = ['0']
[2025-03-12 02:42:54,926][flwr][INFO] - Total Random Inputs = 10
[2025-03-12 02:42:54,926][flwr][INFO] - Predicted Malicious Clients = {'1': 0.8, '0': 0.2}
[2025-03-12 02:42:54,926][flwr][INFO] - FedDebug Localization Accuracy = 20.0
[2025-03-12 02:43:04,171][flwr][INFO] - fit progress: (5, 0.0012274561047554017, {'accuracy': 0.9424, 'loss': 0.0012274561047554017, 'round': 5}, 1315.0820343140513)
[2025-03-12 02:43:04,172][flwr][INFO] - configure_evaluate: no clients selected, skipping evaluation
[2025-03-12 02:43:04,175][flwr][INFO] - 
[2025-03-12 02:43:04,175][flwr][INFO] - [SUMMARY]
[2025-03-12 02:43:04,176][flwr][INFO] - Run finished 5 round(s) in 1315.08s
[2025-03-12 02:43:04,178][flwr][INFO] - 	History (loss, centralized):
[2025-03-12 02:43:04,178][flwr][INFO] - 		round 0: 0.0048609926223754886
[2025-03-12 02:43:04,178][flwr][INFO] - 		round 1: 0.00366495281457901
[2025-03-12 02:43:04,178][flwr][INFO] - 		round 2: 0.0027500017762184144
[2025-03-12 02:43:04,178][flwr][INFO] - 		round 3: 0.0022347145318984984
[2025-03-12 02:43:04,179][flwr][INFO] - 		round 4: 0.001708628249168396
[2025-03-12 02:43:04,179][flwr][INFO] - 		round 5: 0.0012274561047554017
[2025-03-12 02:43:04,179][flwr][INFO] - 	History (metrics, distributed, fit):
[2025-03-12 02:43:04,179][flwr][INFO] - 	{'accuracy': [(1, 0.0), (2, 0.0), (3, 0.0), (4, 0.0), (5, 0.0)],
[2025-03-12 02:43:04,179][flwr][INFO] - 	 'loss': [(1, 0.0), (2, 0.0), (3, 0.0), (4, 0.0), (5, 0.0)],
[2025-03-12 02:43:04,179][flwr][INFO] - 	 'potential_malicious_clients': [(1, {'0': 8, '1': 2}),
[2025-03-12 02:43:04,179][flwr][INFO] - 	                                 (2, {'0': 10}),
[2025-03-12 02:43:04,179][flwr][INFO] - 	                                 (3, {'1': 10}),
[2025-03-12 02:43:04,180][flwr][INFO] - 	                                 (4, {'0': 10}),
[2025-03-12 02:43:04,180][flwr][INFO] - 	                                 (5, {'0': 2, '1': 8})]}
[2025-03-12 02:43:04,180][flwr][INFO] - 	History (metrics, centralized):
[2025-03-12 02:43:04,180][flwr][INFO] - 	{'accuracy': [(0, 0.1049),
[2025-03-12 02:43:04,180][flwr][INFO] - 	              (1, 0.4737),
[2025-03-12 02:43:04,180][flwr][INFO] - 	              (2, 0.73),
[2025-03-12 02:43:04,180][flwr][INFO] - 	              (3, 0.764),
[2025-03-12 02:43:04,180][flwr][INFO] - 	              (4, 0.8927),
[2025-03-12 02:43:04,181][flwr][INFO] - 	              (5, 0.9424)],
[2025-03-12 02:43:04,181][flwr][INFO] - 	 'loss': [(0, 0.0048609926223754886),
[2025-03-12 02:43:04,181][flwr][INFO] - 	          (1, 0.00366495281457901),
[2025-03-12 02:43:04,181][flwr][INFO] - 	          (2, 0.0027500017762184144),
[2025-03-12 02:43:04,181][flwr][INFO] - 	          (3, 0.0022347145318984984),
[2025-03-12 02:43:04,181][flwr][INFO] - 	          (4, 0.001708628249168396),
[2025-03-12 02:43:04,181][flwr][INFO] - 	          (5, 0.0012274561047554017)],
[2025-03-12 02:43:04,181][flwr][INFO] - 	 'round': [(0, 0), (1, 1), (2, 2), (3, 3), (4, 4), (5, 5)]}
[2025-03-12 02:43:04,182][flwr][INFO] - 
[2025-03-12 02:43:07,415][flwr][INFO] - Saved plot at /users/Parthaw/flower/baselines/feddebug/outputs/2025-03-12/02-20-50/non_iid-resnet18-mnist.png
[2025-03-12 02:43:07,416][flwr][INFO] - Training Complete for Experiment: resnet18-mnist-faulty_clients[['0']]-noise_rate1-TClients10--clientsPerR10)-non_iid-batch256-epochs3-lr0.001
[2025-03-12 02:43:07,420][flwr][INFO] - Total Time Taken: 1336.502520084381 seconds
