[2025-03-12 01:23:24,072][flwr][INFO] -  ***********  Starting Experiment: lenet-cifar10-faulty_clients[['0']]-noise_rate1-TClients10--clientsPerR10)-iid-batch256-epochs3-lr0.001 ***************
[2025-03-12 01:23:29,676][flwr][INFO] - ** All Malicious Clients are: ['0'] **
[2025-03-12 01:23:29,726][flwr][WARNING] - DEPRECATED FEATURE: `client_fn` now expects a signature `def client_fn(context: Context)`.The provided `client_fn` has signature: {'cid': <Parameter "cid">}. You can import the `Context` like this: `from flwr.common import Context`

            This is a deprecated feature. It will be removed
            entirely in future versions of Flower.
        
[2025-03-12 01:23:29,726][flwr][WARNING] - DEPRECATED FEATURE: Passing either `server`, `config`, `strategy` or `client_manager` directly to the ServerApp constructor is deprecated.

            Check the following `FEATURE UPDATE` warning message for the preferred
            new mechanism to use this feature in Flower.
        
[2025-03-12 01:23:29,726][flwr][WARNING] - FEATURE UPDATE: Pass `ServerApp` arguments wrapped in a `flwr.server.ServerAppComponents` object that gets returned by a function passed as the `server_fn` argument to the `ServerApp` constructor. For example: 
        ------------------------------------------------------------
        

        def server_fn(context: Context):
            server_config = ServerConfig(num_rounds=3)
            strategy = FedAvg()
            return ServerAppComponents(
                strategy=strategy,
                server_config=server_config,
        )

        app = ServerApp(server_fn=server_fn)

        ------------------------------------------------------------
        
[2025-03-12 01:23:29,730][flwr][INFO] - Starting Flower ServerApp, config: num_rounds=5, no round_timeout
[2025-03-12 01:23:29,731][flwr][INFO] - 
[2025-03-12 01:23:29,732][flwr][INFO] - [INIT]
[2025-03-12 01:23:29,741][flwr][INFO] - Using initial global parameters provided by strategy
[2025-03-12 01:23:29,743][flwr][INFO] - Starting evaluation of initial global parameters
[2025-03-12 01:23:39,726][flwr][INFO] - initial parameters (loss, other metrics): 0.004609923124313355, {'accuracy': 0.1166, 'loss': 0.004609923124313355, 'round': 0}
[2025-03-12 01:23:39,727][flwr][INFO] - 
[2025-03-12 01:23:39,727][flwr][INFO] - [ROUND 1]
[2025-03-12 01:23:39,728][flwr][INFO] - configure_fit: strategy sampled 10 clients (out of 10)
[2025-03-12 01:24:23,616][flwr][INFO] - aggregate_fit: received 10 results and 0 failures
[2025-03-12 01:24:24,063][flwr][INFO] - >>   ------------------- Clients Metrics ------------- 
[2025-03-12 01:24:24,063][flwr][INFO] -  Client 0, Loss Train 0.009195503807067872, Accuracy Train 0.1142, data_points = 20
[2025-03-12 01:24:24,063][flwr][INFO] -  Client 1, Loss Train 0.007657020831108093, Accuracy Train 0.2896, data_points = 20
[2025-03-12 01:24:24,063][flwr][INFO] -  Client 2, Loss Train 0.007632933712005616, Accuracy Train 0.304, data_points = 20
[2025-03-12 01:24:24,063][flwr][INFO] -  Client 3, Loss Train 0.0075800700664520266, Accuracy Train 0.3082, data_points = 20
[2025-03-12 01:24:24,064][flwr][INFO] -  Client 4, Loss Train 0.007600559616088867, Accuracy Train 0.3076, data_points = 20
[2025-03-12 01:24:24,064][flwr][INFO] -  Client 5, Loss Train 0.007714560198783874, Accuracy Train 0.2828, data_points = 20
[2025-03-12 01:24:24,064][flwr][INFO] -  Client 6, Loss Train 0.007486472201347351, Accuracy Train 0.308, data_points = 20
[2025-03-12 01:24:24,064][flwr][INFO] -  Client 7, Loss Train 0.0075999087810516355, Accuracy Train 0.3152, data_points = 20
[2025-03-12 01:24:24,064][flwr][INFO] -  Client 8, Loss Train 0.007541071248054505, Accuracy Train 0.3098, data_points = 20
[2025-03-12 01:24:24,064][flwr][INFO] -  Client 9, Loss Train 0.0075318133354187015, Accuracy Train 0.3172, data_points = 20
[2025-03-12 01:24:24,065][flwr][INFO] - ***FedDebug Output Round 1 ***
[2025-03-12 01:24:24,065][flwr][INFO] - True Malicious Clients (Ground Truth) = ['0']
[2025-03-12 01:24:24,065][flwr][INFO] - Total Random Inputs = 10
[2025-03-12 01:24:24,066][flwr][INFO] - Predicted Malicious Clients = {'0': 1.0}
[2025-03-12 01:24:24,066][flwr][INFO] - FedDebug Localization Accuracy = 100.0
[2025-03-12 01:24:31,958][flwr][INFO] - fit progress: (1, 0.003859966790676117, {'accuracy': 0.3026, 'loss': 0.003859966790676117, 'round': 1}, 52.23092840798199)
[2025-03-12 01:24:31,959][flwr][INFO] - configure_evaluate: no clients selected, skipping evaluation
[2025-03-12 01:24:31,959][flwr][INFO] - 
[2025-03-12 01:24:31,959][flwr][INFO] - [ROUND 2]
[2025-03-12 01:24:31,960][flwr][INFO] - configure_fit: strategy sampled 10 clients (out of 10)
[2025-03-12 01:25:04,154][flwr][INFO] - aggregate_fit: received 10 results and 0 failures
[2025-03-12 01:25:04,642][flwr][INFO] - >>   ------------------- Clients Metrics ------------- 
[2025-03-12 01:25:04,642][flwr][INFO] -  Client 0, Loss Train 0.009200346326828004, Accuracy Train 0.1136, data_points = 20
[2025-03-12 01:25:04,642][flwr][INFO] -  Client 1, Loss Train 0.00697283935546875, Accuracy Train 0.359, data_points = 20
[2025-03-12 01:25:04,642][flwr][INFO] -  Client 2, Loss Train 0.0068649657726287845, Accuracy Train 0.3652, data_points = 20
[2025-03-12 01:25:04,643][flwr][INFO] -  Client 3, Loss Train 0.006749438214302063, Accuracy Train 0.3802, data_points = 20
[2025-03-12 01:25:04,643][flwr][INFO] -  Client 4, Loss Train 0.006916306972503662, Accuracy Train 0.3648, data_points = 20
[2025-03-12 01:25:04,643][flwr][INFO] -  Client 5, Loss Train 0.006928505516052246, Accuracy Train 0.3524, data_points = 20
[2025-03-12 01:25:04,643][flwr][INFO] -  Client 6, Loss Train 0.006749832797050476, Accuracy Train 0.3836, data_points = 20
[2025-03-12 01:25:04,643][flwr][INFO] -  Client 7, Loss Train 0.006852280116081238, Accuracy Train 0.3758, data_points = 20
[2025-03-12 01:25:04,643][flwr][INFO] -  Client 8, Loss Train 0.00701749517917633, Accuracy Train 0.3594, data_points = 20
[2025-03-12 01:25:04,643][flwr][INFO] -  Client 9, Loss Train 0.006871495699882507, Accuracy Train 0.3708, data_points = 20
[2025-03-12 01:25:04,643][flwr][INFO] - ***FedDebug Output Round 2 ***
[2025-03-12 01:25:04,643][flwr][INFO] - True Malicious Clients (Ground Truth) = ['0']
[2025-03-12 01:25:04,644][flwr][INFO] - Total Random Inputs = 10
[2025-03-12 01:25:04,644][flwr][INFO] - Predicted Malicious Clients = {'0': 1.0}
[2025-03-12 01:25:04,644][flwr][INFO] - FedDebug Localization Accuracy = 100.0
[2025-03-12 01:25:11,672][flwr][INFO] - fit progress: (2, 0.0034793208360671996, {'accuracy': 0.3678, 'loss': 0.0034793208360671996, 'round': 2}, 91.94523391395342)
[2025-03-12 01:25:11,673][flwr][INFO] - configure_evaluate: no clients selected, skipping evaluation
[2025-03-12 01:25:11,673][flwr][INFO] - 
[2025-03-12 01:25:11,673][flwr][INFO] - [ROUND 3]
[2025-03-12 01:25:11,674][flwr][INFO] - configure_fit: strategy sampled 10 clients (out of 10)
[2025-03-12 01:25:43,718][flwr][INFO] - aggregate_fit: received 10 results and 0 failures
[2025-03-12 01:25:44,120][flwr][INFO] - >>   ------------------- Clients Metrics ------------- 
[2025-03-12 01:25:44,120][flwr][INFO] -  Client 0, Loss Train 0.009200823068618774, Accuracy Train 0.1104, data_points = 20
[2025-03-12 01:25:44,120][flwr][INFO] -  Client 1, Loss Train 0.006559845447540283, Accuracy Train 0.4054, data_points = 20
[2025-03-12 01:25:44,120][flwr][INFO] -  Client 2, Loss Train 0.006445688462257385, Accuracy Train 0.4124, data_points = 20
[2025-03-12 01:25:44,120][flwr][INFO] -  Client 3, Loss Train 0.006446021199226379, Accuracy Train 0.4102, data_points = 20
[2025-03-12 01:25:44,120][flwr][INFO] -  Client 4, Loss Train 0.006568934798240661, Accuracy Train 0.3998, data_points = 20
[2025-03-12 01:25:44,121][flwr][INFO] -  Client 5, Loss Train 0.0065192382335662845, Accuracy Train 0.396, data_points = 20
[2025-03-12 01:25:44,121][flwr][INFO] -  Client 6, Loss Train 0.006472143721580505, Accuracy Train 0.4156, data_points = 20
[2025-03-12 01:25:44,121][flwr][INFO] -  Client 7, Loss Train 0.006466381168365479, Accuracy Train 0.4066, data_points = 20
[2025-03-12 01:25:44,121][flwr][INFO] -  Client 8, Loss Train 0.0064537347555160525, Accuracy Train 0.4108, data_points = 20
[2025-03-12 01:25:44,121][flwr][INFO] -  Client 9, Loss Train 0.006491362118721008, Accuracy Train 0.3982, data_points = 20
[2025-03-12 01:25:44,121][flwr][INFO] - ***FedDebug Output Round 3 ***
[2025-03-12 01:25:44,121][flwr][INFO] - True Malicious Clients (Ground Truth) = ['0']
[2025-03-12 01:25:44,121][flwr][INFO] - Total Random Inputs = 10
[2025-03-12 01:25:44,122][flwr][INFO] - Predicted Malicious Clients = {'0': 1.0}
[2025-03-12 01:25:44,122][flwr][INFO] - FedDebug Localization Accuracy = 100.0
[2025-03-12 01:25:52,200][flwr][INFO] - fit progress: (3, 0.0032879906058311463, {'accuracy': 0.409, 'loss': 0.0032879906058311463, 'round': 3}, 132.4728449640097)
[2025-03-12 01:25:52,200][flwr][INFO] - configure_evaluate: no clients selected, skipping evaluation
[2025-03-12 01:25:52,201][flwr][INFO] - 
[2025-03-12 01:25:52,201][flwr][INFO] - [ROUND 4]
[2025-03-12 01:25:52,202][flwr][INFO] - configure_fit: strategy sampled 10 clients (out of 10)
[2025-03-12 01:26:25,416][flwr][INFO] - aggregate_fit: received 10 results and 0 failures
[2025-03-12 01:26:25,858][flwr][INFO] - >>   ------------------- Clients Metrics ------------- 
[2025-03-12 01:26:25,859][flwr][INFO] -  Client 0, Loss Train 0.009202538776397704, Accuracy Train 0.1082, data_points = 20
[2025-03-12 01:26:25,859][flwr][INFO] -  Client 1, Loss Train 0.00636489646434784, Accuracy Train 0.4252, data_points = 20
[2025-03-12 01:26:25,859][flwr][INFO] -  Client 2, Loss Train 0.006258796691894531, Accuracy Train 0.4374, data_points = 20
[2025-03-12 01:26:25,859][flwr][INFO] -  Client 3, Loss Train 0.006172582674026489, Accuracy Train 0.438, data_points = 20
[2025-03-12 01:26:25,859][flwr][INFO] -  Client 4, Loss Train 0.0063691774606704716, Accuracy Train 0.4196, data_points = 20
[2025-03-12 01:26:25,859][flwr][INFO] -  Client 5, Loss Train 0.006356124377250671, Accuracy Train 0.4102, data_points = 20
[2025-03-12 01:26:25,860][flwr][INFO] -  Client 6, Loss Train 0.006214917802810669, Accuracy Train 0.4308, data_points = 20
[2025-03-12 01:26:25,860][flwr][INFO] -  Client 7, Loss Train 0.006250668406486511, Accuracy Train 0.4286, data_points = 20
[2025-03-12 01:26:25,860][flwr][INFO] -  Client 8, Loss Train 0.006297397875785827, Accuracy Train 0.4268, data_points = 20
[2025-03-12 01:26:25,860][flwr][INFO] -  Client 9, Loss Train 0.0062409205913543705, Accuracy Train 0.438, data_points = 20
[2025-03-12 01:26:25,860][flwr][INFO] - ***FedDebug Output Round 4 ***
[2025-03-12 01:26:25,860][flwr][INFO] - True Malicious Clients (Ground Truth) = ['0']
[2025-03-12 01:26:25,861][flwr][INFO] - Total Random Inputs = 10
[2025-03-12 01:26:25,861][flwr][INFO] - Predicted Malicious Clients = {'0': 1.0}
[2025-03-12 01:26:25,861][flwr][INFO] - FedDebug Localization Accuracy = 100.0
[2025-03-12 01:26:33,631][flwr][INFO] - fit progress: (4, 0.003210831844806671, {'accuracy': 0.4219, 'loss': 0.003210831844806671, 'round': 4}, 173.90397971402854)
[2025-03-12 01:26:33,632][flwr][INFO] - configure_evaluate: no clients selected, skipping evaluation
[2025-03-12 01:26:33,632][flwr][INFO] - 
[2025-03-12 01:26:33,632][flwr][INFO] - [ROUND 5]
[2025-03-12 01:26:33,633][flwr][INFO] - configure_fit: strategy sampled 10 clients (out of 10)
[2025-03-12 01:27:05,187][flwr][INFO] - aggregate_fit: received 10 results and 0 failures
[2025-03-12 01:27:05,790][flwr][INFO] - >>   ------------------- Clients Metrics ------------- 
[2025-03-12 01:27:05,790][flwr][INFO] -  Client 0, Loss Train 0.00920108494758606, Accuracy Train 0.1106, data_points = 20
[2025-03-12 01:27:05,790][flwr][INFO] -  Client 1, Loss Train 0.006188739514350891, Accuracy Train 0.4388, data_points = 20
[2025-03-12 01:27:05,790][flwr][INFO] -  Client 2, Loss Train 0.00612423288822174, Accuracy Train 0.4484, data_points = 20
[2025-03-12 01:27:05,791][flwr][INFO] -  Client 3, Loss Train 0.006047024273872375, Accuracy Train 0.4496, data_points = 20
[2025-03-12 01:27:05,791][flwr][INFO] -  Client 4, Loss Train 0.006141594290733338, Accuracy Train 0.444, data_points = 20
[2025-03-12 01:27:05,791][flwr][INFO] -  Client 5, Loss Train 0.00616941750049591, Accuracy Train 0.4342, data_points = 20
[2025-03-12 01:27:05,791][flwr][INFO] -  Client 6, Loss Train 0.0060525992393493655, Accuracy Train 0.453, data_points = 20
[2025-03-12 01:27:05,791][flwr][INFO] -  Client 7, Loss Train 0.006109048223495483, Accuracy Train 0.4448, data_points = 20
[2025-03-12 01:27:05,791][flwr][INFO] -  Client 8, Loss Train 0.006160471725463867, Accuracy Train 0.44, data_points = 20
[2025-03-12 01:27:05,791][flwr][INFO] -  Client 9, Loss Train 0.006089352560043335, Accuracy Train 0.4496, data_points = 20
[2025-03-12 01:27:05,792][flwr][INFO] - ***FedDebug Output Round 5 ***
[2025-03-12 01:27:05,792][flwr][INFO] - True Malicious Clients (Ground Truth) = ['0']
[2025-03-12 01:27:05,792][flwr][INFO] - Total Random Inputs = 10
[2025-03-12 01:27:05,793][flwr][INFO] - Predicted Malicious Clients = {'0': 1.0}
[2025-03-12 01:27:05,793][flwr][INFO] - FedDebug Localization Accuracy = 100.0
[2025-03-12 01:27:13,339][flwr][INFO] - fit progress: (5, 0.0031331632018089294, {'accuracy': 0.4416, 'loss': 0.0031331632018089294, 'round': 5}, 213.6123451460153)
[2025-03-12 01:27:13,340][flwr][INFO] - configure_evaluate: no clients selected, skipping evaluation
[2025-03-12 01:27:13,340][flwr][INFO] - 
[2025-03-12 01:27:13,340][flwr][INFO] - [SUMMARY]
[2025-03-12 01:27:13,340][flwr][INFO] - Run finished 5 round(s) in 213.61s
[2025-03-12 01:27:13,343][flwr][INFO] - 	History (loss, centralized):
[2025-03-12 01:27:13,343][flwr][INFO] - 		round 0: 0.004609923124313355
[2025-03-12 01:27:13,343][flwr][INFO] - 		round 1: 0.003859966790676117
[2025-03-12 01:27:13,343][flwr][INFO] - 		round 2: 0.0034793208360671996
[2025-03-12 01:27:13,343][flwr][INFO] - 		round 3: 0.0032879906058311463
[2025-03-12 01:27:13,343][flwr][INFO] - 		round 4: 0.003210831844806671
[2025-03-12 01:27:13,344][flwr][INFO] - 		round 5: 0.0031331632018089294
[2025-03-12 01:27:13,344][flwr][INFO] - 	History (metrics, distributed, fit):
[2025-03-12 01:27:13,344][flwr][INFO] - 	{'accuracy': [(1, 0.0), (2, 0.0), (3, 0.0), (4, 0.0), (5, 0.0)],
[2025-03-12 01:27:13,344][flwr][INFO] - 	 'loss': [(1, 0.0), (2, 0.0), (3, 0.0), (4, 0.0), (5, 0.0)],
[2025-03-12 01:27:13,344][flwr][INFO] - 	 'potential_malicious_clients': [(1, {'0': 10}),
[2025-03-12 01:27:13,344][flwr][INFO] - 	                                 (2, {'0': 10}),
[2025-03-12 01:27:13,344][flwr][INFO] - 	                                 (3, {'0': 10}),
[2025-03-12 01:27:13,344][flwr][INFO] - 	                                 (4, {'0': 10}),
[2025-03-12 01:27:13,345][flwr][INFO] - 	                                 (5, {'0': 10})]}
[2025-03-12 01:27:13,345][flwr][INFO] - 	History (metrics, centralized):
[2025-03-12 01:27:13,345][flwr][INFO] - 	{'accuracy': [(0, 0.1166),
[2025-03-12 01:27:13,345][flwr][INFO] - 	              (1, 0.3026),
[2025-03-12 01:27:13,345][flwr][INFO] - 	              (2, 0.3678),
[2025-03-12 01:27:13,345][flwr][INFO] - 	              (3, 0.409),
[2025-03-12 01:27:13,345][flwr][INFO] - 	              (4, 0.4219),
[2025-03-12 01:27:13,345][flwr][INFO] - 	              (5, 0.4416)],
[2025-03-12 01:27:13,345][flwr][INFO] - 	 'loss': [(0, 0.004609923124313355),
[2025-03-12 01:27:13,346][flwr][INFO] - 	          (1, 0.003859966790676117),
[2025-03-12 01:27:13,346][flwr][INFO] - 	          (2, 0.0034793208360671996),
[2025-03-12 01:27:13,346][flwr][INFO] - 	          (3, 0.0032879906058311463),
[2025-03-12 01:27:13,346][flwr][INFO] - 	          (4, 0.003210831844806671),
[2025-03-12 01:27:13,346][flwr][INFO] - 	          (5, 0.0031331632018089294)],
[2025-03-12 01:27:13,346][flwr][INFO] - 	 'round': [(0, 0), (1, 1), (2, 2), (3, 3), (4, 4), (5, 5)]}
[2025-03-12 01:27:13,346][flwr][INFO] - 
[2025-03-12 01:27:16,237][flwr][INFO] - Saved plot at /users/Parthaw/flower/baselines/feddebug/outputs/2025-03-12/01-23-23/iid-lenet-cifar10.png
[2025-03-12 01:27:16,239][flwr][INFO] - Training Complete for Experiment: lenet-cifar10-faulty_clients[['0']]-noise_rate1-TClients10--clientsPerR10)-iid-batch256-epochs3-lr0.001
[2025-03-12 01:27:16,239][flwr][INFO] - Total Time Taken: 232.17077493667603 seconds
