[2025-03-12 22:02:23,329][flwr][INFO] -  ***********  Starting Experiment: SimpleCNN-cifar10-faulty_clients[['0']]-noise_rate1-TClients10--clientsPerR10)-non_iid-batch256-epochs3-lr0.001 ***************
[2025-03-12 22:02:28,346][flwr][INFO] - ** All Malicious Clients are: ['0'] **
[2025-03-12 22:02:29,064][flwr][WARNING] - DEPRECATED FEATURE: `client_fn` now expects a signature `def client_fn(context: Context)`.The provided `client_fn` has signature: {'cid': <Parameter "cid">}. You can import the `Context` like this: `from flwr.common import Context`

            This is a deprecated feature. It will be removed
            entirely in future versions of Flower.
        
[2025-03-12 22:02:29,065][flwr][WARNING] - DEPRECATED FEATURE: Passing either `server`, `config`, `strategy` or `client_manager` directly to the ServerApp constructor is deprecated.

            Check the following `FEATURE UPDATE` warning message for the preferred
            new mechanism to use this feature in Flower.
        
[2025-03-12 22:02:29,065][flwr][WARNING] - FEATURE UPDATE: Pass `ServerApp` arguments wrapped in a `flwr.server.ServerAppComponents` object that gets returned by a function passed as the `server_fn` argument to the `ServerApp` constructor. For example: 
        ------------------------------------------------------------
        

        def server_fn(context: Context):
            server_config = ServerConfig(num_rounds=3)
            strategy = FedAvg()
            return ServerAppComponents(
                strategy=strategy,
                server_config=server_config,
        )

        app = ServerApp(server_fn=server_fn)

        ------------------------------------------------------------
        
[2025-03-12 22:02:29,069][flwr][INFO] - Starting Flower ServerApp, config: num_rounds=5, no round_timeout
[2025-03-12 22:02:29,072][flwr][INFO] - 
[2025-03-12 22:02:29,078][flwr][INFO] - [INIT]
[2025-03-12 22:02:29,080][flwr][INFO] - Using initial global parameters provided by strategy
[2025-03-12 22:02:29,080][flwr][INFO] - Starting evaluation of initial global parameters
[2025-03-12 22:02:41,627][flwr][INFO] - initial parameters (loss, other metrics): 0.00471433527469635, {'accuracy': 0.1049, 'loss': 0.00471433527469635, 'round': 0}
[2025-03-12 22:02:41,629][flwr][INFO] - 
[2025-03-12 22:02:41,629][flwr][INFO] - [ROUND 1]
[2025-03-12 22:02:41,632][flwr][INFO] - configure_fit: strategy sampled 10 clients (out of 10)
[2025-03-12 22:06:18,964][flwr][INFO] - aggregate_fit: received 10 results and 0 failures
[2025-03-12 22:06:29,201][flwr][INFO] - >>   ------------------- Clients Metrics ------------- 
[2025-03-12 22:06:29,202][flwr][INFO] -  Client 0, Loss Train 0.008926389209704712, Accuracy Train 0.15975771342040507, data_points = 21
[2025-03-12 22:06:29,202][flwr][INFO] -  Client 1, Loss Train 0.001471195721649679, Accuracy Train 0.8743866535819431, data_points = 20
[2025-03-12 22:06:29,202][flwr][INFO] -  Client 2, Loss Train 0.0015145521658744819, Accuracy Train 0.8684158611165911, data_points = 20
[2025-03-12 22:06:29,203][flwr][INFO] -  Client 3, Loss Train 0.002499742587691354, Accuracy Train 0.8091912958752842, data_points = 25
[2025-03-12 22:06:29,203][flwr][INFO] -  Client 4, Loss Train 0.001681615974443754, Accuracy Train 0.8544548086201351, data_points = 25
[2025-03-12 22:06:29,203][flwr][INFO] -  Client 5, Loss Train 0.0015386444793768698, Accuracy Train 0.871445153801509, data_points = 14
[2025-03-12 22:06:29,203][flwr][INFO] -  Client 6, Loss Train 0.001658867467009326, Accuracy Train 0.8591749644381224, data_points = 14
[2025-03-12 22:06:29,203][flwr][INFO] -  Client 7, Loss Train 0.0016158306978210615, Accuracy Train 0.8620949510173324, data_points = 21
[2025-03-12 22:06:29,203][flwr][INFO] -  Client 8, Loss Train 0.0011760938965978632, Accuracy Train 0.9062172546280126, data_points = 23
[2025-03-12 22:06:29,203][flwr][INFO] -  Client 9, Loss Train 0.0015594773047965774, Accuracy Train 0.8742228598756576, data_points = 17
[2025-03-12 22:06:29,205][flwr][INFO] - ***FedDebug Output Round 1 ***
[2025-03-12 22:06:29,205][flwr][INFO] - True Malicious Clients (Ground Truth) = ['0']
[2025-03-12 22:06:29,205][flwr][INFO] - Total Random Inputs = 10
[2025-03-12 22:06:29,206][flwr][INFO] - Predicted Malicious Clients = {'0': 0.8, '8': 0.2}
[2025-03-12 22:06:29,206][flwr][INFO] - FedDebug Localization Accuracy = 80.0
[2025-03-12 22:06:39,476][flwr][INFO] - fit progress: (1, 0.0033839064955711365, {'accuracy': 0.3879, 'loss': 0.0033839064955711365, 'round': 1}, 237.84652945108246)
[2025-03-12 22:06:39,476][flwr][INFO] - configure_evaluate: no clients selected, skipping evaluation
[2025-03-12 22:06:39,476][flwr][INFO] - 
[2025-03-12 22:06:39,476][flwr][INFO] - [ROUND 2]
[2025-03-12 22:06:39,477][flwr][INFO] - configure_fit: strategy sampled 10 clients (out of 10)
[2025-03-12 22:10:07,055][flwr][INFO] - aggregate_fit: received 10 results and 0 failures
[2025-03-12 22:10:16,869][flwr][INFO] - >>   ------------------- Clients Metrics ------------- 
[2025-03-12 22:10:16,870][flwr][INFO] -  Client 0, Loss Train 0.009078223665126589, Accuracy Train 0.12985046375165626, data_points = 21
[2025-03-12 22:10:16,870][flwr][INFO] -  Client 1, Loss Train 0.0012191405766611594, Accuracy Train 0.9014720314033366, data_points = 20
[2025-03-12 22:10:16,870][flwr][INFO] -  Client 2, Loss Train 0.001128479253377969, Accuracy Train 0.9066877096074176, data_points = 20
[2025-03-12 22:10:16,870][flwr][INFO] -  Client 3, Loss Train 0.0017929735867843182, Accuracy Train 0.8704124715816823, data_points = 25
[2025-03-12 22:10:16,870][flwr][INFO] -  Client 4, Loss Train 0.0011051157546334805, Accuracy Train 0.9105821807655194, data_points = 25
[2025-03-12 22:10:16,870][flwr][INFO] -  Client 5, Loss Train 0.0010720430308486996, Accuracy Train 0.914683691236216, data_points = 14
[2025-03-12 22:10:16,871][flwr][INFO] -  Client 6, Loss Train 0.0011500556811499562, Accuracy Train 0.9069701280227596, data_points = 14
[2025-03-12 22:10:16,871][flwr][INFO] -  Client 7, Loss Train 0.0010537521207611095, Accuracy Train 0.913715146948003, data_points = 21
[2025-03-12 22:10:16,871][flwr][INFO] -  Client 8, Loss Train 0.0007743966907856143, Accuracy Train 0.9371288857841426, data_points = 23
[2025-03-12 22:10:16,871][flwr][INFO] -  Client 9, Loss Train 0.0011136136282750262, Accuracy Train 0.9086561453849833, data_points = 17
[2025-03-12 22:10:16,871][flwr][INFO] - ***FedDebug Output Round 2 ***
[2025-03-12 22:10:16,871][flwr][INFO] - True Malicious Clients (Ground Truth) = ['0']
[2025-03-12 22:10:16,872][flwr][INFO] - Total Random Inputs = 10
[2025-03-12 22:10:16,872][flwr][INFO] - Predicted Malicious Clients = {'0': 1.0}
[2025-03-12 22:10:16,872][flwr][INFO] - FedDebug Localization Accuracy = 100.0
[2025-03-12 22:10:26,372][flwr][INFO] - fit progress: (2, 0.002894467043876648, {'accuracy': 0.5354, 'loss': 0.002894467043876648, 'round': 2}, 464.743185466039)
[2025-03-12 22:10:26,373][flwr][INFO] - configure_evaluate: no clients selected, skipping evaluation
[2025-03-12 22:10:26,373][flwr][INFO] - 
[2025-03-12 22:10:26,373][flwr][INFO] - [ROUND 3]
[2025-03-12 22:10:26,374][flwr][INFO] - configure_fit: strategy sampled 10 clients (out of 10)
[2025-03-12 22:13:38,180][flwr][INFO] - aggregate_fit: received 10 results and 0 failures
[2025-03-12 22:13:47,731][flwr][INFO] - >>   ------------------- Clients Metrics ------------- 
[2025-03-12 22:13:47,732][flwr][INFO] -  Client 0, Loss Train 0.009082431213751494, Accuracy Train 0.12738974067764527, data_points = 21
[2025-03-12 22:13:47,732][flwr][INFO] -  Client 1, Loss Train 0.0007493489843238442, Accuracy Train 0.9397448478900883, data_points = 20
[2025-03-12 22:13:47,732][flwr][INFO] -  Client 2, Loss Train 0.0007922449956680572, Accuracy Train 0.9341092917735253, data_points = 20
[2025-03-12 22:13:47,732][flwr][INFO] -  Client 3, Loss Train 0.0014107399712370834, Accuracy Train 0.8903864891198441, data_points = 25
[2025-03-12 22:13:47,732][flwr][INFO] -  Client 4, Loss Train 0.0008550771934766025, Accuracy Train 0.936796397555484, data_points = 25
[2025-03-12 22:13:47,732][flwr][INFO] -  Client 5, Loss Train 0.0007794727628063616, Accuracy Train 0.9396401625072548, data_points = 14
[2025-03-12 22:13:47,733][flwr][INFO] -  Client 6, Loss Train 0.000718476223742131, Accuracy Train 0.9459459459459459, data_points = 14
[2025-03-12 22:13:47,733][flwr][INFO] -  Client 7, Loss Train 0.0008180949334462244, Accuracy Train 0.9350037678975132, data_points = 21
[2025-03-12 22:13:47,733][flwr][INFO] -  Client 8, Loss Train 0.0005735590106700627, Accuracy Train 0.9528466643381068, data_points = 23
[2025-03-12 22:13:47,733][flwr][INFO] -  Client 9, Loss Train 0.0008816105869898438, Accuracy Train 0.9270683883309422, data_points = 17
[2025-03-12 22:13:47,733][flwr][INFO] - ***FedDebug Output Round 3 ***
[2025-03-12 22:13:47,734][flwr][INFO] - True Malicious Clients (Ground Truth) = ['0']
[2025-03-12 22:13:47,734][flwr][INFO] - Total Random Inputs = 10
[2025-03-12 22:13:47,734][flwr][INFO] - Predicted Malicious Clients = {'0': 0.9, '3': 0.1}
[2025-03-12 22:13:47,734][flwr][INFO] - FedDebug Localization Accuracy = 90.0
[2025-03-12 22:13:57,926][flwr][INFO] - fit progress: (3, 0.002229452621936798, {'accuracy': 0.6369, 'loss': 0.002229452621936798, 'round': 3}, 676.2969680420356)
[2025-03-12 22:13:57,927][flwr][INFO] - configure_evaluate: no clients selected, skipping evaluation
[2025-03-12 22:13:57,927][flwr][INFO] - 
[2025-03-12 22:13:57,927][flwr][INFO] - [ROUND 4]
[2025-03-12 22:13:57,928][flwr][INFO] - configure_fit: strategy sampled 10 clients (out of 10)
[2025-03-12 22:17:33,507][flwr][INFO] - aggregate_fit: received 10 results and 0 failures
[2025-03-12 22:17:43,050][flwr][INFO] - >>   ------------------- Clients Metrics ------------- 
[2025-03-12 22:17:43,051][flwr][INFO] -  Client 0, Loss Train 0.009066828944884803, Accuracy Train 0.12776831345826234, data_points = 21
[2025-03-12 22:17:43,051][flwr][INFO] -  Client 1, Loss Train 0.0006621703022946554, Accuracy Train 0.9432777232580962, data_points = 20
[2025-03-12 22:17:43,051][flwr][INFO] -  Client 2, Loss Train 0.0007320559822635835, Accuracy Train 0.9418031169855987, data_points = 20
[2025-03-12 22:17:43,051][flwr][INFO] -  Client 3, Loss Train 0.0011000360207061716, Accuracy Train 0.9095485547255603, data_points = 25
[2025-03-12 22:17:43,051][flwr][INFO] -  Client 4, Loss Train 0.0006630558049651962, Accuracy Train 0.9486973303312962, data_points = 25
[2025-03-12 22:17:43,051][flwr][INFO] -  Client 5, Loss Train 0.0005869505644813223, Accuracy Train 0.9556006964596634, data_points = 14
[2025-03-12 22:17:43,052][flwr][INFO] -  Client 6, Loss Train 0.0006015926726681748, Accuracy Train 0.9533428165007113, data_points = 14
[2025-03-12 22:17:43,052][flwr][INFO] -  Client 7, Loss Train 0.0006304745040918169, Accuracy Train 0.9461190655614168, data_points = 21
[2025-03-12 22:17:43,052][flwr][INFO] -  Client 8, Loss Train 0.0005165034182268216, Accuracy Train 0.9586098498078938, data_points = 23
[2025-03-12 22:17:43,052][flwr][INFO] -  Client 9, Loss Train 0.0005865796441982831, Accuracy Train 0.9576757532281205, data_points = 17
[2025-03-12 22:17:43,052][flwr][INFO] - ***FedDebug Output Round 4 ***
[2025-03-12 22:17:43,053][flwr][INFO] - True Malicious Clients (Ground Truth) = ['0']
[2025-03-12 22:17:43,053][flwr][INFO] - Total Random Inputs = 10
[2025-03-12 22:17:43,053][flwr][INFO] - Predicted Malicious Clients = {'0': 1.0}
[2025-03-12 22:17:43,053][flwr][INFO] - FedDebug Localization Accuracy = 100.0
[2025-03-12 22:17:52,966][flwr][INFO] - fit progress: (4, 0.0021099207997322083, {'accuracy': 0.6899, 'loss': 0.0021099207997322083, 'round': 4}, 911.3370167590911)
[2025-03-12 22:17:52,966][flwr][INFO] - configure_evaluate: no clients selected, skipping evaluation
[2025-03-12 22:17:52,967][flwr][INFO] - 
[2025-03-12 22:17:52,967][flwr][INFO] - [ROUND 5]
[2025-03-12 22:17:52,968][flwr][INFO] - configure_fit: strategy sampled 10 clients (out of 10)
[2025-03-12 22:21:00,865][flwr][INFO] - aggregate_fit: received 10 results and 0 failures
[2025-03-12 22:21:10,413][flwr][INFO] - >>   ------------------- Clients Metrics ------------- 
[2025-03-12 22:21:10,413][flwr][INFO] -  Client 0, Loss Train 0.00909500484910626, Accuracy Train 0.11035396554987696, data_points = 21
[2025-03-12 22:21:10,413][flwr][INFO] -  Client 1, Loss Train 0.0005655189506322058, Accuracy Train 0.9540726202158979, data_points = 20
[2025-03-12 22:21:10,413][flwr][INFO] -  Client 2, Loss Train 0.0005480726075892054, Accuracy Train 0.9554152692838824, data_points = 20
[2025-03-12 22:21:10,414][flwr][INFO] -  Client 3, Loss Train 0.000943900248415093, Accuracy Train 0.928223449171809, data_points = 25
[2025-03-12 22:21:10,414][flwr][INFO] -  Client 4, Loss Train 0.0006109265884370733, Accuracy Train 0.9490189771630749, data_points = 25
[2025-03-12 22:21:10,414][flwr][INFO] -  Client 5, Loss Train 0.0004121797279310448, Accuracy Train 0.9692396982008126, data_points = 14
[2025-03-12 22:21:10,414][flwr][INFO] -  Client 6, Loss Train 0.00044039950664996423, Accuracy Train 0.9638691322901849, data_points = 14
[2025-03-12 22:21:10,414][flwr][INFO] -  Client 7, Loss Train 0.000554715560436159, Accuracy Train 0.9529012810851545, data_points = 21
[2025-03-12 22:21:10,414][flwr][INFO] -  Client 8, Loss Train 0.0004649921208151645, Accuracy Train 0.966643381068809, data_points = 23
[2025-03-12 22:21:10,414][flwr][INFO] -  Client 9, Loss Train 0.0005637481078213337, Accuracy Train 0.9562410329985653, data_points = 17
[2025-03-12 22:21:10,415][flwr][INFO] - ***FedDebug Output Round 5 ***
[2025-03-12 22:21:10,415][flwr][INFO] - True Malicious Clients (Ground Truth) = ['0']
[2025-03-12 22:21:10,415][flwr][INFO] - Total Random Inputs = 10
[2025-03-12 22:21:10,415][flwr][INFO] - Predicted Malicious Clients = {'0': 1.0}
[2025-03-12 22:21:10,416][flwr][INFO] - FedDebug Localization Accuracy = 100.0
[2025-03-12 22:21:20,537][flwr][INFO] - fit progress: (5, 0.0019262065351009368, {'accuracy': 0.6974, 'loss': 0.0019262065351009368, 'round': 5}, 1118.9083844970446)
[2025-03-12 22:21:20,538][flwr][INFO] - configure_evaluate: no clients selected, skipping evaluation
[2025-03-12 22:21:20,547][flwr][INFO] - 
[2025-03-12 22:21:20,547][flwr][INFO] - [SUMMARY]
[2025-03-12 22:21:20,547][flwr][INFO] - Run finished 5 round(s) in 1118.91s
[2025-03-12 22:21:20,549][flwr][INFO] - 	History (loss, centralized):
[2025-03-12 22:21:20,550][flwr][INFO] - 		round 0: 0.00471433527469635
[2025-03-12 22:21:20,550][flwr][INFO] - 		round 1: 0.0033839064955711365
[2025-03-12 22:21:20,550][flwr][INFO] - 		round 2: 0.002894467043876648
[2025-03-12 22:21:20,550][flwr][INFO] - 		round 3: 0.002229452621936798
[2025-03-12 22:21:20,550][flwr][INFO] - 		round 4: 0.0021099207997322083
[2025-03-12 22:21:20,550][flwr][INFO] - 		round 5: 0.0019262065351009368
[2025-03-12 22:21:20,550][flwr][INFO] - 	History (metrics, distributed, fit):
[2025-03-12 22:21:20,550][flwr][INFO] - 	{'accuracy': [(1, 0.0), (2, 0.0), (3, 0.0), (4, 0.0), (5, 0.0)],
[2025-03-12 22:21:20,551][flwr][INFO] - 	 'loss': [(1, 0.0), (2, 0.0), (3, 0.0), (4, 0.0), (5, 0.0)],
[2025-03-12 22:21:20,551][flwr][INFO] - 	 'potential_malicious_clients': [(1, {'0': 8, '8': 2}),
[2025-03-12 22:21:20,551][flwr][INFO] - 	                                 (2, {'0': 10}),
[2025-03-12 22:21:20,551][flwr][INFO] - 	                                 (3, {'0': 9, '3': 1}),
[2025-03-12 22:21:20,551][flwr][INFO] - 	                                 (4, {'0': 10}),
[2025-03-12 22:21:20,551][flwr][INFO] - 	                                 (5, {'0': 10})]}
[2025-03-12 22:21:20,551][flwr][INFO] - 	History (metrics, centralized):
[2025-03-12 22:21:20,551][flwr][INFO] - 	{'accuracy': [(0, 0.1049),
[2025-03-12 22:21:20,552][flwr][INFO] - 	              (1, 0.3879),
[2025-03-12 22:21:20,552][flwr][INFO] - 	              (2, 0.5354),
[2025-03-12 22:21:20,552][flwr][INFO] - 	              (3, 0.6369),
[2025-03-12 22:21:20,552][flwr][INFO] - 	              (4, 0.6899),
[2025-03-12 22:21:20,552][flwr][INFO] - 	              (5, 0.6974)],
[2025-03-12 22:21:20,552][flwr][INFO] - 	 'loss': [(0, 0.00471433527469635),
[2025-03-12 22:21:20,552][flwr][INFO] - 	          (1, 0.0033839064955711365),
[2025-03-12 22:21:20,552][flwr][INFO] - 	          (2, 0.002894467043876648),
[2025-03-12 22:21:20,553][flwr][INFO] - 	          (3, 0.002229452621936798),
[2025-03-12 22:21:20,553][flwr][INFO] - 	          (4, 0.0021099207997322083),
[2025-03-12 22:21:20,553][flwr][INFO] - 	          (5, 0.0019262065351009368)],
[2025-03-12 22:21:20,553][flwr][INFO] - 	 'round': [(0, 0), (1, 1), (2, 2), (3, 3), (4, 4), (5, 5)]}
[2025-03-12 22:21:20,553][flwr][INFO] - 
[2025-03-12 22:21:23,723][flwr][INFO] - Saved plot at /users/Parthaw/flower/baselines/feddebug/outputs/2025-03-12/22-02-23/non_iid-SimpleCNN-cifar10.png
[2025-03-12 22:21:23,724][flwr][INFO] - Training Complete for Experiment: SimpleCNN-cifar10-faulty_clients[['0']]-noise_rate1-TClients10--clientsPerR10)-non_iid-batch256-epochs3-lr0.001
[2025-03-12 22:21:23,727][flwr][INFO] - Total Time Taken: 1140.402045249939 seconds
