[2025-03-13 00:37:21,468][flwr][INFO] -  ***********  Starting Experiment: lenet-cifar10-faulty_clients[['0', '1']]-noise_rate1-TClients10--clientsPerR10)-iid-batch256-epochs3-lr0.001 ***************
[2025-03-13 00:37:24,940][flwr][INFO] - ** All Malicious Clients are: ['0', '1'] **
[2025-03-13 00:37:24,975][flwr][WARNING] - DEPRECATED FEATURE: `client_fn` now expects a signature `def client_fn(context: Context)`.The provided `client_fn` has signature: {'cid': <Parameter "cid">}. You can import the `Context` like this: `from flwr.common import Context`

            This is a deprecated feature. It will be removed
            entirely in future versions of Flower.
        
[2025-03-13 00:37:24,975][flwr][WARNING] - DEPRECATED FEATURE: Passing either `server`, `config`, `strategy` or `client_manager` directly to the ServerApp constructor is deprecated.

            Check the following `FEATURE UPDATE` warning message for the preferred
            new mechanism to use this feature in Flower.
        
[2025-03-13 00:37:24,975][flwr][WARNING] - FEATURE UPDATE: Pass `ServerApp` arguments wrapped in a `flwr.server.ServerAppComponents` object that gets returned by a function passed as the `server_fn` argument to the `ServerApp` constructor. For example: 
        ------------------------------------------------------------
        

        def server_fn(context: Context):
            server_config = ServerConfig(num_rounds=3)
            strategy = FedAvg()
            return ServerAppComponents(
                strategy=strategy,
                server_config=server_config,
        )

        app = ServerApp(server_fn=server_fn)

        ------------------------------------------------------------
        
[2025-03-13 00:37:24,979][flwr][INFO] - Starting Flower ServerApp, config: num_rounds=5, no round_timeout
[2025-03-13 00:37:24,983][flwr][INFO] - 
[2025-03-13 00:37:24,986][flwr][INFO] - [INIT]
[2025-03-13 00:37:24,987][flwr][INFO] - Using initial global parameters provided by strategy
[2025-03-13 00:37:24,987][flwr][INFO] - Starting evaluation of initial global parameters
[2025-03-13 00:37:35,044][flwr][INFO] - initial parameters (loss, other metrics): 0.004609923124313355, {'accuracy': 0.1166, 'loss': 0.004609923124313355, 'round': 0}
[2025-03-13 00:37:35,045][flwr][INFO] - 
[2025-03-13 00:37:35,045][flwr][INFO] - [ROUND 1]
[2025-03-13 00:37:35,046][flwr][INFO] - configure_fit: strategy sampled 10 clients (out of 10)
[2025-03-13 00:38:18,114][flwr][INFO] - aggregate_fit: received 10 results and 0 failures
[2025-03-13 00:38:18,548][flwr][INFO] - >>   ------------------- Clients Metrics ------------- 
[2025-03-13 00:38:18,548][flwr][INFO] -  Client 0, Loss Train 0.009201830053329467, Accuracy Train 0.1164, data_points = 20
[2025-03-13 00:38:18,548][flwr][INFO] -  Client 1, Loss Train 0.009196739959716796, Accuracy Train 0.1126, data_points = 20
[2025-03-13 00:38:18,548][flwr][INFO] -  Client 2, Loss Train 0.007671721005439758, Accuracy Train 0.3056, data_points = 20
[2025-03-13 00:38:18,548][flwr][INFO] -  Client 3, Loss Train 0.007515743708610535, Accuracy Train 0.3142, data_points = 20
[2025-03-13 00:38:18,548][flwr][INFO] -  Client 4, Loss Train 0.007642182230949402, Accuracy Train 0.2986, data_points = 20
[2025-03-13 00:38:18,548][flwr][INFO] -  Client 5, Loss Train 0.00767745430469513, Accuracy Train 0.2888, data_points = 20
[2025-03-13 00:38:18,549][flwr][INFO] -  Client 6, Loss Train 0.007601865959167481, Accuracy Train 0.3084, data_points = 20
[2025-03-13 00:38:18,549][flwr][INFO] -  Client 7, Loss Train 0.007632376480102539, Accuracy Train 0.2998, data_points = 20
[2025-03-13 00:38:18,549][flwr][INFO] -  Client 8, Loss Train 0.007721127915382385, Accuracy Train 0.2964, data_points = 20
[2025-03-13 00:38:18,549][flwr][INFO] -  Client 9, Loss Train 0.007599356365203857, Accuracy Train 0.3088, data_points = 20
[2025-03-13 00:38:18,549][flwr][INFO] - ***FedDebug Output Round 1 ***
[2025-03-13 00:38:18,549][flwr][INFO] - True Malicious Clients (Ground Truth) = ['0', '1']
[2025-03-13 00:38:18,549][flwr][INFO] - Total Random Inputs = 10
[2025-03-13 00:38:18,550][flwr][INFO] - Predicted Malicious Clients = {'1': 1.0, '0': 1.0}
[2025-03-13 00:38:18,550][flwr][INFO] - FedDebug Localization Accuracy = 100.0
[2025-03-13 00:38:25,627][flwr][INFO] - fit progress: (1, 0.003995557165145874, {'accuracy': 0.2906, 'loss': 0.003995557165145874, 'round': 1}, 50.58249960199464)
[2025-03-13 00:38:25,628][flwr][INFO] - configure_evaluate: no clients selected, skipping evaluation
[2025-03-13 00:38:25,628][flwr][INFO] - 
[2025-03-13 00:38:25,628][flwr][INFO] - [ROUND 2]
[2025-03-13 00:38:25,629][flwr][INFO] - configure_fit: strategy sampled 10 clients (out of 10)
[2025-03-13 00:38:58,129][flwr][INFO] - aggregate_fit: received 10 results and 0 failures
[2025-03-13 00:38:58,588][flwr][INFO] - >>   ------------------- Clients Metrics ------------- 
[2025-03-13 00:38:58,589][flwr][INFO] -  Client 0, Loss Train 0.009198280811309814, Accuracy Train 0.1108, data_points = 20
[2025-03-13 00:38:58,589][flwr][INFO] -  Client 1, Loss Train 0.009192310047149658, Accuracy Train 0.1164, data_points = 20
[2025-03-13 00:38:58,589][flwr][INFO] -  Client 2, Loss Train 0.007023547101020813, Accuracy Train 0.3628, data_points = 20
[2025-03-13 00:38:58,589][flwr][INFO] -  Client 3, Loss Train 0.0068749839067459104, Accuracy Train 0.3704, data_points = 20
[2025-03-13 00:38:58,589][flwr][INFO] -  Client 4, Loss Train 0.007019807457923889, Accuracy Train 0.3602, data_points = 20
[2025-03-13 00:38:58,589][flwr][INFO] -  Client 5, Loss Train 0.007090090012550354, Accuracy Train 0.3456, data_points = 20
[2025-03-13 00:38:58,589][flwr][INFO] -  Client 6, Loss Train 0.00692453510761261, Accuracy Train 0.3712, data_points = 20
[2025-03-13 00:38:58,589][flwr][INFO] -  Client 7, Loss Train 0.006971701145172119, Accuracy Train 0.3716, data_points = 20
[2025-03-13 00:38:58,589][flwr][INFO] -  Client 8, Loss Train 0.006963881778717041, Accuracy Train 0.368, data_points = 20
[2025-03-13 00:38:58,589][flwr][INFO] -  Client 9, Loss Train 0.006965242242813111, Accuracy Train 0.3654, data_points = 20
[2025-03-13 00:38:58,590][flwr][INFO] - ***FedDebug Output Round 2 ***
[2025-03-13 00:38:58,590][flwr][INFO] - True Malicious Clients (Ground Truth) = ['0', '1']
[2025-03-13 00:38:58,590][flwr][INFO] - Total Random Inputs = 10
[2025-03-13 00:38:58,590][flwr][INFO] - Predicted Malicious Clients = {'1': 1.0, '0': 1.0}
[2025-03-13 00:38:58,590][flwr][INFO] - FedDebug Localization Accuracy = 100.0
[2025-03-13 00:39:05,635][flwr][INFO] - fit progress: (2, 0.003727120316028595, {'accuracy': 0.3518, 'loss': 0.003727120316028595, 'round': 2}, 90.59008670703042)
[2025-03-13 00:39:05,635][flwr][INFO] - configure_evaluate: no clients selected, skipping evaluation
[2025-03-13 00:39:05,635][flwr][INFO] - 
[2025-03-13 00:39:05,635][flwr][INFO] - [ROUND 3]
[2025-03-13 00:39:05,636][flwr][INFO] - configure_fit: strategy sampled 10 clients (out of 10)
[2025-03-13 00:39:38,027][flwr][INFO] - aggregate_fit: received 10 results and 0 failures
[2025-03-13 00:39:38,452][flwr][INFO] - >>   ------------------- Clients Metrics ------------- 
[2025-03-13 00:39:38,453][flwr][INFO] -  Client 0, Loss Train 0.009199037075042724, Accuracy Train 0.1102, data_points = 20
[2025-03-13 00:39:38,453][flwr][INFO] -  Client 1, Loss Train 0.00918781213760376, Accuracy Train 0.1186, data_points = 20
[2025-03-13 00:39:38,453][flwr][INFO] -  Client 2, Loss Train 0.0065534995555877685, Accuracy Train 0.4102, data_points = 20
[2025-03-13 00:39:38,453][flwr][INFO] -  Client 3, Loss Train 0.006491764664649963, Accuracy Train 0.3988, data_points = 20
[2025-03-13 00:39:38,453][flwr][INFO] -  Client 4, Loss Train 0.006585049700737, Accuracy Train 0.4004, data_points = 20
[2025-03-13 00:39:38,453][flwr][INFO] -  Client 5, Loss Train 0.006679149889945984, Accuracy Train 0.3826, data_points = 20
[2025-03-13 00:39:38,453][flwr][INFO] -  Client 6, Loss Train 0.006473877453804016, Accuracy Train 0.4058, data_points = 20
[2025-03-13 00:39:38,453][flwr][INFO] -  Client 7, Loss Train 0.006547971296310425, Accuracy Train 0.4086, data_points = 20
[2025-03-13 00:39:38,453][flwr][INFO] -  Client 8, Loss Train 0.006662497639656067, Accuracy Train 0.399, data_points = 20
[2025-03-13 00:39:38,453][flwr][INFO] -  Client 9, Loss Train 0.0066253521442413334, Accuracy Train 0.4016, data_points = 20
[2025-03-13 00:39:38,454][flwr][INFO] - ***FedDebug Output Round 3 ***
[2025-03-13 00:39:38,454][flwr][INFO] - True Malicious Clients (Ground Truth) = ['0', '1']
[2025-03-13 00:39:38,454][flwr][INFO] - Total Random Inputs = 10
[2025-03-13 00:39:38,454][flwr][INFO] - Predicted Malicious Clients = {'1': 1.0, '0': 1.0}
[2025-03-13 00:39:38,454][flwr][INFO] - FedDebug Localization Accuracy = 100.0
[2025-03-13 00:39:46,229][flwr][INFO] - fit progress: (3, 0.0035305554389953612, {'accuracy': 0.3846, 'loss': 0.0035305554389953612, 'round': 3}, 131.18461627094075)
[2025-03-13 00:39:46,230][flwr][INFO] - configure_evaluate: no clients selected, skipping evaluation
[2025-03-13 00:39:46,230][flwr][INFO] - 
[2025-03-13 00:39:46,230][flwr][INFO] - [ROUND 4]
[2025-03-13 00:39:46,231][flwr][INFO] - configure_fit: strategy sampled 10 clients (out of 10)
[2025-03-13 00:40:18,794][flwr][INFO] - aggregate_fit: received 10 results and 0 failures
[2025-03-13 00:40:19,295][flwr][INFO] - >>   ------------------- Clients Metrics ------------- 
[2025-03-13 00:40:19,295][flwr][INFO] -  Client 0, Loss Train 0.009195757150650024, Accuracy Train 0.114, data_points = 20
[2025-03-13 00:40:19,296][flwr][INFO] -  Client 1, Loss Train 0.009194579029083253, Accuracy Train 0.116, data_points = 20
[2025-03-13 00:40:19,296][flwr][INFO] -  Client 2, Loss Train 0.006330958843231201, Accuracy Train 0.4264, data_points = 20
[2025-03-13 00:40:19,296][flwr][INFO] -  Client 3, Loss Train 0.006244099760055542, Accuracy Train 0.4264, data_points = 20
[2025-03-13 00:40:19,296][flwr][INFO] -  Client 4, Loss Train 0.006485487079620361, Accuracy Train 0.4166, data_points = 20
[2025-03-13 00:40:19,296][flwr][INFO] -  Client 5, Loss Train 0.006388211393356324, Accuracy Train 0.4066, data_points = 20
[2025-03-13 00:40:19,296][flwr][INFO] -  Client 6, Loss Train 0.006263203048706055, Accuracy Train 0.4346, data_points = 20
[2025-03-13 00:40:19,296][flwr][INFO] -  Client 7, Loss Train 0.006392033672332763, Accuracy Train 0.4262, data_points = 20
[2025-03-13 00:40:19,296][flwr][INFO] -  Client 8, Loss Train 0.0064071831941604615, Accuracy Train 0.4156, data_points = 20
[2025-03-13 00:40:19,296][flwr][INFO] -  Client 9, Loss Train 0.006279502439498901, Accuracy Train 0.4334, data_points = 20
[2025-03-13 00:40:19,296][flwr][INFO] - ***FedDebug Output Round 4 ***
[2025-03-13 00:40:19,296][flwr][INFO] - True Malicious Clients (Ground Truth) = ['0', '1']
[2025-03-13 00:40:19,297][flwr][INFO] - Total Random Inputs = 10
[2025-03-13 00:40:19,297][flwr][INFO] - Predicted Malicious Clients = {'1': 1.0, '0': 1.0}
[2025-03-13 00:40:19,297][flwr][INFO] - FedDebug Localization Accuracy = 100.0
[2025-03-13 00:40:26,858][flwr][INFO] - fit progress: (4, 0.003470977854728699, {'accuracy': 0.4018, 'loss': 0.003470977854728699, 'round': 4}, 171.81339265103452)
[2025-03-13 00:40:26,859][flwr][INFO] - configure_evaluate: no clients selected, skipping evaluation
[2025-03-13 00:40:26,859][flwr][INFO] - 
[2025-03-13 00:40:26,859][flwr][INFO] - [ROUND 5]
[2025-03-13 00:40:26,860][flwr][INFO] - configure_fit: strategy sampled 10 clients (out of 10)
[2025-03-13 00:40:59,005][flwr][INFO] - aggregate_fit: received 10 results and 0 failures
[2025-03-13 00:40:59,637][flwr][INFO] - >>   ------------------- Clients Metrics ------------- 
[2025-03-13 00:40:59,638][flwr][INFO] -  Client 0, Loss Train 0.009191246557235718, Accuracy Train 0.1108, data_points = 20
[2025-03-13 00:40:59,638][flwr][INFO] -  Client 1, Loss Train 0.009192325878143311, Accuracy Train 0.1188, data_points = 20
[2025-03-13 00:40:59,638][flwr][INFO] -  Client 2, Loss Train 0.006181097364425659, Accuracy Train 0.4416, data_points = 20
[2025-03-13 00:40:59,638][flwr][INFO] -  Client 3, Loss Train 0.006101582837104797, Accuracy Train 0.4478, data_points = 20
[2025-03-13 00:40:59,638][flwr][INFO] -  Client 4, Loss Train 0.006192424535751343, Accuracy Train 0.4388, data_points = 20
[2025-03-13 00:40:59,638][flwr][INFO] -  Client 5, Loss Train 0.006236546659469605, Accuracy Train 0.4206, data_points = 20
[2025-03-13 00:40:59,639][flwr][INFO] -  Client 6, Loss Train 0.0061078821182250975, Accuracy Train 0.4426, data_points = 20
[2025-03-13 00:40:59,639][flwr][INFO] -  Client 7, Loss Train 0.00613539469242096, Accuracy Train 0.4368, data_points = 20
[2025-03-13 00:40:59,639][flwr][INFO] -  Client 8, Loss Train 0.006196722793579102, Accuracy Train 0.4388, data_points = 20
[2025-03-13 00:40:59,639][flwr][INFO] -  Client 9, Loss Train 0.006128683280944824, Accuracy Train 0.4498, data_points = 20
[2025-03-13 00:40:59,639][flwr][INFO] - ***FedDebug Output Round 5 ***
[2025-03-13 00:40:59,640][flwr][INFO] - True Malicious Clients (Ground Truth) = ['0', '1']
[2025-03-13 00:40:59,640][flwr][INFO] - Total Random Inputs = 10
[2025-03-13 00:40:59,641][flwr][INFO] - Predicted Malicious Clients = {'1': 1.0, '0': 1.0}
[2025-03-13 00:40:59,641][flwr][INFO] - FedDebug Localization Accuracy = 100.0
[2025-03-13 00:41:07,588][flwr][INFO] - fit progress: (5, 0.0033867133259773254, {'accuracy': 0.4162, 'loss': 0.0033867133259773254, 'round': 5}, 212.54301831498742)
[2025-03-13 00:41:07,589][flwr][INFO] - configure_evaluate: no clients selected, skipping evaluation
[2025-03-13 00:41:07,589][flwr][INFO] - 
[2025-03-13 00:41:07,589][flwr][INFO] - [SUMMARY]
[2025-03-13 00:41:07,590][flwr][INFO] - Run finished 5 round(s) in 212.54s
[2025-03-13 00:41:07,592][flwr][INFO] - 	History (loss, centralized):
[2025-03-13 00:41:07,593][flwr][INFO] - 		round 0: 0.004609923124313355
[2025-03-13 00:41:07,593][flwr][INFO] - 		round 1: 0.003995557165145874
[2025-03-13 00:41:07,593][flwr][INFO] - 		round 2: 0.003727120316028595
[2025-03-13 00:41:07,593][flwr][INFO] - 		round 3: 0.0035305554389953612
[2025-03-13 00:41:07,593][flwr][INFO] - 		round 4: 0.003470977854728699
[2025-03-13 00:41:07,593][flwr][INFO] - 		round 5: 0.0033867133259773254
[2025-03-13 00:41:07,594][flwr][INFO] - 	History (metrics, distributed, fit):
[2025-03-13 00:41:07,594][flwr][INFO] - 	{'accuracy': [(1, 0.0), (2, 0.0), (3, 0.0), (4, 0.0), (5, 0.0)],
[2025-03-13 00:41:07,594][flwr][INFO] - 	 'loss': [(1, 0.0), (2, 0.0), (3, 0.0), (4, 0.0), (5, 0.0)],
[2025-03-13 00:41:07,594][flwr][INFO] - 	 'potential_malicious_clients': [(1, {'0': 10, '1': 10}),
[2025-03-13 00:41:07,594][flwr][INFO] - 	                                 (2, {'0': 10, '1': 10}),
[2025-03-13 00:41:07,594][flwr][INFO] - 	                                 (3, {'0': 10, '1': 10}),
[2025-03-13 00:41:07,594][flwr][INFO] - 	                                 (4, {'0': 10, '1': 10}),
[2025-03-13 00:41:07,595][flwr][INFO] - 	                                 (5, {'0': 10, '1': 10})]}
[2025-03-13 00:41:07,595][flwr][INFO] - 	History (metrics, centralized):
[2025-03-13 00:41:07,595][flwr][INFO] - 	{'accuracy': [(0, 0.1166),
[2025-03-13 00:41:07,595][flwr][INFO] - 	              (1, 0.2906),
[2025-03-13 00:41:07,595][flwr][INFO] - 	              (2, 0.3518),
[2025-03-13 00:41:07,595][flwr][INFO] - 	              (3, 0.3846),
[2025-03-13 00:41:07,595][flwr][INFO] - 	              (4, 0.4018),
[2025-03-13 00:41:07,595][flwr][INFO] - 	              (5, 0.4162)],
[2025-03-13 00:41:07,596][flwr][INFO] - 	 'loss': [(0, 0.004609923124313355),
[2025-03-13 00:41:07,596][flwr][INFO] - 	          (1, 0.003995557165145874),
[2025-03-13 00:41:07,596][flwr][INFO] - 	          (2, 0.003727120316028595),
[2025-03-13 00:41:07,596][flwr][INFO] - 	          (3, 0.0035305554389953612),
[2025-03-13 00:41:07,596][flwr][INFO] - 	          (4, 0.003470977854728699),
[2025-03-13 00:41:07,596][flwr][INFO] - 	          (5, 0.0033867133259773254)],
[2025-03-13 00:41:07,596][flwr][INFO] - 	 'round': [(0, 0), (1, 1), (2, 2), (3, 3), (4, 4), (5, 5)]}
[2025-03-13 00:41:07,596][flwr][INFO] - 
[2025-03-13 00:41:10,545][flwr][INFO] - Saved plot at /users/Parthaw/flower/baselines/feddebug/outputs/2025-03-13/00-37-21/iid-lenet-cifar10.png
[2025-03-13 00:41:10,547][flwr][INFO] - Training Complete for Experiment: lenet-cifar10-faulty_clients[['0', '1']]-noise_rate1-TClients10--clientsPerR10)-iid-batch256-epochs3-lr0.001
[2025-03-13 00:41:10,547][flwr][INFO] - Total Time Taken: 229.08425092697144 seconds
