[2025-03-13 01:57:14,981][flwr][INFO] -  ***********  Starting Experiment: resnet18-mnist-faulty_clients[['0']]-noise_rate0-TClients10--clientsPerR10)-non_iid-batch256-epochs3-lr0.001 ***************
[2025-03-13 01:57:19,596][flwr][INFO] - ** All Malicious Clients are: ['0'] **
[2025-03-13 01:57:20,319][flwr][WARNING] - DEPRECATED FEATURE: `client_fn` now expects a signature `def client_fn(context: Context)`.The provided `client_fn` has signature: {'cid': <Parameter "cid">}. You can import the `Context` like this: `from flwr.common import Context`

            This is a deprecated feature. It will be removed
            entirely in future versions of Flower.
        
[2025-03-13 01:57:20,320][flwr][WARNING] - DEPRECATED FEATURE: Passing either `server`, `config`, `strategy` or `client_manager` directly to the ServerApp constructor is deprecated.

            Check the following `FEATURE UPDATE` warning message for the preferred
            new mechanism to use this feature in Flower.
        
[2025-03-13 01:57:20,320][flwr][WARNING] - FEATURE UPDATE: Pass `ServerApp` arguments wrapped in a `flwr.server.ServerAppComponents` object that gets returned by a function passed as the `server_fn` argument to the `ServerApp` constructor. For example: 
        ------------------------------------------------------------
        

        def server_fn(context: Context):
            server_config = ServerConfig(num_rounds=3)
            strategy = FedAvg()
            return ServerAppComponents(
                strategy=strategy,
                server_config=server_config,
        )

        app = ServerApp(server_fn=server_fn)

        ------------------------------------------------------------
        
[2025-03-13 01:57:20,323][flwr][INFO] - Starting Flower ServerApp, config: num_rounds=5, no round_timeout
[2025-03-13 01:57:20,330][flwr][INFO] - 
[2025-03-13 01:57:20,333][flwr][INFO] - [INIT]
[2025-03-13 01:57:20,334][flwr][INFO] - Using initial global parameters provided by strategy
[2025-03-13 01:57:20,335][flwr][INFO] - Starting evaluation of initial global parameters
[2025-03-13 01:57:32,602][flwr][INFO] - initial parameters (loss, other metrics): 0.0048609926223754886, {'accuracy': 0.1049, 'loss': 0.0048609926223754886, 'round': 0}
[2025-03-13 01:57:32,603][flwr][INFO] - 
[2025-03-13 01:57:32,603][flwr][INFO] - [ROUND 1]
[2025-03-13 01:57:32,604][flwr][INFO] - configure_fit: strategy sampled 10 clients (out of 10)
[2025-03-13 02:01:33,597][flwr][INFO] - aggregate_fit: received 10 results and 0 failures
[2025-03-13 02:01:42,886][flwr][INFO] - >>   ------------------- Clients Metrics ------------- 
[2025-03-13 02:01:42,887][flwr][INFO] -  Client 0, Loss Train 0.0003198653542559719, Accuracy Train 0.9760750586395621, data_points = 25
[2025-03-13 02:01:42,887][flwr][INFO] -  Client 1, Loss Train 0.0012117225774968443, Accuracy Train 0.9562316954116499, data_points = 25
[2025-03-13 02:01:42,887][flwr][INFO] -  Client 2, Loss Train 0.00026284331642183076, Accuracy Train 0.9794644323969115, data_points = 24
[2025-03-13 02:01:42,887][flwr][INFO] -  Client 3, Loss Train 0.00019113520057858092, Accuracy Train 0.9854034328963374, data_points = 29
[2025-03-13 02:01:42,887][flwr][INFO] -  Client 4, Loss Train 0.00023697150945215542, Accuracy Train 0.9819647492826888, data_points = 29
[2025-03-13 02:01:42,888][flwr][INFO] -  Client 5, Loss Train 0.0007865739567896606, Accuracy Train 0.9418349963494768, data_points = 17
[2025-03-13 02:01:42,888][flwr][INFO] -  Client 6, Loss Train 0.0003925928108307202, Accuracy Train 0.9714217670874018, data_points = 17
[2025-03-13 02:01:42,888][flwr][INFO] -  Client 7, Loss Train 0.0002999138485210491, Accuracy Train 0.9759509588179818, data_points = 25
[2025-03-13 02:01:42,888][flwr][INFO] -  Client 8, Loss Train 0.0001454139926507312, Accuracy Train 0.9878084179970973, data_points = 27
[2025-03-13 02:01:42,888][flwr][INFO] -  Client 9, Loss Train 0.0002998425828203015, Accuracy Train 0.9758539458186102, data_points = 20
[2025-03-13 02:01:42,889][flwr][INFO] - ***FedDebug Output Round 1 ***
[2025-03-13 02:01:42,889][flwr][INFO] - True Malicious Clients (Ground Truth) = ['0']
[2025-03-13 02:01:42,889][flwr][INFO] - Total Random Inputs = 10
[2025-03-13 02:01:42,890][flwr][INFO] - Predicted Malicious Clients = {'1': 1.0}
[2025-03-13 02:01:42,890][flwr][INFO] - FedDebug Localization Accuracy = 0.0
[2025-03-13 02:01:52,125][flwr][INFO] - fit progress: (1, 0.0024141927123069763, {'accuracy': 0.6853, 'loss': 0.0024141927123069763, 'round': 1}, 259.5218447999796)
[2025-03-13 02:01:52,126][flwr][INFO] - configure_evaluate: no clients selected, skipping evaluation
[2025-03-13 02:01:52,126][flwr][INFO] - 
[2025-03-13 02:01:52,126][flwr][INFO] - [ROUND 2]
[2025-03-13 02:01:52,127][flwr][INFO] - configure_fit: strategy sampled 10 clients (out of 10)
[2025-03-13 02:05:40,515][flwr][INFO] - aggregate_fit: received 10 results and 0 failures
[2025-03-13 02:05:49,856][flwr][INFO] - >>   ------------------- Clients Metrics ------------- 
[2025-03-13 02:05:49,856][flwr][INFO] -  Client 0, Loss Train 0.00023239005948296742, Accuracy Train 0.9818608287724785, data_points = 25
[2025-03-13 02:05:49,857][flwr][INFO] -  Client 1, Loss Train 0.001186463067819038, Accuracy Train 0.9480963228115847, data_points = 25
[2025-03-13 02:05:49,857][flwr][INFO] -  Client 2, Loss Train 0.00018865578103010656, Accuracy Train 0.9863643831115492, data_points = 24
[2025-03-13 02:05:49,857][flwr][INFO] -  Client 3, Loss Train 0.0001749761176290166, Accuracy Train 0.9863495066900932, data_points = 29
[2025-03-13 02:05:49,857][flwr][INFO] -  Client 4, Loss Train 0.0002615589982890939, Accuracy Train 0.9801885503484082, data_points = 29
[2025-03-13 02:05:49,857][flwr][INFO] -  Client 5, Loss Train 0.000925848035227501, Accuracy Train 0.9561937211000243, data_points = 17
[2025-03-13 02:05:49,857][flwr][INFO] -  Client 6, Loss Train 0.00020200402701460313, Accuracy Train 0.983567516075256, data_points = 17
[2025-03-13 02:05:49,857][flwr][INFO] -  Client 7, Loss Train 0.0002336567114067786, Accuracy Train 0.9830242062244577, data_points = 25
[2025-03-13 02:05:49,857][flwr][INFO] -  Client 8, Loss Train 0.0001531411194835934, Accuracy Train 0.9896952104499275, data_points = 27
[2025-03-13 02:05:49,858][flwr][INFO] -  Client 9, Loss Train 0.00024936298178278516, Accuracy Train 0.9815469179426777, data_points = 20
[2025-03-13 02:05:49,858][flwr][INFO] - ***FedDebug Output Round 2 ***
[2025-03-13 02:05:49,858][flwr][INFO] - True Malicious Clients (Ground Truth) = ['0']
[2025-03-13 02:05:49,858][flwr][INFO] - Total Random Inputs = 10
[2025-03-13 02:05:49,859][flwr][INFO] - Predicted Malicious Clients = {'1': 1.0}
[2025-03-13 02:05:49,859][flwr][INFO] - FedDebug Localization Accuracy = 0.0
[2025-03-13 02:05:59,690][flwr][INFO] - fit progress: (2, 0.0008627428978681565, {'accuracy': 0.9437, 'loss': 0.0008627428978681565, 'round': 2}, 507.08661724894773)
[2025-03-13 02:05:59,690][flwr][INFO] - configure_evaluate: no clients selected, skipping evaluation
[2025-03-13 02:05:59,690][flwr][INFO] - 
[2025-03-13 02:05:59,691][flwr][INFO] - [ROUND 3]
[2025-03-13 02:05:59,691][flwr][INFO] - configure_fit: strategy sampled 10 clients (out of 10)
[2025-03-13 02:09:57,462][flwr][INFO] - aggregate_fit: received 10 results and 0 failures
[2025-03-13 02:10:07,009][flwr][INFO] - >>   ------------------- Clients Metrics ------------- 
[2025-03-13 02:10:07,009][flwr][INFO] -  Client 0, Loss Train 0.00022180816034864318, Accuracy Train 0.9837372947615325, data_points = 25
[2025-03-13 02:10:07,010][flwr][INFO] -  Client 1, Loss Train 0.0008756588496512673, Accuracy Train 0.9786853237878295, data_points = 25
[2025-03-13 02:10:07,010][flwr][INFO] -  Client 2, Loss Train 0.00025231700454226105, Accuracy Train 0.9825858386725809, data_points = 24
[2025-03-13 02:10:07,010][flwr][INFO] -  Client 3, Loss Train 0.0001702469634250912, Accuracy Train 0.9863495066900932, data_points = 29
[2025-03-13 02:10:07,010][flwr][INFO] -  Client 4, Loss Train 0.00022619249471461355, Accuracy Train 0.9844241016532314, data_points = 29
[2025-03-13 02:10:07,010][flwr][INFO] -  Client 5, Loss Train 0.000977363885283093, Accuracy Train 0.968848868337795, data_points = 17
[2025-03-13 02:10:07,010][flwr][INFO] -  Client 6, Loss Train 0.00028214793298309205, Accuracy Train 0.9816623005477495, data_points = 17
[2025-03-13 02:10:07,010][flwr][INFO] -  Client 7, Loss Train 0.00023744417853941523, Accuracy Train 0.984438855705753, data_points = 25
[2025-03-13 02:10:07,010][flwr][INFO] -  Client 8, Loss Train 0.00013008138600125886, Accuracy Train 0.9899854862119013, data_points = 27
[2025-03-13 02:10:07,011][flwr][INFO] -  Client 9, Loss Train 0.00021873207336484005, Accuracy Train 0.9844915586965057, data_points = 20
[2025-03-13 02:10:07,011][flwr][INFO] - ***FedDebug Output Round 3 ***
[2025-03-13 02:10:07,011][flwr][INFO] - True Malicious Clients (Ground Truth) = ['0']
[2025-03-13 02:10:07,011][flwr][INFO] - Total Random Inputs = 10
[2025-03-13 02:10:07,012][flwr][INFO] - Predicted Malicious Clients = {'1': 1.0}
[2025-03-13 02:10:07,012][flwr][INFO] - FedDebug Localization Accuracy = 0.0
[2025-03-13 02:10:16,602][flwr][INFO] - fit progress: (3, 0.0007062577962875366, {'accuracy': 0.8837, 'loss': 0.0007062577962875366, 'round': 3}, 763.9987034129445)
[2025-03-13 02:10:16,602][flwr][INFO] - configure_evaluate: no clients selected, skipping evaluation
[2025-03-13 02:10:16,602][flwr][INFO] - 
[2025-03-13 02:10:16,602][flwr][INFO] - [ROUND 4]
[2025-03-13 02:10:16,603][flwr][INFO] - configure_fit: strategy sampled 10 clients (out of 10)
[2025-03-13 02:14:09,025][flwr][INFO] - aggregate_fit: received 10 results and 0 failures
[2025-03-13 02:14:18,331][flwr][INFO] - >>   ------------------- Clients Metrics ------------- 
[2025-03-13 02:14:18,331][flwr][INFO] -  Client 0, Loss Train 0.00014465627962456865, Accuracy Train 0.9881157154026583, data_points = 25
[2025-03-13 02:14:18,331][flwr][INFO] -  Client 1, Loss Train 0.0005744484556597023, Accuracy Train 0.9697364139277579, data_points = 25
[2025-03-13 02:14:18,331][flwr][INFO] -  Client 2, Loss Train 0.00013073440243359835, Accuracy Train 0.9908000657138163, data_points = 24
[2025-03-13 02:14:18,332][flwr][INFO] -  Client 3, Loss Train 8.974277550574371e-05, Accuracy Train 0.9932423300446006, data_points = 29
[2025-03-13 02:14:18,332][flwr][INFO] -  Client 4, Loss Train 0.000164436338404999, Accuracy Train 0.9883863915835497, data_points = 29
[2025-03-13 02:14:18,332][flwr][INFO] -  Client 5, Loss Train 0.00034368730039782523, Accuracy Train 0.9827208566561207, data_points = 17
[2025-03-13 02:14:18,332][flwr][INFO] -  Client 6, Loss Train 0.00020720805628143143, Accuracy Train 0.9880924029530841, data_points = 17
[2025-03-13 02:14:18,332][flwr][INFO] -  Client 7, Loss Train 0.00011429700052441197, Accuracy Train 0.9907261867337316, data_points = 25
[2025-03-13 02:14:18,332][flwr][INFO] -  Client 8, Loss Train 0.000110703868945555, Accuracy Train 0.9920174165457184, data_points = 27
[2025-03-13 02:14:18,332][flwr][INFO] -  Client 9, Loss Train 0.0001943146105684577, Accuracy Train 0.9868472712995682, data_points = 20
[2025-03-13 02:14:18,333][flwr][INFO] - ***FedDebug Output Round 4 ***
[2025-03-13 02:14:18,333][flwr][INFO] - True Malicious Clients (Ground Truth) = ['0']
[2025-03-13 02:14:18,333][flwr][INFO] - Total Random Inputs = 10
[2025-03-13 02:14:18,334][flwr][INFO] - Predicted Malicious Clients = {'1': 1.0}
[2025-03-13 02:14:18,334][flwr][INFO] - FedDebug Localization Accuracy = 0.0
[2025-03-13 02:14:28,012][flwr][INFO] - fit progress: (4, 0.00020304085463285446, {'accuracy': 0.9818, 'loss': 0.00020304085463285446, 'round': 4}, 1015.4089275259757)
[2025-03-13 02:14:28,012][flwr][INFO] - configure_evaluate: no clients selected, skipping evaluation
[2025-03-13 02:14:28,013][flwr][INFO] - 
[2025-03-13 02:14:28,013][flwr][INFO] - [ROUND 5]
[2025-03-13 02:14:28,014][flwr][INFO] - configure_fit: strategy sampled 10 clients (out of 10)
[2025-03-13 02:18:21,938][flwr][INFO] - aggregate_fit: received 10 results and 0 failures
[2025-03-13 02:18:31,210][flwr][INFO] - >>   ------------------- Clients Metrics ------------- 
[2025-03-13 02:18:31,211][flwr][INFO] -  Client 0, Loss Train 0.00013573220395792545, Accuracy Train 0.9909304143862393, data_points = 25
[2025-03-13 02:18:31,211][flwr][INFO] -  Client 1, Loss Train 0.0010398614764022024, Accuracy Train 0.989749430523918, data_points = 25
[2025-03-13 02:18:31,211][flwr][INFO] -  Client 2, Loss Train 0.00012442163210554978, Accuracy Train 0.9911286347954658, data_points = 24
[2025-03-13 02:18:31,211][flwr][INFO] -  Client 3, Loss Train 9.16869032772814e-05, Accuracy Train 0.9937829436410326, data_points = 29
[2025-03-13 02:18:31,212][flwr][INFO] -  Client 4, Loss Train 0.00012008759408424723, Accuracy Train 0.9920754201393633, data_points = 29
[2025-03-13 02:18:31,212][flwr][INFO] -  Client 5, Loss Train 0.0004293447123315973, Accuracy Train 0.9866147481138964, data_points = 17
[2025-03-13 02:18:31,212][flwr][INFO] -  Client 6, Loss Train 0.0001241356488401534, Accuracy Train 0.9923791378899738, data_points = 17
[2025-03-13 02:18:31,212][flwr][INFO] -  Client 7, Loss Train 0.00017779170415759162, Accuracy Train 0.9893115372524364, data_points = 25
[2025-03-13 02:18:31,212][flwr][INFO] -  Client 8, Loss Train 0.00011283718694963849, Accuracy Train 0.9904208998548621, data_points = 27
[2025-03-13 02:18:31,212][flwr][INFO] -  Client 9, Loss Train 0.00016581546240985323, Accuracy Train 0.9895956026698076, data_points = 20
[2025-03-13 02:18:31,212][flwr][INFO] - ***FedDebug Output Round 5 ***
[2025-03-13 02:18:31,213][flwr][INFO] - True Malicious Clients (Ground Truth) = ['0']
[2025-03-13 02:18:31,213][flwr][INFO] - Total Random Inputs = 10
[2025-03-13 02:18:31,213][flwr][INFO] - Predicted Malicious Clients = {'1': 1.0}
[2025-03-13 02:18:31,213][flwr][INFO] - FedDebug Localization Accuracy = 0.0
[2025-03-13 02:18:40,566][flwr][INFO] - fit progress: (5, 0.00026953605711460115, {'accuracy': 0.9733, 'loss': 0.00026953605711460115, 'round': 5}, 1267.9627575689228)
[2025-03-13 02:18:40,566][flwr][INFO] - configure_evaluate: no clients selected, skipping evaluation
[2025-03-13 02:18:40,570][flwr][INFO] - 
[2025-03-13 02:18:40,570][flwr][INFO] - [SUMMARY]
[2025-03-13 02:18:40,570][flwr][INFO] - Run finished 5 round(s) in 1267.96s
[2025-03-13 02:18:40,572][flwr][INFO] - 	History (loss, centralized):
[2025-03-13 02:18:40,573][flwr][INFO] - 		round 0: 0.0048609926223754886
[2025-03-13 02:18:40,573][flwr][INFO] - 		round 1: 0.0024141927123069763
[2025-03-13 02:18:40,573][flwr][INFO] - 		round 2: 0.0008627428978681565
[2025-03-13 02:18:40,573][flwr][INFO] - 		round 3: 0.0007062577962875366
[2025-03-13 02:18:40,573][flwr][INFO] - 		round 4: 0.00020304085463285446
[2025-03-13 02:18:40,573][flwr][INFO] - 		round 5: 0.00026953605711460115
[2025-03-13 02:18:40,573][flwr][INFO] - 	History (metrics, distributed, fit):
[2025-03-13 02:18:40,573][flwr][INFO] - 	{'accuracy': [(1, 0.0), (2, 0.0), (3, 0.0), (4, 0.0), (5, 0.0)],
[2025-03-13 02:18:40,573][flwr][INFO] - 	 'loss': [(1, 0.0), (2, 0.0), (3, 0.0), (4, 0.0), (5, 0.0)],
[2025-03-13 02:18:40,574][flwr][INFO] - 	 'potential_malicious_clients': [(1, {'1': 10}),
[2025-03-13 02:18:40,574][flwr][INFO] - 	                                 (2, {'1': 10}),
[2025-03-13 02:18:40,574][flwr][INFO] - 	                                 (3, {'1': 10}),
[2025-03-13 02:18:40,574][flwr][INFO] - 	                                 (4, {'1': 10}),
[2025-03-13 02:18:40,574][flwr][INFO] - 	                                 (5, {'1': 10})]}
[2025-03-13 02:18:40,574][flwr][INFO] - 	History (metrics, centralized):
[2025-03-13 02:18:40,574][flwr][INFO] - 	{'accuracy': [(0, 0.1049),
[2025-03-13 02:18:40,574][flwr][INFO] - 	              (1, 0.6853),
[2025-03-13 02:18:40,575][flwr][INFO] - 	              (2, 0.9437),
[2025-03-13 02:18:40,575][flwr][INFO] - 	              (3, 0.8837),
[2025-03-13 02:18:40,575][flwr][INFO] - 	              (4, 0.9818),
[2025-03-13 02:18:40,575][flwr][INFO] - 	              (5, 0.9733)],
[2025-03-13 02:18:40,575][flwr][INFO] - 	 'loss': [(0, 0.0048609926223754886),
[2025-03-13 02:18:40,575][flwr][INFO] - 	          (1, 0.0024141927123069763),
[2025-03-13 02:18:40,575][flwr][INFO] - 	          (2, 0.0008627428978681565),
[2025-03-13 02:18:40,575][flwr][INFO] - 	          (3, 0.0007062577962875366),
[2025-03-13 02:18:40,576][flwr][INFO] - 	          (4, 0.00020304085463285446),
[2025-03-13 02:18:40,576][flwr][INFO] - 	          (5, 0.00026953605711460115)],
[2025-03-13 02:18:40,576][flwr][INFO] - 	 'round': [(0, 0), (1, 1), (2, 2), (3, 3), (4, 4), (5, 5)]}
[2025-03-13 02:18:40,576][flwr][INFO] - 
[2025-03-13 02:18:43,718][flwr][INFO] - Saved plot at /users/Parthaw/flower/baselines/feddebug/outputs/2025-03-13/01-57-14/non_iid-resnet18-mnist.png
[2025-03-13 02:18:43,719][flwr][INFO] - Training Complete for Experiment: resnet18-mnist-faulty_clients[['0']]-noise_rate0-TClients10--clientsPerR10)-non_iid-batch256-epochs3-lr0.001
[2025-03-13 02:18:43,723][flwr][INFO] - Total Time Taken: 1288.7450757026672 seconds
