[2025-03-13 02:48:25,021][flwr][INFO] -  ***********  Starting Experiment: resnet18-mnist-faulty_clients[['0', '1', '2', '3']]-noise_rate1-TClients10--clientsPerR10)-non_iid-batch256-epochs3-lr0.001 ***************
[2025-03-13 02:48:30,661][flwr][INFO] - ** All Malicious Clients are: ['0', '1', '2', '3'] **
[2025-03-13 02:48:31,387][flwr][WARNING] - DEPRECATED FEATURE: `client_fn` now expects a signature `def client_fn(context: Context)`.The provided `client_fn` has signature: {'cid': <Parameter "cid">}. You can import the `Context` like this: `from flwr.common import Context`

            This is a deprecated feature. It will be removed
            entirely in future versions of Flower.
        
[2025-03-13 02:48:31,388][flwr][WARNING] - DEPRECATED FEATURE: Passing either `server`, `config`, `strategy` or `client_manager` directly to the ServerApp constructor is deprecated.

            Check the following `FEATURE UPDATE` warning message for the preferred
            new mechanism to use this feature in Flower.
        
[2025-03-13 02:48:31,388][flwr][WARNING] - FEATURE UPDATE: Pass `ServerApp` arguments wrapped in a `flwr.server.ServerAppComponents` object that gets returned by a function passed as the `server_fn` argument to the `ServerApp` constructor. For example: 
        ------------------------------------------------------------
        

        def server_fn(context: Context):
            server_config = ServerConfig(num_rounds=3)
            strategy = FedAvg()
            return ServerAppComponents(
                strategy=strategy,
                server_config=server_config,
        )

        app = ServerApp(server_fn=server_fn)

        ------------------------------------------------------------
        
[2025-03-13 02:48:31,392][flwr][INFO] - Starting Flower ServerApp, config: num_rounds=5, no round_timeout
[2025-03-13 02:48:31,394][flwr][INFO] - 
[2025-03-13 02:48:31,401][flwr][INFO] - [INIT]
[2025-03-13 02:48:31,403][flwr][INFO] - Using initial global parameters provided by strategy
[2025-03-13 02:48:31,406][flwr][INFO] - Starting evaluation of initial global parameters
[2025-03-13 02:48:43,674][flwr][INFO] - initial parameters (loss, other metrics): 0.0048609926223754886, {'accuracy': 0.1049, 'loss': 0.0048609926223754886, 'round': 0}
[2025-03-13 02:48:43,674][flwr][INFO] - 
[2025-03-13 02:48:43,674][flwr][INFO] - [ROUND 1]
[2025-03-13 02:48:43,675][flwr][INFO] - configure_fit: strategy sampled 10 clients (out of 10)
[2025-03-13 02:52:52,889][flwr][INFO] - aggregate_fit: received 10 results and 0 failures
[2025-03-13 02:53:02,132][flwr][INFO] - >>   ------------------- Clients Metrics ------------- 
[2025-03-13 02:53:02,133][flwr][INFO] -  Client 0, Loss Train 0.008825384107206463, Accuracy Train 0.12322126661454261, data_points = 25
[2025-03-13 02:53:02,133][flwr][INFO] -  Client 1, Loss Train 0.009329235596413183, Accuracy Train 0.11552229092092418, data_points = 25
[2025-03-13 02:53:02,133][flwr][INFO] -  Client 2, Loss Train 0.008936496287785043, Accuracy Train 0.12617052735337606, data_points = 24
[2025-03-13 02:53:02,134][flwr][INFO] -  Client 3, Loss Train 0.008873475050665202, Accuracy Train 0.12204351939451277, data_points = 29
[2025-03-13 02:53:02,134][flwr][INFO] -  Client 4, Loss Train 0.0002493241764701753, Accuracy Train 0.9819647492826888, data_points = 29
[2025-03-13 02:53:02,134][flwr][INFO] -  Client 5, Loss Train 0.0006949203975097952, Accuracy Train 0.9581406668289122, data_points = 17
[2025-03-13 02:53:02,134][flwr][INFO] -  Client 6, Loss Train 0.0002635168765564424, Accuracy Train 0.9795189330793046, data_points = 17
[2025-03-13 02:53:02,134][flwr][INFO] -  Client 7, Loss Train 0.0002543048336469539, Accuracy Train 0.9786230745048727, data_points = 25
[2025-03-13 02:53:02,134][flwr][INFO] -  Client 8, Loss Train 0.00019059593239136808, Accuracy Train 0.9844702467343976, data_points = 27
[2025-03-13 02:53:02,134][flwr][INFO] -  Client 9, Loss Train 0.0002776985868451803, Accuracy Train 0.9784059678052611, data_points = 20
[2025-03-13 02:53:02,135][flwr][INFO] - ***FedDebug Output Round 1 ***
[2025-03-13 02:53:02,135][flwr][INFO] - True Malicious Clients (Ground Truth) = ['0', '1', '2', '3']
[2025-03-13 02:53:02,136][flwr][INFO] - Total Random Inputs = 10
[2025-03-13 02:53:02,137][flwr][INFO] - Predicted Malicious Clients = {'3': 1.0, '2': 1.0, '1': 1.0, '0': 1.0}
[2025-03-13 02:53:02,137][flwr][INFO] - FedDebug Localization Accuracy = 100.0
[2025-03-13 02:53:12,060][flwr][INFO] - fit progress: (1, 0.0047127428770065306, {'accuracy': 0.1554, 'loss': 0.0047127428770065306, 'round': 1}, 268.38518480199855)
[2025-03-13 02:53:12,060][flwr][INFO] - configure_evaluate: no clients selected, skipping evaluation
[2025-03-13 02:53:12,060][flwr][INFO] - 
[2025-03-13 02:53:12,061][flwr][INFO] - [ROUND 2]
[2025-03-13 02:53:12,061][flwr][INFO] - configure_fit: strategy sampled 10 clients (out of 10)
[2025-03-13 02:57:10,593][flwr][INFO] - aggregate_fit: received 10 results and 0 failures
[2025-03-13 02:57:20,520][flwr][INFO] - >>   ------------------- Clients Metrics ------------- 
[2025-03-13 02:57:20,520][flwr][INFO] -  Client 0, Loss Train 0.008879048419800282, Accuracy Train 0.11540265832681783, data_points = 25
[2025-03-13 02:57:20,520][flwr][INFO] -  Client 1, Loss Train 0.009376632558224917, Accuracy Train 0.1082004555808656, data_points = 25
[2025-03-13 02:57:20,521][flwr][INFO] -  Client 2, Loss Train 0.008970984414584613, Accuracy Train 0.1253491046492525, data_points = 24
[2025-03-13 02:57:20,521][flwr][INFO] -  Client 3, Loss Train 0.008857058389619615, Accuracy Train 0.12258413299094473, data_points = 29
[2025-03-13 02:57:20,521][flwr][INFO] -  Client 4, Loss Train 0.0002299492097378168, Accuracy Train 0.9830577947807078, data_points = 29
[2025-03-13 02:57:20,521][flwr][INFO] -  Client 5, Loss Train 0.0007364901077808269, Accuracy Train 0.9637381357994645, data_points = 17
[2025-03-13 02:57:20,521][flwr][INFO] -  Client 6, Loss Train 0.0002293306273998434, Accuracy Train 0.9847582757799476, data_points = 17
[2025-03-13 02:57:20,521][flwr][INFO] -  Client 7, Loss Train 0.00020589372210488008, Accuracy Train 0.9845960389814524, data_points = 25
[2025-03-13 02:57:20,521][flwr][INFO] -  Client 8, Loss Train 0.0001427212442813444, Accuracy Train 0.9891146589259797, data_points = 27
[2025-03-13 02:57:20,521][flwr][INFO] -  Client 9, Loss Train 0.00023139000171521246, Accuracy Train 0.9840989399293286, data_points = 20
[2025-03-13 02:57:20,522][flwr][INFO] - ***FedDebug Output Round 2 ***
[2025-03-13 02:57:20,522][flwr][INFO] - True Malicious Clients (Ground Truth) = ['0', '1', '2', '3']
[2025-03-13 02:57:20,522][flwr][INFO] - Total Random Inputs = 10
[2025-03-13 02:57:20,523][flwr][INFO] - Predicted Malicious Clients = {'3': 1.0, '2': 1.0, '1': 1.0, '0': 1.0}
[2025-03-13 02:57:20,523][flwr][INFO] - FedDebug Localization Accuracy = 100.0
[2025-03-13 02:57:29,977][flwr][INFO] - fit progress: (2, 0.004717505478858948, {'accuracy': 0.1032, 'loss': 0.004717505478858948, 'round': 2}, 526.3024327600142)
[2025-03-13 02:57:29,978][flwr][INFO] - configure_evaluate: no clients selected, skipping evaluation
[2025-03-13 02:57:29,978][flwr][INFO] - 
[2025-03-13 02:57:29,978][flwr][INFO] - [ROUND 3]
[2025-03-13 02:57:29,979][flwr][INFO] - configure_fit: strategy sampled 10 clients (out of 10)
[2025-03-13 03:01:25,171][flwr][INFO] - aggregate_fit: received 10 results and 0 failures
[2025-03-13 03:01:35,079][flwr][INFO] - >>   ------------------- Clients Metrics ------------- 
[2025-03-13 03:01:35,080][flwr][INFO] -  Client 0, Loss Train 0.008830872954009939, Accuracy Train 0.11806098514464425, data_points = 25
[2025-03-13 03:01:35,080][flwr][INFO] -  Client 1, Loss Train 0.009944338112671912, Accuracy Train 0.08981451350471852, data_points = 25
[2025-03-13 03:01:35,080][flwr][INFO] -  Client 2, Loss Train 0.008902897716489002, Accuracy Train 0.1250205355676031, data_points = 24
[2025-03-13 03:01:35,080][flwr][INFO] -  Client 3, Loss Train 0.008908586834617396, Accuracy Train 0.11366400864981754, data_points = 29
[2025-03-13 03:01:35,080][flwr][INFO] -  Client 4, Loss Train 0.0002753699705063735, Accuracy Train 0.9807350730974177, data_points = 29
[2025-03-13 03:01:35,081][flwr][INFO] -  Client 5, Loss Train 0.001015506033828932, Accuracy Train 0.9778534923339012, data_points = 17
[2025-03-13 03:01:35,081][flwr][INFO] -  Client 6, Loss Train 0.0002387052986998875, Accuracy Train 0.9840438199571326, data_points = 17
[2025-03-13 03:01:35,081][flwr][INFO] -  Client 7, Loss Train 0.00021514043806859136, Accuracy Train 0.9852247720842502, data_points = 25
[2025-03-13 03:01:35,081][flwr][INFO] -  Client 8, Loss Train 0.0001465428958502321, Accuracy Train 0.9886792452830189, data_points = 27
[2025-03-13 03:01:35,081][flwr][INFO] -  Client 9, Loss Train 0.00021625819320205056, Accuracy Train 0.9833137023949745, data_points = 20
[2025-03-13 03:01:35,082][flwr][INFO] - ***FedDebug Output Round 3 ***
[2025-03-13 03:01:35,082][flwr][INFO] - True Malicious Clients (Ground Truth) = ['0', '1', '2', '3']
[2025-03-13 03:01:35,082][flwr][INFO] - Total Random Inputs = 10
[2025-03-13 03:01:35,083][flwr][INFO] - Predicted Malicious Clients = {'3': 1.0, '2': 1.0, '1': 1.0, '0': 1.0}
[2025-03-13 03:01:35,083][flwr][INFO] - FedDebug Localization Accuracy = 100.0
[2025-03-13 03:01:44,904][flwr][INFO] - fit progress: (3, 0.0046265050411224366, {'accuracy': 0.1135, 'loss': 0.0046265050411224366, 'round': 3}, 781.22980405204)
[2025-03-13 03:01:44,905][flwr][INFO] - configure_evaluate: no clients selected, skipping evaluation
[2025-03-13 03:01:44,905][flwr][INFO] - 
[2025-03-13 03:01:44,905][flwr][INFO] - [ROUND 4]
[2025-03-13 03:01:44,906][flwr][INFO] - configure_fit: strategy sampled 10 clients (out of 10)
[2025-03-13 03:05:33,190][flwr][INFO] - aggregate_fit: received 10 results and 0 failures
[2025-03-13 03:05:42,821][flwr][INFO] - >>   ------------------- Clients Metrics ------------- 
[2025-03-13 03:05:42,821][flwr][INFO] -  Client 0, Loss Train 0.008857108691038798, Accuracy Train 0.11055512118842846, data_points = 25
[2025-03-13 03:05:42,821][flwr][INFO] -  Client 1, Loss Train 0.009476660324392124, Accuracy Train 0.10901399284087211, data_points = 25
[2025-03-13 03:05:42,822][flwr][INFO] -  Client 2, Loss Train 0.008914140991454095, Accuracy Train 0.11697059306719237, data_points = 24
[2025-03-13 03:05:42,822][flwr][INFO] -  Client 3, Loss Train 0.008819807121956376, Accuracy Train 0.12096229220164888, data_points = 29
[2025-03-13 03:05:42,822][flwr][INFO] -  Client 4, Loss Train 0.00019798544149635626, Accuracy Train 0.9863369312747643, data_points = 29
[2025-03-13 03:05:42,822][flwr][INFO] -  Client 5, Loss Train 0.0005634224550455381, Accuracy Train 0.9705524458505719, data_points = 17
[2025-03-13 03:05:42,822][flwr][INFO] -  Client 6, Loss Train 0.00022131625530080417, Accuracy Train 0.9845201238390093, data_points = 17
[2025-03-13 03:05:42,822][flwr][INFO] -  Client 7, Loss Train 0.00020440177071496437, Accuracy Train 0.9860106884627475, data_points = 25
[2025-03-13 03:05:42,822][flwr][INFO] -  Client 8, Loss Train 0.00010527887013950352, Accuracy Train 0.9927431059506531, data_points = 27
[2025-03-13 03:05:42,822][flwr][INFO] -  Client 9, Loss Train 0.00021883319408099326, Accuracy Train 0.9829210836277974, data_points = 20
[2025-03-13 03:05:42,823][flwr][INFO] - ***FedDebug Output Round 4 ***
[2025-03-13 03:05:42,823][flwr][INFO] - True Malicious Clients (Ground Truth) = ['0', '1', '2', '3']
[2025-03-13 03:05:42,823][flwr][INFO] - Total Random Inputs = 10
[2025-03-13 03:05:42,824][flwr][INFO] - Predicted Malicious Clients = {'3': 1.0, '2': 1.0, '1': 1.0, '0': 1.0}
[2025-03-13 03:05:42,824][flwr][INFO] - FedDebug Localization Accuracy = 100.0
[2025-03-13 03:05:52,367][flwr][INFO] - fit progress: (4, 0.0045275734186172485, {'accuracy': 0.2868, 'loss': 0.0045275734186172485, 'round': 4}, 1028.6927550580585)
[2025-03-13 03:05:52,367][flwr][INFO] - configure_evaluate: no clients selected, skipping evaluation
[2025-03-13 03:05:52,368][flwr][INFO] - 
[2025-03-13 03:05:52,368][flwr][INFO] - [ROUND 5]
[2025-03-13 03:05:52,369][flwr][INFO] - configure_fit: strategy sampled 10 clients (out of 10)
[2025-03-13 03:09:49,734][flwr][INFO] - aggregate_fit: received 10 results and 0 failures
[2025-03-13 03:09:59,351][flwr][INFO] - >>   ------------------- Clients Metrics ------------- 
[2025-03-13 03:09:59,352][flwr][INFO] -  Client 0, Loss Train 0.008818247357413954, Accuracy Train 0.11727912431587177, data_points = 25
[2025-03-13 03:09:59,352][flwr][INFO] -  Client 1, Loss Train 0.009408020484420325, Accuracy Train 0.11601041327692808, data_points = 25
[2025-03-13 03:09:59,352][flwr][INFO] -  Client 2, Loss Train 0.008885524220824614, Accuracy Train 0.12354197470018072, data_points = 24
[2025-03-13 03:09:59,352][flwr][INFO] -  Client 3, Loss Train 0.00879887922951814, Accuracy Train 0.12474658737667252, data_points = 29
[2025-03-13 03:09:59,352][flwr][INFO] -  Client 4, Loss Train 0.00020374665091513837, Accuracy Train 0.9866101926492691, data_points = 29
[2025-03-13 03:09:59,352][flwr][INFO] -  Client 5, Loss Train 0.0005979505108057887, Accuracy Train 0.9742029690922366, data_points = 17
[2025-03-13 03:09:59,352][flwr][INFO] -  Client 6, Loss Train 0.00016408981868491966, Accuracy Train 0.9883305548940224, data_points = 17
[2025-03-13 03:09:59,352][flwr][INFO] -  Client 7, Loss Train 0.00016518999289291455, Accuracy Train 0.9875825212197422, data_points = 25
[2025-03-13 03:09:59,353][flwr][INFO] -  Client 8, Loss Train 0.00010142750522400238, Accuracy Train 0.9931785195936139, data_points = 27
[2025-03-13 03:09:59,353][flwr][INFO] -  Client 9, Loss Train 0.00015938927137563872, Accuracy Train 0.9888103651354535, data_points = 20
[2025-03-13 03:09:59,353][flwr][INFO] - ***FedDebug Output Round 5 ***
[2025-03-13 03:09:59,353][flwr][INFO] - True Malicious Clients (Ground Truth) = ['0', '1', '2', '3']
[2025-03-13 03:09:59,354][flwr][INFO] - Total Random Inputs = 10
[2025-03-13 03:09:59,354][flwr][INFO] - Predicted Malicious Clients = {'3': 1.0, '2': 1.0, '1': 1.0, '0': 1.0}
[2025-03-13 03:09:59,355][flwr][INFO] - FedDebug Localization Accuracy = 100.0
[2025-03-13 03:10:09,725][flwr][INFO] - fit progress: (5, 0.004464220237731934, {'accuracy': 0.3254, 'loss': 0.004464220237731934, 'round': 5}, 1286.050532259047)
[2025-03-13 03:10:09,725][flwr][INFO] - configure_evaluate: no clients selected, skipping evaluation
[2025-03-13 03:10:09,729][flwr][INFO] - 
[2025-03-13 03:10:09,729][flwr][INFO] - [SUMMARY]
[2025-03-13 03:10:09,729][flwr][INFO] - Run finished 5 round(s) in 1286.05s
[2025-03-13 03:10:09,732][flwr][INFO] - 	History (loss, centralized):
[2025-03-13 03:10:09,732][flwr][INFO] - 		round 0: 0.0048609926223754886
[2025-03-13 03:10:09,732][flwr][INFO] - 		round 1: 0.0047127428770065306
[2025-03-13 03:10:09,732][flwr][INFO] - 		round 2: 0.004717505478858948
[2025-03-13 03:10:09,732][flwr][INFO] - 		round 3: 0.0046265050411224366
[2025-03-13 03:10:09,733][flwr][INFO] - 		round 4: 0.0045275734186172485
[2025-03-13 03:10:09,733][flwr][INFO] - 		round 5: 0.004464220237731934
[2025-03-13 03:10:09,733][flwr][INFO] - 	History (metrics, distributed, fit):
[2025-03-13 03:10:09,733][flwr][INFO] - 	{'accuracy': [(1, 0.0), (2, 0.0), (3, 0.0), (4, 0.0), (5, 0.0)],
[2025-03-13 03:10:09,733][flwr][INFO] - 	 'loss': [(1, 0.0), (2, 0.0), (3, 0.0), (4, 0.0), (5, 0.0)],
[2025-03-13 03:10:09,733][flwr][INFO] - 	 'potential_malicious_clients': [(1, {'0': 10, '1': 10, '2': 10, '3': 10}),
[2025-03-13 03:10:09,733][flwr][INFO] - 	                                 (2, {'0': 10, '1': 10, '2': 10, '3': 10}),
[2025-03-13 03:10:09,733][flwr][INFO] - 	                                 (3, {'0': 10, '1': 10, '2': 10, '3': 10}),
[2025-03-13 03:10:09,734][flwr][INFO] - 	                                 (4, {'0': 10, '1': 10, '2': 10, '3': 10}),
[2025-03-13 03:10:09,734][flwr][INFO] - 	                                 (5, {'0': 10, '1': 10, '2': 10, '3': 10})]}
[2025-03-13 03:10:09,734][flwr][INFO] - 	History (metrics, centralized):
[2025-03-13 03:10:09,734][flwr][INFO] - 	{'accuracy': [(0, 0.1049),
[2025-03-13 03:10:09,734][flwr][INFO] - 	              (1, 0.1554),
[2025-03-13 03:10:09,734][flwr][INFO] - 	              (2, 0.1032),
[2025-03-13 03:10:09,734][flwr][INFO] - 	              (3, 0.1135),
[2025-03-13 03:10:09,734][flwr][INFO] - 	              (4, 0.2868),
[2025-03-13 03:10:09,735][flwr][INFO] - 	              (5, 0.3254)],
[2025-03-13 03:10:09,735][flwr][INFO] - 	 'loss': [(0, 0.0048609926223754886),
[2025-03-13 03:10:09,735][flwr][INFO] - 	          (1, 0.0047127428770065306),
[2025-03-13 03:10:09,735][flwr][INFO] - 	          (2, 0.004717505478858948),
[2025-03-13 03:10:09,735][flwr][INFO] - 	          (3, 0.0046265050411224366),
[2025-03-13 03:10:09,735][flwr][INFO] - 	          (4, 0.0045275734186172485),
[2025-03-13 03:10:09,735][flwr][INFO] - 	          (5, 0.004464220237731934)],
[2025-03-13 03:10:09,735][flwr][INFO] - 	 'round': [(0, 0), (1, 1), (2, 2), (3, 3), (4, 4), (5, 5)]}
[2025-03-13 03:10:09,736][flwr][INFO] - 
[2025-03-13 03:10:12,921][flwr][INFO] - Saved plot at /users/Parthaw/flower/baselines/feddebug/outputs/2025-03-13/02-48-24/non_iid-resnet18-mnist.png
[2025-03-13 03:10:12,922][flwr][INFO] - Training Complete for Experiment: resnet18-mnist-faulty_clients[['0', '1', '2', '3']]-noise_rate1-TClients10--clientsPerR10)-non_iid-batch256-epochs3-lr0.001
[2025-03-13 03:10:12,927][flwr][INFO] - Total Time Taken: 1307.9117493629456 seconds
