[2025-03-13 00:54:33,093][flwr][INFO] -  ***********  Starting Experiment: lenet-cifar10-faulty_clients[['0', '1', '2', '3']]-noise_rate1-TClients50--clientsPerR50)-iid-batch256-epochs3-lr0.001 ***************
[2025-03-13 00:54:36,890][flwr][INFO] - ** All Malicious Clients are: ['0', '1', '2', '3'] **
[2025-03-13 00:54:36,926][flwr][WARNING] - DEPRECATED FEATURE: `client_fn` now expects a signature `def client_fn(context: Context)`.The provided `client_fn` has signature: {'cid': <Parameter "cid">}. You can import the `Context` like this: `from flwr.common import Context`

            This is a deprecated feature. It will be removed
            entirely in future versions of Flower.
        
[2025-03-13 00:54:36,927][flwr][WARNING] - DEPRECATED FEATURE: Passing either `server`, `config`, `strategy` or `client_manager` directly to the ServerApp constructor is deprecated.

            Check the following `FEATURE UPDATE` warning message for the preferred
            new mechanism to use this feature in Flower.
        
[2025-03-13 00:54:36,927][flwr][WARNING] - FEATURE UPDATE: Pass `ServerApp` arguments wrapped in a `flwr.server.ServerAppComponents` object that gets returned by a function passed as the `server_fn` argument to the `ServerApp` constructor. For example: 
        ------------------------------------------------------------
        

        def server_fn(context: Context):
            server_config = ServerConfig(num_rounds=3)
            strategy = FedAvg()
            return ServerAppComponents(
                strategy=strategy,
                server_config=server_config,
        )

        app = ServerApp(server_fn=server_fn)

        ------------------------------------------------------------
        
[2025-03-13 00:54:36,932][flwr][INFO] - Starting Flower ServerApp, config: num_rounds=1, no round_timeout
[2025-03-13 00:54:36,932][flwr][INFO] - 
[2025-03-13 00:54:36,941][flwr][INFO] - [INIT]
[2025-03-13 00:54:36,941][flwr][INFO] - Using initial global parameters provided by strategy
[2025-03-13 00:54:36,942][flwr][INFO] - Starting evaluation of initial global parameters
[2025-03-13 00:54:47,150][flwr][INFO] - initial parameters (loss, other metrics): 0.004609923124313355, {'accuracy': 0.1166, 'loss': 0.004609923124313355, 'round': 0}
[2025-03-13 00:54:47,150][flwr][INFO] - 
[2025-03-13 00:54:47,150][flwr][INFO] - [ROUND 1]
[2025-03-13 00:54:47,152][flwr][INFO] - configure_fit: strategy sampled 50 clients (out of 50)
[2025-03-13 00:55:40,380][flwr][INFO] - aggregate_fit: received 50 results and 0 failures
[2025-03-13 00:55:43,361][flwr][INFO] - >>   ------------------- Clients Metrics ------------- 
[2025-03-13 00:55:43,362][flwr][INFO] -  Client 0, Loss Train 0.009192718505859374, Accuracy Train 0.127, data_points = 4
[2025-03-13 00:55:43,362][flwr][INFO] -  Client 1, Loss Train 0.009169780015945435, Accuracy Train 0.125, data_points = 4
[2025-03-13 00:55:43,363][flwr][INFO] -  Client 2, Loss Train 0.009185442209243774, Accuracy Train 0.131, data_points = 4
[2025-03-13 00:55:43,363][flwr][INFO] -  Client 3, Loss Train 0.009189059972763062, Accuracy Train 0.114, data_points = 4
[2025-03-13 00:55:43,363][flwr][INFO] -  Client 4, Loss Train 0.009086436748504638, Accuracy Train 0.124, data_points = 4
[2025-03-13 00:55:43,363][flwr][INFO] -  Client 5, Loss Train 0.009042014122009277, Accuracy Train 0.136, data_points = 4
[2025-03-13 00:55:43,363][flwr][INFO] -  Client 6, Loss Train 0.009041361331939697, Accuracy Train 0.177, data_points = 4
[2025-03-13 00:55:43,363][flwr][INFO] -  Client 7, Loss Train 0.009049089908599853, Accuracy Train 0.149, data_points = 4
[2025-03-13 00:55:43,363][flwr][INFO] -  Client 8, Loss Train 0.009054415464401245, Accuracy Train 0.132, data_points = 4
[2025-03-13 00:55:43,363][flwr][INFO] -  Client 9, Loss Train 0.009047877550125122, Accuracy Train 0.189, data_points = 4
[2025-03-13 00:55:43,364][flwr][INFO] -  Client 10, Loss Train 0.009039700984954834, Accuracy Train 0.161, data_points = 4
[2025-03-13 00:55:43,364][flwr][INFO] -  Client 11, Loss Train 0.009039316177368164, Accuracy Train 0.165, data_points = 4
[2025-03-13 00:55:43,364][flwr][INFO] -  Client 12, Loss Train 0.009061148643493652, Accuracy Train 0.155, data_points = 4
[2025-03-13 00:55:43,364][flwr][INFO] -  Client 13, Loss Train 0.009057438135147094, Accuracy Train 0.174, data_points = 4
[2025-03-13 00:55:43,364][flwr][INFO] -  Client 14, Loss Train 0.009098660945892335, Accuracy Train 0.169, data_points = 4
[2025-03-13 00:55:43,364][flwr][INFO] -  Client 15, Loss Train 0.009048448562622071, Accuracy Train 0.107, data_points = 4
[2025-03-13 00:55:43,364][flwr][INFO] -  Client 16, Loss Train 0.009083306074142455, Accuracy Train 0.207, data_points = 4
[2025-03-13 00:55:43,364][flwr][INFO] -  Client 17, Loss Train 0.009063119411468507, Accuracy Train 0.211, data_points = 4
[2025-03-13 00:55:43,365][flwr][INFO] -  Client 18, Loss Train 0.009080687522888183, Accuracy Train 0.111, data_points = 4
[2025-03-13 00:55:43,365][flwr][INFO] -  Client 19, Loss Train 0.009047887086868286, Accuracy Train 0.138, data_points = 4
[2025-03-13 00:55:43,365][flwr][INFO] -  Client 20, Loss Train 0.009044155597686768, Accuracy Train 0.11, data_points = 4
[2025-03-13 00:55:43,365][flwr][INFO] -  Client 21, Loss Train 0.009041332721710205, Accuracy Train 0.189, data_points = 4
[2025-03-13 00:55:43,365][flwr][INFO] -  Client 22, Loss Train 0.009022043466567993, Accuracy Train 0.151, data_points = 4
[2025-03-13 00:55:43,365][flwr][INFO] -  Client 23, Loss Train 0.009024230480194092, Accuracy Train 0.123, data_points = 4
[2025-03-13 00:55:43,365][flwr][INFO] -  Client 24, Loss Train 0.009054368257522583, Accuracy Train 0.113, data_points = 4
[2025-03-13 00:55:43,365][flwr][INFO] -  Client 25, Loss Train 0.009044909477233886, Accuracy Train 0.152, data_points = 4
[2025-03-13 00:55:43,365][flwr][INFO] -  Client 26, Loss Train 0.009069513320922852, Accuracy Train 0.146, data_points = 4
[2025-03-13 00:55:43,366][flwr][INFO] -  Client 27, Loss Train 0.009085810899734497, Accuracy Train 0.113, data_points = 4
[2025-03-13 00:55:43,366][flwr][INFO] -  Client 28, Loss Train 0.00903856348991394, Accuracy Train 0.162, data_points = 4
[2025-03-13 00:55:43,366][flwr][INFO] -  Client 29, Loss Train 0.00907209825515747, Accuracy Train 0.146, data_points = 4
[2025-03-13 00:55:43,366][flwr][INFO] -  Client 30, Loss Train 0.009070550203323363, Accuracy Train 0.189, data_points = 4
[2025-03-13 00:55:43,366][flwr][INFO] -  Client 31, Loss Train 0.009029143810272217, Accuracy Train 0.112, data_points = 4
[2025-03-13 00:55:43,366][flwr][INFO] -  Client 32, Loss Train 0.009061193227767944, Accuracy Train 0.151, data_points = 4
[2025-03-13 00:55:43,366][flwr][INFO] -  Client 33, Loss Train 0.009060086011886596, Accuracy Train 0.144, data_points = 4
[2025-03-13 00:55:43,366][flwr][INFO] -  Client 34, Loss Train 0.009055748224258423, Accuracy Train 0.201, data_points = 4
[2025-03-13 00:55:43,367][flwr][INFO] -  Client 35, Loss Train 0.00908048677444458, Accuracy Train 0.164, data_points = 4
[2025-03-13 00:55:43,367][flwr][INFO] -  Client 36, Loss Train 0.009031689882278442, Accuracy Train 0.129, data_points = 4
[2025-03-13 00:55:43,367][flwr][INFO] -  Client 37, Loss Train 0.009057960033416749, Accuracy Train 0.153, data_points = 4
[2025-03-13 00:55:43,367][flwr][INFO] -  Client 38, Loss Train 0.009040261030197144, Accuracy Train 0.131, data_points = 4
[2025-03-13 00:55:43,367][flwr][INFO] -  Client 39, Loss Train 0.009056236267089844, Accuracy Train 0.139, data_points = 4
[2025-03-13 00:55:43,367][flwr][INFO] -  Client 40, Loss Train 0.008995258569717408, Accuracy Train 0.157, data_points = 4
[2025-03-13 00:55:43,367][flwr][INFO] -  Client 41, Loss Train 0.009037816524505615, Accuracy Train 0.2, data_points = 4
[2025-03-13 00:55:43,367][flwr][INFO] -  Client 42, Loss Train 0.009096249103546143, Accuracy Train 0.124, data_points = 4
[2025-03-13 00:55:43,368][flwr][INFO] -  Client 43, Loss Train 0.009088885307312012, Accuracy Train 0.163, data_points = 4
[2025-03-13 00:55:43,368][flwr][INFO] -  Client 44, Loss Train 0.009065773725509643, Accuracy Train 0.12, data_points = 4
[2025-03-13 00:55:43,368][flwr][INFO] -  Client 45, Loss Train 0.009057191133499145, Accuracy Train 0.167, data_points = 4
[2025-03-13 00:55:43,368][flwr][INFO] -  Client 46, Loss Train 0.009024184703826904, Accuracy Train 0.12, data_points = 4
[2025-03-13 00:55:43,368][flwr][INFO] -  Client 47, Loss Train 0.009055866718292236, Accuracy Train 0.118, data_points = 4
[2025-03-13 00:55:43,368][flwr][INFO] -  Client 48, Loss Train 0.009046859502792359, Accuracy Train 0.167, data_points = 4
[2025-03-13 00:55:43,368][flwr][INFO] -  Client 49, Loss Train 0.00905205225944519, Accuracy Train 0.197, data_points = 4
[2025-03-13 00:55:43,369][flwr][INFO] - ***FedDebug Output Round 1 ***
[2025-03-13 00:55:43,369][flwr][INFO] - True Malicious Clients (Ground Truth) = ['0', '1', '2', '3']
[2025-03-13 00:55:43,369][flwr][INFO] - Total Random Inputs = 10
[2025-03-13 00:55:43,370][flwr][INFO] - Predicted Malicious Clients = {'3': 1.0, '0': 1.0, '2': 1.0, '1': 1.0}
[2025-03-13 00:55:43,370][flwr][INFO] - FedDebug Localization Accuracy = 100.0
[2025-03-13 00:55:51,664][flwr][INFO] - fit progress: (1, 0.004515270853042603, {'accuracy': 0.1634, 'loss': 0.004515270853042603, 'round': 1}, 64.51384987402707)
[2025-03-13 00:55:51,665][flwr][INFO] - configure_evaluate: no clients selected, skipping evaluation
[2025-03-13 00:55:51,666][flwr][INFO] - 
[2025-03-13 00:55:51,666][flwr][INFO] - [SUMMARY]
[2025-03-13 00:55:51,666][flwr][INFO] - Run finished 1 round(s) in 64.51s
[2025-03-13 00:55:51,667][flwr][INFO] - 	History (loss, centralized):
[2025-03-13 00:55:51,667][flwr][INFO] - 		round 0: 0.004609923124313355
[2025-03-13 00:55:51,667][flwr][INFO] - 		round 1: 0.004515270853042603
[2025-03-13 00:55:51,667][flwr][INFO] - 	History (metrics, distributed, fit):
[2025-03-13 00:55:51,667][flwr][INFO] - 	{'accuracy': [(1, 0.0)],
[2025-03-13 00:55:51,667][flwr][INFO] - 	 'loss': [(1, 0.0)],
[2025-03-13 00:55:51,668][flwr][INFO] - 	 'potential_malicious_clients': [(1, {'0': 10, '1': 10, '2': 10, '3': 10})]}
[2025-03-13 00:55:51,668][flwr][INFO] - 	History (metrics, centralized):
[2025-03-13 00:55:51,668][flwr][INFO] - 	{'accuracy': [(0, 0.1166), (1, 0.1634)],
[2025-03-13 00:55:51,668][flwr][INFO] - 	 'loss': [(0, 0.004609923124313355), (1, 0.004515270853042603)],
[2025-03-13 00:55:51,668][flwr][INFO] - 	 'round': [(0, 0), (1, 1)]}
[2025-03-13 00:55:51,668][flwr][INFO] - 
[2025-03-13 00:55:54,317][flwr][INFO] - Saved plot at /users/Parthaw/flower/baselines/feddebug/outputs/2025-03-13/00-54-32/iid-lenet-cifar10.png
[2025-03-13 00:55:54,318][flwr][INFO] - Training Complete for Experiment: lenet-cifar10-faulty_clients[['0', '1', '2', '3']]-noise_rate1-TClients50--clientsPerR50)-iid-batch256-epochs3-lr0.001
[2025-03-13 00:55:54,319][flwr][INFO] - Total Time Taken: 81.23245429992676 seconds
