[2025-03-12 20:04:04,443][flwr][INFO] -  ***********  Starting Experiment: densenet121-cifar10-faulty_clients[['0']]-noise_rate1-TClients10--clientsPerR10)-iid-batch256-epochs3-lr0.001 ***************
[2025-03-12 20:04:10,557][flwr][INFO] - ** All Malicious Clients are: ['0'] **
[2025-03-12 20:04:11,632][flwr][WARNING] - DEPRECATED FEATURE: `client_fn` now expects a signature `def client_fn(context: Context)`.The provided `client_fn` has signature: {'cid': <Parameter "cid">}. You can import the `Context` like this: `from flwr.common import Context`

            This is a deprecated feature. It will be removed
            entirely in future versions of Flower.
        
[2025-03-12 20:04:11,632][flwr][WARNING] - DEPRECATED FEATURE: Passing either `server`, `config`, `strategy` or `client_manager` directly to the ServerApp constructor is deprecated.

            Check the following `FEATURE UPDATE` warning message for the preferred
            new mechanism to use this feature in Flower.
        
[2025-03-12 20:04:11,632][flwr][WARNING] - FEATURE UPDATE: Pass `ServerApp` arguments wrapped in a `flwr.server.ServerAppComponents` object that gets returned by a function passed as the `server_fn` argument to the `ServerApp` constructor. For example: 
        ------------------------------------------------------------
        

        def server_fn(context: Context):
            server_config = ServerConfig(num_rounds=3)
            strategy = FedAvg()
            return ServerAppComponents(
                strategy=strategy,
                server_config=server_config,
        )

        app = ServerApp(server_fn=server_fn)

        ------------------------------------------------------------
        
[2025-03-12 20:04:11,636][flwr][INFO] - Starting Flower ServerApp, config: num_rounds=5, no round_timeout
[2025-03-12 20:04:11,638][flwr][INFO] - 
[2025-03-12 20:04:11,644][flwr][INFO] - [INIT]
[2025-03-12 20:04:11,645][flwr][INFO] - Using initial global parameters provided by strategy
[2025-03-12 20:04:11,646][flwr][INFO] - Starting evaluation of initial global parameters
[2025-03-12 20:04:29,264][flwr][INFO] - initial parameters (loss, other metrics): 0.004999445152282715, {'accuracy': 0.1079, 'loss': 0.004999445152282715, 'round': 0}
[2025-03-12 20:04:29,265][flwr][INFO] - 
[2025-03-12 20:04:29,265][flwr][INFO] - [ROUND 1]
[2025-03-12 20:04:29,267][flwr][INFO] - configure_fit: strategy sampled 10 clients (out of 10)
