[2025-03-12 23:35:42,401][flwr][INFO] -  ***********  Starting Experiment: resnet18-mnist-faulty_clients[['0']]-noise_rate1-TClients10--clientsPerR10)-iid-batch256-epochs3-lr0.001 ***************
[2025-03-12 23:35:44,841][flwr][INFO] - ** All Malicious Clients are: ['0'] **
[2025-03-12 23:35:45,585][flwr][WARNING] - DEPRECATED FEATURE: `client_fn` now expects a signature `def client_fn(context: Context)`.The provided `client_fn` has signature: {'cid': <Parameter "cid">}. You can import the `Context` like this: `from flwr.common import Context`

            This is a deprecated feature. It will be removed
            entirely in future versions of Flower.
        
[2025-03-12 23:35:45,585][flwr][WARNING] - DEPRECATED FEATURE: Passing either `server`, `config`, `strategy` or `client_manager` directly to the ServerApp constructor is deprecated.

            Check the following `FEATURE UPDATE` warning message for the preferred
            new mechanism to use this feature in Flower.
        
[2025-03-12 23:35:45,585][flwr][WARNING] - FEATURE UPDATE: Pass `ServerApp` arguments wrapped in a `flwr.server.ServerAppComponents` object that gets returned by a function passed as the `server_fn` argument to the `ServerApp` constructor. For example: 
        ------------------------------------------------------------
        

        def server_fn(context: Context):
            server_config = ServerConfig(num_rounds=3)
            strategy = FedAvg()
            return ServerAppComponents(
                strategy=strategy,
                server_config=server_config,
        )

        app = ServerApp(server_fn=server_fn)

        ------------------------------------------------------------
        
[2025-03-12 23:35:45,590][flwr][INFO] - Starting Flower ServerApp, config: num_rounds=1, no round_timeout
[2025-03-12 23:35:45,594][flwr][INFO] - 
[2025-03-12 23:35:45,599][flwr][INFO] - [INIT]
[2025-03-12 23:35:45,600][flwr][INFO] - Using initial global parameters provided by strategy
[2025-03-12 23:35:45,600][flwr][INFO] - Starting evaluation of initial global parameters
[2025-03-12 23:35:57,907][flwr][INFO] - initial parameters (loss, other metrics): 0.0048609926223754886, {'accuracy': 0.1049, 'loss': 0.0048609926223754886, 'round': 0}
[2025-03-12 23:35:57,908][flwr][INFO] - 
[2025-03-12 23:35:57,908][flwr][INFO] - [ROUND 1]
[2025-03-12 23:35:57,909][flwr][INFO] - configure_fit: strategy sampled 10 clients (out of 10)
[2025-03-12 23:39:42,721][flwr][INFO] - aggregate_fit: received 10 results and 0 failures
[2025-03-12 23:39:53,271][flwr][INFO] - >>   ------------------- Clients Metrics ------------- 
[2025-03-12 23:39:53,272][flwr][INFO] -  Client 0, Loss Train 0.009071574926376343, Accuracy Train 0.13683333333333333, data_points = 24
[2025-03-12 23:39:53,272][flwr][INFO] -  Client 1, Loss Train 0.0002875382782270511, Accuracy Train 0.9795, data_points = 24
[2025-03-12 23:39:53,272][flwr][INFO] -  Client 2, Loss Train 0.0003524634279310703, Accuracy Train 0.9716666666666667, data_points = 24
[2025-03-12 23:39:53,272][flwr][INFO] -  Client 3, Loss Train 0.00027464904853453237, Accuracy Train 0.979, data_points = 24
[2025-03-12 23:39:53,273][flwr][INFO] -  Client 4, Loss Train 0.00035170435688147944, Accuracy Train 0.9726666666666667, data_points = 24
[2025-03-12 23:39:53,273][flwr][INFO] -  Client 5, Loss Train 0.0003050124707321326, Accuracy Train 0.9765, data_points = 24
[2025-03-12 23:39:53,273][flwr][INFO] -  Client 6, Loss Train 0.0003026696275919676, Accuracy Train 0.9756666666666667, data_points = 24
[2025-03-12 23:39:53,273][flwr][INFO] -  Client 7, Loss Train 0.0003361729166160027, Accuracy Train 0.9733333333333334, data_points = 24
[2025-03-12 23:39:53,273][flwr][INFO] -  Client 8, Loss Train 0.00036070777165393036, Accuracy Train 0.972, data_points = 24
[2025-03-12 23:39:53,273][flwr][INFO] -  Client 9, Loss Train 0.00036442958315213524, Accuracy Train 0.9748333333333333, data_points = 24
[2025-03-12 23:39:53,274][flwr][INFO] - ***FedDebug Output Round 1 ***
[2025-03-12 23:39:53,274][flwr][INFO] - True Malicious Clients (Ground Truth) = ['0']
[2025-03-12 23:39:53,275][flwr][INFO] - Total Random Inputs = 10
[2025-03-12 23:39:53,276][flwr][INFO] - Predicted Malicious Clients = {'0': 1.0}
[2025-03-12 23:39:53,276][flwr][INFO] - FedDebug Localization Accuracy = 100.0
[2025-03-12 23:40:02,939][flwr][INFO] - fit progress: (1, 0.002570797145366669, {'accuracy': 0.6594, 'loss': 0.002570797145366669, 'round': 1}, 245.03148444904946)
[2025-03-12 23:40:02,940][flwr][INFO] - configure_evaluate: no clients selected, skipping evaluation
[2025-03-12 23:40:02,947][flwr][INFO] - 
[2025-03-12 23:40:02,947][flwr][INFO] - [SUMMARY]
[2025-03-12 23:40:02,947][flwr][INFO] - Run finished 1 round(s) in 245.03s
[2025-03-12 23:40:02,948][flwr][INFO] - 	History (loss, centralized):
[2025-03-12 23:40:02,948][flwr][INFO] - 		round 0: 0.0048609926223754886
[2025-03-12 23:40:02,948][flwr][INFO] - 		round 1: 0.002570797145366669
[2025-03-12 23:40:02,948][flwr][INFO] - 	History (metrics, distributed, fit):
[2025-03-12 23:40:02,949][flwr][INFO] - 	{'accuracy': [(1, 0.0)],
[2025-03-12 23:40:02,949][flwr][INFO] - 	 'loss': [(1, 0.0)],
[2025-03-12 23:40:02,949][flwr][INFO] - 	 'potential_malicious_clients': [(1, {'0': 10})]}
[2025-03-12 23:40:02,949][flwr][INFO] - 	History (metrics, centralized):
[2025-03-12 23:40:02,949][flwr][INFO] - 	{'accuracy': [(0, 0.1049), (1, 0.6594)],
[2025-03-12 23:40:02,949][flwr][INFO] - 	 'loss': [(0, 0.0048609926223754886), (1, 0.002570797145366669)],
[2025-03-12 23:40:02,949][flwr][INFO] - 	 'round': [(0, 0), (1, 1)]}
[2025-03-12 23:40:02,949][flwr][INFO] - 
[2025-03-12 23:40:05,980][flwr][INFO] - Saved plot at /users/Parthaw/flower/baselines/feddebug/outputs/2025-03-12/23-35-42/iid-resnet18-mnist.png
[2025-03-12 23:40:05,980][flwr][INFO] - Training Complete for Experiment: resnet18-mnist-faulty_clients[['0']]-noise_rate1-TClients10--clientsPerR10)-iid-batch256-epochs3-lr0.001
[2025-03-12 23:40:05,985][flwr][INFO] - Total Time Taken: 263.58658242225647 seconds
