[2025-03-12 19:57:11,402][flwr][INFO] -  ***********  Starting Experiment: lenet-cifar10-faulty_clients[['0']]-noise_rate1-TClients30--clientsPerR30)-iid-batch256-epochs3-lr0.001 ***************
[2025-03-12 19:57:14,181][flwr][INFO] - ** All Malicious Clients are: ['0'] **
[2025-03-12 19:57:14,216][flwr][WARNING] - DEPRECATED FEATURE: `client_fn` now expects a signature `def client_fn(context: Context)`.The provided `client_fn` has signature: {'cid': <Parameter "cid">}. You can import the `Context` like this: `from flwr.common import Context`

            This is a deprecated feature. It will be removed
            entirely in future versions of Flower.
        
[2025-03-12 19:57:14,217][flwr][WARNING] - DEPRECATED FEATURE: Passing either `server`, `config`, `strategy` or `client_manager` directly to the ServerApp constructor is deprecated.

            Check the following `FEATURE UPDATE` warning message for the preferred
            new mechanism to use this feature in Flower.
        
[2025-03-12 19:57:14,217][flwr][WARNING] - FEATURE UPDATE: Pass `ServerApp` arguments wrapped in a `flwr.server.ServerAppComponents` object that gets returned by a function passed as the `server_fn` argument to the `ServerApp` constructor. For example: 
        ------------------------------------------------------------
        

        def server_fn(context: Context):
            server_config = ServerConfig(num_rounds=3)
            strategy = FedAvg()
            return ServerAppComponents(
                strategy=strategy,
                server_config=server_config,
        )

        app = ServerApp(server_fn=server_fn)

        ------------------------------------------------------------
        
[2025-03-12 19:57:14,223][flwr][INFO] - Starting Flower ServerApp, config: num_rounds=5, no round_timeout
[2025-03-12 19:57:14,225][flwr][INFO] - 
[2025-03-12 19:57:14,227][flwr][INFO] - [INIT]
[2025-03-12 19:57:14,234][flwr][INFO] - Using initial global parameters provided by strategy
[2025-03-12 19:57:14,240][flwr][INFO] - Starting evaluation of initial global parameters
[2025-03-12 19:57:24,322][flwr][INFO] - initial parameters (loss, other metrics): 0.004609923124313355, {'accuracy': 0.1166, 'loss': 0.004609923124313355, 'round': 0}
[2025-03-12 19:57:24,323][flwr][INFO] - 
[2025-03-12 19:57:24,323][flwr][INFO] - [ROUND 1]
[2025-03-12 19:57:24,326][flwr][INFO] - configure_fit: strategy sampled 30 clients (out of 30)
[2025-03-12 19:58:11,895][flwr][INFO] - aggregate_fit: received 30 results and 0 failures
[2025-03-12 19:58:13,722][flwr][INFO] - >>   ------------------- Clients Metrics ------------- 
[2025-03-12 19:58:13,722][flwr][INFO] -  Client 0, Loss Train 0.009654674833237087, Accuracy Train 0.11637672465506899, data_points = 7
[2025-03-12 19:58:13,722][flwr][INFO] -  Client 1, Loss Train 0.009084041059982584, Accuracy Train 0.22015596880623875, data_points = 7
[2025-03-12 19:58:13,723][flwr][INFO] -  Client 2, Loss Train 0.009136401469934895, Accuracy Train 0.21535692861427713, data_points = 7
[2025-03-12 19:58:13,723][flwr][INFO] -  Client 3, Loss Train 0.009048093631014397, Accuracy Train 0.21775644871025795, data_points = 7
[2025-03-12 19:58:13,723][flwr][INFO] -  Client 4, Loss Train 0.009015252222611509, Accuracy Train 0.22675464907018597, data_points = 7
[2025-03-12 19:58:13,723][flwr][INFO] -  Client 5, Loss Train 0.009092771156004395, Accuracy Train 0.20935812837432513, data_points = 7
[2025-03-12 19:58:13,723][flwr][INFO] -  Client 6, Loss Train 0.009065793242794922, Accuracy Train 0.235752849430114, data_points = 7
[2025-03-12 19:58:13,723][flwr][INFO] -  Client 7, Loss Train 0.00915833068737815, Accuracy Train 0.20695860827834434, data_points = 7
[2025-03-12 19:58:13,723][flwr][INFO] -  Client 8, Loss Train 0.00919968365335722, Accuracy Train 0.20935812837432513, data_points = 7
[2025-03-12 19:58:13,723][flwr][INFO] -  Client 9, Loss Train 0.009087185410589392, Accuracy Train 0.23095380923815237, data_points = 7
[2025-03-12 19:58:13,724][flwr][INFO] -  Client 10, Loss Train 0.009086460715364252, Accuracy Train 0.1811637672465507, data_points = 7
[2025-03-12 19:58:13,724][flwr][INFO] -  Client 11, Loss Train 0.009135863562150851, Accuracy Train 0.19376124775044992, data_points = 7
[2025-03-12 19:58:13,724][flwr][INFO] -  Client 12, Loss Train 0.00914296291513792, Accuracy Train 0.23395320935812838, data_points = 7
[2025-03-12 19:58:13,724][flwr][INFO] -  Client 13, Loss Train 0.009129091873809687, Accuracy Train 0.1985602879424115, data_points = 7
[2025-03-12 19:58:13,724][flwr][INFO] -  Client 14, Loss Train 0.009149859319136538, Accuracy Train 0.1877624475104979, data_points = 7
[2025-03-12 19:58:13,724][flwr][INFO] -  Client 15, Loss Train 0.009124909751631216, Accuracy Train 0.19916016796640673, data_points = 7
[2025-03-12 19:58:13,724][flwr][INFO] -  Client 16, Loss Train 0.00919922154752094, Accuracy Train 0.17636472705458908, data_points = 7
[2025-03-12 19:58:13,724][flwr][INFO] -  Client 17, Loss Train 0.009075006755011912, Accuracy Train 0.21595680863827235, data_points = 7
[2025-03-12 19:58:13,725][flwr][INFO] -  Client 18, Loss Train 0.009019712666658563, Accuracy Train 0.1943611277744451, data_points = 7
[2025-03-12 19:58:13,725][flwr][INFO] -  Client 19, Loss Train 0.009084113000321688, Accuracy Train 0.20155968806238753, data_points = 7
[2025-03-12 19:58:13,725][flwr][INFO] -  Client 20, Loss Train 0.009010080672970482, Accuracy Train 0.25210084033613445, data_points = 7
[2025-03-12 19:58:13,725][flwr][INFO] -  Client 21, Loss Train 0.009123034837867031, Accuracy Train 0.22148859543817526, data_points = 7
[2025-03-12 19:58:13,725][flwr][INFO] -  Client 22, Loss Train 0.009048986692531628, Accuracy Train 0.21728691476590636, data_points = 7
[2025-03-12 19:58:13,725][flwr][INFO] -  Client 23, Loss Train 0.009068302890690577, Accuracy Train 0.2148859543817527, data_points = 7
[2025-03-12 19:58:13,725][flwr][INFO] -  Client 24, Loss Train 0.009097588734895815, Accuracy Train 0.22208883553421369, data_points = 7
[2025-03-12 19:58:13,725][flwr][INFO] -  Client 25, Loss Train 0.00923625475504533, Accuracy Train 0.21428571428571427, data_points = 7
[2025-03-12 19:58:13,725][flwr][INFO] -  Client 26, Loss Train 0.00905677407872634, Accuracy Train 0.2028811524609844, data_points = 7
[2025-03-12 19:58:13,726][flwr][INFO] -  Client 27, Loss Train 0.009087169728502363, Accuracy Train 0.2503001200480192, data_points = 7
[2025-03-12 19:58:13,726][flwr][INFO] -  Client 28, Loss Train 0.009080689923674548, Accuracy Train 0.1794717887154862, data_points = 7
[2025-03-12 19:58:13,726][flwr][INFO] -  Client 29, Loss Train 0.009137492076832563, Accuracy Train 0.21728691476590636, data_points = 7
[2025-03-12 19:58:13,726][flwr][INFO] - ***FedDebug Output Round 1 ***
[2025-03-12 19:58:13,726][flwr][INFO] - True Malicious Clients (Ground Truth) = ['0']
[2025-03-12 19:58:13,727][flwr][INFO] - Total Random Inputs = 10
[2025-03-12 19:58:13,727][flwr][INFO] - Predicted Malicious Clients = {'0': 1.0}
[2025-03-12 19:58:13,727][flwr][INFO] - FedDebug Localization Accuracy = 100.0
[2025-03-12 19:58:21,177][flwr][INFO] - fit progress: (1, 0.004240303969383239, {'accuracy': 0.2424, 'loss': 0.004240303969383239, 'round': 1}, 56.8538757780334)
[2025-03-12 19:58:21,178][flwr][INFO] - configure_evaluate: no clients selected, skipping evaluation
[2025-03-12 19:58:21,178][flwr][INFO] - 
[2025-03-12 19:58:21,178][flwr][INFO] - [ROUND 2]
[2025-03-12 19:58:21,179][flwr][INFO] - configure_fit: strategy sampled 30 clients (out of 30)
[2025-03-12 19:58:58,006][flwr][INFO] - aggregate_fit: received 30 results and 0 failures
[2025-03-12 19:58:59,743][flwr][INFO] - >>   ------------------- Clients Metrics ------------- 
[2025-03-12 19:58:59,743][flwr][INFO] -  Client 0, Loss Train 0.00965700753091264, Accuracy Train 0.11517696460707859, data_points = 7
[2025-03-12 19:58:59,743][flwr][INFO] -  Client 1, Loss Train 0.008004652574238266, Accuracy Train 0.3047390521895621, data_points = 7
[2025-03-12 19:58:59,744][flwr][INFO] -  Client 2, Loss Train 0.00817642536575235, Accuracy Train 0.27714457108578283, data_points = 7
[2025-03-12 19:58:59,744][flwr][INFO] -  Client 3, Loss Train 0.008155578399891616, Accuracy Train 0.28674265146970607, data_points = 7
[2025-03-12 19:58:59,744][flwr][INFO] -  Client 4, Loss Train 0.008138140733898508, Accuracy Train 0.3041391721655669, data_points = 7
[2025-03-12 19:58:59,744][flwr][INFO] -  Client 5, Loss Train 0.008191102625155206, Accuracy Train 0.26034793041391724, data_points = 7
[2025-03-12 19:58:59,744][flwr][INFO] -  Client 6, Loss Train 0.008099338932529352, Accuracy Train 0.29574085182963405, data_points = 7
[2025-03-12 19:58:59,744][flwr][INFO] -  Client 7, Loss Train 0.008154263093075355, Accuracy Train 0.2819436112777445, data_points = 7
[2025-03-12 19:58:59,744][flwr][INFO] -  Client 8, Loss Train 0.008041225941365682, Accuracy Train 0.30353929214157166, data_points = 7
[2025-03-12 19:58:59,744][flwr][INFO] -  Client 9, Loss Train 0.008147624844766764, Accuracy Train 0.27114577084583086, data_points = 7
[2025-03-12 19:58:59,745][flwr][INFO] -  Client 10, Loss Train 0.00810173098456023, Accuracy Train 0.2981403719256149, data_points = 7
[2025-03-12 19:58:59,745][flwr][INFO] -  Client 11, Loss Train 0.008077210627706307, Accuracy Train 0.2939412117576485, data_points = 7
[2025-03-12 19:58:59,745][flwr][INFO] -  Client 12, Loss Train 0.00827692029858036, Accuracy Train 0.28134373125374923, data_points = 7
[2025-03-12 19:58:59,745][flwr][INFO] -  Client 13, Loss Train 0.008149631021976756, Accuracy Train 0.2855428914217157, data_points = 7
[2025-03-12 19:58:59,745][flwr][INFO] -  Client 14, Loss Train 0.00806732784149957, Accuracy Train 0.29934013197360526, data_points = 7
[2025-03-12 19:58:59,745][flwr][INFO] -  Client 15, Loss Train 0.0082109889801062, Accuracy Train 0.28674265146970607, data_points = 7
[2025-03-12 19:58:59,745][flwr][INFO] -  Client 16, Loss Train 0.008128620438326885, Accuracy Train 0.27594481103779245, data_points = 7
[2025-03-12 19:58:59,745][flwr][INFO] -  Client 17, Loss Train 0.00825414789173513, Accuracy Train 0.26874625074985004, data_points = 7
[2025-03-12 19:58:59,746][flwr][INFO] -  Client 18, Loss Train 0.00811827454512607, Accuracy Train 0.28434313137372524, data_points = 7
[2025-03-12 19:58:59,746][flwr][INFO] -  Client 19, Loss Train 0.008233843481891085, Accuracy Train 0.27174565086982605, data_points = 7
[2025-03-12 19:58:59,746][flwr][INFO] -  Client 20, Loss Train 0.008009570557959513, Accuracy Train 0.31512605042016806, data_points = 7
[2025-03-12 19:58:59,746][flwr][INFO] -  Client 21, Loss Train 0.00807901562190428, Accuracy Train 0.3025210084033613, data_points = 7
[2025-03-12 19:58:59,746][flwr][INFO] -  Client 22, Loss Train 0.008086165817988877, Accuracy Train 0.3007202881152461, data_points = 7
[2025-03-12 19:58:59,746][flwr][INFO] -  Client 23, Loss Train 0.008139048947864363, Accuracy Train 0.2893157262905162, data_points = 7
[2025-03-12 19:58:59,746][flwr][INFO] -  Client 24, Loss Train 0.008219796283190705, Accuracy Train 0.28031212484994, data_points = 7
[2025-03-12 19:58:59,746][flwr][INFO] -  Client 25, Loss Train 0.008283959216430407, Accuracy Train 0.31212484993997597, data_points = 7
[2025-03-12 19:58:59,746][flwr][INFO] -  Client 26, Loss Train 0.008149951803727167, Accuracy Train 0.2773109243697479, data_points = 7
[2025-03-12 19:58:59,747][flwr][INFO] -  Client 27, Loss Train 0.008044747459072741, Accuracy Train 0.31092436974789917, data_points = 7
[2025-03-12 19:58:59,747][flwr][INFO] -  Client 28, Loss Train 0.008162677359609615, Accuracy Train 0.2965186074429772, data_points = 7
[2025-03-12 19:58:59,747][flwr][INFO] -  Client 29, Loss Train 0.008165868175845472, Accuracy Train 0.29711884753901563, data_points = 7
[2025-03-12 19:58:59,747][flwr][INFO] - ***FedDebug Output Round 2 ***
[2025-03-12 19:58:59,747][flwr][INFO] - True Malicious Clients (Ground Truth) = ['0']
[2025-03-12 19:58:59,748][flwr][INFO] - Total Random Inputs = 10
[2025-03-12 19:58:59,748][flwr][INFO] - Predicted Malicious Clients = {'0': 1.0}
[2025-03-12 19:58:59,748][flwr][INFO] - FedDebug Localization Accuracy = 100.0
[2025-03-12 19:59:07,712][flwr][INFO] - fit progress: (2, 0.0038460190534591676, {'accuracy': 0.3025, 'loss': 0.0038460190534591676, 'round': 2}, 103.38901368097868)
[2025-03-12 19:59:07,712][flwr][INFO] - configure_evaluate: no clients selected, skipping evaluation
[2025-03-12 19:59:07,713][flwr][INFO] - 
[2025-03-12 19:59:07,713][flwr][INFO] - [ROUND 3]
[2025-03-12 19:59:07,714][flwr][INFO] - configure_fit: strategy sampled 30 clients (out of 30)
[2025-03-12 19:59:43,896][flwr][INFO] - aggregate_fit: received 30 results and 0 failures
[2025-03-12 19:59:45,182][flwr][INFO] - >>   ------------------- Clients Metrics ------------- 
[2025-03-12 19:59:45,183][flwr][INFO] -  Client 0, Loss Train 0.009654047822408784, Accuracy Train 0.11757648470305938, data_points = 7
[2025-03-12 19:59:45,183][flwr][INFO] -  Client 1, Loss Train 0.007738006636991999, Accuracy Train 0.3239352129574085, data_points = 7
[2025-03-12 19:59:45,183][flwr][INFO] -  Client 2, Loss Train 0.007927820721141721, Accuracy Train 0.3053389322135573, data_points = 7
[2025-03-12 19:59:45,183][flwr][INFO] -  Client 3, Loss Train 0.008034324174021702, Accuracy Train 0.3113377324535093, data_points = 7
[2025-03-12 19:59:45,183][flwr][INFO] -  Client 4, Loss Train 0.007989767431569228, Accuracy Train 0.3137372525494901, data_points = 7
[2025-03-12 19:59:45,183][flwr][INFO] -  Client 5, Loss Train 0.007955832115246567, Accuracy Train 0.2819436112777445, data_points = 7
[2025-03-12 19:59:45,183][flwr][INFO] -  Client 6, Loss Train 0.007992032551093237, Accuracy Train 0.3119376124775045, data_points = 7
[2025-03-12 19:59:45,184][flwr][INFO] -  Client 7, Loss Train 0.008034118722138751, Accuracy Train 0.29574085182963405, data_points = 7
[2025-03-12 19:59:45,184][flwr][INFO] -  Client 8, Loss Train 0.007788743312014172, Accuracy Train 0.33293341331733656, data_points = 7
[2025-03-12 19:59:45,184][flwr][INFO] -  Client 9, Loss Train 0.007977128243403443, Accuracy Train 0.2933413317336533, data_points = 7
[2025-03-12 19:59:45,184][flwr][INFO] -  Client 10, Loss Train 0.007820212562139977, Accuracy Train 0.33053389322135573, data_points = 7
[2025-03-12 19:59:45,184][flwr][INFO] -  Client 11, Loss Train 0.007790930841808628, Accuracy Train 0.3323335332933413, data_points = 7
[2025-03-12 19:59:45,184][flwr][INFO] -  Client 12, Loss Train 0.008047684124292695, Accuracy Train 0.2897420515896821, data_points = 7
[2025-03-12 19:59:45,184][flwr][INFO] -  Client 13, Loss Train 0.007941060389454092, Accuracy Train 0.2969406118776245, data_points = 7
[2025-03-12 19:59:45,184][flwr][INFO] -  Client 14, Loss Train 0.007790672829141142, Accuracy Train 0.3125374925014997, data_points = 7
[2025-03-12 19:59:45,185][flwr][INFO] -  Client 15, Loss Train 0.007926684049481608, Accuracy Train 0.3143371325734853, data_points = 7
[2025-03-12 19:59:45,185][flwr][INFO] -  Client 16, Loss Train 0.007962034859911867, Accuracy Train 0.2891421715656869, data_points = 7
[2025-03-12 19:59:45,185][flwr][INFO] -  Client 17, Loss Train 0.008046207130491626, Accuracy Train 0.3083383323335333, data_points = 7
[2025-03-12 19:59:45,185][flwr][INFO] -  Client 18, Loss Train 0.007823625437571178, Accuracy Train 0.3275344931013797, data_points = 7
[2025-03-12 19:59:45,185][flwr][INFO] -  Client 19, Loss Train 0.00781927533541601, Accuracy Train 0.3167366526694661, data_points = 7
[2025-03-12 19:59:45,185][flwr][INFO] -  Client 20, Loss Train 0.007724164771575745, Accuracy Train 0.33013205282112845, data_points = 7
[2025-03-12 19:59:45,185][flwr][INFO] -  Client 21, Loss Train 0.007883477683256224, Accuracy Train 0.30612244897959184, data_points = 7
[2025-03-12 19:59:45,186][flwr][INFO] -  Client 22, Loss Train 0.0077709974217958664, Accuracy Train 0.30192076830732295, data_points = 7
[2025-03-12 19:59:45,186][flwr][INFO] -  Client 23, Loss Train 0.007873584957970005, Accuracy Train 0.30612244897959184, data_points = 7
[2025-03-12 19:59:45,186][flwr][INFO] -  Client 24, Loss Train 0.00789000922176732, Accuracy Train 0.3175270108043217, data_points = 7
[2025-03-12 19:59:45,186][flwr][INFO] -  Client 25, Loss Train 0.008041652239241949, Accuracy Train 0.32593037214885956, data_points = 7
[2025-03-12 19:59:45,186][flwr][INFO] -  Client 26, Loss Train 0.007868074855598367, Accuracy Train 0.3127250900360144, data_points = 7
[2025-03-12 19:59:45,186][flwr][INFO] -  Client 27, Loss Train 0.007841673289455857, Accuracy Train 0.3199279711884754, data_points = 7
[2025-03-12 19:59:45,186][flwr][INFO] -  Client 28, Loss Train 0.007930701806479428, Accuracy Train 0.33013205282112845, data_points = 7
[2025-03-12 19:59:45,187][flwr][INFO] -  Client 29, Loss Train 0.007899063117220766, Accuracy Train 0.3175270108043217, data_points = 7
[2025-03-12 19:59:45,187][flwr][INFO] - ***FedDebug Output Round 3 ***
[2025-03-12 19:59:45,187][flwr][INFO] - True Malicious Clients (Ground Truth) = ['0']
[2025-03-12 19:59:45,187][flwr][INFO] - Total Random Inputs = 10
[2025-03-12 19:59:45,188][flwr][INFO] - Predicted Malicious Clients = {'0': 1.0}
[2025-03-12 19:59:45,188][flwr][INFO] - FedDebug Localization Accuracy = 100.0
[2025-03-12 19:59:52,405][flwr][INFO] - fit progress: (3, 0.0037417445540428164, {'accuracy': 0.3242, 'loss': 0.0037417445540428164, 'round': 3}, 148.08188683597837)
[2025-03-12 19:59:52,405][flwr][INFO] - configure_evaluate: no clients selected, skipping evaluation
[2025-03-12 19:59:52,405][flwr][INFO] - 
[2025-03-12 19:59:52,405][flwr][INFO] - [ROUND 4]
[2025-03-12 19:59:52,406][flwr][INFO] - configure_fit: strategy sampled 30 clients (out of 30)
[2025-03-12 20:00:29,076][flwr][INFO] - aggregate_fit: received 30 results and 0 failures
[2025-03-12 20:00:30,290][flwr][INFO] - >>   ------------------- Clients Metrics ------------- 
[2025-03-12 20:00:30,291][flwr][INFO] -  Client 0, Loss Train 0.009655177128407936, Accuracy Train 0.1241751649670066, data_points = 7
[2025-03-12 20:00:30,291][flwr][INFO] -  Client 1, Loss Train 0.007526814186723203, Accuracy Train 0.3395320935812837, data_points = 7
[2025-03-12 20:00:30,291][flwr][INFO] -  Client 2, Loss Train 0.007609801157978244, Accuracy Train 0.33473305338932213, data_points = 7
[2025-03-12 20:00:30,291][flwr][INFO] -  Client 3, Loss Train 0.007715616314870266, Accuracy Train 0.34433113377324537, data_points = 7
[2025-03-12 20:00:30,291][flwr][INFO] -  Client 4, Loss Train 0.007686463386338846, Accuracy Train 0.34193161367726455, data_points = 7
[2025-03-12 20:00:30,291][flwr][INFO] -  Client 5, Loss Train 0.007795344517484137, Accuracy Train 0.2981403719256149, data_points = 7
[2025-03-12 20:00:30,291][flwr][INFO] -  Client 6, Loss Train 0.0075615225398905205, Accuracy Train 0.3479304139172166, data_points = 7
[2025-03-12 20:00:30,291][flwr][INFO] -  Client 7, Loss Train 0.007821015705229925, Accuracy Train 0.32213557288542294, data_points = 7
[2025-03-12 20:00:30,292][flwr][INFO] -  Client 8, Loss Train 0.007587817949525024, Accuracy Train 0.35272945410917816, data_points = 7
[2025-03-12 20:00:30,292][flwr][INFO] -  Client 9, Loss Train 0.007684114241070853, Accuracy Train 0.3197360527894421, data_points = 7
[2025-03-12 20:00:30,292][flwr][INFO] -  Client 10, Loss Train 0.007608252795928241, Accuracy Train 0.33413317336532694, data_points = 7
[2025-03-12 20:00:30,292][flwr][INFO] -  Client 11, Loss Train 0.007510527208599418, Accuracy Train 0.34673065386922614, data_points = 7
[2025-03-12 20:00:30,292][flwr][INFO] -  Client 12, Loss Train 0.007823936726135914, Accuracy Train 0.3353329334133173, data_points = 7
[2025-03-12 20:00:30,292][flwr][INFO] -  Client 13, Loss Train 0.007773376683954286, Accuracy Train 0.3137372525494901, data_points = 7
[2025-03-12 20:00:30,292][flwr][INFO] -  Client 14, Loss Train 0.007573372744198109, Accuracy Train 0.364127174565087, data_points = 7
[2025-03-12 20:00:30,292][flwr][INFO] -  Client 15, Loss Train 0.007752203769718163, Accuracy Train 0.3131373725254949, data_points = 7
[2025-03-12 20:00:30,293][flwr][INFO] -  Client 16, Loss Train 0.00758146824919684, Accuracy Train 0.3359328134373125, data_points = 7
[2025-03-12 20:00:30,293][flwr][INFO] -  Client 17, Loss Train 0.007847116175138386, Accuracy Train 0.3113377324535093, data_points = 7
[2025-03-12 20:00:30,293][flwr][INFO] -  Client 18, Loss Train 0.007560601760758993, Accuracy Train 0.34553089382123575, data_points = 7
[2025-03-12 20:00:30,293][flwr][INFO] -  Client 19, Loss Train 0.007662068102698735, Accuracy Train 0.33653269346130776, data_points = 7
[2025-03-12 20:00:30,293][flwr][INFO] -  Client 20, Loss Train 0.007548482335057436, Accuracy Train 0.3517406962785114, data_points = 7
[2025-03-12 20:00:30,293][flwr][INFO] -  Client 21, Loss Train 0.007496821565502116, Accuracy Train 0.34633853541416565, data_points = 7
[2025-03-12 20:00:30,293][flwr][INFO] -  Client 22, Loss Train 0.007568593428773181, Accuracy Train 0.34513805522208885, data_points = 7
[2025-03-12 20:00:30,293][flwr][INFO] -  Client 23, Loss Train 0.007761965708142998, Accuracy Train 0.3307322929171669, data_points = 7
[2025-03-12 20:00:30,294][flwr][INFO] -  Client 24, Loss Train 0.007730467336661532, Accuracy Train 0.3475390156062425, data_points = 7
[2025-03-12 20:00:30,294][flwr][INFO] -  Client 25, Loss Train 0.00782215709732074, Accuracy Train 0.3415366146458583, data_points = 7
[2025-03-12 20:00:30,294][flwr][INFO] -  Client 26, Loss Train 0.0076802651278254225, Accuracy Train 0.3283313325330132, data_points = 7
[2025-03-12 20:00:30,294][flwr][INFO] -  Client 27, Loss Train 0.007580000240834248, Accuracy Train 0.3355342136854742, data_points = 7
[2025-03-12 20:00:30,294][flwr][INFO] -  Client 28, Loss Train 0.007534678529004375, Accuracy Train 0.3445378151260504, data_points = 7
[2025-03-12 20:00:30,294][flwr][INFO] -  Client 29, Loss Train 0.0076891469354389095, Accuracy Train 0.3319327731092437, data_points = 7
[2025-03-12 20:00:30,294][flwr][INFO] - ***FedDebug Output Round 4 ***
[2025-03-12 20:00:30,295][flwr][INFO] - True Malicious Clients (Ground Truth) = ['0']
[2025-03-12 20:00:30,295][flwr][INFO] - Total Random Inputs = 10
[2025-03-12 20:00:30,295][flwr][INFO] - Predicted Malicious Clients = {'0': 1.0}
[2025-03-12 20:00:30,295][flwr][INFO] - FedDebug Localization Accuracy = 100.0
[2025-03-12 20:00:37,780][flwr][INFO] - fit progress: (4, 0.0036286471486091615, {'accuracy': 0.3468, 'loss': 0.0036286471486091615, 'round': 4}, 193.4566830319818)
[2025-03-12 20:00:37,780][flwr][INFO] - configure_evaluate: no clients selected, skipping evaluation
[2025-03-12 20:00:37,780][flwr][INFO] - 
[2025-03-12 20:00:37,780][flwr][INFO] - [ROUND 5]
[2025-03-12 20:00:37,781][flwr][INFO] - configure_fit: strategy sampled 30 clients (out of 30)
[2025-03-12 20:01:13,842][flwr][INFO] - aggregate_fit: received 30 results and 0 failures
[2025-03-12 20:01:15,681][flwr][INFO] - >>   ------------------- Clients Metrics ------------- 
[2025-03-12 20:01:15,682][flwr][INFO] -  Client 0, Loss Train 0.009659075207816102, Accuracy Train 0.1205758848230354, data_points = 7
[2025-03-12 20:01:15,682][flwr][INFO] -  Client 1, Loss Train 0.007299619802258726, Accuracy Train 0.3635272945410918, data_points = 7
[2025-03-12 20:01:15,682][flwr][INFO] -  Client 2, Loss Train 0.007444929704740509, Accuracy Train 0.3635272945410918, data_points = 7
[2025-03-12 20:01:15,682][flwr][INFO] -  Client 3, Loss Train 0.00757539679922597, Accuracy Train 0.34493101379724056, data_points = 7
[2025-03-12 20:01:15,682][flwr][INFO] -  Client 4, Loss Train 0.007516024065503977, Accuracy Train 0.35752849430113975, data_points = 7
[2025-03-12 20:01:15,682][flwr][INFO] -  Client 5, Loss Train 0.0075496512397578465, Accuracy Train 0.3119376124775045, data_points = 7
[2025-03-12 20:01:15,683][flwr][INFO] -  Client 6, Loss Train 0.007373852006103296, Accuracy Train 0.3659268146370726, data_points = 7
[2025-03-12 20:01:15,683][flwr][INFO] -  Client 7, Loss Train 0.00746337510757126, Accuracy Train 0.35392921415716855, data_points = 7
[2025-03-12 20:01:15,683][flwr][INFO] -  Client 8, Loss Train 0.007318732691297434, Accuracy Train 0.3743251349730054, data_points = 7
[2025-03-12 20:01:15,683][flwr][INFO] -  Client 9, Loss Train 0.007401450708660453, Accuracy Train 0.3395320935812837, data_points = 7
[2025-03-12 20:01:15,683][flwr][INFO] -  Client 10, Loss Train 0.0074261512024072236, Accuracy Train 0.34553089382123575, data_points = 7
[2025-03-12 20:01:15,683][flwr][INFO] -  Client 11, Loss Train 0.007339799339784143, Accuracy Train 0.3515296940611878, data_points = 7
[2025-03-12 20:01:15,683][flwr][INFO] -  Client 12, Loss Train 0.007471764738429572, Accuracy Train 0.3593281343731254, data_points = 7
[2025-03-12 20:01:15,683][flwr][INFO] -  Client 13, Loss Train 0.007489318324193743, Accuracy Train 0.34013197360527897, data_points = 7
[2025-03-12 20:01:15,684][flwr][INFO] -  Client 14, Loss Train 0.007342918375400848, Accuracy Train 0.35332933413317336, data_points = 7
[2025-03-12 20:01:15,684][flwr][INFO] -  Client 15, Loss Train 0.0074371339749918055, Accuracy Train 0.34193161367726455, data_points = 7
[2025-03-12 20:01:15,684][flwr][INFO] -  Client 16, Loss Train 0.007368732585689588, Accuracy Train 0.34493101379724056, data_points = 7
[2025-03-12 20:01:15,684][flwr][INFO] -  Client 17, Loss Train 0.007523605046904438, Accuracy Train 0.34193161367726455, data_points = 7
[2025-03-12 20:01:15,684][flwr][INFO] -  Client 18, Loss Train 0.0074107267217287135, Accuracy Train 0.3683263347330534, data_points = 7
[2025-03-12 20:01:15,684][flwr][INFO] -  Client 19, Loss Train 0.007359438051202015, Accuracy Train 0.3713257348530294, data_points = 7
[2025-03-12 20:01:15,684][flwr][INFO] -  Client 20, Loss Train 0.0073722309711314335, Accuracy Train 0.3745498199279712, data_points = 7
[2025-03-12 20:01:15,684][flwr][INFO] -  Client 21, Loss Train 0.007385314154882534, Accuracy Train 0.3607442977190876, data_points = 7
[2025-03-12 20:01:15,685][flwr][INFO] -  Client 22, Loss Train 0.0074377513590122325, Accuracy Train 0.35834333733493395, data_points = 7
[2025-03-12 20:01:15,685][flwr][INFO] -  Client 23, Loss Train 0.007557724775815783, Accuracy Train 0.3469387755102041, data_points = 7
[2025-03-12 20:01:15,685][flwr][INFO] -  Client 24, Loss Train 0.007382604182839823, Accuracy Train 0.3577430972388956, data_points = 7
[2025-03-12 20:01:15,685][flwr][INFO] -  Client 25, Loss Train 0.0074804211292518715, Accuracy Train 0.37214885954381755, data_points = 7
[2025-03-12 20:01:15,685][flwr][INFO] -  Client 26, Loss Train 0.007412679341374611, Accuracy Train 0.35234093637454983, data_points = 7
[2025-03-12 20:01:15,685][flwr][INFO] -  Client 27, Loss Train 0.0073357179385273395, Accuracy Train 0.3595438175270108, data_points = 7
[2025-03-12 20:01:15,685][flwr][INFO] -  Client 28, Loss Train 0.007350305048357539, Accuracy Train 0.3637454981992797, data_points = 7
[2025-03-12 20:01:15,685][flwr][INFO] -  Client 29, Loss Train 0.007532934037720313, Accuracy Train 0.35114045618247297, data_points = 7
[2025-03-12 20:01:15,686][flwr][INFO] - ***FedDebug Output Round 5 ***
[2025-03-12 20:01:15,686][flwr][INFO] - True Malicious Clients (Ground Truth) = ['0']
[2025-03-12 20:01:15,686][flwr][INFO] - Total Random Inputs = 10
[2025-03-12 20:01:15,686][flwr][INFO] - Predicted Malicious Clients = {'0': 1.0}
[2025-03-12 20:01:15,687][flwr][INFO] - FedDebug Localization Accuracy = 100.0
[2025-03-12 20:01:23,968][flwr][INFO] - fit progress: (5, 0.0035108688235282897, {'accuracy': 0.3653, 'loss': 0.0035108688235282897, 'round': 5}, 239.64453783002682)
[2025-03-12 20:01:23,968][flwr][INFO] - configure_evaluate: no clients selected, skipping evaluation
[2025-03-12 20:01:23,969][flwr][INFO] - 
[2025-03-12 20:01:23,969][flwr][INFO] - [SUMMARY]
[2025-03-12 20:01:23,969][flwr][INFO] - Run finished 5 round(s) in 239.65s
[2025-03-12 20:01:23,971][flwr][INFO] - 	History (loss, centralized):
[2025-03-12 20:01:23,972][flwr][INFO] - 		round 0: 0.004609923124313355
[2025-03-12 20:01:23,972][flwr][INFO] - 		round 1: 0.004240303969383239
[2025-03-12 20:01:23,972][flwr][INFO] - 		round 2: 0.0038460190534591676
[2025-03-12 20:01:23,972][flwr][INFO] - 		round 3: 0.0037417445540428164
[2025-03-12 20:01:23,972][flwr][INFO] - 		round 4: 0.0036286471486091615
[2025-03-12 20:01:23,972][flwr][INFO] - 		round 5: 0.0035108688235282897
[2025-03-12 20:01:23,972][flwr][INFO] - 	History (metrics, distributed, fit):
[2025-03-12 20:01:23,973][flwr][INFO] - 	{'accuracy': [(1, 0.0), (2, 0.0), (3, 0.0), (4, 0.0), (5, 0.0)],
[2025-03-12 20:01:23,973][flwr][INFO] - 	 'loss': [(1, 0.0), (2, 0.0), (3, 0.0), (4, 0.0), (5, 0.0)],
[2025-03-12 20:01:23,973][flwr][INFO] - 	 'potential_malicious_clients': [(1, {'0': 10}),
[2025-03-12 20:01:23,973][flwr][INFO] - 	                                 (2, {'0': 10}),
[2025-03-12 20:01:23,974][flwr][INFO] - 	                                 (3, {'0': 10}),
[2025-03-12 20:01:23,974][flwr][INFO] - 	                                 (4, {'0': 10}),
[2025-03-12 20:01:23,974][flwr][INFO] - 	                                 (5, {'0': 10})]}
[2025-03-12 20:01:23,974][flwr][INFO] - 	History (metrics, centralized):
[2025-03-12 20:01:23,974][flwr][INFO] - 	{'accuracy': [(0, 0.1166),
[2025-03-12 20:01:23,974][flwr][INFO] - 	              (1, 0.2424),
[2025-03-12 20:01:23,974][flwr][INFO] - 	              (2, 0.3025),
[2025-03-12 20:01:23,974][flwr][INFO] - 	              (3, 0.3242),
[2025-03-12 20:01:23,975][flwr][INFO] - 	              (4, 0.3468),
[2025-03-12 20:01:23,975][flwr][INFO] - 	              (5, 0.3653)],
[2025-03-12 20:01:23,975][flwr][INFO] - 	 'loss': [(0, 0.004609923124313355),
[2025-03-12 20:01:23,975][flwr][INFO] - 	          (1, 0.004240303969383239),
[2025-03-12 20:01:23,975][flwr][INFO] - 	          (2, 0.0038460190534591676),
[2025-03-12 20:01:23,975][flwr][INFO] - 	          (3, 0.0037417445540428164),
[2025-03-12 20:01:23,975][flwr][INFO] - 	          (4, 0.0036286471486091615),
[2025-03-12 20:01:23,976][flwr][INFO] - 	          (5, 0.0035108688235282897)],
[2025-03-12 20:01:23,976][flwr][INFO] - 	 'round': [(0, 0), (1, 1), (2, 2), (3, 3), (4, 4), (5, 5)]}
[2025-03-12 20:01:23,976][flwr][INFO] - 
[2025-03-12 20:01:26,922][flwr][INFO] - Saved plot at /users/Parthaw/flower/baselines/feddebug/outputs/2025-03-12/19-57-11/iid-lenet-cifar10.png
[2025-03-12 20:01:26,923][flwr][INFO] - Training Complete for Experiment: lenet-cifar10-faulty_clients[['0']]-noise_rate1-TClients30--clientsPerR30)-iid-batch256-epochs3-lr0.001
[2025-03-12 20:01:26,923][flwr][INFO] - Total Time Taken: 255.52482080459595 seconds
