Linux 5.15.0-131-generic (node0.parthaw-244100.hyflowtm-pg0.clemson.cloudlab.us) 	03/01/2025 	_x86_64_	(128 CPU)

11:22:55 PM     CPU     %user     %nice   %system   %iowait    %steal     %idle
11:23:05 PM     all      0.07      0.00      0.08      0.01      0.00     99.84
11:23:15 PM     all      0.06      0.00      0.09      0.01      0.00     99.84
11:23:25 PM     all      0.09      0.00      0.07      0.01      0.00     99.82
11:23:35 PM     all      0.08      0.00      0.08      0.01      0.00     99.83
11:23:45 PM     all      0.07      0.00      0.08      0.00      0.00     99.84
11:23:55 PM     all      0.08      0.00      0.08      0.00      0.00     99.84
11:24:05 PM     all      0.07      0.00      0.09      0.01      0.00     99.83
11:24:15 PM     all      0.06      0.00      0.09      0.00      0.00     99.85
11:24:25 PM     all      0.32      0.00      0.10      0.02      0.00     99.56
11:24:35 PM     all      7.89      4.56      3.52      0.01      0.00     84.02
11:24:45 PM     all      2.19      0.77      1.16      0.08      0.00     95.80
11:24:55 PM     all      2.16      0.75      1.13      0.03      0.00     95.93
11:25:05 PM     all      8.59      4.82      5.89      0.02      0.00     80.68
11:25:15 PM     all      2.18      0.92      1.19      0.05      0.00     95.66
11:25:25 PM     all      2.12      0.91      1.12      0.03      0.00     95.82
11:25:35 PM     all      5.21      0.57      3.66      0.02      0.00     90.55
11:25:45 PM     all      5.43      5.24      3.66      0.06      0.00     85.61
11:25:55 PM     all      2.03      0.95      1.16      0.02      0.00     95.84
11:26:05 PM     all      2.04      1.04      3.43      0.02      0.00     93.46
11:26:15 PM     all      8.36      4.74      3.83      0.05      0.00     83.02
11:26:25 PM     all      2.05      1.09      1.21      0.03      0.00     95.61
11:26:35 PM     all      2.06      1.11      1.08      0.02      0.00     95.74
11:26:45 PM     all      1.64      0.68      4.49      0.02      0.00     93.17
11:26:55 PM     all      8.59      5.27      4.20      0.06      0.00     81.89
11:27:05 PM     all      1.84      1.00      1.17      0.05      0.00     95.94
11:27:15 PM     all      1.83      1.00      1.09      0.02      0.00     96.06
11:27:25 PM     all      1.80      0.96      3.41      0.01      0.00     93.81
11:27:35 PM     all      8.03      4.59      3.60      0.03      0.00     83.76
11:27:45 PM     all      1.51      0.32      0.74      0.03      0.00     97.41
11:27:55 PM     all      1.46      0.29      0.68      0.03      0.00     97.53
11:28:05 PM     all      1.47      0.30      0.64      0.03      0.00     97.56
11:28:15 PM     all      1.42      0.37      0.64      0.02      0.00     97.55
11:28:25 PM     all      1.45      0.29      0.83      0.01      0.00     97.42
11:28:35 PM     all      8.10      4.58      6.35      0.09      0.00     80.88
11:28:45 PM     all      1.43      0.29      0.70      0.02      0.00     97.56
11:28:55 PM     all      1.49      0.31      0.68      0.02      0.00     97.50
11:29:05 PM     all      1.48      0.31      0.67      0.03      0.00     97.52
11:29:15 PM     all      1.47      0.37      0.70      0.02      0.00     97.43
11:29:25 PM     all      1.32      0.23      3.70      0.01      0.00     94.74
11:29:35 PM     all      8.06      4.60      3.77      0.05      0.00     83.52
11:29:45 PM     all      1.22      0.23      0.64      0.02      0.00     97.89
11:29:55 PM     all      1.29      0.23      0.54      0.03      0.00     97.91
11:30:05 PM     all      1.28      0.22      0.53      0.02      0.00     97.94
11:30:15 PM     all      1.29      0.23      0.49      0.03      0.00     97.96
11:30:25 PM     all      1.30      0.24      0.51      0.02      0.00     97.93
11:30:35 PM     all      1.28      0.30      0.53      0.02      0.00     97.87
11:30:45 PM     all      1.28      0.23      0.52      0.01      0.00     97.96
11:30:55 PM     all      1.29      0.24      0.52      0.01      0.00     97.94
11:31:05 PM     all      7.92      4.36      6.64      0.05      0.00     81.02
11:31:15 PM     all      1.03      0.35      0.78      0.04      0.00     97.80
11:31:25 PM     all      1.34      0.25      0.56      0.02      0.00     97.83
11:31:35 PM     all      1.34      0.25      0.58      0.03      0.00     97.80
11:31:45 PM     all      1.35      0.25      0.55      0.02      0.00     97.83
11:31:55 PM     all      1.33      0.27      0.55      0.02      0.00     97.83
11:32:05 PM     all      1.34      0.31      0.58      0.02      0.00     97.75
11:32:15 PM     all      1.31      0.26      0.54      0.01      0.00     97.88
11:32:25 PM     all      7.76      0.41      5.85      0.04      0.00     85.94
11:32:35 PM     all      1.06      4.35      2.30      0.02      0.00     92.27
11:32:45 PM     all      0.84      0.16      1.35      0.02      0.00     97.63
11:32:55 PM     all      0.82      0.15      1.31      0.02      0.00     97.71
11:33:05 PM     all      0.81      0.18      1.35      0.01      0.00     97.65
11:33:15 PM     all      0.82      0.17      1.32      0.01      0.00     97.68
11:33:25 PM     all      0.81      0.16      1.28      0.01      0.00     97.74
11:33:35 PM     all      0.81      0.15      1.33      0.02      0.00     97.70
11:33:45 PM     all      0.84      0.15      1.31      0.01      0.00     97.68
11:33:55 PM     all      0.83      0.16      1.30      0.01      0.00     97.70
11:34:05 PM     all      0.82      0.16      1.31      0.01      0.00     97.69
11:34:15 PM     all      0.82      0.16      1.30      0.01      0.00     97.71
11:34:25 PM     all      0.77      0.16      1.32      0.01      0.00     97.73
11:34:35 PM     all      0.78      0.16      1.30      0.03      0.00     97.73
11:34:45 PM     all      0.79      0.19      1.30      0.02      0.00     97.70
11:34:55 PM     all      0.78      0.19      1.32      0.01      0.00     97.69
11:35:05 PM     all      0.80      0.19      1.31      0.01      0.00     97.69
11:35:15 PM     all      0.77      0.16      1.32      0.01      0.00     97.73
11:35:25 PM     all      0.79      0.16      1.29      0.01      0.00     97.74
11:35:35 PM     all      0.80      0.15      1.30      0.02      0.00     97.73
11:35:45 PM     all      0.78      0.17      1.29      0.01      0.00     97.75
11:35:55 PM     all      0.81      0.17      1.30      0.01      0.00     97.72
11:36:05 PM     all      0.63      0.13      3.81      0.02      0.00     95.42
11:36:15 PM     all      8.09      4.65      4.58      0.02      0.00     82.66
11:36:25 PM     all      0.84      0.16      1.36      0.01      0.00     97.63
11:36:35 PM     all      0.85      0.16      1.34      0.02      0.00     97.63
11:36:45 PM     all      0.84      0.16      1.29      0.01      0.00     97.69
11:36:55 PM     all      0.85      0.16      1.28      0.01      0.00     97.69
11:37:05 PM     all      0.84      0.17      1.31      0.01      0.00     97.66
11:37:15 PM     all      0.84      0.15      1.33      0.02      0.00     97.65
11:37:25 PM     all      0.84      0.17      1.24      0.01      0.00     97.74
11:37:35 PM     all      0.82      0.16      1.32      0.02      0.00     97.68
11:37:45 PM     all      0.84      0.17      1.28      0.02      0.00     97.69
11:37:55 PM     all      0.82      0.16      1.26      0.01      0.00     97.74
11:38:05 PM     all      0.83      0.16      1.25      0.02      0.00     97.74
11:38:15 PM     all      0.82      0.17      1.29      0.03      0.00     97.69
11:38:25 PM     all      0.85      0.19      1.28      0.03      0.00     97.65
11:38:35 PM     all      0.77      0.20      1.29      0.01      0.00     97.72
11:38:45 PM     all      0.85      0.18      1.32      0.01      0.00     97.64
11:38:55 PM     all      0.84      0.17      1.28      0.01      0.00     97.71
11:39:05 PM     all      0.85      0.17      1.25      0.01      0.00     97.73
11:39:15 PM     all      0.84      0.15      1.29      0.03      0.00     97.70
11:39:25 PM     all      0.68      0.12      3.80      0.03      0.00     95.38
11:39:35 PM     all      8.09      4.66      4.61      0.06      0.00     82.58
11:39:45 PM     all      0.87      0.15      1.39      0.01      0.00     97.58
11:39:55 PM     all      0.88      0.16      1.36      0.01      0.00     97.59
11:40:05 PM     all      0.86      0.15      1.34      0.02      0.00     97.63
11:40:15 PM     all      0.85      0.15      1.33      0.02      0.00     97.64
11:40:25 PM     all      0.86      0.16      1.32      0.01      0.00     97.65
11:40:35 PM     all      0.85      0.16      1.31      0.03      0.00     97.65
11:40:45 PM     all      0.85      0.17      1.28      0.02      0.00     97.67
11:40:55 PM     all      0.80      0.16      1.33      0.01      0.00     97.69
11:41:05 PM     all      0.86      0.17      1.30      0.02      0.00     97.65
11:41:15 PM     all      0.81      0.16      1.26      0.01      0.00     97.76
11:41:25 PM     all      0.84      0.16      1.27      0.02      0.00     97.71
11:41:35 PM     all      0.86      0.17      1.32      0.02      0.00     97.64
11:41:45 PM     all      0.83      0.17      1.30      0.02      0.00     97.68
11:41:55 PM     all      0.85      0.19      1.28      0.01      0.00     97.67
11:42:05 PM     all      0.84      0.21      1.31      0.01      0.00     97.63
11:42:15 PM     all      0.85      0.18      1.30      0.01      0.00     97.66
11:42:25 PM     all      0.83      0.17      1.29      0.01      0.00     97.70
11:42:35 PM     all      0.87      0.17      1.32      0.03      0.00     97.61
11:42:45 PM     all      0.84      0.18      1.27      0.01      0.00     97.71
11:42:55 PM     all      0.83      0.17      1.29      0.01      0.00     97.70
11:43:05 PM     all      0.84      0.17      1.31      0.01      0.00     97.67
11:43:15 PM     all      0.57      0.11      3.86      0.02      0.00     95.44
11:43:25 PM     all      8.21      4.60      4.53      0.02      0.00     82.64
11:43:35 PM     all      0.87      0.18      1.37      0.02      0.00     97.56
11:43:45 PM     all      0.85      0.17      1.34      0.02      0.00     97.62
11:43:55 PM     all      0.85      0.17      1.32      0.02      0.00     97.64
11:44:05 PM     all      0.88      0.17      1.30      0.02      0.00     97.64
11:44:15 PM     all      0.87      0.17      1.29      0.02      0.00     97.65
11:44:25 PM     all      0.84      0.18      1.30      0.05      0.00     97.64
11:44:35 PM     all      0.86      0.17      1.32      0.02      0.00     97.63
11:44:45 PM     all      0.85      0.16      1.25      0.01      0.00     97.71
11:44:55 PM     all      0.87      0.16      1.30      0.02      0.00     97.66
11:45:05 PM     all      0.84      0.18      1.29      0.02      0.00     97.67
11:45:15 PM     all      0.83      0.17      1.29      0.01      0.00     97.69
11:45:25 PM     all      0.88      0.18      1.29      0.03      0.00     97.62
11:45:35 PM     all      0.88      0.19      1.26      0.02      0.00     97.66
11:45:45 PM     all      0.87      0.20      1.33      0.01      0.00     97.58
11:45:55 PM     all      0.84      0.19      1.31      0.01      0.00     97.66
11:46:05 PM     all      0.87      0.17      1.30      0.01      0.00     97.66
11:46:15 PM     all      0.84      0.19      1.29      0.01      0.00     97.67
11:46:25 PM     all      0.86      0.17      1.28      0.02      0.00     97.67
11:46:35 PM     all      0.84      0.17      1.26      0.01      0.00     97.71
11:46:45 PM     all      7.89      4.49      7.30      0.05      0.00     80.28
11:46:55 PM     all      0.83      0.21      1.59      0.01      0.00     97.35
11:47:05 PM     all      0.92      0.15      1.37      0.02      0.00     97.54
11:47:15 PM     all      0.97      0.17      1.30      0.02      0.00     97.54
11:47:25 PM     all      1.00      0.17      1.33      0.01      0.00     97.49
11:47:35 PM     all      0.90      0.16      1.30      0.01      0.00     97.63
11:47:45 PM     all      0.95      0.16      1.29      0.03      0.00     97.58
11:47:55 PM     all      0.90      0.18      1.27      0.01      0.00     97.64
11:48:05 PM     all      0.92      0.16      1.27      0.01      0.00     97.63
11:48:15 PM     all      0.91      0.17      1.28      0.01      0.00     97.63
11:48:25 PM     all      0.92      0.16      1.28      0.01      0.00     97.63
11:48:35 PM     all      0.91      0.17      1.28      0.01      0.00     97.63
11:48:45 PM     all      0.90      0.16      1.28      0.03      0.00     97.64
11:48:55 PM     all      0.93      0.18      1.30      0.02      0.00     97.57
11:49:05 PM     all      0.86      0.19      1.31      0.01      0.00     97.62
11:49:15 PM     all      0.90      0.20      1.27      0.01      0.00     97.62
11:49:25 PM     all      0.92      0.20      1.28      0.01      0.00     97.59
11:49:35 PM     all      0.90      0.19      1.33      0.01      0.00     97.58
11:49:45 PM     all      0.89      0.17      1.32      0.01      0.00     97.61
11:49:55 PM     all      0.91      0.18      1.28      0.01      0.00     97.62
11:50:05 PM     all      0.89      0.16      1.28      0.01      0.00     97.66
11:50:15 PM     all      0.90      0.17      1.30      0.01      0.00     97.62
11:50:25 PM     all      0.87      0.17      1.30      0.01      0.00     97.65
11:50:35 PM     all      0.77      0.13      5.06      0.01      0.00     94.03
11:50:45 PM     all      7.91      4.60      4.56      0.02      0.00     82.92
11:50:55 PM     all      0.88      0.17      1.41      0.01      0.00     97.52
11:51:05 PM     all      0.98      0.16      1.37      0.02      0.00     97.47
11:51:15 PM     all      0.91      0.17      1.33      0.02      0.00     97.58
11:51:25 PM     all      0.90      0.16      1.34      0.01      0.00     97.58
11:51:35 PM     all      0.88      0.17      1.31      0.01      0.00     97.63
11:51:45 PM     all      1.01      0.16      1.27      0.02      0.00     97.54
11:51:55 PM     all      0.90      0.17      1.28      0.01      0.00     97.63
11:52:05 PM     all      0.88      0.17      1.27      0.02      0.00     97.66
11:52:15 PM     all      0.93      0.16      1.30      0.01      0.00     97.59
11:52:25 PM     all      0.90      0.18      1.27      0.01      0.00     97.65
11:52:35 PM     all      0.90      0.18      1.29      0.02      0.00     97.60
11:52:45 PM     all      0.93      0.17      1.30      0.01      0.00     97.58
11:52:55 PM     all      0.87      0.18      1.27      0.01      0.00     97.67
11:53:05 PM     all      0.88      0.21      1.29      0.03      0.00     97.60
11:53:15 PM     all      0.95      0.20      1.30      0.01      0.00     97.54
11:53:25 PM     all      0.90      0.22      1.29      0.01      0.00     97.59
11:53:35 PM     all      0.87      0.16      1.26      0.01      0.00     97.70
11:53:45 PM     all      0.92      0.17      1.31      0.02      0.00     97.58
11:53:55 PM     all      0.90      0.18      1.30      0.01      0.00     97.61
11:54:05 PM     all      0.90      0.17      1.28      0.01      0.00     97.64
11:54:15 PM     all      0.88      0.13      0.78      0.02      0.00     98.18
11:54:25 PM     all      7.97      4.63      7.91      0.01      0.00     79.49
11:54:35 PM     all      2.16      0.77      1.17      0.06      0.00     95.84
11:54:45 PM     all      2.13      0.77      1.14      0.06      0.00     95.90
11:54:55 PM     all      8.51      4.90      6.09      0.02      0.00     80.48
11:55:05 PM     all      2.01      0.88      1.21      0.17      0.00     95.72
11:55:15 PM     all      2.08      0.89      1.09      0.02      0.00     95.93
11:55:25 PM     all      4.95      0.48      4.02      0.01      0.00     90.55
11:55:35 PM     all      5.30      5.37      3.62      0.06      0.00     85.65
11:55:45 PM     all      2.05      0.99      1.13      0.03      0.00     95.79
11:55:55 PM     all      2.02      1.01      3.46      0.02      0.00     93.49
11:56:05 PM     all      8.35      4.96      4.06      0.04      0.00     82.59
11:56:15 PM     all      2.03      1.04      1.16      0.03      0.00     95.74
11:56:25 PM     all      2.02      1.05      1.09      0.02      0.00     95.83
11:56:35 PM     all      3.47      0.64      4.11      0.01      0.00     91.76
11:56:45 PM     all      6.84      5.33      4.06      0.06      0.00     83.71
11:56:55 PM     all      1.81      1.02      1.18      0.03      0.00     95.95
11:57:05 PM     all      1.85      1.03      1.12      0.01      0.00     95.98
11:57:15 PM     all      1.64      0.92      3.48      0.02      0.00     93.94
11:57:25 PM     all      8.16      4.64      3.80      0.04      0.00     83.36
11:57:35 PM     all      1.51      0.30      0.65      0.02      0.00     97.52
11:57:45 PM     all      1.49      0.30      0.64      0.03      0.00     97.54
11:57:55 PM     all      1.48      0.29      0.66      0.02      0.00     97.54
11:58:05 PM     all      1.44      0.39      0.64      0.02      0.00     97.52
11:58:15 PM     all      1.45      0.32      3.27      0.01      0.00     94.95
11:58:25 PM     all      7.82      4.59      3.87      0.07      0.00     83.64
11:58:35 PM     all      1.51      0.28      0.73      0.02      0.00     97.47
11:58:45 PM     all      1.52      0.31      0.73      0.03      0.00     97.42
11:58:55 PM     all      1.54      0.30      0.71      0.03      0.00     97.42
11:59:05 PM     all      1.54      0.39      0.72      0.02      0.00     97.33
11:59:15 PM     all      2.38      0.18      3.21      0.01      0.00     94.21
11:59:25 PM     all      7.05      4.57      3.65      0.04      0.00     84.68
11:59:35 PM     all      1.36      0.27      0.57      0.03      0.00     97.77
11:59:45 PM     all      1.35      0.27      0.56      0.03      0.00     97.79
11:59:55 PM     all      1.34      0.26      0.54      0.03      0.00     97.83
12:00:05 AM     all      1.32      0.26      0.56      0.02      0.00     97.84
12:00:15 AM     all      1.35      0.33      0.58      0.04      0.00     97.70
12:00:25 AM     all      1.35      0.26      0.56      0.02      0.00     97.81
12:00:35 AM     all      1.17      0.21      3.78      0.03      0.00     94.81
12:00:45 AM     all      8.01      4.62      3.91      0.05      0.00     83.41
12:00:55 AM     all      1.24      0.24      0.67      0.03      0.00     97.83
12:01:05 AM     all      1.32      0.25      0.52      0.02      0.00     97.89
12:01:15 AM     all      1.29      0.24      0.54      0.02      0.00     97.90
12:01:25 AM     all      1.31      0.25      0.54      0.02      0.00     97.89
12:01:35 AM     all      1.28      0.26      0.51      0.02      0.00     97.93
12:01:45 AM     all      1.29      0.31      0.53      0.02      0.00     97.85
12:01:55 AM     all      1.29      0.25      0.51      0.02      0.00     97.93
12:02:05 AM     all      1.41      0.11      3.60      0.03      0.00     94.85
12:02:15 AM     all      7.51      4.64      4.53      0.04      0.00     83.28
12:02:25 AM     all      0.85      0.15      1.37      0.01      0.00     97.62
12:02:35 AM     all      0.80      0.17      1.36      0.01      0.00     97.65
12:02:45 AM     all      0.84      0.16      1.31      0.01      0.00     97.68
12:02:55 AM     all      0.83      0.16      1.27      0.02      0.00     97.72
12:03:05 AM     all      0.84      0.16      1.27      0.01      0.00     97.72
12:03:15 AM     all      0.79      0.15      1.30      0.04      0.00     97.72
12:03:25 AM     all      0.78      0.17      1.31      0.01      0.00     97.73
12:03:35 AM     all      0.80      0.16      1.28      0.01      0.00     97.74
12:03:45 AM     all      0.76      0.15      1.31      0.01      0.00     97.76
12:03:55 AM     all      0.77      0.16      1.31      0.01      0.00     97.75
12:04:05 AM     all      0.78      0.17      1.30      0.01      0.00     97.74
12:04:15 AM     all      0.77      0.17      1.29      0.02      0.00     97.76
12:04:25 AM     all      0.77      0.18      1.31      0.01      0.00     97.73
12:04:35 AM     all      0.76      0.21      1.33      0.02      0.00     97.68
12:04:45 AM     all      0.79      0.18      1.31      0.01      0.00     97.71
12:04:55 AM     all      0.77      0.19      1.29      0.01      0.00     97.75
12:05:05 AM     all      0.74      0.16      1.30      0.01      0.00     97.78
12:05:15 AM     all      0.75      0.15      1.35      0.03      0.00     97.72
12:05:25 AM     all      0.78      0.16      1.27      0.01      0.00     97.78
12:05:35 AM     all      0.75      0.17      1.30      0.01      0.00     97.78
12:05:45 AM     all      0.63      0.11      4.32      0.01      0.00     94.93
12:05:55 AM     all      7.99      4.62      4.37      0.03      0.00     82.99
12:06:05 AM     all      0.80      0.16      1.35      0.01      0.00     97.67
12:06:15 AM     all      0.79      0.17      1.29      0.01      0.00     97.73
12:06:25 AM     all      0.83      0.17      1.31      0.03      0.00     97.66
12:06:35 AM     all      0.82      0.15      1.29      0.02      0.00     97.72
12:06:45 AM     all      0.77      0.16      1.31      0.01      0.00     97.74
12:06:55 AM     all      0.79      0.17      1.33      0.03      0.00     97.69
12:07:05 AM     all      0.78      0.17      1.30      0.02      0.00     97.74
12:07:15 AM     all      0.76      0.16      1.32      0.02      0.00     97.74
12:07:25 AM     all      0.78      0.16      1.32      0.02      0.00     97.72
12:07:35 AM     all      0.77      0.17      1.30      0.02      0.00     97.75
12:07:45 AM     all      0.79      0.17      1.31      0.02      0.00     97.71
12:07:55 AM     all      0.79      0.16      1.29      0.02      0.00     97.75
12:08:05 AM     all      0.76      0.20      1.33      0.01      0.00     97.70
12:08:15 AM     all      0.77      0.21      1.28      0.02      0.00     97.72
12:08:25 AM     all      0.74      0.19      1.31      0.01      0.00     97.75
12:08:35 AM     all      0.78      0.17      1.29      0.01      0.00     97.75
12:08:45 AM     all      0.76      0.16      1.27      0.01      0.00     97.80
12:08:55 AM     all      0.78      0.17      1.29      0.01      0.00     97.75
12:09:05 AM     all      0.73      0.14      4.24      0.02      0.00     94.87
12:09:15 AM     all      8.00      4.64      4.25      0.04      0.00     83.07
12:09:25 AM     all      0.82      0.16      1.41      0.01      0.00     97.59
12:09:35 AM     all      0.89      0.17      1.37      0.02      0.00     97.54
12:09:45 AM     all      0.86      0.17      1.30      0.02      0.00     97.66
12:09:55 AM     all      0.89      0.18      1.29      0.01      0.00     97.63
12:10:05 AM     all      0.94      0.17      1.29      0.01      0.00     97.59
12:10:15 AM     all      0.90      0.16      1.31      0.01      0.00     97.61
12:10:25 AM     all      0.89      0.15      1.31      0.02      0.00     97.62
12:10:35 AM     all      0.85      0.16      1.27      0.03      0.00     97.69
12:10:45 AM     all      0.86      0.17      1.27      0.04      0.00     97.67
12:10:55 AM     all      0.88      0.16      1.28      0.02      0.00     97.67
12:11:05 AM     all      0.84      0.16      1.27      0.02      0.00     97.71
12:11:15 AM     all      0.87      0.16      1.30      0.04      0.00     97.62
12:11:25 AM     all      0.87      0.18      1.31      0.02      0.00     97.62
12:11:35 AM     all      0.84      0.19      1.30      0.02      0.00     97.65
12:11:45 AM     all      0.84      0.19      1.30      0.01      0.00     97.66
12:11:55 AM     all      0.83      0.18      1.34      0.01      0.00     97.64
12:12:05 AM     all      0.83      0.18      1.28      0.01      0.00     97.69
12:12:15 AM     all      0.84      0.16      1.29      0.03      0.00     97.68
12:12:25 AM     all      0.82      0.17      1.28      0.01      0.00     97.71
12:12:35 AM     all      0.88      0.17      1.29      0.01      0.00     97.65
12:12:45 AM     all      0.88      0.17      1.29      0.01      0.00     97.65
12:12:55 AM     all      0.59      0.09      4.37      0.02      0.00     94.94
12:13:05 AM     all      8.10      4.68      4.68      0.05      0.00     82.49
12:13:15 AM     all      0.83      0.16      1.38      0.02      0.00     97.61
12:13:25 AM     all      0.86      0.17      1.34      0.02      0.00     97.61
12:13:35 AM     all      0.85      0.17      1.34      0.01      0.00     97.62
12:13:45 AM     all      0.90      0.17      1.30      0.02      0.00     97.62
12:13:55 AM     all      0.84      0.16      1.31      0.01      0.00     97.67
12:14:05 AM     all      0.88      0.18      1.28      0.03      0.00     97.63
12:14:15 AM     all      0.84      0.16      1.34      0.01      0.00     97.64
12:14:25 AM     all      0.93      0.17      1.29      0.01      0.00     97.60
12:14:35 AM     all      0.90      0.16      1.27      0.01      0.00     97.65
12:14:45 AM     all      0.86      0.16      1.28      0.01      0.00     97.69
12:14:55 AM     all      0.88      0.16      1.27      0.02      0.00     97.67
12:15:05 AM     all      0.88      0.17      1.29      0.02      0.00     97.64
12:15:15 AM     all      0.85      0.17      1.30      0.01      0.00     97.67
12:15:25 AM     all      0.85      0.20      1.31      0.01      0.00     97.62
12:15:35 AM     all      0.85      0.19      1.28      0.02      0.00     97.66
12:15:45 AM     all      0.85      0.18      1.29      0.01      0.00     97.67
12:15:55 AM     all      0.83      0.18      1.26      0.01      0.00     97.73
12:16:05 AM     all      0.87      0.16      1.27      0.03      0.00     97.67
12:16:15 AM     all      0.85      0.18      1.29      0.01      0.00     97.67
12:16:25 AM     all      0.68      0.12      3.83      0.02      0.00     95.35
12:16:35 AM     all      7.84      4.52      4.37      0.03      0.00     83.24
12:16:45 AM     all      0.87      0.17      1.45      0.01      0.00     97.50
12:16:55 AM     all      0.92      0.18      1.33      0.01      0.00     97.55
12:17:05 AM     all      0.95      0.17      1.34      0.02      0.00     97.54
12:17:15 AM     all      0.92      0.16      1.28      0.01      0.00     97.62
12:17:25 AM     all      0.93      0.16      1.30      0.01      0.00     97.60
12:17:35 AM     all      0.92      0.16      1.29      0.02      0.00     97.62
12:17:45 AM     all      0.91      0.17      1.27      0.01      0.00     97.63
12:17:55 AM     all      0.93      0.17      1.29      0.01      0.00     97.61
12:18:05 AM     all      0.97      0.16      1.29      0.01      0.00     97.57
12:18:15 AM     all      0.97      0.17      1.28      0.01      0.00     97.57
12:18:25 AM     all      0.91      0.18      1.26      0.01      0.00     97.64
12:18:35 AM     all      0.93      0.16      1.28      0.02      0.00     97.61
12:18:45 AM     all      0.94      0.17      1.30      0.02      0.00     97.57
12:18:55 AM     all      0.89      0.17      1.29      0.01      0.00     97.64
12:19:05 AM     all      0.87      0.19      1.27      0.02      0.00     97.65
12:19:15 AM     all      0.95      0.22      1.27      0.01      0.00     97.55
12:19:25 AM     all      0.94      0.19      1.25      0.01      0.00     97.61
12:19:35 AM     all      0.94      0.18      1.29      0.01      0.00     97.58
12:19:45 AM     all      0.93      0.16      1.30      0.01      0.00     97.60
12:19:55 AM     all      0.94      0.15      1.27      0.01      0.00     97.63
12:20:05 AM     all      0.96      0.15      1.27      0.01      0.00     97.61
12:20:15 AM     all      0.98      0.16      1.28      0.01      0.00     97.58
12:20:25 AM     all      0.97      0.17      1.26      0.01      0.00     97.60
12:20:35 AM     all      7.97      1.78      7.03      0.03      0.00     83.19
12:20:45 AM     all      0.91      3.02      2.23      0.02      0.00     93.82
12:20:55 AM     all      0.89      0.18      1.34      0.01      0.00     97.58
12:21:05 AM     all      0.91      0.18      1.35      0.01      0.00     97.55
12:21:15 AM     all      0.95      0.18      1.35      0.03      0.00     97.49
12:21:25 AM     all      0.98      0.17      1.27      0.01      0.00     97.57
12:21:35 AM     all      0.91      0.16      1.32      0.01      0.00     97.60
12:21:45 AM     all      0.93      0.17      1.31      0.01      0.00     97.58
12:21:55 AM     all      0.95      0.17      1.31      0.01      0.00     97.56
12:22:05 AM     all      0.93      0.17      1.27      0.03      0.00     97.59
12:22:15 AM     all      0.90      0.17      1.27      0.01      0.00     97.65
12:22:25 AM     all      0.92      0.17      1.25      0.01      0.00     97.64
12:22:35 AM     all      0.89      0.17      1.30      0.02      0.00     97.62
12:22:45 AM     all      0.92      0.16      1.27      0.02      0.00     97.62
12:22:55 AM     all      0.88      0.18      1.28      0.02      0.00     97.64
12:23:05 AM     all      0.90      0.21      1.27      0.02      0.00     97.60
12:23:15 AM     all      0.94      0.20      1.27      0.01      0.00     97.58
12:23:25 AM     all      0.90      0.17      1.28      0.01      0.00     97.63
12:23:35 AM     all      0.89      0.17      1.25      0.01      0.00     97.68
12:23:45 AM     all      0.89      0.17      1.27      0.04      0.00     97.63
12:23:55 AM     all      0.89      0.16      1.27      0.01      0.00     97.67
12:24:05 AM     all      0.89      0.15      1.02      0.02      0.00     97.92
12:24:15 AM     all      4.74      0.05      4.29      0.02      0.00     90.89
12:24:25 AM     all      5.12      5.22      3.41      0.07      0.00     86.18
12:24:35 AM     all      2.16      0.76      1.12      0.03      0.00     95.93
12:24:45 AM     all      5.00      0.49      3.95      0.02      0.00     90.54
12:24:55 AM     all      5.67      5.30      3.55      0.05      0.00     85.43
12:25:05 AM     all      2.14      0.89      1.14      0.03      0.00     95.80
12:25:15 AM     all      1.66      0.75      3.21      0.02      0.00     94.36
12:25:25 AM     all      8.74      5.20      4.11      0.05      0.00     81.90
12:25:35 AM     all      2.03      0.98      1.13      0.03      0.00     95.82
12:25:45 AM     all      2.07      1.04      1.09      0.02      0.00     95.78
12:25:55 AM     all      8.50      4.91      6.40      0.05      0.00     80.14
12:26:05 AM     all      2.03      1.06      1.19      0.03      0.00     95.70
12:26:15 AM     all      2.06      1.09      1.08      0.03      0.00     95.74
12:26:25 AM     all      1.70      0.90      3.55      0.02      0.00     93.83
12:26:35 AM     all      8.51      5.00      4.22      0.05      0.00     82.22
12:26:45 AM     all      1.81      1.01      1.20      0.03      0.00     95.95
12:26:55 AM     all      1.81      1.03      1.08      0.02      0.00     96.06
12:27:05 AM     all      1.83      1.09      1.15      0.01      0.00     95.92
12:27:15 AM     all      8.16      4.63      6.47      0.03      0.00     80.71
12:27:25 AM     all      1.41      0.30      0.67      0.03      0.00     97.59
12:27:35 AM     all      1.45      0.28      0.61      0.02      0.00     97.64
12:27:45 AM     all      1.44      0.29      0.65      0.02      0.00     97.60
12:27:55 AM     all      1.43      0.35      0.65      0.01      0.00     97.55
12:28:05 AM     all      1.45      0.30      0.59      0.04      0.00     97.63
12:28:15 AM     all      5.32      0.16      3.83      0.02      0.00     90.68
12:28:25 AM     all      4.16      4.82      3.08      0.05      0.00     87.89
12:28:35 AM     all      1.53      0.31      0.74      0.03      0.00     97.39
12:28:45 AM     all      1.50      0.30      0.71      0.03      0.00     97.47
12:28:55 AM     all      1.51      0.36      0.68      0.03      0.00     97.42
12:29:05 AM     all      1.51      0.30      0.67      0.02      0.00     97.51
12:29:15 AM     all      8.14      4.58      6.28      0.03      0.00     80.97
12:29:25 AM     all      1.11      0.28      0.71      0.02      0.00     97.88
12:29:35 AM     all      1.33      0.26      0.60      0.02      0.00     97.78
12:29:45 AM     all      1.35      0.26      0.56      0.02      0.00     97.82
12:29:55 AM     all      1.33      0.25      0.54      0.02      0.00     97.86
12:30:05 AM     all      1.36      0.28      0.58      0.03      0.00     97.75
12:30:15 AM     all      1.31      0.33      0.56      0.04      0.00     97.76
12:30:25 AM     all      1.35      0.25      0.54      0.02      0.00     97.85
12:30:35 AM     all      0.87      0.16      3.51      0.01      0.00     95.44
12:30:45 AM     all      8.18      4.66      3.80      0.04      0.00     83.31
12:30:55 AM     all      1.32      0.27      0.59      0.03      0.00     97.80
12:31:05 AM     all      1.36      0.28      0.57      0.02      0.00     97.77
12:31:15 AM     all      1.33      0.28      0.55      0.03      0.00     97.81
12:31:25 AM     all      1.34      0.25      0.55      0.02      0.00     97.84
12:31:35 AM     all      1.33      0.34      0.55      0.02      0.00     97.76
12:31:45 AM     all      1.29      0.26      0.53      0.03      0.00     97.89
12:31:55 AM     all      0.89      0.15      3.67      0.05      0.00     95.24
12:32:05 AM     all      8.05      4.70      4.48      0.02      0.00     82.76
12:32:15 AM     all      0.81      0.17      1.36      0.02      0.00     97.65
12:32:25 AM     all      0.79      0.16      1.33      0.01      0.00     97.71
12:32:35 AM     all      0.80      0.17      1.32      0.01      0.00     97.71
12:32:45 AM     all      0.81      0.15      1.29      0.01      0.00     97.74
12:32:55 AM     all      0.80      0.15      1.30      0.01      0.00     97.73
12:33:05 AM     all      0.82      0.16      1.31      0.03      0.00     97.68
12:33:15 AM     all      0.80      0.16      1.27      0.02      0.00     97.76
12:33:25 AM     all      0.82      0.16      1.32      0.02      0.00     97.68
12:33:35 AM     all      0.77      0.16      1.32      0.01      0.00     97.74
12:33:45 AM     all      0.75      0.17      1.30      0.02      0.00     97.76
12:33:55 AM     all      0.75      0.16      1.30      0.02      0.00     97.77
12:34:05 AM     all      0.78      0.16      1.32      0.02      0.00     97.72
12:34:15 AM     all      0.74      0.17      1.30      0.01      0.00     97.78
12:34:25 AM     all      0.77      0.21      1.31      0.01      0.00     97.70
12:34:35 AM     all      0.77      0.17      1.31      0.01      0.00     97.74
12:34:45 AM     all      0.77      0.17      1.32      0.01      0.00     97.73
12:34:55 AM     all      0.76      0.16      1.31      0.01      0.00     97.76
12:35:05 AM     all      0.76      0.16      1.28      0.02      0.00     97.78
12:35:15 AM     all      0.76      0.16      1.29      0.01      0.00     97.78
12:35:25 AM     all      0.79      0.17      1.29      0.01      0.00     97.74
12:35:35 AM     all      0.76      0.14      4.74      0.01      0.00     94.35
12:35:45 AM     all      7.90      4.55      4.27      0.04      0.00     83.24
12:35:55 AM     all      0.80      0.17      1.36      0.01      0.00     97.66
12:36:05 AM     all      0.80      0.15      1.32      0.02      0.00     97.70
12:36:15 AM     all      0.79      0.16      1.35      0.01      0.00     97.69
12:36:25 AM     all      0.80      0.17      1.30      0.01      0.00     97.71
12:36:35 AM     all      0.82      0.16      1.29      0.02      0.00     97.72
12:36:45 AM     all      0.80      0.16      1.29      0.03      0.00     97.73
12:36:55 AM     all      0.80      0.17      1.29      0.02      0.00     97.73
12:37:05 AM     all      0.79      0.16      1.30      0.01      0.00     97.74
12:37:15 AM     all      0.78      0.16      1.28      0.01      0.00     97.77
12:37:25 AM     all      0.77      0.16      1.31      0.01      0.00     97.76
12:37:35 AM     all      0.76      0.17      1.30      0.01      0.00     97.76
12:37:45 AM     all      0.79      0.15      1.31      0.02      0.00     97.73
12:37:55 AM     all      0.77      0.19      1.31      0.01      0.00     97.72
12:38:05 AM     all      0.76      0.21      1.32      0.02      0.00     97.69
12:38:15 AM     all      0.76      0.18      1.31      0.01      0.00     97.74
12:38:25 AM     all      0.80      0.16      1.25      0.01      0.00     97.79
12:38:35 AM     all      0.77      0.18      1.30      0.01      0.00     97.74
12:38:45 AM     all      0.79      0.16      1.27      0.03      0.00     97.75
12:38:55 AM     all      0.82      0.19      3.06      0.01      0.00     95.92
12:39:05 AM     all      7.92      4.44      4.96      0.05      0.00     82.63
12:39:15 AM     all      0.84      0.17      1.47      0.03      0.00     97.48
12:39:25 AM     all      0.85      0.17      1.38      0.02      0.00     97.58
12:39:35 AM     all      0.84      0.17      1.35      0.02      0.00     97.63
12:39:45 AM     all      0.84      0.16      1.30      0.01      0.00     97.68
12:39:55 AM     all      0.83      0.18      1.32      0.01      0.00     97.66
12:40:05 AM     all      0.87      0.16      1.32      0.03      0.00     97.63
12:40:15 AM     all      0.83      0.17      1.29      0.02      0.00     97.69
12:40:25 AM     all      0.84      0.18      1.29      0.02      0.00     97.67
12:40:35 AM     all      0.87      0.18      1.28      0.01      0.00     97.65
12:40:45 AM     all      0.86      0.16      1.30      0.01      0.00     97.67
12:40:55 AM     all      0.85      0.18      1.28      0.01      0.00     97.68
12:41:05 AM     all      0.88      0.17      1.30      0.02      0.00     97.64
12:41:15 AM     all      0.94      0.18      1.27      0.01      0.00     97.60
12:41:25 AM     all      0.88      0.19      1.32      0.02      0.00     97.60
12:41:35 AM     all      0.90      0.20      1.31      0.01      0.00     97.57
12:41:45 AM     all      0.83      0.19      1.30      0.01      0.00     97.67
12:41:55 AM     all      0.82      0.16      1.31      0.01      0.00     97.70
12:42:05 AM     all      0.85      0.18      1.28      0.01      0.00     97.69
12:42:15 AM     all      0.83      0.15      1.32      0.02      0.00     97.68
12:42:25 AM     all      0.87      0.15      1.28      0.01      0.00     97.68
12:42:35 AM     all      0.85      0.16      1.33      0.01      0.00     97.66
12:42:45 AM     all      0.66      0.10      4.85      0.01      0.00     94.37
12:42:55 AM     all      8.16      4.64      4.45      0.04      0.00     82.71
12:43:05 AM     all      0.87      0.16      1.36      0.02      0.00     97.59
12:43:15 AM     all      0.86      0.15      1.36      0.01      0.00     97.61
12:43:25 AM     all      0.85      0.16      1.31      0.02      0.00     97.66
12:43:35 AM     all      0.87      0.17      1.33      0.01      0.00     97.62
12:43:45 AM     all      0.86      0.17      1.29      0.01      0.00     97.67
12:43:55 AM     all      0.88      0.16      1.26      0.03      0.00     97.67
12:44:05 AM     all      0.86      0.15      1.31      0.01      0.00     97.66
12:44:15 AM     all      0.85      0.17      1.29      0.01      0.00     97.68
12:44:25 AM     all      0.87      0.18      1.26      0.01      0.00     97.68
12:44:35 AM     all      0.84      0.17      1.29      0.01      0.00     97.69
12:44:45 AM     all      0.86      0.16      1.30      0.01      0.00     97.66
12:44:55 AM     all      0.87      0.17      1.30      0.01      0.00     97.64
12:45:05 AM     all      0.86      0.17      1.28      0.01      0.00     97.68
12:45:15 AM     all      0.83      0.21      1.26      0.02      0.00     97.68
12:45:25 AM     all      0.84      0.22      1.29      0.03      0.00     97.62
12:45:35 AM     all      0.87      0.17      1.26      0.01      0.00     97.69
12:45:45 AM     all      0.85      0.17      1.29      0.01      0.00     97.69
12:45:55 AM     all      0.84      0.17      1.28      0.03      0.00     97.68
12:46:05 AM     all      0.86      0.17      1.27      0.01      0.00     97.69
12:46:15 AM     all      0.57      0.08      4.17      0.02      0.00     95.16
12:46:25 AM     all      8.13      4.64      4.69      0.05      0.00     82.49
12:46:35 AM     all      0.89      0.16      1.36      0.01      0.00     97.58
12:46:45 AM     all      0.91      0.16      1.34      0.01      0.00     97.58
12:46:55 AM     all      0.88      0.17      1.30      0.02      0.00     97.63
12:47:05 AM     all      0.92      0.16      1.29      0.01      0.00     97.62
12:47:15 AM     all      0.91      0.15      1.29      0.01      0.00     97.64
12:47:25 AM     all      0.89      0.17      1.31      0.01      0.00     97.61
12:47:35 AM     all      0.90      0.16      1.24      0.01      0.00     97.70
12:47:45 AM     all      0.89      0.16      1.33      0.02      0.00     97.60
12:47:55 AM     all      0.90      0.18      1.31      0.01      0.00     97.61
12:48:05 AM     all      0.89      0.17      1.29      0.01      0.00     97.64
12:48:15 AM     all      0.92      0.17      1.31      0.01      0.00     97.60
12:48:25 AM     all      0.99      0.16      1.27      0.01      0.00     97.57
12:48:35 AM     all      0.87      0.19      1.30      0.01      0.00     97.63
12:48:45 AM     all      0.88      0.18      1.30      0.03      0.00     97.60
12:48:55 AM     all      0.88      0.19      1.27      0.02      0.00     97.64
12:49:05 AM     all      0.90      0.21      1.28      0.01      0.00     97.60
12:49:15 AM     all      0.92      0.18      1.33      0.01      0.00     97.57
12:49:25 AM     all      0.89      0.17      1.29      0.03      0.00     97.62
12:49:35 AM     all      0.92      0.16      1.25      0.01      0.00     97.65
12:49:45 AM     all      0.90      0.19      1.30      0.01      0.00     97.61
12:49:55 AM     all      0.90      0.16      1.28      0.01      0.00     97.66
12:50:05 AM     all      0.91      0.15      1.27      0.01      0.00     97.67
12:50:15 AM     all      4.46      0.09      5.95      0.04      0.00     89.46
12:50:25 AM     all      4.28      4.68      4.02      0.09      0.00     86.93
12:50:35 AM     all      0.90      0.17      1.35      0.01      0.00     97.57
12:50:45 AM     all      0.91      0.18      1.35      0.01      0.00     97.54
12:50:55 AM     all      0.89      0.15      1.31      0.02      0.00     97.63
12:51:05 AM     all      0.90      0.17      1.31      0.02      0.00     97.61
12:51:15 AM     all      0.90      0.17      1.35      0.01      0.00     97.57
12:51:25 AM     all      0.89      0.17      1.29      0.03      0.00     97.62
12:51:35 AM     all      0.89      0.18      1.31      0.02      0.00     97.61
12:51:45 AM     all      0.94      0.18      1.29      0.01      0.00     97.58
12:51:55 AM     all      0.97      0.17      1.26      0.01      0.00     97.58
12:52:05 AM     all      1.00      0.17      1.26      0.02      0.00     97.54
12:52:15 AM     all      0.94      0.18      1.28      0.01      0.00     97.59
12:52:25 AM     all      0.91      0.17      1.28      0.02      0.00     97.62
12:52:35 AM     all      0.91      0.17      1.29      0.01      0.00     97.61
12:52:45 AM     all      0.94      0.21      1.27      0.01      0.00     97.57
12:52:55 AM     all      0.90      0.19      1.29      0.01      0.00     97.61
12:53:05 AM     all      0.88      0.19      1.27      0.02      0.00     97.64
12:53:15 AM     all      0.93      0.16      1.31      0.01      0.00     97.59
12:53:25 AM     all      0.91      0.17      1.28      0.03      0.00     97.61
12:53:35 AM     all      0.90      0.17      1.25      0.01      0.00     97.67
12:53:45 AM     all      0.93      0.17      1.31      0.01      0.00     97.58
12:53:55 AM     all      0.22      0.11      0.34      0.01      0.00     99.32
12:54:05 AM     all      0.14      0.09      0.29      0.00      0.00     99.47
12:54:15 AM     all      0.18      0.10      0.33      0.01      0.00     99.38
12:54:25 AM     all      0.17      0.10      0.30      0.01      0.00     99.42
12:54:35 AM     all      0.16      0.11      0.30      0.00      0.00     99.42
12:54:45 AM     all      0.18      0.10      0.30      0.01      0.00     99.42
12:54:55 AM     all      0.17      0.12      0.30      0.00      0.00     99.41
12:55:05 AM     all      0.17      0.10      0.32      0.01      0.00     99.40
12:55:15 AM     all      0.17      0.10      0.30      0.00      0.00     99.42
12:55:25 AM     all      0.16      0.10      0.30      0.02      0.00     99.42
12:55:35 AM     all      0.18      0.11      0.31      0.00      0.00     99.40
12:55:45 AM     all      0.17      0.11      0.32      0.01      0.00     99.40
12:55:55 AM     all      0.17      0.11      0.32      0.00      0.00     99.40
12:56:05 AM     all      0.16      0.11      0.34      0.01      0.00     99.39
12:56:15 AM     all      0.19      0.09      0.29      0.00      0.00     99.42
12:56:25 AM     all      0.17      0.11      0.33      0.02      0.00     99.37
12:56:35 AM     all      0.16      0.12      0.31      0.00      0.00     99.40
12:56:45 AM     all      0.18      0.11      0.32      0.00      0.00     99.39
12:56:55 AM     all      0.17      0.10      0.30      0.00      0.00     99.43
12:57:05 AM     all      0.15      0.10      0.30      0.01      0.00     99.44
12:57:15 AM     all      0.17      0.10      0.31      0.00      0.00     99.41
12:57:25 AM     all      0.18      0.10      0.30      0.03      0.00     99.39
12:57:35 AM     all      0.16      0.10      0.30      0.00      0.00     99.44
12:57:45 AM     all      0.18      0.10      0.30      0.01      0.00     99.41
12:57:55 AM     all      0.18      0.08      0.30      0.00      0.00     99.44
12:58:05 AM     all      0.16      0.10      0.30      0.00      0.00     99.44
12:58:15 AM     all      0.16      0.11      0.31      0.01      0.00     99.42
12:58:25 AM     all      0.19      0.10      0.32      0.02      0.00     99.37
12:58:35 AM     all      0.16      0.10      0.32      0.00      0.00     99.41
12:58:45 AM     all      0.16      0.09      0.31      0.01      0.00     99.44
12:58:55 AM     all      0.19      0.11      0.29      0.00      0.00     99.41
12:59:05 AM     all      0.17      0.10      0.32      0.01      0.00     99.40
12:59:15 AM     all      0.15      0.10      0.30      0.00      0.00     99.44
12:59:25 AM     all      0.20      0.10      0.32      0.03      0.00     99.36
12:59:35 AM     all      0.17      0.10      0.28      0.01      0.00     99.44
12:59:45 AM     all      0.16      0.10      0.26      0.01      0.00     99.48
12:59:55 AM     all      0.18      0.10      0.30      0.01      0.00     99.41
01:00:05 AM     all      0.16      0.10      0.29      0.00      0.00     99.45
01:00:15 AM     all      0.17      0.10      0.26      0.01      0.00     99.47
01:00:25 AM     all      0.20      0.10      0.28      0.03      0.00     99.40
01:00:35 AM     all      0.17      0.08      0.25      0.00      0.00     99.50
01:00:45 AM     all      0.16      0.09      0.31      0.01      0.00     99.44
01:00:55 AM     all      0.17      0.08      0.28      0.01      0.00     99.46
01:01:05 AM     all      0.18      0.09      0.32      0.00      0.00     99.39
01:01:15 AM     all      0.17      0.10      0.30      0.01      0.00     99.42
01:01:25 AM     all      0.20      0.10      0.32      0.02      0.00     99.35
01:01:35 AM     all      0.64      0.09      4.15      0.02      0.00     95.10
01:01:45 AM     all      8.49      4.81      3.96      0.08      0.00     82.66
01:01:55 AM     all      2.22      0.74      1.12      0.03      0.00     95.89
01:02:05 AM     all      2.19      0.80      1.57      0.01      0.00     95.42
01:02:15 AM     all      8.43      4.81      6.80      0.05      0.00     79.91
01:02:25 AM     all      2.08      0.90      1.17      0.04      0.00     95.81
01:02:35 AM     all      2.10      0.91      1.08      0.02      0.00     95.90
01:02:45 AM     all      8.53      4.76      6.25      0.05      0.00     80.41
01:02:55 AM     all      2.01      0.98      1.20      0.04      0.00     95.78
01:03:05 AM     all      1.99      0.99      1.15      0.02      0.00     95.85
01:03:15 AM     all      1.45      0.67      3.04      0.01      0.00     94.82
01:03:25 AM     all      8.97      5.38      4.42      0.06      0.00     81.17
01:03:35 AM     all      1.99      1.04      1.12      0.03      0.00     95.82
01:03:45 AM     all      2.07      1.11      1.12      0.02      0.00     95.68
01:03:55 AM     all      8.40      4.65      6.97      0.04      0.00     79.93
01:04:05 AM     all      1.76      1.03      1.33      0.03      0.00     95.85
01:04:15 AM     all      1.81      1.00      1.13      0.02      0.00     96.04
01:04:25 AM     all      1.83      1.02      1.10      0.01      0.00     96.04
01:04:35 AM     all      1.43      0.62      3.44      0.01      0.00     94.48
01:04:45 AM     all      8.32      4.76      3.92      0.03      0.00     82.96
01:04:55 AM     all      1.45      0.29      0.65      0.02      0.00     97.58
01:05:05 AM     all      1.43      0.27      0.62      0.03      0.00     97.65
01:05:15 AM     all      1.44      0.30      0.63      0.04      0.00     97.60
01:05:25 AM     all      1.41      0.34      0.60      0.01      0.00     97.64
01:05:35 AM     all      1.44      0.28      3.98      0.01      0.00     94.29
01:05:45 AM     all      8.03      4.59      3.94      0.06      0.00     83.39
01:05:55 AM     all      1.48      0.31      0.66      0.02      0.00     97.53
01:06:05 AM     all      1.44      0.32      0.67      0.04      0.00     97.54
01:06:15 AM     all      1.51      0.29      0.67      0.03      0.00     97.49
01:06:25 AM     all      1.45      0.38      0.67      0.02      0.00     97.49
01:06:35 AM     all      1.39      0.26      3.60      0.02      0.00     94.73
01:06:45 AM     all      7.97      4.51      3.78      0.02      0.00     83.72
01:06:55 AM     all      1.20      0.24      0.63      0.03      0.00     97.90
01:07:05 AM     all      1.29      0.25      0.52      0.03      0.00     97.91
01:07:15 AM     all      1.34      0.26      0.55      0.02      0.00     97.83
01:07:25 AM     all      1.28      0.25      0.53      0.02      0.00     97.92
01:07:35 AM     all      1.31      0.26      0.54      0.02      0.00     97.87
01:07:45 AM     all      1.30      0.30      0.54      0.02      0.00     97.84
01:07:55 AM     all      1.28      0.25      0.50      0.01      0.00     97.96
01:08:05 AM     all      1.29      0.23      3.33      0.01      0.00     95.15
01:08:15 AM     all      7.92      4.55      4.10      0.02      0.00     83.41
01:08:25 AM     all      1.14      0.21      0.63      0.01      0.00     98.00
01:08:35 AM     all      1.36      0.25      0.56      0.02      0.00     97.82
01:08:45 AM     all      1.33      0.23      0.53      0.02      0.00     97.89
01:08:55 AM     all      1.31      0.22      0.52      0.01      0.00     97.94
01:09:05 AM     all      1.34      0.23      0.53      0.03      0.00     97.87
01:09:15 AM     all      1.32      0.31      0.53      0.03      0.00     97.81
01:09:25 AM     all      1.32      0.23      0.51      0.02      0.00     97.92
01:09:35 AM     all      1.12      0.20      3.21      0.01      0.00     95.47
01:09:45 AM     all      8.11      4.51      4.28      0.04      0.00     83.05
01:09:55 AM     all      0.81      0.15      1.34      0.02      0.00     97.69
01:10:05 AM     all      0.83      0.15      1.37      0.01      0.00     97.63
01:10:15 AM     all      0.82      0.16      1.33      0.02      0.00     97.67
01:10:25 AM     all      0.83      0.17      1.27      0.02      0.00     97.71
01:10:35 AM     all      0.82      0.17      1.31      0.02      0.00     97.68
01:10:45 AM     all      0.81      0.16      1.31      0.02      0.00     97.71
01:10:55 AM     all      0.77      0.16      1.31      0.02      0.00     97.73
01:11:05 AM     all      0.78      0.17      1.31      0.02      0.00     97.73
01:11:15 AM     all      0.78      0.16      1.30      0.01      0.00     97.75
01:11:25 AM     all      0.78      0.17      1.27      0.01      0.00     97.77
01:11:35 AM     all      0.78      0.16      1.29      0.01      0.00     97.75
01:11:45 AM     all      0.79      0.17      1.36      0.01      0.00     97.67
01:11:55 AM     all      0.77      0.15      1.31      0.01      0.00     97.75
01:12:05 AM     all      0.76      0.19      1.29      0.01      0.00     97.74
01:12:15 AM     all      0.77      0.21      1.31      0.02      0.00     97.70
01:12:25 AM     all      0.76      0.17      1.28      0.02      0.00     97.77
01:12:35 AM     all      0.75      0.17      1.32      0.01      0.00     97.74
01:12:45 AM     all      0.81      0.16      1.35      0.01      0.00     97.67
01:12:55 AM     all      0.77      0.16      1.28      0.01      0.00     97.78
01:13:05 AM     all      0.72      0.16      1.30      0.01      0.00     97.80
01:13:15 AM     all      0.77      0.16      1.27      0.01      0.00     97.80
01:13:25 AM     all      7.90      4.50      7.04      0.01      0.00     80.55
01:13:35 AM     all      0.78      0.21      1.52      0.04      0.00     97.45
01:13:45 AM     all      0.79      0.17      1.36      0.02      0.00     97.66
01:13:55 AM     all      0.78      0.15      1.31      0.01      0.00     97.75
01:14:05 AM     all      0.80      0.17      1.32      0.01      0.00     97.71
01:14:15 AM     all      0.81      0.17      1.34      0.03      0.00     97.66
01:14:25 AM     all      0.82      0.16      1.31      0.02      0.00     97.70
01:14:35 AM     all      0.81      0.15      1.28      0.03      0.00     97.72
01:14:45 AM     all      0.81      0.17      1.30      0.01      0.00     97.71
01:14:55 AM     all      0.81      0.16      1.29      0.02      0.00     97.73
01:15:05 AM     all      0.80      0.16      1.29      0.01      0.00     97.73
01:15:15 AM     all      0.79      0.15      1.29      0.01      0.00     97.75
01:15:25 AM     all      0.82      0.17      1.29      0.02      0.00     97.71
01:15:35 AM     all      0.78      0.15      1.32      0.01      0.00     97.74
01:15:45 AM     all      0.80      0.19      1.31      0.02      0.00     97.69
01:15:55 AM     all      0.82      0.20      1.28      0.01      0.00     97.69
01:16:05 AM     all      0.83      0.17      1.26      0.01      0.00     97.73
01:16:15 AM     all      0.82      0.16      1.27      0.01      0.00     97.74
01:16:25 AM     all      0.79      0.16      1.28      0.01      0.00     97.76
01:16:35 AM     all      0.80      0.17      1.28      0.03      0.00     97.72
01:16:45 AM     all      0.57      0.10      3.61      0.02      0.00     95.70
01:16:55 AM     all      7.95      4.67      4.49      0.04      0.00     82.86
01:17:05 AM     all      0.87      0.15      1.38      0.02      0.00     97.58
01:17:15 AM     all      0.86      0.16      1.33      0.02      0.00     97.62
01:17:25 AM     all      0.89      0.16      1.32      0.01      0.00     97.62
01:17:35 AM     all      0.94      0.17      1.26      0.01      0.00     97.61
01:17:45 AM     all      0.94      0.16      1.33      0.01      0.00     97.56
01:17:55 AM     all      0.94      0.15      1.32      0.02      0.00     97.57
01:18:05 AM     all      0.91      0.17      1.26      0.01      0.00     97.66
01:18:15 AM     all      0.88      0.17      1.32      0.01      0.00     97.64
01:18:25 AM     all      0.89      0.18      1.32      0.01      0.00     97.59
01:18:35 AM     all      0.85      0.17      1.34      0.01      0.00     97.63
01:18:45 AM     all      0.89      0.17      1.26      0.01      0.00     97.66
01:18:55 AM     all      0.87      0.16      1.30      0.03      0.00     97.63
01:19:05 AM     all      0.87      0.17      1.31      0.01      0.00     97.64
01:19:15 AM     all      0.86      0.18      1.32      0.01      0.00     97.64
01:19:25 AM     all      0.85      0.20      1.30      0.01      0.00     97.64
01:19:35 AM     all      0.87      0.20      1.30      0.02      0.00     97.61
01:19:45 AM     all      0.87      0.16      1.30      0.01      0.00     97.67
01:19:55 AM     all      0.86      0.17      1.31      0.03      0.00     97.64
01:20:05 AM     all      0.88      0.17      1.29      0.01      0.00     97.65
01:20:15 AM     all      0.84      0.17      1.32      0.01      0.00     97.67
01:20:25 AM     all      0.88      0.16      1.25      0.01      0.00     97.71
01:20:35 AM     all      0.84      0.15      1.28      0.01      0.00     97.73
01:20:45 AM     all      7.94      4.46      8.01      0.01      0.00     79.58
01:20:55 AM     all      0.77      0.24      1.65      0.01      0.00     97.32
01:21:05 AM     all      0.88      0.16      1.36      0.01      0.00     97.60
01:21:15 AM     all      0.87      0.16      1.33      0.01      0.00     97.62
01:21:25 AM     all      0.83      0.18      1.31      0.01      0.00     97.67
01:21:35 AM     all      0.85      0.18      1.33      0.01      0.00     97.63
01:21:45 AM     all      0.85      0.18      1.29      0.01      0.00     97.67
01:21:55 AM     all      0.84      0.18      1.28      0.04      0.00     97.67
01:22:05 AM     all      0.86      0.15      1.27      0.03      0.00     97.69
01:22:15 AM     all      0.85      0.17      1.30      0.01      0.00     97.67
01:22:25 AM     all      0.85      0.16      1.24      0.01      0.00     97.73
01:22:35 AM     all      0.85      0.15      1.28      0.01      0.00     97.71
01:22:45 AM     all      0.87      0.16      1.29      0.02      0.00     97.66
01:22:55 AM     all      0.85      0.17      1.27      0.01      0.00     97.70
Average:        all      1.54      0.60      1.56      0.02      0.00     96.29
