Linux 5.15.0-131-generic (node0.parthaw-244100.hyflowtm-pg0.clemson.cloudlab.us) 	03/01/2025 	_x86_64_	(128 CPU)

11:23:04 PM kbmemfree   kbavail kbmemused  %memused kbbuffers  kbcached  kbcommit   %commit  kbactive   kbinact   kbdirty
11:23:14 PM 508368752 508114680   5025832      0.95    188104  13047920  24580552      4.58   6238384  10422640       276
11:23:24 PM 508369576 508115536   5024976      0.95    188120  13047924  24580552      4.58   6238416  10422788        80
11:23:34 PM 508369492 508115488   5025036      0.95    188136  13047932  24580552      4.58   6238432  10422668        36
11:23:44 PM 508369072 508115120   5025392      0.95    188152  13047980  24578460      4.58   6238444  10421064        36
11:23:54 PM 508367284 508113340   5027156      0.95    188168  13047988  24580552      4.58   6238468  10422712        32
11:24:04 PM 508367340 508113440   5027076      0.95    188184  13047996  24580552      4.58   6238488  10422748       176
11:24:14 PM 508366904 508113108   5027444      0.95    188196  13048052  24580552      4.58   6238496  10423192        32
11:24:24 PM 508338628 508084916   5055284      0.96    188232  13048044  24619856      4.59   6239124  10459376        44
11:24:34 PM 504919816 504667304  13856576      2.62    188492   7617416  88686332     16.54   3313328  16487888      1400
11:24:44 PM 504362976 504115480  14324972      2.71    188728   7674440 116749744     21.77   3314380  16754800       404
11:24:54 PM 504167812 503922380  14518200      2.75    188744   7676484 116983092     21.81   3314404  16925508       600
11:25:04 PM 505663408 505421460  13099172      2.48    189124   7625880  83609840     15.59   3314892  15712604      1472
11:25:14 PM 503899256 503660780  14722388      2.79    189276   7735420 117200108     21.85   3315932  17188860       316
11:25:24 PM 503643876 503407300  14975236      2.84    189300   7738084 117221604     21.86   3315984  17413796       312
11:25:34 PM 513808348 513573364   4992900      0.95    189352   7633036  16928904      3.16   3315532   7638076         4
11:25:44 PM 503515796 503286688  15043572      2.85    189780   7796112 117550784     21.92   3317376  17616640       616
11:25:54 PM 503169216 502941972  15384100      2.91    189888   7801384 117778196     21.96   3318464  17923852       592
11:26:04 PM 503118020 502892524  15433336      2.92    189908   7803116 117750064     21.96   3318484  17920632       588
11:26:14 PM 503736028 503515964  14773436      2.80    190384   7848516 116194952     21.67   3319924  17383648       288
11:26:24 PM 502926244 502707912  15572068      2.95    190484   7858012 117910512     21.99   3320028  18156452      1160
11:26:34 PM 502545380 502328672  15943036      3.02    190500   7867532 118207420     22.04   3320044  18494232       608
11:26:44 PM 513833340 513617984   4946040      0.94    190556   7649864  16705404      3.11   3319524   7557400       860
11:26:54 PM 502751396 502541992  15680612      2.97    191004   7918008 118086004     22.02   3321508  18262148       756
11:27:04 PM 502228592 502020696  16195536      3.07    191128   7925212 118475228     22.09   3321632  18725668       380
11:27:14 PM 501900896 501693884  16522244      3.13    191176   7926080 118759132     22.14   3320712  19024980       500
11:27:24 PM 502428364 502222688  15993356      3.03    191192   7927436 118263832     22.05   3320724  18477964       576
11:27:34 PM 503445784 503245000  13871812      2.63    191668   9029960 116890624     21.80   3322152  17742008       332
11:27:44 PM 502520176 502320068  14104416      2.67    191688   9721236 118703196     22.13   3322188  18626896       244
11:27:54 PM 502400916 502201408  14222504      2.69    191700   9721832 118781112     22.15   3322200  18733128       236
11:28:04 PM 502348392 502149588  14274152      2.70    191848   9722404 118808564     22.15   3322320  18769492       492
11:28:14 PM 502297684 502099496  14278992      2.70    191868   9767944 118788508     22.15   3322364  18770900       504
11:28:24 PM 502297540 502099936  14278248      2.70    191884   9768512 118813772     22.15   3322380  18804300       316
11:28:34 PM 503604384 503412664  13953128      2.64    192360   8784228 116645140     21.75   3323804  17531036         0
11:28:44 PM 502550540 502359420  14191452      2.69    192380   9598940 118678796     22.13   3323884  18586168       896
11:28:54 PM 502438048 502247552  14293408      2.71    192396   9608940 118744820     22.14   3323892  18680144       552
11:29:04 PM 502371376 502181600  14359504      2.72    192532   9609540 118766620     22.15   3324024  18721256       420
11:29:14 PM 502379696 502190516  14350388      2.72    192552   9610132 118715304     22.14   3324048  18685896       488
11:29:24 PM 513446636 513258004   5208348      0.99    192576   7757880  19329760      3.60   3374808   7892168      1016
11:29:34 PM 501991416 501807824  14071164      2.67    193040  10276720 118384120     22.07   3325456  19139720       236
11:29:44 PM 500286260 500103120  14294620      2.71    193052  11757780 120810780     22.53   3325480  20849224       312
11:29:54 PM 500205496 500022724  14374620      2.72    193072  11758132 120845876     22.53   3325500  20925332       368
11:30:04 PM 500084456 499902088  14481124      2.74    193088  11772624 120957832     22.55   3325520  21038944       256
11:30:14 PM 500104848 499922844  14460384      2.74    193116  11772968 120914616     22.55   3325536  21007988       196
11:30:24 PM 499985512 499804048  14578944      2.76    193244  11773344 121038088     22.57   3325664  21144428       280
11:30:34 PM 500085364 499904832  14478004      2.74    193264  11774340 120868960     22.54   3325700  20988800       568
11:30:44 PM 500099620 499919568  14463084      2.74    193276  11774740 120885024     22.54   3325716  21007756       272
11:30:54 PM 500064176 499884504  14498468      2.75    193288  11775104 120914664     22.55   3325720  21048360       252
11:31:04 PM 506433584 506256292  12181064      2.31    193564   7754584  78703284     14.68   3326044  14970936       940
11:31:14 PM 500546008 500371392  14246436      2.70    193768  11544956 120548972     22.48   3327184  20578848       456
11:31:24 PM 500314972 500140784  14476004      2.74    193788  11545496 120670424     22.50   3327204  20783772       296
11:31:34 PM 500153948 499980172  14582940      2.76    193804  11599152 120838784     22.53   3327212  20955828       536
11:31:44 PM 500065772 499892532  14670908      2.78    193832  11599608 120908672     22.54   3327240  21020632       288
11:31:54 PM 500008248 499835568  14727848      2.79    193960  11600032 120965472     22.56   3327372  21104424       356
11:32:04 PM 500115140 499942924  14620248      2.77    193976  11600528 120817756     22.53   3327396  20980504       340
11:32:14 PM 500085260 499913944  14649176      2.77    193992  11601452 120886848     22.54   3327404  21043676       388
11:32:24 PM 508421796 508251728  10282728      1.95    194232   7686888  62773256     11.70   3327168  13026204       376
11:32:34 PM 501333844 501168856  14415168      2.73    194488  10569204 119611952     22.30   3328912  19566812       224
11:32:44 PM 500959596 500794804  14586160      2.76    194500  10771300 119809324     22.34   3328928  19902740       208
11:32:54 PM 500815924 500651284  14677880      2.78    194516  10824748 120006968     22.38   3328940  20044460       196
11:33:04 PM 500559128 500394672  14834428      2.81    194540  10925680 120154756     22.40   3328964  20280580       208
11:33:14 PM 500543896 500379592  14849784      2.81    194556  10925828 120152436     22.40   3328980  20262644       200
11:33:24 PM 500466308 500302232  14925444      2.83    194572  10926016 120217796     22.42   3328992  20284392       196
11:33:34 PM 500357804 500194456  15032088      2.85    194592  10926748 120244764     22.42   3329016  20388064       304
11:33:44 PM 500322476 500159324  15067352      2.85    194608  10926940 120298928     22.43   3329032  20396160       252
11:33:54 PM 500176332 500013360  15215348      2.88    194620  10927080 120345560     22.44   3329048  20499204       188
11:34:04 PM 500294616 500131792  15096388      2.86    194636  10927224 120305684     22.43   3329064  20406148       344
11:34:14 PM 500216872 500054196  15174080      2.87    194664  10927388 120315076     22.43   3329084  20476876        20
11:34:24 PM 500238864 500076464  15153984      2.87    194732  10927588 120353764     22.44   3329148  20516840         0
11:34:34 PM 500226272 500065096  15162400      2.87    194784  10928704 120405324     22.45   3329208  20518436       384
11:34:44 PM 500174244 500013288  15212536      2.88    194804  10928916 120359620     22.44   3329232  20522604       384
11:34:54 PM 500265624 500104864  15122160      2.86    194820  10929068 120271712     22.43   3329248  20405048       320
11:35:04 PM 500319416 500158812  15070756      2.85    194836  10929232 120189668     22.41   3329264  20370428       664
11:35:14 PM 500314268 500153784  15075700      2.86    194852  10929372 120209092     22.41   3329280  20385572       340
11:35:24 PM 500328980 500168732  15058988      2.85    194868  10929560 120217540     22.42   3329292  20366472       580
11:35:34 PM 500268216 500108792  15119456      2.86    194884  10930384 120217556     22.42   3329308  20400208       344
11:35:44 PM 500243732 500084532  15142760      2.87    194892  10930576 120235120     22.42   3329320  20402600       336
11:35:54 PM 500204528 500045516  15182256      2.88    194904  10930724 120266788     22.43   3329324  20452864       320
11:36:04 PM 514170164 514011468   4539396      0.86    194928   7696528  16182208      3.02   3328840   7212916       688
11:36:14 PM 501597480 501444228  14429776      2.73    195396  10288432 119373308     22.26   3330804  19321372       784
11:36:24 PM 500736744 500584016  14830368      2.81    195412  10746272 119912428     22.36   3330808  20031152       176
11:36:34 PM 500538876 500386112  14874652      2.82    195428  10898840 120149244     22.40   3330824  20228784       220
11:36:44 PM 500341192 500188668  15076016      2.86    195444  10899056 120254732     22.42   3330844  20407464       216
11:36:54 PM 500306980 500154592  15108780      2.86    195460  10899204 120280432     22.43   3330864  20429860       324
11:37:04 PM 500293500 500141268  15121512      2.86    195476  10899348 120268800     22.43   3330876  20395736       196
11:37:14 PM 500134916 499983488  15221120      2.88    195492  10962172 120388528     22.45   3330880  20567260       112
11:37:24 PM 500037416 499886184  15317272      2.90    195508  10962324 120516292     22.47   3330900  20694448        84
11:37:34 PM 499996792 499845724  15356560      2.91    195524  10962488 120583084     22.48   3330916  20728752       172
11:37:44 PM 499987196 499836360  15366460      2.91    195540  10962688 120569008     22.48   3330936  20751660        36
11:37:54 PM 500015660 499865028  15341356      2.91    195588  10962844 120550520     22.48   3330972  20744264       316
11:38:04 PM 500000420 499850024  15355228      2.91    195680  10962996 120568764     22.48   3331064  20748312       356
11:38:14 PM 499913136 499763908  15439840      2.92    195712  10964208 120620584     22.49   3331104  20831028       280
11:38:24 PM 499898804 499749800  15457020      2.93    195724  10964372 120632304     22.49   3331120  20838892       348
11:38:34 PM 499994828 499846020  15344704      2.91    195740  10979784 120571352     22.48   3331136  20744580       116
11:38:44 PM 499921716 499773128  15323324      2.90    195756  11074908 120612340     22.49   3331156  20815040       308
11:38:54 PM 499903980 499755564  15340228      2.91    195772  11075056 120647520     22.50   3331172  20864396       360
11:39:04 PM 499884760 499736516  15358044      2.91    195788  11075212 120671632     22.50   3331188  20880688       540
11:39:14 PM 499909000 499761604  15335332      2.90    195796  11076104 120667192     22.50   3331196  20890184       404
11:39:24 PM 514132380 513985444   4563492      0.86    195808   7706000  16184292      3.02   3330692   7239828       932
11:39:34 PM 500830736 500688972  14490584      2.74    196268  10994056 120158404     22.40   3332660  20123808       656
11:39:44 PM 500010068 499870440  14811976      2.81    196284  11487052 120672448     22.50   3332684  20851576       172
11:39:54 PM 499505424 499367048  14994804      2.84    196296  11807060 121026888     22.57   3332696  21283828       128
11:40:04 PM 499262848 499123724  15079988      2.86    196308  11965032 121231364     22.60   3332700  21468808        96
11:40:14 PM 499281328 499142296  15062892      2.85    196324  11965188 121227720     22.60   3332720  21419524       140
11:40:24 PM 499185252 499046136  15158200      2.87    196332  11965332 121267312     22.61   3332724  21525428       108
11:40:34 PM 499152420 499014636  15189596      2.88    196348  11966092 121322528     22.62   3332740  21533724       440
11:40:44 PM 499063020 498925208  15279932      2.89    196364  11966288 121424104     22.64   3332756  21682616       200
11:40:54 PM 499005280 498867444  15306336      2.90    196380  11997716 121554360     22.67   3332768  21792376       360
11:41:04 PM 498936156 498798760  15376488      2.91    196396  11997884 121531404     22.66   3332776  21839404       156
11:41:14 PM 499051204 498913436  15263032      2.89    196416  11998004 121487648     22.65   3332792  21766508       240
11:41:24 PM 499000676 498863492  15310276      2.90    196484  11998156 121546224     22.66   3332844  21766980       212
11:41:34 PM 498866488 498730372  15441888      2.93    196532  11999360 121600164     22.67   3332900  21882248       312
11:41:44 PM 498853040 498717732  15453552      2.93    196588  11999560 121654548     22.68   3332964  21911588       404
11:41:54 PM 498709344 498573864  15597244      2.95    196604  11999712 121676792     22.69   3332988  21966972       524
11:42:04 PM 498901940 498766584  15406808      2.92    196620  11999848 121511156     22.66   3333004  21787096       148
11:42:14 PM 499025356 498889804  15286916      2.90    196636  11999996 121422608     22.64   3333024  21665884       120
11:42:24 PM 499029828 498894220  15281924      2.89    196648  12000140 121404168     22.64   3333028  21699256       280
11:42:34 PM 498935600 498800864  15248064      2.89    196664  12125960 121547012     22.66   3333052  21823180       252
11:42:44 PM 498926144 498791612  15258140      2.89    196680  12126156 121556892     22.67   3333064  21854960       124
11:42:54 PM 498866840 498732456  15319536      2.90    196692  12127900 121624468     22.68   3333072  21896868       144
11:43:04 PM 498775032 498640792  15409020      2.92    196708  12128032 121663948     22.69   3333096  21968684       248
11:43:14 PM 514220760 514086612   4458000      0.84    196740   7715708  15544592      2.90   3332592   7126632        32
11:43:24 PM 500486084 500356900  14512264      2.75    197196  11310692 120457528     22.46   3334588  20441004       772
11:43:34 PM 499617288 499489236  14895124      2.82    197212  11791644 121058796     22.57   3334604  21271372       360
11:43:44 PM 499346576 499219104  15016136      2.84    197228  11943420 121335644     22.62   3334620  21482564       432
11:43:54 PM 499146608 499018300  15218188      2.88    197252  11943576 121477584     22.65   3334644  21717188       320
11:44:04 PM 499156336 499028104  15208344      2.88    197268  11943736 121477048     22.65   3334660  21715364       304
11:44:14 PM 499196360 499068256  15167264      2.87    197284  11943876 121475548     22.65   3334680  21664780       304
11:44:24 PM 499064808 498937340  15302464      2.90    197312  11944648 121539216     22.66   3334696  21790080       352
11:44:34 PM 498941364 498814112  15424116      2.92    197328  11944808 121698416     22.69   3334716  21938572       140
11:44:44 PM 498925384 498798392  15439116      2.92    197344  11944996 121795300     22.71   3334728  22011196        72
11:44:54 PM 498841744 498714800  15525260      2.94    197360  11945160 121786456     22.71   3334744  22051532       176
11:45:04 PM 498884380 498757684  15481068      2.93    197404  11945312 121762480     22.70   3334784  21999980       252
11:45:14 PM 498868708 498742264  15500928      2.94    197480  11945472 121813544     22.71   3334860  22037144        92
11:45:24 PM 498780116 498654868  15584156      2.95    197524  11946612 121843732     22.72   3334900  22132536       184
11:45:34 PM 498757636 498632564  15606440      2.96    197548  11946776 121815624     22.71   3334932  22080052        56
11:45:44 PM 498777220 498652348  15587260      2.95    197564  11946972 121757000     22.70   3334940  22047008       244
11:45:54 PM 498823868 498699124  15540872      2.94    197564  11947144 121705212     22.69   3334956  21996068       148
11:46:04 PM 498819056 498694400  15545972      2.94    197576  11947292 121726340     22.70   3334968  21988504       136
11:46:14 PM 498730532 498606092  15607912      2.96    197592  11974028 121797416     22.71   3334980  22088336        88
11:46:24 PM 498636368 498512872  15605468      2.96    197608  12068656 121892680     22.73   3335000  22195232        76
11:46:34 PM 498569904 498446628  15672596      2.97    197624  12068824 121921704     22.73   3335012  22204364       428
11:46:44 PM 504450052 504332208  13940596      2.64    198100   7926072 115871884     21.61   3335556  16631920      3644
11:46:54 PM 499397324 499280188  14647452      2.77    198120  12264176 121328192     22.62   3336476  21517976       740
11:47:04 PM 498803824 498687804  14842328      2.81    198136  12658848 121762100     22.70   3336488  22097380       244
11:47:14 PM 498420068 498304820  15028696      2.85    198152  12854320 122114268     22.77   3336504  22363496       228
11:47:24 PM 498077720 497964344  15363968      2.91    198168  12854464 122237192     22.79   3336520  22605008       200
11:47:34 PM 498003732 497889336  15252876      2.89    198184  13046008 122419216     22.83   3336540  22698192       228
11:47:44 PM 497795600 497681736  15458732      2.93    198204  13046580 122480968     22.84   3336560  22869056      1016
11:47:54 PM 497712696 497600456  15535228      2.94    198220  13046988 122606228     22.86   3336572  22947692       236
11:48:04 PM 497505096 497392224  15744248      2.98    198236  13047120 122719136     22.88   3336588  23150768       236
11:48:14 PM 497542324 497429704  15709504      2.98    198252  13047244 122762492     22.89   3336604  23151692       168
11:48:24 PM 497709368 497596456  15544460      2.94    198268  13047396 122654676     22.87   3336616  22981500       296
11:48:34 PM 497663868 497550976  15588580      2.95    198288  13047516 122602960     22.86   3336644  22993292       188
11:48:44 PM 497573612 497460916  15676088      2.97    198332  13048480 122720040     22.88   3336684  23060432      1328
11:48:54 PM 497464700 497353420  15786040      2.99    198408  13048860 122802080     22.90   3336760  23203312        92
11:49:04 PM 497412648 497301144  15837316      3.00    198444  13049000 122885300     22.91   3336792  23250784       136
11:49:14 PM 497378812 497267352  15871584      3.01    198464  13049172 122834528     22.90   3336816  23268232       124
11:49:24 PM 497535756 497425196  15665560      2.97    198480  13096240 122666832     22.87   3336836  23088044        96
11:49:34 PM 497605112 497494524  15598200      2.95    198496  13096372 122596780     22.86   3336856  23048304       464
11:49:44 PM 497701748 497591568  15500228      2.94    198520  13097092 122576736     22.86   3336876  22986760         0
11:49:54 PM 497688224 497578656  15514644      2.94    198532  13097432 122574768     22.86   3336888  22953604        16
11:50:04 PM 497602732 497493152  15599812      2.95    198548  13097608 122633236     22.87   3336896  23054588       292
11:50:14 PM 497604876 497495160  15597988      2.95    198560  13097732 122662528     22.87   3336916  23071620       500
11:50:24 PM 497564700 497454732  15641680      2.96    198572  13097852 122697704     22.88   3336920  23124480       480
11:50:34 PM 511697084 511588092   5141180      0.97    198588   9546228  22493572      4.19   4515332   8485148      1120
11:50:44 PM 500859132 500753304  14332852      2.71    199044  11113160 119128672     22.21   3338280  20088296       668
11:50:54 PM 499450564 499344972  14918132      2.83    199056  11932416 121260400     22.61   3338336  21448868       320
11:51:04 PM 498342748 498237912  15371076      2.91    199080  12588044 122086736     22.76   3338900  22389656       148
11:51:14 PM 498100112 497994896  15563072      2.95    199096  12639440 122322812     22.81   3338928  22634672       156
11:51:24 PM 497814420 497710012  15648588      2.96    199112  12836848 122607596     22.86   3338944  22842960       172
11:51:34 PM 497797180 497692896  15667356      2.97    199128  12836988 122545404     22.85   3338960  22884168       124
11:51:44 PM 497774704 497671536  15685160      2.97    199148  12837800 122594612     22.86   3338980  22832828        92
11:51:54 PM 497607204 497504568  15852348      3.00    199164  12837948 122687892     22.88   3338996  23038808       276
11:52:04 PM 497477988 497374940  15985492      3.03    199180  12838096 122863420     22.91   3339012  23219096        76
11:52:14 PM 497287184 497184428  16024912      3.04    199196  12986648 123130980     22.96   3339024  23417556        60
11:52:24 PM 497316304 497213660  15995464      3.03    199212  12986808 123018184     22.94   3339040  23379392       560
11:52:34 PM 497351212 497248656  15960876      3.02    199248  12986948 123060776     22.95   3339068  23370484         0
11:52:44 PM 497095320 496994048  16212484      3.07    199324  12988196 123129528     22.96   3339156  23533328       880
11:52:54 PM 497069052 496967948  16243744      3.08    199364  12988348 123225628     22.98   3339192  23586840       360
11:53:04 PM 497150080 497048316  16159028      3.06    199412  12987920 123184608     22.97   3338688  23495444       496
11:53:14 PM 497147436 497045812  16163796      3.06    199432  12988056 123122096     22.96   3338720  23493444       332
11:53:24 PM 497300212 497198708  16012756      3.03    199448  12988232 123002568     22.94   3338736  23369596       508
11:53:34 PM 497358004 497256628  15955192      3.02    199464  12988364 123020532     22.94   3338756  23333404       456
11:53:44 PM 497245304 497144768  16065300      3.04    199480  12989292 123043208     22.94   3338796  23436012       540
11:53:54 PM 497276176 497175908  16036872      3.04    199496  12989444 123068604     22.95   3338820  23408176       340
11:54:04 PM 497178964 497078836  16134724      3.06    199512  12989576 123107680     22.95   3338836  23499556       340
11:54:14 PM 497540696 497440608  15775704      2.99    199576  12989668 122875088     22.91   3338904  23192088       272
11:54:24 PM 504634064 504536512  13929404      2.64    200044   7746012 108998248     20.32   3339660  16492112      2428
11:54:34 PM 504068848 503975020  14436352      2.73    200164   7801316 116885016     21.79   3340484  17001800       904
11:54:44 PM 503928944 503837232  14572244      2.76    200192   7804600 116954488     21.81   3340512  17118880       576
11:54:54 PM 504781856 504697000  13761732      2.61    200668   7760648 114859088     21.42   3341568  16284088      2936
11:55:04 PM 503565472 503482660  14872564      2.82    200840   7863128 116993044     21.81   3342092  17460732       336
11:55:14 PM 503337464 503256528  15098364      2.86    200868   7864980 117362944     21.88   3342124  17642772       376
11:55:24 PM 513521976 513442268   5096260      0.97    200924   7760500  17613752      3.28   3341680   7869028       876
11:55:34 PM 503218888 503146124  15154372      2.87    201340   7924692 117357860     21.88   3343600  17827308       360
11:55:44 PM 502929180 502858392  15441536      2.93    201476   7926536 117741856     21.95   3343740  18071396       496
11:55:54 PM 502895016 502825984  15473700      2.93    201496   7928260 117662164     21.94   3343760  18061016       444
11:56:04 PM 503226456 503162012  15094132      2.86    201968   7977688 116429892     21.71   3346120  17791304       732
11:56:14 PM 502657268 502594584  15655708      2.97    202104   7984048 117934548     21.99   3346252  18345924      1136
11:56:24 PM 502272356 502211268  16029692      3.04    202124   7995044 118250912     22.05   3346276  18708672       436
11:56:34 PM 513594164 513534216   5001948      0.95    202176   7777296  19726708      3.68   3345800   7736528       884
11:56:44 PM 502383012 502329016  15870992      3.01    202600   8037668 118012528     22.00   3347680  18523016       296
11:56:54 PM 502027936 501975380  16218376      3.07    202736   8044840 118297984     22.06   3347816  18836812       292
11:57:04 PM 501703400 501652276  16541432      3.13    202752   8046252 118559460     22.11   3347828  19126188       372
11:57:14 PM 512600688 512550892   5649520      1.07    202800   8047524  23734076      4.43   3604348   8367356       404
11:57:24 PM 502714796 502669692  14030940      2.66    203268   9544984 117361652     21.88   3349348  18321652       236
11:57:34 PM 502248968 502204472  14211148      2.69    203288   9829504 118720608     22.14   3349364  18810908       204
11:57:44 PM 502164752 502120904  14294400      2.71    203304   9830132 118770008     22.15   3349384  18894548       116
11:57:54 PM 502132612 502089432  14325580      2.71    203448   9830688 118800580     22.15   3349500  18934516       196
11:58:04 PM 502105964 502063416  14329364      2.71    203464   9853624 118762364     22.14   3349540  18911216       248
11:58:14 PM 502096124 502054184  14332900      2.71    203480   9859308 118803608     22.15   3349560  18957288       228
11:58:24 PM 503127648 503092428  14057560      2.66    203960   9095684 116811604     21.78   3350980  17903228      1056
11:58:34 PM 502261340 502226688  14291396      2.71    203980   9726804 118653360     22.12   3351032  18776484       800
11:58:44 PM 502132664 502098720  14394748      2.73    203996   9751404 118752240     22.14   3351052  18901284       224
11:58:54 PM 502074652 502041472  14451636      2.74    204132   9752020 118769440     22.15   3351172  18931704        88
11:59:04 PM 502081728 502049152  14444392      2.74    204148   9752640 118518208     22.10   3351196  18916296       428
11:59:14 PM 513516700 513484628   5043080      0.96    204192   7799164  16689588      3.11   3350724   7814872       708
11:59:24 PM 500394920 500367088  14183800      2.69    204620  11704944 120554220     22.48   3352668  20680396       252
11:59:34 PM 500031496 500004128  14407568      2.73    204640  11843668 120803864     22.53   3352680  21019512       412
11:59:44 PM 499885640 499858764  14535616      2.75    204652  11861372 120890460     22.54   3352696  21150180       316
11:59:54 PM 499881788 499855368  14539236      2.75    204672  11861800 120893216     22.54   3352716  21166324       256
12:00:04 AM 499840316 499814420  14580200      2.76    204808  11862196 120976860     22.56   3352840  21238920       252
12:00:14 AM 499894956 499869524  14519608      2.75    204828  11867944 120846096     22.53   3352860  21155196       264
12:00:24 AM 499884468 499859336  14510700      2.75    204928  11886888 120871124     22.54   3353004  21161328       368
12:00:34 AM 510414536 510390384   5236456      0.99    204944  10699980  21446316      4.00   5319076   8948528      1236
12:00:44 AM 502282968 502264232  14101108      2.67    205492   9891308 117669688     21.94   3354464  18790164        80
12:00:54 AM 500178228 500159840  14422276      2.73    205508  11673768 120660044     22.50   3354512  20879700        88
12:01:04 AM 500048416 500030404  14550768      2.76    205528  11674160 120495876     22.47   3354532  21000704       208
12:01:14 AM 499920160 499902572  14676404      2.78    205544  11676264 120841972     22.53   3354544  21124980        44
12:01:24 AM 499844664 499827448  14751676      2.79    205580  11676636 120890580     22.54   3354568  21183068       400
12:01:34 AM 499832636 499815968  14763156      2.80    205696  11677028 120911628     22.55   3354696  21218176       524
12:01:44 AM 499859596 499843776  14735152      2.79    205712  11678056 120838936     22.53   3354716  21162812      1588
12:01:54 AM 499864440 499849204  14729888      2.79    205728  11678452 120863892     22.54   3354732  21191212       500
12:02:04 AM 513508028 513493728   5030260      0.95    205784   7813888  16697780      3.11   3354272   7801628       496
12:02:14 AM 501195904 501186732  14431424      2.73    206216  10633704 119573504     22.30   3356204  19696508       944
12:02:24 AM 500714012 500705136  14825932      2.81    206232  10714848 119683816     22.32   3356220  19959460       172
12:02:34 AM 500527000 500518284  14798972      2.80    206248  10934128 119926372     22.36   3356236  20165896       252
12:02:44 AM 500315784 500307308  14906696      2.82    206264  11038596 120075228     22.39   3356252  20379076       156
12:02:54 AM 500377332 500368992  14845384      2.81    206280  11038756 120092776     22.39   3356268  20345424       168
12:03:04 AM 500230616 500222520  14988572      2.84    206300  11038916 120165472     22.41   3356288  20483708       312
12:03:14 AM 500087360 500079964  15134220      2.87    206316  11039696 120236952     22.42   3356304  20550748       352
12:03:24 AM 500106928 500099676  15114268      2.86    206332  11039852 120265116     22.42   3356320  20549684       416
12:03:34 AM 500059532 500052448  15161652      2.87    206348  11039976 120289704     22.43   3356336  20612836       360
12:03:44 AM 500159388 500152508  15063344      2.85    206364  11040184 120268444     22.43   3356352  20546392       212
12:03:54 AM 500128536 500121812  15091744      2.86    206392  11040324 120246352     22.42   3356372  20589564       380
12:04:04 AM 500052416 500045952  15168508      2.87    206468  11040480 120328380     22.44   3356444  20651616       228
12:04:14 AM 499986428 499981212  15233816      2.89    206524  11041660 120385840     22.45   3356512  20707576       496
12:04:24 AM 499938408 499933376  15282932      2.89    206552  11041824 120378772     22.45   3356540  20738572       224
12:04:34 AM 499968476 499963620  15162260      2.87    206568  11130992 120340056     22.44   3356556  20679984       324
12:04:44 AM 500058316 500053640  15074140      2.86    206584  11131180 120252164     22.42   3356572  20618744       172
12:04:54 AM 500072756 500068256  15059240      2.85    206600  11131332 120259184     22.42   3356588  20614604       176
12:05:04 AM 500075000 500070692  15058216      2.85    206616  11131508 120293180     22.43   3356600  20623088       356
12:05:14 AM 499922576 499919124  15092028      2.86    206632  11249564 120406876     22.45   3356616  20777656       180
12:05:24 AM 499950020 499946760  15064400      2.85    206648  11249728 120398640     22.45   3356632  20728300       176
12:05:34 AM 499884596 499881528  15129700      2.87    206672  11249892 120433824     22.46   3356656  20805944       396
12:05:44 AM 513897828 513895184   4624944      0.88    206696   7823504  16173840      3.02   3356156   7386296       268
12:05:54 AM 501162580 501164548  14462188      2.74    207164  10636040 119382032     22.26   3358112  19672544       100
12:06:04 AM 500530112 500531800  14753604      2.79    207180  10975204 120057300     22.39   3358132  20314736       788
12:06:14 AM 500371380 500373220  14803848      2.80    207196  11085516 120252372     22.42   3358144  20474020       408
12:06:24 AM 500061808 500063808  15110892      2.86    207212  11086844 120404788     22.45   3358156  20678568        40
12:06:34 AM 500026528 500028724  15145900      2.87    207228  11086992 120347456     22.44   3358176  20642596         0
12:06:44 AM 500076180 500078532  15095612      2.86    207244  11087176 120373244     22.44   3358188  20619812       224
12:06:54 AM 500029120 500032300  15143436      2.87    207264  11087984 120424816     22.45   3358208  20732980       328
12:07:04 AM 499891788 499895152  15279568      2.89    207280  11091656 120553748     22.48   3358228  20856880       224
12:07:14 AM 499811276 499814992  15355828      2.91    207304  11091980 120655396     22.50   3358396  20911800       132
12:07:24 AM 499773536 499777376  15393676      2.92    207320  11092144 120622888     22.49   3358404  20944820       304
12:07:34 AM 499808328 499812372  15359852      2.91    207388  11092296 120638124     22.49   3358456  20950512       248
12:07:44 AM 499838452 499842772  15333296      2.90    207452  11092512 120653360     22.50   3358536  20939048       256
12:07:54 AM 499736076 499741616  15433396      2.92    207492  11093700 120682656     22.50   3358576  21011600       460
12:08:04 AM 499760240 499765976  15409052      2.92    207512  11093856 120673260     22.50   3358596  20977732       252
12:08:14 AM 499821648 499827572  15347628      2.91    207528  11094008 120583036     22.48   3358612  20878292       256
12:08:24 AM 499771908 499777988  15397208      2.92    207544  11094152 120532640     22.47   3358628  20881768       348
12:08:34 AM 499800472 499806732  15369788      2.91    207552  11094332 120554904     22.48   3358644  20878608       288
12:08:44 AM 499835040 499841472  15333372      2.90    207568  11094520 120579508     22.48   3358648  20864508       224
12:08:54 AM 499757792 499765084  15408068      2.92    207584  11095420 120577828     22.48   3358672  20925912       240
12:09:04 AM 512836780 512844652   5225692      0.99    207608   8282176  20651932      3.85   3633580   8215584       620
12:09:14 AM 501279428 501292964  14246200      2.70    208068  10730816 118544804     22.10   3360084  19691464       520
12:09:24 AM 499903452 499917868  14725004      2.79    208080  11622984 120569920     22.48   3360104  20918776       224
12:09:34 AM 499248704 499262988  14905600      2.82    208096  12099720 121101228     22.58   3360116  21554364        88
12:09:44 AM 499101612 499116008  15053288      2.85    208112  12099936 121232484     22.61   3360132  21676952        64
12:09:54 AM 499103200 499117616  15051812      2.85    208128  12100064 121238084     22.61   3360148  21620876        72
12:10:04 AM 498926608 498941644  15225108      2.88    208144  12100212 121202812     22.60   3360160  21665272       180
12:10:14 AM 498883292 498899980  15268968      2.89    208164  12100948 121271572     22.61   3360180  21673868        80
12:10:24 AM 498745928 498762128  15406824      2.92    208180  12101096 121395396     22.64   3360192  21856304        96
12:10:34 AM 498768748 498784952  15385780      2.91    208204  12101252 121487604     22.65   3360228  21906564       332
12:10:44 AM 498716068 498732616  15433640      2.92    208220  12101456 121527056     22.66   3360232  22012424         8
12:10:54 AM 498843908 498860776  15305744      2.90    208240  12101588 121408276     22.64   3360256  21869320       272
12:11:04 AM 498847096 498863856  15304736      2.90    208280  12101744 121467656     22.65   3360296  21901072       260
12:11:14 AM 498650816 498668748  15489524      2.93    208364  12113872 121535676     22.66   3360372  22032576       856
12:11:24 AM 498619364 498637692  15520616      2.94    208412  12114028 121601672     22.67   3360432  22049712       324
12:11:34 AM 498727760 498746144  15410868      2.92    208428  12114180 121497360     22.65   3360448  21982616       296
12:11:44 AM 498775336 498793808  15365792      2.91    208444  12114364 121400468     22.64   3360468  21880272       312
12:11:54 AM 498814760 498833304  15328164      2.90    208460  12114504 121042252     22.57   3360484  21851656       256
12:12:04 AM 498899980 498918740  15240800      2.89    208476  12114668 121294084     22.62   3360496  21798680       264
12:12:14 AM 498837664 498857808  15298440      2.90    208492  12115556 121329400     22.62   3360516  21810020       860
12:12:24 AM 498804760 498824560  15335496      2.90    208504  12115708 121351656     22.63   3360524  21856972       148
12:12:34 AM 498738352 498758944  15397564      2.92    208520  12115856 121398536     22.64   3360536  21894876       216
12:12:44 AM 498624720 498644936  15514504      2.94    208536  12116048 121448164     22.65   3360552  21972476       240
12:12:54 AM 514005064 514025736   4491980      0.85    208592   7842780  18553176      3.46   3360068   7302112       856
12:13:04 AM 500376852 500402580  14580404      2.76    209040  11291932 120259012     22.42   3362076  20468060       140
12:13:14 AM 499495976 499522048  14948044      2.83    209048  11809420 120884132     22.54   3362092  21312932       188
12:13:24 AM 499374384 499400764  15070860      2.85    209064  11809560 121016972     22.56   3362108  21382612       164
12:13:34 AM 499063296 499089772  15296224      2.90    209080  11894024 121249720     22.61   3362124  21703388       180
12:13:44 AM 498812292 498838944  15399304      2.92    209096  12041096 121448892     22.65   3362140  21861920       160
12:13:54 AM 498881880 498908672  15329564      2.90    209112  12041240 121416064     22.64   3362156  21790372       120
12:14:04 AM 498696916 498724528  15512788      2.94    209132  12042000 121465324     22.65   3362176  21940668       144
12:14:14 AM 498584896 498612816  15625868      2.96    209148  12042156 121587576     22.67   3362192  22001896        96
12:14:24 AM 498339000 498368112  15863840      3.00    209164  12042296 121704780     22.69   3362208  22185728       124
12:14:34 AM 498353276 498382744  15852720      3.00    209184  12042444 121750472     22.70   3362228  22217332        96
12:14:44 AM 498385804 498416212  15812984      3.00    209216  12042636 121724712     22.70   3362252  22165032       520
12:14:54 AM 498301792 498331168  15902500      3.01    209280  12042768 121753212     22.70   3362300  22236620        68
12:15:04 AM 498351540 498381916  15852904      3.00    209344  12043936 121771596     22.71   3362376  22236620       340
12:15:14 AM 498216552 498246964  15985332      3.03    209372  12045640 121855172     22.72   3362408  22373976       280
12:15:24 AM 498385236 498415756  15818492      3.00    209388  12045796 121693980     22.69   3362424  22199488       432
12:15:34 AM 498406708 498437784  15795536      2.99    209412  12045948 121632512     22.68   3362456  22111040       452
12:15:44 AM 498429168 498460268  15774652      2.99    209428  12046140 121605940     22.67   3362460  22124024       296
12:15:54 AM 498425308 498456456  15778136      2.99    209444  12046292 121668460     22.69   3362476  22171980       308
12:16:04 AM 498456592 498488660  15746544      2.98    209460  12047220 121700476     22.69   3362492  22153960       484
12:16:14 AM 498404656 498436832  15799492      2.99    209472  12047376 121706728     22.69   3362504  22200480       284
12:16:24 AM 513360024 513392472   5121220      0.97    209488   7852236  17124656      3.19   3362032   7899156       848
12:16:34 AM 501266784 501304192  14161536      2.68    209952  10817472 118560456     22.11   3363976  19727452       572
12:16:44 AM 498792016 498830632  14867588      2.82    209968  12583312 121614628     22.68   3363996  21983128       284
12:16:54 AM 498237272 498276476  15028668      2.85    209984  12978760 122028740     22.75   3364012  22548556       216
12:17:04 AM 497930584 497971320  15289480      2.90    210000  13020628 122252200     22.80   3364024  22689900       396
12:17:14 AM 497775704 497815524  15448628      2.93    210016  13020756 122369404     22.82   3364032  22905080       188
12:17:24 AM 497784724 497825664  15433388      2.92    210032  13020888 122303300     22.80   3364048  22829056       288
12:17:34 AM 497574540 497617192  15643564      2.96    210048  13021640 122417868     22.83   3364064  23011228       152
12:17:44 AM 497548168 497590584  15668728      2.97    210056  13021844 122519816     22.85   3364076  23056376       192
12:17:54 AM 497504052 497547172  15711844      2.98    210072  13021968 122592092     22.86   3364088  23068580        88
12:18:04 AM 497367672 497409832  15850748      3.00    210088  13022100 122634296     22.87   3364108  23196848       136
12:18:14 AM 497464420 497507136  15750216      2.98    210104  13022240 122556536     22.85   3364120  23059748       380
12:18:24 AM 497425896 497468300  15793344      2.99    210120  13022368 122542868     22.85   3364136  23104848        32
12:18:34 AM 497393336 497438040  15817192      3.00    210176  13023540 122595228     22.86   3364200  23116016       732
12:18:44 AM 497218516 497262468  15995488      3.03    210244  13023720 122704992     22.88   3364268  23284156       208
12:18:54 AM 497166784 497211480  16048356      3.04    210288  13023872 122808904     22.90   3364312  23341108       332
12:19:04 AM 497240980 497284752  15976532      3.03    210304  13024020 122733912     22.89   3364328  23318472       196
12:19:14 AM 497474516 497519480  15738952      2.98    210320  13024148 122450688     22.83   3364344  23019544       188
12:19:24 AM 497514224 497558876  15700296      2.97    210336  13024284 122422140     22.83   3364360  23011100       192
12:19:34 AM 497479992 497526012  15731500      2.98    210348  13025184 122451064     22.83   3364372  23036356       204
12:19:44 AM 497321236 497367808  15888016      3.01    210360  13025348 122541300     22.85   3364384  23149928       136
12:19:54 AM 497308644 497355752  15902464      3.01    210376  13025484 122542880     22.85   3364400  23162612       152
12:20:04 AM 497415036 497461896  15794968      2.99    210392  13025632 122491712     22.84   3364420  23059832       372
12:20:14 AM 497331180 497378336  15878640      3.01    210408  13025780 122531168     22.85   3364436  23134956       148
12:20:24 AM 497195976 497244700  15861928      3.00    210424  13174324 122735824     22.89   3364452  23320128       264
12:20:34 AM 507675600 507725636  10752216      2.04    210700   7862496  73918580     13.78   3364496  13614264       692
12:20:44 AM 499275424 499329752  14723512      2.79    210916  12233096 121226144     22.60   3365948  21566856       140
12:20:54 AM 498418328 498472036  15233896      2.89    210928  12578944 121776732     22.71   3365960  22301824       100
12:21:04 AM 498191736 498245264  15307788      2.90    210952  12736612 122142500     22.77   3365980  22566184       164
12:21:14 AM 497502136 497555480  15780052      2.99    210968  12956200 122560644     22.85   3365996  23094412        76
12:21:24 AM 497514876 497568164  15729784      2.98    210984  12989584 122490036     22.84   3366012  23036568        56
12:21:34 AM 497505984 497559432  15616396      2.96    211004  13112784 122620820     22.86   3366024  23080788       468
12:21:44 AM 497294356 497348580  15828636      3.00    211020  13113556 122698944     22.88   3366048  23260604       512
12:21:54 AM 497161880 497216268  15959868      3.02    211036  13113712 122899760     22.92   3366064  23410460       404
12:22:04 AM 496851268 496905696  16269148      3.08    211052  13113828 123091172     22.95   3366080  23699840       372
12:22:14 AM 497021600 497076164  16100956      3.05    211068  13113988 123001324     22.93   3366092  23583560       244
12:22:24 AM 497088464 497143180  16033720      3.04    211092  13114128 123009888     22.94   3366116  23515828       400
12:22:34 AM 497004140 497059176  16118540      3.05    211172  13114348 123032952     22.94   3366184  23617964       456
12:22:44 AM 496916444 496972688  16200948      3.07    211236  13115484 123107176     22.95   3366264  23674236       488
12:22:54 AM 496831700 496888112  16289084      3.09    211256  13115624 123218524     22.98   3366284  23744232       372
12:23:04 AM 497103388 497159964  16016632      3.03    211272  13115780 122892180     22.91   3366300  23501240       600
12:23:14 AM 497173104 497229884  15946472      3.02    211320  13115928 122811844     22.90   3366340  23375996       636
12:23:24 AM 497097248 497154136  16026824      3.04    211336  13116072 122858728     22.91   3366352  23478548       556
12:23:34 AM 497014856 497071992  16107000      3.05    211352  13116280 122915752     22.92   3366372  23534932       304
12:23:44 AM 497082984 497141024  16036492      3.04    211368  13117192 122923184     22.92   3366392  23495044       260
12:23:54 AM 497002200 497060384  16116928      3.05    211384  13117328 122950908     22.93   3366408  23569980       196
12:24:04 AM 497277292 497335652  15847196      3.00    211432  13117464 122759520     22.89   3366452  23275380       236
12:24:14 AM 513306540 513364040   5148432      0.98    211516   7871504  17766920      3.31   3366040   8011024       300
12:24:24 AM 503918552 503982676  14397836      2.73    211984   7929244 116596660     21.74   3367928  17078056       256
12:24:34 AM 503683772 503750020  14628280      2.77    212092   7932488 116889132     21.80   3368064  17245136       532
12:24:44 AM 513392120 513460124   5049916      0.96    212152   7879896  16741264      3.12   3367592   7948088      1088
12:24:54 AM 503428852 503502328  14817416      2.81    212588   7994216 117239408     21.86   3369500  17544780       260
12:25:04 AM 503149744 503225256  15093732      2.86    212720   7996112 117406432     21.89   3369632  17782360       464
12:25:14 AM 513767180 513844648   4661452      0.88    212732   7888292  16184080      3.02   3369124   7484492      1308
12:25:24 AM 503132940 503217088  15057104      2.85    213200   8046252 117378352     21.89   3371096  17825944       796
12:25:34 AM 502717696 502803724  15460260      2.93    213336   8057428 117734648     21.95   3371232  18220588       772
12:25:44 AM 502496200 502584052  15679792      2.97    213356   8059212 117824320     21.97   3371256  18361904      1196
12:25:54 AM 503704180 503797252  14432916      2.73    213692   8100260 115973020     21.62   3372540  17304828      3552
12:26:04 AM 502495924 502590660  15624700      2.96    213812   8114604 117896756     21.98   3372656  18452128      1120
12:26:14 AM 502040184 502136560  16077752      3.05    213856   8116240 118020120     22.01   3372720  18868888       580
12:26:24 AM 513632112 513730188   4760596      0.90    213880   7905072  16578124      3.09   3372224   7637444       904
12:26:34 AM 502463804 502566516  15596352      2.95    214356   8172972 117342836     21.88   3374180  18363812       380
12:26:44 AM 501864336 501968588  16191880      3.07    214488   8176352 118313112     22.06   3374288  18967304       416
12:26:54 AM 501530744 501636388  16523224      3.13    214512   8177728 118592412     22.11   3374336  19282632       380
12:27:04 AM 501324900 501431996  16727688      3.17    214524   8179116 118654920     22.12   3374348  19436272       344
12:27:14 AM 502991676 503103628  14073832      2.67    215016   9167532 116720300     21.76   3375760  17970184       152
12:27:24 AM 501983816 502096316  14280596      2.71    215036   9967444 118667292     22.13   3375836  18974184       172
12:27:34 AM 501909568 502022644  14353524      2.72    215048   9967976 118724280     22.14   3375844  19053900       176
12:27:44 AM 501860032 501973756  14402144      2.73    215144   9968564 118745924     22.14   3375920  19090816       660
12:27:54 AM 501862424 501976816  14398840      2.73    215204   9969132 118693364     22.13   3376008  19057440       228
12:28:04 AM 501855308 501970184  14401788      2.73    215220   9973216 118714732     22.14   3376012  19081472       580
12:28:14 AM 513033136 513148336   5355276      1.01    215284   7920508  19989728      3.73   3375588   8253032       804
12:28:24 AM 502101296 502222784  14246236      2.70    215704   9879168 118672496     22.13   3377452  18870832       260
12:28:34 AM 501966260 502088392  14379664      2.72    215712   9879804 118729976     22.14   3377468  18995668       240
12:28:44 AM 501871548 501994344  14473444      2.74    215752   9880420 118772068     22.15   3377492  19065796       396
12:28:54 AM 501861180 501984704  14470416      2.74    215864   9893432 118753504     22.14   3377612  19068344       476
12:29:04 AM 501858032 501982140  14472464      2.74    215880   9894016 118776452     22.15   3377632  19086792       240
12:29:14 AM 502309280 502436544  15911724      3.01    216340   8007432 109799608     20.47   3378432  18729740       280
12:29:24 AM 499907356 500036260  14327216      2.71    216368  11993872 120769348     22.52   3379096  21091048       744
12:29:34 AM 499681912 499811252  14509172      2.75    216380  12036564 120911792     22.55   3379112  21276688       400
12:29:44 AM 499584404 499714212  14606200      2.77    216400  12037040 120994452     22.56   3379124  21360568       220
12:29:54 AM 499571480 499701728  14618160      2.77    216436  12037452 120989636     22.56   3379160  21388484       504
12:30:04 AM 499501596 499632408  14687204      2.78    216560  12037868 121044288     22.57   3379280  21448312       568
12:30:14 AM 499603192 499734648  14584608      2.76    216568  12038660 120911292     22.55   3379300  21333264      1176
12:30:24 AM 499576664 499708972  14610868      2.77    216588  12039332 120944468     22.55   3379320  21362724       696
12:30:34 AM 513721548 513854772   4645652      0.88    216608   7934984  16174864      3.02   3378820   7541904       416
12:30:44 AM 500920452 501059408  14189000      2.69    217084  11114480 119818316     22.34   3380720  20109448       176
12:30:54 AM 499844692 499984148  14577940      2.76    217100  11800644 120749164     22.52   3380736  21164756       420
12:31:04 AM 499780864 499920764  14641092      2.77    217120  11801092 120755656     22.52   3380756  21198764       364
12:31:14 AM 499679244 499819580  14741764      2.79    217136  11801504 120863136     22.54   3380772  21312852       316
12:31:24 AM 499608052 499748944  14810004      2.81    217276  11804280 120942740     22.55   3380888  21395820       500
12:31:34 AM 499609424 499750764  14751252      2.79    217296  11861688 120863364     22.54   3380928  21338812       448
12:31:44 AM 499568872 499711224  14790648      2.80    217308  11862756 120912684     22.55   3380940  21390892       320
12:31:54 AM 513867604 514011888   4488560      0.85    217408   7943500  15814376      2.95   3380492   7414236       956
12:32:04 AM 500885768 501034340  14493556      2.75    217844  10835604 119707732     22.32   3382452  19945508       636
12:32:14 AM 500486960 500635796  14689104      2.78    217868  11027252 119847432     22.35   3382468  20263704       312
12:32:24 AM 500402968 500551888  14782548      2.80    217884  11027356 119931836     22.36   3382480  20319796       136
12:32:34 AM 500111804 500260916  14961396      2.83    217900  11138844 120100588     22.39   3382500  20546408       176
12:32:44 AM 500039808 500189092  15031924      2.85    217908  11139036 120097784     22.39   3382516  20516528       116
12:32:54 AM 499945960 500095432  15068624      2.85    217932  11198036 120209592     22.41   3382536  20663408       164
12:33:04 AM 499851364 500001596  15102716      2.86    217948  11257156 120335012     22.44   3382552  20780440       324
12:33:14 AM 499810868 499961284  15143224      2.87    217960  11257312 120400656     22.45   3382560  20820820       208
12:33:24 AM 499766572 499917148  15191764      2.88    217976  11257456 120401824     22.45   3382580  20898700       284
12:33:34 AM 499892068 500042804  15064332      2.85    217992  11257600 120338508     22.44   3382588  20774696       244
12:33:44 AM 499782472 499933392  15170548      2.87    218016  11257808 120361972     22.44   3382616  20859828        64
12:33:54 AM 499778660 499929852  15172096      2.87    218096  11259148 120415880     22.45   3382688  20883992       436
12:34:04 AM 499636812 499789200  15312336      2.90    218144  11260292 120481528     22.47   3382744  21005240       400
12:34:14 AM 499675608 499828212  15274816      2.89    218176  11260444 120475664     22.46   3382776  20983616       404
12:34:24 AM 499799924 499952684  15154424      2.87    218192  11260588 120387748     22.45   3382792  20856772       380
12:34:34 AM 499859544 500012440  15092116      2.86    218212  11260740 120289808     22.43   3382816  20785460       464
12:34:44 AM 499882484 500035628  15066784      2.85    218228  11260932 120290484     22.43   3382828  20775164       484
12:34:54 AM 499825684 499979032  15125652      2.87    218240  11261092 120322140     22.44   3382848  20849408       216
12:35:04 AM 499843948 499998168  15107816      2.86    218256  11261996 120330344     22.44   3382856  20858344       344
12:35:14 AM 499793044 499947432  15157872      2.87    218272  11262128 120361968     22.44   3382872  20852932       412
12:35:24 AM 499789696 499944240  15160904      2.87    218288  11262300 120344416     22.44   3382888  20873880       416
12:35:34 AM 507539896 507694736   7418484      1.41    218300  11262484  52845164      9.85   4273844  12599264       584
12:35:44 AM 501698072 501858740  14294944      2.71    218764  10213368 117875904     21.98   3384292  19166044       116
12:35:54 AM 500435200 500596048  14776384      2.80    218780  10994708 119893608     22.36   3384360  20349288        52
12:36:04 AM 500270204 500431208  14896988      2.82    218796  11039444 120020340     22.38   3384380  20454652       364
12:36:14 AM 500033092 500194456  15073964      2.86    218812  11101644 120186672     22.41   3384392  20672368       336
12:36:24 AM 500003084 500164372  15098064      2.86    218828  11104148 120221828     22.42   3384408  20678020       356
12:36:34 AM 500006468 500167932  15094984      2.86    218844  11104292 120203096     22.41   3384428  20641932       296
12:36:44 AM 499856816 500018556  15241512      2.89    218856  11108644 120258172     22.42   3384440  20761596       900
12:36:54 AM 499864096 500026556  15226892      2.88    218872  11115840 120338560     22.44   3384452  20791288       296
12:37:04 AM 499679936 499842584  15414272      2.92    218888  11116000 120445728     22.46   3384468  20983116       288
12:37:14 AM 499623484 499786272  15424228      2.92    218904  11160740 120490340     22.47   3384484  21028532       292
12:37:24 AM 499600880 499763856  15394192      2.92    218936  11217060 120560552     22.48   3384504  21040048       276
12:37:34 AM 499505124 499668308  15486584      2.93    219016  11217216 120575812     22.48   3384580  21123888       316
12:37:44 AM 499496880 499661220  15491468      2.93    219076  11218492 120606284     22.49   3384660  21153980       432
12:37:54 AM 499525584 499690324  15446056      2.93    219088  11237424 120594596     22.49   3384668  21105492       340
12:38:04 AM 499586924 499751844  15383924      2.91    219104  11237576 120496812     22.47   3384688  21050844       308
12:38:14 AM 499709216 499874320  15260808      2.89    219120  11237744 120418776     22.45   3384704  20976360       384
12:38:24 AM 499673392 499838644  15297936      2.90    219136  11237876 120466824     22.46   3384720  20988004       432
12:38:34 AM 499622140 499787568  15349428      2.91    219152  11238044 120506672     22.47   3384736  21065524       212
12:38:44 AM 499621268 499787524  15349964      2.91    219168  11238968 120520752     22.47   3384752  21086912      1352
12:38:54 AM 499623600 499790172  15347152      2.91    219180  11239140 120537148     22.48   3384764  21064828       200
12:39:04 AM 503201996 503373976  13843012      2.62    219652   9165320 116285220     21.68   3386172  17807240      3672
12:39:14 AM 499650452 499822576  14599708      2.77    219668  11957924 120759664     22.52   3386244  21183156       676
12:39:24 AM 499257048 499429332  14828236      2.81    219684  12123160 121015596     22.56   3386260  21578756       188
12:39:34 AM 499059232 499231700  14918152      2.83    219700  12231088 121249936     22.61   3386276  21778480       172
12:39:44 AM 498828552 499001232  15148752      2.87    219716  12231284 121054992     22.57   3386296  21935508       288
12:39:54 AM 498846832 499019664  15129104      2.87    219732  12231420 121297196     22.62   3386300  21874144       152
12:40:04 AM 498853592 499026984  15120428      2.86    219752  12232196 121353076     22.63   3386328  21871596      1236
12:40:14 AM 498698004 498871828  15276484      2.89    219764  12232376 121420276     22.64   3386340  22007968       148
12:40:24 AM 498680852 498854844  15295588      2.90    219776  12232520 121533540     22.66   3386352  22035632       232
12:40:34 AM 498579044 498753216  15395596      2.92    219792  12232660 121528100     22.66   3386368  22131308       252
12:40:44 AM 498588660 498763028  15384368      2.91    219808  12232860 121524976     22.66   3386384  22125160       216
12:40:54 AM 498668796 498843340  15305784      2.90    219856  12232992 121545656     22.66   3386428  22078560       224
12:41:04 AM 498504232 498679832  15467484      2.93    219932  12234132 121593736     22.67   3386500  22195188      1120
12:41:14 AM 498500288 498676264  15472912      2.93    219976  12234280 121633172     22.68   3386548  22198624       500
12:41:24 AM 498319532 498495684  15649192      2.96    220000  12234432 121629676     22.68   3386576  22256920       216
12:41:34 AM 498443264 498619592  15529228      2.94    220016  12234576 121493716     22.65   3386592  22093728       556
12:41:44 AM 498496172 498672720  15475284      2.93    220032  12234784 121423776     22.64   3386608  22059124       444
12:41:54 AM 498415888 498592608  15407428      2.92    220048  12383360 121553076     22.66   3386620  22182664       144
12:42:04 AM 498437584 498614996  15384316      2.91    220064  12384276 121581584     22.67   3386640  22157132      1412
12:42:14 AM 498378584 498556392  15441736      2.93    220080  12384420 121583144     22.67   3386656  22206892       216
12:42:24 AM 498383136 498561184  15437112      2.92    220092  12384572 121596840     22.67   3386668  22204660       168
12:42:34 AM 498297688 498475832  15521588      2.94    220108  12384712 121642160     22.68   3386680  22287248       140
12:42:44 AM 513205880 513384472   5107524      0.97    220136   7972368  17159756      3.20   3386200   8046244        80
12:42:54 AM 500594096 500778328  14507604      2.75    220616  11097268 119243600     22.23   3388144  20237228       248
12:43:04 AM 499323716 499508188  15092036      2.86    220632  11779560 120793496     22.52   3388168  21328908       164
12:43:14 AM 499053860 499238484  15245908      2.89    220648  11895284 121055188     22.57   3388184  21518528       124
12:43:24 AM 498728192 498912988  15442844      2.93    220664  12023540 121266928     22.61   3388200  21833308       124
12:43:34 AM 498728512 498913468  15425676      2.92    220672  12042460 121363000     22.63   3388208  21839048       100
12:43:44 AM 498561784 498746920  15460768      2.93    220688  12172324 121436020     22.64   3388224  22040920        64
12:43:54 AM 498541316 498727188  15480572      2.93    220716  12173088 121495032     22.65   3388248  22072292       192
12:44:04 AM 498472204 498658320  15553000      2.95    220732  12173240 121595036     22.67   3388260  22117932       192
12:44:14 AM 498213524 498399824  15811648      3.00    220748  12173388 121804816     22.71   3388276  22392944        16
12:44:24 AM 498157168 498343604  15863436      3.00    220764  12173540 121879908     22.73   3388304  22444820       320
12:44:34 AM 498228768 498415332  15791260      2.99    220800  12173680 121825128     22.72   3388324  22370912       356
12:44:44 AM 498147404 498334268  15875728      3.01    220852  12173884 121842320     22.72   3388384  22435116       340
12:44:54 AM 498125200 498313340  15896032      3.01    220932  12176664 121876316     22.73   3388460  22469276       668
12:45:04 AM 498132424 498320792  15884280      3.01    220952  12179952 121895072     22.73   3388484  22439036       520
12:45:14 AM 498131244 498319796  15888044      3.01    220968  12180116 121812636     22.71   3388500  22423024       548
12:45:24 AM 498299744 498488436  15715572      2.98    220984  12180264 121654416     22.68   3388516  22238496       176
12:45:34 AM 498229284 498418132  15786992      2.99    221000  12180420 121703632     22.69   3388528  22334684       184
12:45:44 AM 498211028 498400120  15804984      2.99    221016  12180624 121730996     22.70   3388548  22351788       180
12:45:54 AM 498201264 498391256  15812080      3.00    221032  12181488 121771628     22.71   3388560  22354776       136
12:46:04 AM 498169284 498359420  15846760      3.00    221048  12181656 121759440     22.70   3388580  22382148       204
12:46:14 AM 513726480 513917032   4574204      0.87    221092   7981768  15829624      2.95   3388064   7502512        40
12:46:24 AM 499515068 499710544  14741056      2.79    221524  11939656 120963656     22.56   3390040  21267320        80
12:46:34 AM 498433168 498629996  15039432      2.85    221540  12718212 121780744     22.71   3390056  22364324       100
12:46:44 AM 497951096 498148336  15317940      2.90    221556  12919568 122014988     22.75   3390068  22702724        72
12:46:54 AM 497669336 497866280  15416320      2.92    221572  13109160 122149880     22.78   3390080  22963712        84
12:47:04 AM 497694388 497892208  15385876      2.91    221588  13109288 122330924     22.81   3390100  22891480        44
12:47:14 AM 497488324 497686564  15590768      2.95    221604  13109424 122352404     22.81   3390112  23025600         0
12:47:24 AM 497497316 497696164  15582520      2.95    221624  13110188 122426624     22.83   3390136  23022352       424
12:47:34 AM 497346136 497544764  15735560      2.98    221640  13110332 122514896     22.84   3390152  23204308       364
12:47:44 AM 497432656 497631888  15645940      2.96    221656  13110520 122548236     22.85   3390168  23148168       292
12:47:54 AM 497232076 497431300  15848260      3.00    221676  13110672 122678616     22.87   3390188  23372024       280
12:48:04 AM 497333960 497533484  15746176      2.98    221696  13110796 122625860     22.86   3390212  23271564       388
12:48:14 AM 497143500 497343112  15748348      2.98    221728  13298444 122754752     22.89   3390240  23466108       336
12:48:24 AM 496896540 497098652  15989128      3.03    221800  13299644 122868056     22.91   3390308  23576864       416
12:48:34 AM 496766812 496968852  16122636      3.05    221856  13299788 122699680     22.88   3390364  23711764       344
12:48:44 AM 496859912 497061660  16027024      3.04    221884  13299992 122936420     22.92   3390396  23628908       292
12:48:54 AM 497059588 497261520  15828108      3.00    221900  13300120 122778948     22.89   3390412  23424984       164
12:49:04 AM 497134140 497336160  15749428      2.98    221916  13300268 122621936     22.86   3390428  23339948       152
12:49:14 AM 497316484 497518704  15570828      2.95    221932  13300400 122531920     22.85   3390444  23185376       156
12:49:24 AM 497258976 497461996  15627632      2.96    221956  13301272 122573104     22.86   3390464  23283272       356
12:49:34 AM 497183848 497386864  15702896      2.97    221972  13301416 122683240     22.88   3390480  23350496       244
12:49:44 AM 497017508 497220708  15868584      3.01    221984  13301604 122702032     22.88   3390492  23426832       268
12:49:54 AM 497027512 497231148  15857464      3.00    222000  13301728 122696156     22.88   3390508  23432968       204
12:50:04 AM 497077964 497281508  15806240      2.99    222016  13301884 122747324     22.89   3390524  23394704       204
12:50:14 AM 513138796 513342236   5144812      0.97    222072   7991572  20212120      3.77   3390040   8153508       140
12:50:24 AM 499319128 499527192  14757120      2.80    222492  12112560 121004208     22.56   3391996  21464432       740
12:50:34 AM 498249696 498457848  15263796      2.89    222508  12680792 121781600     22.71   3392008  22448912       220
12:50:44 AM 497872156 498080520  15365664      2.91    222524  12956764 122253848     22.80   3392024  22813008       216
12:50:54 AM 497523460 497731940  15665840      2.97    222540  13005632 122498412     22.84   3392036  23191252       328
12:51:04 AM 497435904 497644464  15751848      2.98    222556  13005780 122488828     22.84   3392056  23150556       280
12:51:14 AM 497412536 497621244  15589892      2.95    222572  13191496 122668252     22.87   3392068  23252052       308
12:51:24 AM 497199348 497408868  15802084      2.99    222592  13192244 122736616     22.89   3392088  23447196       420
12:51:34 AM 497155948 497365636  15844404      3.00    222608  13192400 122881156     22.91   3392104  23497240       288
12:51:44 AM 496787232 496997316  16212172      3.07    222624  13192604 123064780     22.95   3392124  23798660       248
12:51:54 AM 496741760 496952580  16254920      3.08    222640  13192748 123069432     22.95   3392136  23786304       300
12:52:04 AM 496744276 496954920  16250124      3.08    222664  13192904 123045232     22.94   3392164  23700680       208
12:52:14 AM 496655456 496868084  16331972      3.09    222740  13193048 123047184     22.94   3392236  23781084       464
12:52:24 AM 496649676 496863492  16339612      3.10    222808  13194160 123105784     22.95   3392296  23762016       472
12:52:34 AM 496483904 496699360  16502928      3.13    222824  13194320 123195640     22.97   3392324  23942716       264
12:52:44 AM 496533372 496747884  16454596      3.12    222844  13194524 123133132     22.96   3392344  23884332       276
12:52:54 AM 496691728 496906312  16248924      3.08    222856  13241584 123027684     22.94   3392356  23721172       224
12:53:04 AM 496693204 496907552  16251180      3.08    222872  13241720 123026480     22.94   3392368  23757788       284
12:53:14 AM 496703544 496917808  16239632      3.08    222888  13241868 123053456     22.94   3392380  23744460       232
12:53:24 AM 496619620 496834452  16325824      3.09    222904  13242780 123082364     22.95   3392392  23855800       264
12:53:34 AM 496583744 496798312  16361684      3.10    222912  13242924 123099964     22.95   3392420  23862564       312
12:53:44 AM 496649648 496864180  16298704      3.09    222928  13243108 123092432     22.95   3392436  23823220       192
12:53:54 AM 496994976 497209476  15954564      3.02    222944  13243156 122830496     22.90   3392452  23501460       184
12:54:04 AM 497015052 497229572  15934464      3.02    222960  13243164 122817912     22.90   3392456  23498176        68
12:54:14 AM 497023528 497238100  15925948      3.02    222976  13243184 122817912     22.90   3392480  23497456        52
12:54:24 AM 497038756 497253728  15909980      3.01    223000  13243888 122817912     22.90   3392496  23498044       244
12:54:34 AM 497052504 497267644  15896208      3.01    223016  13243896 122817912     22.90   3392512  23497924        84
12:54:44 AM 497062980 497278280  15885648      3.01    223032  13243956 122817912     22.90   3392532  23497920        20
12:54:54 AM 497082240 497297608  15866364      3.01    223048  13243964 122817912     22.90   3392548  23498900        20
12:55:04 AM 497094680 497310112  15853904      3.00    223064  13243968 122817912     22.90   3392560  23499592        92
12:55:14 AM 497112836 497328324  15835744      3.00    223080  13243984 122817912     22.90   3392580  23506988        68
12:55:24 AM 497126436 497342508  15821144      3.00    223100  13244932 122817912     22.90   3392592  23508520        32
12:55:34 AM 497138224 497354488  15809340      2.99    223116  13244932 122817912     22.90   3392608  23508220         8
12:55:44 AM 497149528 497365908  15797964      2.99    223132  13244980 122817912     22.90   3392624  23508584        12
12:55:54 AM 497159044 497375456  15788424      2.99    223148  13244988 122817912     22.90   3392640  23508724        20
12:56:04 AM 497171992 497388464  15775516      2.99    223164  13244988 122817912     22.90   3392656  23507140        24
12:56:14 AM 497177032 497393548  15770444      2.99    223180  13245004 122818472     22.90   3392672  23507156        20
12:56:24 AM 497185080 497401968  15761652      2.99    223196  13245696 122817912     22.90   3392692  23506912       392
12:56:34 AM 497193336 497410400  15753376      2.98    223212  13245700 122817912     22.90   3392708  23505592       224
12:56:44 AM 497198468 497415692  15748164      2.98    223228  13245760 122817912     22.90   3392724  23505924       104
12:56:54 AM 497203228 497420480  15743396      2.98    223236  13245760 122817912     22.90   3392732  23506024        72
12:57:04 AM 497208724 497426048  15737884      2.98    223252  13245760 122817912     22.90   3392748  23504896        52
12:57:14 AM 497214156 497431528  15732412      2.98    223264  13245784 122817912     22.90   3392760  23503932        84
12:57:24 AM 497220044 497438044  15725372      2.98    223408  13246752 122817912     22.90   3392824  23505088        12
12:57:34 AM 497225188 497443340  15720208      2.98    223424  13246752 122817912     22.90   3392864  23505264        16
12:57:44 AM 497232904 497451312  15712416      2.98    223440  13246812 122817912     22.90   3392900  23505132       140
12:57:54 AM 497238372 497456904  15706932      2.98    223456  13246812 122817912     22.90   3392924  23504560        12
12:58:04 AM 497243648 497462224  15701632      2.97    223472  13246820 122817912     22.90   3392944  23504576        28
12:58:14 AM 497247440 497466092  15697796      2.97    223488  13246832 122817912     22.90   3392960  23504212        84
12:58:24 AM 497251508 497470756  15692604      2.97    223888  13247520 122822096     22.90   3393108  23507156       804
12:58:34 AM 497253440 497472872  15690660      2.97    223904  13247524 122817912     22.90   3393200  23505848        68
12:58:44 AM 497254272 497473928  15689736      2.97    223920  13247588 122817912     22.90   3393280  23505304       108
12:58:54 AM 497254712 497474620  15689444      2.97    223936  13247584 122817912     22.90   3393368  23505048       244
12:59:04 AM 497255512 497475508  15688636      2.97    223952  13247596 122817912     22.90   3393412  23504932       208
12:59:14 AM 497257216 497477276  15686912      2.97    223968  13247600 122817912     22.90   3393440  23504780        48
12:59:24 AM 497258704 497479448  15684452      2.97    223984  13248528 122817912     22.90   3393468  23505920       800
12:59:34 AM 497264992 497485992  15678152      2.97    224008  13248544 122817912     22.90   3393496  23506200        68
12:59:44 AM 497267944 497489048  15675108      2.97    224024  13248596 122817912     22.90   3393512  23506344         4
12:59:54 AM 497269444 497490592  15673576      2.97    224040  13248604 122817912     22.90   3393528  23506148        72
01:00:04 AM 497270336 497491504  15672660      2.97    224056  13248604 122817912     22.90   3393548  23506360        56
01:00:14 AM 497269868 497491116  15673104      2.97    224072  13248612 122817912     22.90   3393560  23511044        84
01:00:24 AM 497267264 497489040  15675024      2.97    224088  13249352 122822284     22.90   3393584  23521064       796
01:00:34 AM 497270884 497492752  15671380      2.97    224104  13249356 122817912     22.90   3393596  23520048        32
01:00:44 AM 497274704 497496668  15667496      2.97    224120  13249404 122817912     22.90   3393616  23519692       116
01:00:54 AM 497279092 497501164  15663076      2.97    224132  13249412 122817912     22.90   3393628  23519568        80
01:01:04 AM 497280572 497502656  15661580      2.97    224148  13249412 122817912     22.90   3393640  23519568        76
01:01:14 AM 497281428 497503512  15660680      2.97    224164  13249428 122817912     22.90   3393656  23519104        76
01:01:24 AM 497283500 497506252  15657576      2.97    224188  13250416 122818936     22.90   3394412  23517880       696
01:01:34 AM 508126892 508350336   5338084      1.01    224288  12777820  22643588      4.22   7000660   9472700       544
01:01:44 AM 503752860 503981696  14373584      2.72    224732   8065188 115725528     21.58   3395996  17153700       368
01:01:54 AM 503469952 503700988  14652248      2.78    224872   8067248 116930868     21.80   3396136  17423524      1016
01:02:04 AM 503365012 503598060  14754496      2.79    224884   8070036 116932888     21.80   3396152  17471868       368
01:02:14 AM 503447692 503686348  14617724      2.77    225364   8124628 115964608     21.62   3397600  17452272       656
01:02:24 AM 503038120 503278908  15023000      2.85    225504   8127368 117299844     21.87   3397744  17864464       964
01:02:34 AM 502796424 503039104  15262036      2.89    225520   8130076 117444464     21.90   3397760  18052304       348
01:02:44 AM 503710936 503959928  14339864      2.72    225984   8133336 115771368     21.59   3399212  17237768       596
01:02:54 AM 502707580 502958380  15286704      2.90    226104   8188776 117550972     21.92   3399352  18189236       880
01:03:04 AM 502281044 502533620  15711468      2.98    226132   8190500 117807640     21.97   3399380  18536464       680
01:03:14 AM 513038720 513292412   5188532      0.98    226188   8033492  16720288      3.12   3398916   8105436      1056
01:03:24 AM 502310620 502568832  15628800      2.96    226624   8241176 117848024     21.97   3400804  18552124       248
01:03:34 AM 501896284 502156216  16033272      3.04    226752   8250584 118195052     22.04   3400928  18946268       328
01:03:44 AM 501676620 501938292  16249616      3.08    226760   8253876 118381028     22.07   3400940  19156484       272
01:03:54 AM 504033104 504297452  14131576      2.68    227052   8043148  89145216     16.62   3401396  17066628       720
01:04:04 AM 501646904 501915232  16221284      3.07    227232   8308448 118319552     22.06   3402380  19101960       232
01:04:14 AM 501298944 501568760  16561876      3.14    227368   8315644 118346048     22.07   3402512  19393676       328
01:04:24 AM 501012792 501283960  16846208      3.19    227376   8317012 118778576     22.15   3402520  19669924       272
01:04:34 AM 513105524 513377804   5100828      0.97    227432   8050312  16720288      3.12   3402052   8100548       152
01:04:44 AM 501850600 502129072  14239548      2.70    227856  10087368 118655476     22.12   3403888  19040772       144
01:04:54 AM 501693884 501972948  14391532      2.73    227876  10091080 118739260     22.14   3403932  19199440       224
01:05:04 AM 501615428 501895044  14469232      2.74    227888  10091628 118767500     22.15   3403940  19251600       604
01:05:14 AM 501569292 501849636  14496616      2.75    228028  10110212 118826768     22.16   3404072  19323588       508
01:05:24 AM 501589468 501870308  14466616      2.74    228036  10119796 118778456     22.15   3404088  19280696       620
01:05:34 AM 501589020 501870472  14466412      2.74    228052  10120328 118807252     22.15   3404104  19316204       564
01:05:44 AM 502671840 502958636  14178324      2.69    228524   9324704 116801920     21.78   3405532  18235708      3476
01:05:54 AM 501763164 502050532  14405928      2.73    228540  10004324 118685544     22.13   3405584  19155080       872
01:06:04 AM 501670712 501958700  14497300      2.75    228552  10004896 118745428     22.14   3405592  19243924       500
01:06:14 AM 501595544 501884152  14547412      2.76    228680  10029380 118796700     22.15   3405684  19305236       300
01:06:24 AM 501589744 501878964  14552848      2.76    228700  10029952 118745736     22.14   3405740  19276844       296
01:06:34 AM 504875804 505165504  11267456      2.13    228708  10030512  81157924     15.13   3645652  15772060       348
01:06:44 AM 501471896 501766540  14266736      2.70    229184  10433652 118040036     22.01   3407124  19463932       180
01:06:54 AM 499549760 499844756  14432636      2.73    229200  12188516 120882148     22.54   3407176  21373452       208
01:07:04 AM 499391088 499686488  14590512      2.76    229216  12188908 120946816     22.55   3407188  21515924       200
01:07:14 AM 499263764 499559556  14717432      2.79    229224  12189300 121049804     22.57   3407200  21627428       216
01:07:24 AM 499283452 499579648  14697152      2.78    229272  12189660 121007920     22.56   3407232  21606956       356
01:07:34 AM 499205328 499502068  14774184      2.80    229376  12190064 121097592     22.58   3407344  21700224       160
01:07:44 AM 499309060 499606628  14662636      2.78    229384  12198140 120958432     22.55   3407352  21566564       196
01:07:54 AM 499266096 499564208  14704752      2.79    229388  12198492 120998716     22.56   3407360  21613596       148
01:08:04 AM 499258924 499557416  14711752      2.79    229404  12198852 121036348     22.57   3407376  21637932       628
01:08:14 AM 502766680 503071764  14060700      2.66    229876   9339224 116546368     21.73   3408824  18115472       772
01:08:24 AM 499707164 500012576  14523364      2.75    229888  11935272 120717168     22.51   3408852  21188312       968
01:08:34 AM 499519876 499825652  14661924      2.78    229904  11983388 120851112     22.53   3408864  21380876       424
01:08:44 AM 499402564 499708808  14778892      2.80    229916  11983836 120952888     22.55   3408876  21491432       468
01:08:54 AM 499335416 499642004  14845172      2.81    229928  11984200 121004816     22.56   3408888  21553568       424
01:09:04 AM 499302960 499610080  14877080      2.82    230064  11984580 121061692     22.57   3409000  21612832       516
01:09:14 AM 499398200 499706016  14780844      2.80    230080  11985588 120919456     22.55   3409040  21494772      1328
01:09:24 AM 499369040 499677552  14809488      2.81    230096  11985948 120960872     22.55   3409056  21551392       256
01:09:34 AM 510457524 510767072   5388972      1.02    230120  10390188  21327416      3.98   5144940   8972292      1284
01:09:44 AM 501420764 501734664  14399472      2.73    230704  10336128 117976140     22.00   3410632  19349076       184
01:09:54 AM 500606960 500921084  14726468      2.79    230720  10814548 119550956     22.29   3410648  20054300       184
01:10:04 AM 499954900 500269096  14923160      2.83    230732  11273292 120049036     22.38   3410656  20645396       168
01:10:14 AM 499787152 500101468  15094484      2.86    230744  11273444 120141632     22.40   3410668  20736940       124
01:10:24 AM 499841956 500156360  15037040      2.85    230760  11273580 120159216     22.41   3410684  20710656       112
01:10:34 AM 499807300 500121868  15073460      2.86    230776  11276080 120148664     22.40   3410700  20762068        88
01:10:44 AM 499766740 500081908  15112788      2.86    230792  11276892 120196728     22.41   3410716  20773072        84
01:10:54 AM 499654716 499970260  15207588      2.88    230804  11293488 120292840     22.43   3410724  20912588        48
01:11:04 AM 499637188 499952872  15224248      2.88    230812  11293640 120366700     22.44   3410736  20964400        76
01:11:14 AM 499636668 499952488  15223588      2.88    230820  11293788 120319820     22.43   3410744  20966676        16
01:11:24 AM 499680448 499996420  15181508      2.88    230836  11293928 120301068     22.43   3410756  20939188       216
01:11:34 AM 499611660 499927836  15149836      2.87    230892  11396016 120424080     22.45   3410808  21027928       284
01:11:44 AM 499509004 499826336  15250820      2.89    230972  11397224 120468636     22.46   3410884  21121484      1900
01:11:54 AM 499451016 499768772  15307484      2.90    231008  11397400 120514356     22.47   3410932  21141736       424
01:12:04 AM 499384520 499702440  15373672      2.91    231020  11397564 120494404     22.47   3410944  21156156       420
01:12:14 AM 499576376 499894460  15183064      2.88    231032  11397700 120343188     22.44   3410956  20996704       340
01:12:24 AM 499659140 499977396  15099800      2.86    231048  11397844 120290444     22.43   3410972  20914772       204
01:12:34 AM 499632480 499950880  15127088      2.87    231060  11397992 120298004     22.43   3410984  20962316       156
01:12:44 AM 499558036 499877188  15199872      2.88    231076  11398940 120319784     22.43   3411000  20975840       176
01:12:54 AM 499550976 499870480  15206180      2.88    231092  11399084 120371332     22.44   3411016  21036268       316
01:13:04 AM 499544800 499864512  15212460      2.88    231108  11399240 120386588     22.45   3411032  21061724       180
01:13:14 AM 499492800 499812656  15266076      2.89    231124  11399388 120410008     22.45   3411044  21060144       164
01:13:24 AM 500315848 500639684  17637872      3.34    231468   8202476 113298200     21.13   3411776  20586356      2168
01:13:34 AM 500399504 500724528  14679808      2.78    231492  11070772 119796148     22.34   3412456  20293432       492
01:13:44 AM 499969060 500294308  14937624      2.83    231508  11245536 120137920     22.40   3412472  20737332       148
01:13:54 AM 499773272 500098704  15134728      2.87    231520  11245700 120246936     22.42   3412484  20868828       104
01:14:04 AM 499764296 500089892  15143648      2.87    231532  11245848 120306708     22.43   3412488  20875672       244
01:14:14 AM 499766836 500092544  15140712      2.87    231548  11245992 120243404     22.42   3412508  20858236        44
01:14:24 AM 499706916 500033020  15185244      2.88    231560  11264132 120337188     22.44   3412520  20955244       636
01:14:34 AM 499612320 499939028  15273508      2.89    231568  11264552 120415720     22.45   3412524  20998608       360
01:14:44 AM 499423212 499750128  15466196      2.93    231584  11264740 120486056     22.47   3412544  21137032       368
01:14:54 AM 499432728 499759820  15453880      2.93    231596  11264896 120500116     22.47   3412556  21127988       252
01:15:04 AM 499400832 499728068  15486872      2.93    231616  11265056 120513016     22.47   3412568  21138892       396
01:15:14 AM 499310676 499638136  15577428      2.95    231688  11265188 120530596     22.47   3412620  21200884       236
01:15:24 AM 499316700 499644736  15570972      2.95    231748  11265976 120562240     22.48   3412704  21208724      1312
01:15:34 AM 499289268 499618156  15597440      2.95    231772  11266492 120630144     22.49   3412728  21250992       232
01:15:44 AM 499279528 499608636  15584936      2.95    231784  11287032 120548208     22.48   3412732  21226812       228
01:15:54 AM 499332032 499661312  15470284      2.93    231800  11351192 120492732     22.47   3412760  21162908       196
01:16:04 AM 499250140 499579572  15547204      2.95    231816  11354852 120518828     22.47   3412772  21220768       172
01:16:14 AM 499272260 499601888  15526108      2.94    231828  11355020 120546960     22.48   3412784  21245988       144
01:16:24 AM 499214696 499544764  15582124      2.95    231836  11355656 120591484     22.49   3412792  21260228       884
01:16:34 AM 499228016 499558736  15568500      2.95    231848  11356108 120565712     22.48   3412804  21267292       164
01:16:44 AM 513155308 513486484   4982524      0.94    231896   8098552  16187808      3.02   3412332   8060624        24
01:16:54 AM 499861964 500199396  14717452      2.79    232420  11569336 120325368     22.44   3414356  20841984       688
01:17:04 AM 499108220 499445908  14941520      2.83    232440  12096372 120892116     22.54   3414368  21602268       668
01:17:14 AM 498915796 499253616  15134512      2.87    232456  12096488 120953056     22.55   3414384  21736440       352
01:17:24 AM 498658800 498997728  15285748      2.90    232468  12195000 121114712     22.58   3414396  21848768       324
01:17:34 AM 498636336 498975416  15306408      2.90    232480  12199812 121147664     22.59   3414408  21845112       260
01:17:44 AM 498460824 498799892  15317912      2.90    232488  12357824 121291300     22.62   3414416  22040320       328
01:17:54 AM 498384828 498724824  15394256      2.92    232492  12358572 121359284     22.63   3414420  22067548       588
01:18:04 AM 498241280 498581540  15539484      2.94    232504  12358720 121417112     22.64   3414432  22186640       288
01:18:14 AM 498215960 498557140  15563912      2.95    232508  12358864 121533520     22.66   3414436  22246768       272
01:18:24 AM 498099552 498440476  15681088      2.97    232520  12359008 121559868     22.67   3414456  22329424       272
01:18:34 AM 498231192 498572500  15543308      2.94    232536  12359136 121444220     22.64   3414472  22191972       168
01:18:44 AM 498139176 498480120  15640520      2.96    232556  12359332 121467664     22.65   3414492  22259268       152
01:18:54 AM 498074304 498416032  15706552      2.98    232640  12360464 121580180     22.67   3414576  22381760       520
01:19:04 AM 498060756 498402992  15720240      2.98    232708  12360616 121634884     22.68   3414644  22383864       296
01:19:14 AM 497981860 498323864  15800260      2.99    232724  12360760 121647380     22.68   3414660  22437232       320
01:19:24 AM 497991540 498333808  15628304      2.96    232732  12518716 121693448     22.69   3414668  22433864       268
01:19:34 AM 498077836 498420300  15543916      2.94    232740  12518860 121497064     22.65   3414676  22277772       124
01:19:44 AM 498158536 498501008  15465264      2.93    232744  12519040 121506744     22.66   3414680  22264068       112
01:19:54 AM 498105884 498449224  15518700      2.94    232760  12519964 121566116     22.67   3414696  22365096       268
01:20:04 AM 497999916 498343364  15624180      2.96    232768  12520128 121632144     22.68   3414704  22432756       128
01:20:14 AM 498010524 498354100  15612748      2.96    232784  12520264 121643088     22.68   3414720  22405104       100
01:20:24 AM 498008132 498351848  15617076      2.96    232796  12520424 121617128     22.68   3414724  22436472       120
01:20:34 AM 498009528 498353364  15613216      2.96    232808  12520560 121654632     22.68   3414736  22439820        64
01:20:44 AM 502132532 502478884  15767952      2.99    233156   8256860 105687472     19.71   3415336  18814244      1660
01:20:54 AM 499473452 499821840  14791148      2.80    233292  11879288 120649808     22.50   3416152  21223540       492
01:21:04 AM 498918656 499267288  15164848      2.87    233308  12062296 121014484     22.56   3416168  21741716       344
01:21:14 AM 498627724 498976524  15334580      2.90    233320  12182740 121343392     22.63   3416176  22059284       484
01:21:24 AM 498547048 498895952  15389776      2.92    233332  12207924 121435596     22.64   3416188  22095592       344
01:21:34 AM 498578068 498927108  15358432      2.91    233348  12208072 121310296     22.62   3416204  22055384       308
01:21:44 AM 498466168 498815536  15370000      2.91    233364  12311488 121515200     22.66   3416216  22199072       572
01:21:54 AM 498346116 498696744  15485796      2.93    233380  12312120 121639848     22.68   3416236  22306172       324
01:22:04 AM 498094348 498444596  15739100      2.98    233388  12312268 121753544     22.70   3416244  22517704       164
01:22:14 AM 498066584 498417012  15766164      2.99    233400  12312420 121844928     22.72   3416256  22543728       108
01:22:24 AM 498125652 498476236  15708084      2.98    233420  12312564 121734780     22.70   3416276  22522476       156
01:22:34 AM 498056540 498407276  15776160      2.99    233456  12312704 121797664     22.71   3416308  22565016        96
01:22:44 AM 498008956 498360096  15824532      3.00    233536  12313028 121831664     22.72   3416384  22571236       356
01:22:54 AM 497830588 498182808  16002160      3.03    233564  12314084 121911364     22.73   3416420  22710012       256
01:23:04 AM 497888640 498241016  15942508      3.02    233572  12314228 121857800     22.72   3416412  22648268       100
Average:    500195096 500267211  14668943      2.78    212326  11380982 114662893     21.38   3415554  20540088       367
