procs -----------memory---------- ---swap-- -----io---- -system-- ------cpu-----
 r  b   swpd   free   buff  cache   si   so    bi    bo   in   cs us sy id wa st
 0  0      0 508369472 188072 13419924    0    0     0     0    1    0  0  0 100  0  0
 0  0      0 508368512 188112 13420064    0    0     0    77 2022 3150  0  0 100  0  0
 1  0      0 508369952 188128 13420068    0    0     0    47 2152 3207  0  0 100  0  0
 0  0      0 508369280 188144 13420108    0    0     0    34 2054 3211  0  0 100  0  0
 0  0      0 508367744 188160 13420124    0    0     0    36 2070 3187  0  0 100  0  0
 0  0      0 508367072 188176 13420132    0    0     0    32 2096 3263  0  0 100  0  0
 0  0      0 508366848 188188 13420144    0    0     0    49 2119 3179  0  0 100  0  0
 1  0      0 508366912 188204 13420192    0    0     0    35 1998 3150  0  0 100  0  0
 0  0      0 514156000 188272 7987252    0    0     0    76 3703 4051  0  0 99  0  0
 6  0      0 504493568 188676 8046344    0    0    18   507 69326 156547 13  4 83  0  0
10  0      0 504223296 188740 8048428    0    0     0   453 88047 211835  3  1 96  0  0
11  0      0 513655552 188756 7997500    0    0     0   356 87366 208050  3  3 94  0  0
 7  0      0 504121568 189216 8106264    0    0    11   731 67442 153047 13  4 83  0  0
 3  0      0 503716352 189292 8109740    0    0     0   377 87200 201928  3  1 96  0  0
 2  0      0 503601792 189308 8112428    0    0     0   315 86925 203443  3  1 96  0  0
 6  0      0 503996096 189772 8168004    0    0     0   703 67095 147837 13  6 80  0  0
 7  0      0 503430016 189876 8172116    0    0     0   260 85254 193108  3  1 96  0  0
 9  0      0 503112320 189900 8177364    0    0     0   353 85522 191891  3  1 96  0  0
 0  0      0 513703680 189964 8016484    0    0     0   280 54776 122346  2  3 95  0  0
 8  0      0 503075648 190388 8234100    0    0     6   678 88138 193224 14  4 82  0  0
 4  0      0 502583712 190492 8243628    0    0     0   376 83784 190732  3  1 96  0  0
procs -----------memory---------- ---swap-- -----io---- -system-- ------cpu-----
 r  b   swpd   free   buff  cache   si   so    bi    bo   in   cs us sy id wa st
10  0      0 502582144 190508 8245336    0    0     0   303 83864 190823  3  1 96  0  0
 4  0      0 503900736 190996 8282928    0    0     7   687 64034 129172 13  7 79  0  0
 6  0      0 502409152 191056 8303804    0    0     0   272 79909 165777  3  1 96  0  0
 5  0      0 501967456 191168 8304700    0    0     0   499 81552 167926  3  1 96  0  0
 3  0      0 501784736 191184 8306024    0    0     0   282 81009 167809  3  1 96  0  0
28  0      0 513536224 191244 8036700    0    0     0   328 47884 92153  2  3 95  0  0
 4  0      0 502629792 191676 10066968    0    0    11   568 79828 148810 13  4 83  0  0
 5  0      0 502450848 191692 10101956    0    0     0   254 68554 126667  2  1 97  0  0
 2  0      0 502378560 191732 10102536    0    0     0   161 67963 124690  2  1 98  0  0
 4  0      0 502306304 191860 10148140    0    0     0   254 67136 122992  2  1 98  0  0
 2  0      0 502301440 191876 10148728    0    0     0   182 67457 122353  2  1 98  0  0
 2  0      0 513776256 191940 8044476    0    0     0   216 46713 86336  1  3 95  0  0
 2  0      0 502650368 192368 9970936    0    0     0   595 72584 137320 13  4 83  0  0
 2  0      0 502528608 192388 9982796    0    0     0   202 67388 125234  2  1 98  0  0
 4  0      0 502395424 192412 9992804    0    0     0   179 67564 125041  2  1 98  0  0
 4  0      0 502366368 192544 9993480    0    0     0   196 67579 124957  2  1 97  0  0
 2  0      0 502373888 192560 9994052    0    0     0   194 68104 124792  2  1 97  0  0
60  0      0 504773280 192864 8134984    0    0     8   386 48542 79606  7  5 88  0  0
 3  0      0 500809760 193044 11766232    0    0     0   478 65692 129093  7  3 90  0  0
 3  0      0 500262848 193064 12143192    0    0     0   243 61356 105095  2  1 98  0  0
 1  0      0 500133280 193080 12157672    0    0     0   140 60780 103573  2  1 98  0  0
procs -----------memory---------- ---swap-- -----io---- -system-- ------cpu-----
 r  b   swpd   free   buff  cache   si   so    bi    bo   in   cs us sy id wa st
 1  0      0 500105280 193096 12158052    0    0     0   151 60842 103359  2  1 98  0  0
 6  0      0 500044928 193216 12158436    0    0     0   147 60342 102156  2  0 98  0  0
 7  0      0 500062656 193256 12158876    0    0     0   187 60579 102611  2  1 98  0  0
 2  0      0 500087840 193272 12159840    0    0     0   302 60398 102091  2  1 98  0  0
 4  0      0 500089824 193280 12160224    0    0     0   150 60107 102280  2  1 98  0  0
 1  0      0 513745120 193304 8064348    0    0     0   250 51434 88289  1  4 95  0  0
 3  0      0 501989824 193760 10669320    0    0     6   642 54659 101207 12  4 84  0  0
 2  0      0 500363712 193776 11930832    0    0     0   129 60589 105100  1  1 98  0  0
 1  0      0 500268320 193796 11947716    0    0     0   213 63079 109393  2  1 98  0  0
 1  0      0 500057664 193812 11984992    0    0     0   183 62819 107507  2  1 98  0  0
 1  0      0 500051712 193940 11985460    0    0     0   180 62483 108364  2  1 98  0  0
 1  0      0 500058592 193968 11985872    0    0     0   178 62258 107646  2  1 98  0  0
 2  0      0 500105696 193984 11986940    0    0     0   302 61920 106888  2  1 98  0  0
10  1      0 513279296 194016 8443952    0    0     0   256 58040 102573  1  4 95  0  0
 1  1      0 501825248 194488 10564548    0    0     7   640 57175 128255 12  4 84  0  0
 3  1      0 501041792 194500 11075552    0    0     0   189 63616 147918  1  1 98  0  0
 2  1      0 500711360 194516 11210924    0    0     0   117 63177 145682  1  1 98  0  0
 3  0      0 500638016 194524 11313800    0    0     0    94 61107 150018  1  1 98  0  0
 7  0      0 500643520 194548 11313936    0    0     0   106 61951 148173  1  1 98  0  0
 4  0      0 500457056 194564 11314092    0    0     0    92 62698 147080  1  1 98  0  0
 2  0      0 500443808 194584 11314916    0    0     0   215 61743 146563  1  1 98  0  0
procs -----------memory---------- ---swap-- -----io---- -system-- ------cpu-----
 r  b   swpd   free   buff  cache   si   so    bi    bo   in   cs us sy id wa st
 2  0      0 500286432 194600 11315032    0    0     0    95 60937 147575  1  1 98  0  0
 3  0      0 500176928 194612 11315160    0    0     0   127 60615 146209  1  1 98  0  0
 5  0      0 500290656 194628 11315336    0    0     0   116 62406 145259  1  1 98  0  0
 2  0      0 500229888 194648 11315432    0    0     0   112 61139 146057  1  1 98  0  0
10  0      0 500277600 194676 11315608    0    0     0   105 61173 146365  1  1 98  0  0
 2  0      0 500205536 194756 11316816    0    0     0   313 59542 147664  1  1 98  0  0
 2  0      0 500167392 194796 11317024    0    0     0   102 59784 148060  1  1 98  0  0
 2  0      0 500251840 194812 11317228    0    0     0   134 60858 146652  1  1 98  0  0
 5  0      0 500312256 194828 11317380    0    0     0   122 59146 147004  1  1 98  0  0
 3  0      0 500354688 194844 11317456    0    0     0   145 60371 145327  1  1 98  0  0
 3  0      0 500354144 194860 11317612    0    0     0   118 60769 146042  1  1 98  0  0
 4  0      0 500313120 194876 11318552    0    0     0   263 60892 146800  1  1 98  0  0
 5  0      0 500231168 194888 11318700    0    0     0   153 60456 145699  1  1 98  0  0
 3  0      0 500221472 194896 11318864    0    0     0   122 58926 146021  1  1 98  0  0
 3  0      0 500258976 194912 11319008    0    0     0   121 60731 146727  1  1 98  0  0
 3  0      0 504721632 195388 8310420    0    0     0   480 50344 97132 12  7 81  0  0
 2  0      0 501200480 195404 10917808    0    0     0   463 68838 161664  1  2 97  0  0
 9  0      0 500573664 195420 11237988    0    0     0   174 65144 151750  1  1 98  0  0
 2  0      0 500404224 195436 11289844    0    0     0   101 64034 149314  1  1 98  0  0
 5  0      0 500363232 195452 11289944    0    0     0   103 63807 148904  1  1 98  0  0
 5  0      0 500295360 195468 11290120    0    0     0   110 61412 149828  1  1 98  0  0
procs -----------memory---------- ---swap-- -----io---- -system-- ------cpu-----
 r  b   swpd   free   buff  cache   si   so    bi    bo   in   cs us sy id wa st
 2  0      0 500188832 195484 11352924    0    0     0   112 61630 151009  1  1 98  0  0
 5  0      0 500129280 195500 11353128    0    0     0   202 64105 146594  1  1 98  0  0
 4  0      0 500021792 195516 11353292    0    0     0    90 60636 149375  1  1 98  0  0
 3  0      0 499995872 195532 11353508    0    0     0   116 63934 148957  1  1 98  0  0
 3  0      0 500019648 195556 11353668    0    0     0   109 62423 148751  1  1 98  0  0
 2  0      0 499974112 195632 11353836    0    0     0   114 62281 147405  1  1 98  0  0
 3  0      0 499925024 195704 11355000    0    0     0   313 60738 149680  1  1 98  0  0
 2  0      0 499912448 195716 11355164    0    0     0   103 62301 148454  1  1 98  0  0
 3  0      0 499964960 195732 11355296    0    0     0   154 61683 149054  1  1 98  0  0
 2  0      0 499943552 195748 11465672    0    0     0   135 62337 149755  1  1 98  0  0
 3  0      0 499921248 195764 11465848    0    0     0   124 60486 149088  1  1 98  0  0
 2  0      0 499891264 195780 11465996    0    0     0   111 60161 149667  1  1 98  0  0
 4  0      0 499873984 195792 11466908    0    0     0   136 61505 148547  1  1 98  0  0
 3  0      0 499901248 195800 11467080    0    0     0   248 60266 148986  1  1 98  0  0
 6  0      0 504736096 196260 8267764    0    0     0   222 49650 103177 13  7 81  0  0
 1  0      0 500584864 196276 11623880    0    0     0   505 64106 150412  1  2 97  0  0
 4  0      0 499844000 196292 12044496    0    0     0   164 61821 141620  1  1 98  0  0
 6  0      0 499538560 196300 12204948    0    0     0   109 62144 146188  1  1 98  0  0
 4  0      0 499208768 196316 12362344    0    0     0   103 61068 147678  1  1 98  0  0
 2  0      0 499286656 196328 12361956    0    0     0   127 59976 146174  1  1 98  0  0
 2  0      0 499039392 196340 12363092    0    0     0   126 61080 145767  1  1 98  0  0
procs -----------memory---------- ---swap-- -----io---- -system-- ------cpu-----
 r  b   swpd   free   buff  cache   si   so    bi    bo   in   cs us sy id wa st
 8  0      0 499101760 196356 12363700    0    0     0   245 61945 146161  1  1 98  0  0
 4  0      0 499067392 196372 12394884    0    0     0   124 61445 145779  1  1 98  0  0
 4  0      0 498968032 196388 12395100    0    0     0   103 59619 144085  1  1 98  0  0
 5  0      0 499053408 196404 12394648    0    0     0   102 60043 145736  1  1 98  0  0
 7  0      0 498976640 196444 12395116    0    0     0    96 61895 146178  1  1 98  0  0
 2  0      0 498913280 196508 12396472    0    0     0   266 59836 145398  1  1 98  0  0
 3  0      0 498874336 196576 12396300    0    0     0   137 60057 146154  1  1 98  0  0
 2  0      0 498737184 196596 12396572    0    0     0   136 59987 145218  1  1 98  0  0
 4  0      0 498830880 196612 12396832    0    0     0   130 60739 144131  1  1 98  0  0
 4  0      0 498942720 196628 12396336    0    0     0   136 61915 143078  1  1 98  0  0
 2  0      0 499039136 196640 12396124    0    0     0   133 59627 145999  1  1 98  0  0
 4  0      0 498901536 196656 12521920    0    0     0   138 61889 146572  1  1 98  0  0
 3  0      0 498882048 196672 12521892    0    0     0   273 61024 144506  1  1 98  0  0
 2  0      0 498915616 196684 12523628    0    0     0   127 60750 145812  1  1 98  0  0
 5  0      0 498817760 196700 12523688    0    0     0   138 59285 145805  1  1 98  0  0
 3  0      0 498775264 196716 12523800    0    0     0   140 60071 144920  1  1 98  0  0
 2  0      0 504084352 197188 8861128    0    0     0   560 46157 93131 12  7 81  0  0
 3  0      0 499998048 197204 12015900    0    0     0   244 62501 152616  1  2 97  0  0
 6  0      0 499296800 197220 12340092    0    0     0    89 64760 149034  1  1 98  0  0
 6  0      0 499177856 197244 12340676    0    0     0   119 62718 145660  1  1 98  0  0
 5  0      0 499195936 197260 12340620    0    0     0    98 61425 145500  1  1 98  0  0
procs -----------memory---------- ---swap-- -----io---- -system-- ------cpu-----
 r  b   swpd   free   buff  cache   si   so    bi    bo   in   cs us sy id wa st
 4  0      0 499114112 197276 12341076    0    0     0    98 60853 147851  1  1 98  0  0
 2  0      0 499101376 197304 12341464    0    0     0   188 61207 147431  1  1 98  0  0
 2  0      0 499046208 197320 12341560    0    0     0   178 62553 144080  1  1 98  0  0
 1  0      0 498940704 197336 12341960    0    0     0   124 61661 146830  1  1 98  0  0
 1  0      0 498862016 197352 12341884    0    0     0   105 62088 146140  1  1 98  0  0
 4  0      0 498923680 197384 12342044    0    0     0   101 61046 147005  1  1 98  0  0
 1  0      0 498823744 197452 12342232    0    0     0   153 61428 146190  1  1 98  0  0
 3  0      0 498828448 197508 12343380    0    0     0   231 61676 146422  1  1 98  0  0
 2  0      0 498744896 197540 12343516    0    0     0   200 60560 147505  1  1 98  0  0
 3  0      0 498800064 197556 12343760    0    0     0   129 60598 144197  1  1 98  0  0
 2  0      0 498908064 197564 12343884    0    0     0   141 59593 147279  1  1 98  0  0
 2  0      0 498776576 197576 12343936    0    0     0   118 60066 145779  1  1 98  0  0
38  0      0 498765600 197592 12344028    0    0     0   120 59168 144951  1  1 98  0  0
 2  0      0 498683904 197608 12465268    0    0     0   240 59298 147239  1  1 98  0  0
 4  0      0 498579904 197624 12465464    0    0     0   129 60456 146190  1  1 98  0  0
 1  0      0 514241056 197676 8121896    0    0     0   207 45251 98798  1  4 95  0  0
 3  0      0 499572800 198120 12451288    0    0     4   453 70966 165763 13  4 83  0  0
 4  0      0 498665472 198128 13057188    0    0     0   206 64517 147558  1  1 98  0  0
 4  0      0 498488448 198144 13256336    0    0     0   124 61762 150513  1  1 98  0  0
 2  0      0 498126688 198160 13256868    0    0     0    96 63625 148691  1  1 98  0  0
 3  0      0 497964032 198176 13450996    0    0     0   117 62762 151637  1  1 98  0  0
procs -----------memory---------- ---swap-- -----io---- -system-- ------cpu-----
 r  b   swpd   free   buff  cache   si   so    bi    bo   in   cs us sy id wa st
 8  0      0 497894400 198192 13450104    0    0     0    94 61279 144386  1  1 98  0  0
 2  0      0 497852992 198212 13451392    0    0     0   255 61422 144933  1  1 98  0  0
 2  0      0 497641984 198228 13453076    0    0     0    95 61596 141588  1  1 98  0  0
 3  0      0 497675392 198244 13453504    0    0     0    98 60046 145733  1  1 98  0  0
 1  0      0 497600800 198260 13452108    0    0     0    90 61086 145687  1  1 98  0  0
 3  0      0 497673376 198276 13452144    0    0     0   116 60005 145054  1  1 98  0  0
 6  0      0 497521472 198308 13451544    0    0     0   115 60373 146150  1  1 98  0  0
 2  0      0 497439168 198376 13452452    0    0     0   299 59731 146703  1  1 98  0  0
 3  0      0 497459296 198432 13453300    0    0     0   121 59913 147724  1  1 98  0  0
 2  0      0 497376928 198456 13452520    0    0     0   144 59802 148196  1  1 98  0  0
 3  0      0 497517440 198480 13501036    0    0     0   148 59075 143928  1  1 98  0  0
 3  0      0 497638336 198496 13500728    0    0     0   113 60279 144533  1  1 98  0  0
 4  0      0 497763040 198512 13501116    0    0     0   113 59447 144555  1  1 98  0  0
 4  0      0 497664352 198528 13501976    0    0     0   303 61674 146584  1  1 98  0  0
 2  0      0 497616544 198536 13502148    0    0     0   116 61422 146221  1  1 98  0  0
 7  0      0 497521952 198552 13501336    0    0     0   147 59911 147040  1  1 98  0  0
 5  0      0 497585600 198568 13500516    0    0     0   108 59455 145292  1  1 98  0  0
 6  0      0 497551168 198580 13500412    0    0     0   130 59862 144325  1  1 98  0  0
53  0      0 506640416 198848 8315928    0    0     0   204 34187 65456  5  6 89  0  0
 2  0      0 499758560 199052 12262580    0    0     7   535 80545 174894  8  4 88  0  0
 3  0      0 498865184 199064 12630964    0    0     0   152 63273 135570  1  1 98  0  0
procs -----------memory---------- ---swap-- -----io---- -system-- ------cpu-----
 r  b   swpd   free   buff  cache   si   so    bi    bo   in   cs us sy id wa st
 3  0      0 498326112 199088 13041820    0    0     0   110 62564 146817  1  1 97  0  0
 2  0      0 497952416 199104 13041936    0    0     0   101 62219 146320  1  1 98  0  0
 2  0      0 497794656 199120 13239672    0    0     0    99 62952 147953  1  1 98  0  0
 3  0      0 497860608 199140 13240280    0    0     0   105 62961 148505  1  1 98  0  0
 2  0      0 497684800 199156 13244084    0    0     0   230 63093 147107  1  1 98  0  0
 3  0      0 497691232 199172 13242096    0    0     0   123 60772 147656  1  1 98  0  0
 5  0      0 497406336 199188 13241516    0    0     0   102 61679 148378  1  1 98  0  0
 2  0      0 497251264 199204 13390260    0    0     0    96 61721 147542  1  1 98  0  0
 3  0      0 497373408 199224 13390260    0    0     0   112 60403 148234  1  1 98  0  0
 2  0      0 497205600 199284 13390484    0    0     0   118 61435 146233  1  1 98  0  0
 1  0      0 497186240 199344 13391796    0    0     0   287 62470 145299  1  1 98  0  0
 5  0      0 497068288 199372 13391308    0    0     0   117 63216 146558  1  1 98  0  0
 1  0      0 497076352 199424 13390624    0    0     0   198 60534 146653  1  1 98  0  0
 1  0      0 497314336 199440 13390788    0    0     0   125 60429 148504  1  1 98  0  0
 3  0      0 497318528 199456 13390864    0    0     0   135 61618 145131  1  1 98  0  0
 3  0      0 497302048 199472 13390996    0    0     0   128 61427 146498  1  1 98  0  0
 1  0      0 497138464 199488 13392176    0    0     0   279 61339 147493  1  1 98  0  0
 3  0      0 497212928 199504 13392056    0    0     0   110 60607 146381  1  1 98  0  0
 4  0      0 497252352 199520 13392044    0    0     0   112 61894 145834  1  1 98  0  0
 2  0      0 514243808 199616 8144968    0    0     0   232 34573 51261  1  5 95  0  0
 4  0      0 504164672 200056 8202224    0    0     8   595 79815 178803 14  4 82  0  0
procs -----------memory---------- ---swap-- -----io---- -system-- ------cpu-----
 r  b   swpd   free   buff  cache   si   so    bi    bo   in   cs us sy id wa st
 3  0      0 503960320 200184 8205592    0    0     0   446 88708 214820  3  1 96  0  0
 1  0      0 514097024 200236 8153612    0    0     0   384 75675 179487  3  3 94  0  0
 5  0      0 503729600 200684 8268212    0    0     8   756 79052 173794 14  4 82  0  0
 7  0      0 503368768 200860 8270184    0    0     0   466 87444 204787  3  1 96  0  0
 4  0      0 503375488 200876 8272080    0    0     0   337 85682 200886  3  1 96  0  0
 8  1      0 503700384 201332 8326588    0    0     0   627 57820 124495 13  6 81  0  0
 3  0      0 503093376 201468 8335544    0    0     0   298 84641 194219  3  1 96  0  0
 4  0      0 502789568 201484 8337372    0    0     0   367 85242 196119  3  1 96  0  0
 9  0      0 507981632 201752 8178408    0    0     8   300 54845 119285  6  4 90  0  0
10  0      0 502786912 201980 8389916    0    0     0   706 93549 209566 11  4 86  0  0
 2  0      0 502295840 202116 8404120    0    0     0   367 83995 188051  3  1 96  0  0
 7  0      0 502405408 202136 8405756    0    0     0   284 83911 184897  3  1 96  0  0
 6  0      0 503089568 202592 8446904    0    0     0   668 64766 131698 13  7 80  0  0
 5  0      0 502264224 202664 8452160    0    0     0   284 80580 163747  3  1 96  0  0
 1  0      0 501667488 202744 8457452    0    0     0   310 81438 167917  3  1 96  0  0
 5  0      0 501587584 202760 8458880    0    0     0   268 82512 171964  3  1 96  0  0
58  0      0 504542720 203088 8239072    0    0     0   409 55378 97205  7  4 88  0  0
 2  0      0 502300224 203276 10241912    0    0     0   524 70845 144723  8  3 90  0  0
 5  0      0 502192000 203296 10242548    0    0     0   222 67124 123595  2  1 98  0  0
 1  0      0 502155104 203360 10243128    0    0     0   158 67477 123267  2  1 98  0  0
 3  0      0 502125376 203456 10243744    0    0     0   180 67363 123600  2  1 98  0  0
procs -----------memory---------- ---swap-- -----io---- -system-- ------cpu-----
 r  b   swpd   free   buff  cache   si   so    bi    bo   in   cs us sy id wa st
 1  0      0 502101536 203472 10271780    0    0     0   173 67047 122532  2  1 98  0  0
 5  0      0 513463200 203536 8205584    0    0     0   215 43442 80156  1  3 96  0  0
 2  0      0 502369856 203968 10140656    0    0     8   543 76060 144135 13  4 83  0  0
 5  0      0 502238848 203988 10144764    0    0     0   260 68852 128173  2  1 97  0  0
 1  0      0 502096960 204052 10169332    0    0     0   172 69042 128462  2  1 97  0  0
 1  0      0 502077248 204140 10170000    0    0     0   200 69033 127033  2  1 97  0  0
 8  0      0 502081120 204156 10170644    0    0     0   216 68028 127106  2  1 97  0  0
 2  1      0 502761344 204620 9844072    0    0     8   619 55040 108394 13  6 81  0  0
 1  0      0 500135808 204636 12257944    0    0     0   170 59661 102538  1  1 98  0  0
 1  0      0 499961824 204652 12278784    0    0     0   224 63450 109766  2  1 98  0  0
 7  0      0 499871616 204668 12279232    0    0     0   150 62876 107502  2  1 98  0  0
 3  0      0 499858144 204756 12279676    0    0     0   170 63084 108495  2  1 98  0  0
 4  0      0 499890752 204820 12285432    0    0     0   174 62426 107027  2  1 98  0  0
 2  0      0 499880288 204920 12304508    0    0     0   411 64330 108272  2  1 98  0  0
 4  0      0 499857824 204936 12304940    0    0     0   274 62844 107406  2  1 98  0  0
16  0      0 507945664 205152 8224052    0    0     0   276 34991 60006  5  4 91  0  0
 1  0      0 500625568 205500 11750112    0    0    10   605 72936 134770  9  3 87  0  0
 2  0      0 500084512 205520 12094236    0    0     0   217 61920 105385  2  1 98  0  0
 6  0      0 499993088 205536 12094632    0    0     0   152 61733 105941  2  1 98  0  0
 2  0      0 499849728 205552 12096732    0    0     0   127 61359 105108  2  1 98  0  0
 2  0      0 499843584 205668 12097128    0    0     0   138 60743 103739  2  1 98  0  0
procs -----------memory---------- ---swap-- -----io---- -system-- ------cpu-----
 r  b   swpd   free   buff  cache   si   so    bi    bo   in   cs us sy id wa st
 1  0      0 499843808 205704 12097644    0    0     0   110 61080 105215  2  1 98  0  0
 2  0      0 499873280 205720 12098592    0    0     0   290 61165 104688  2  1 98  0  0
 1  0      0 499856896 205736 12098980    0    0     0   162 60505 103621  2  0 98  0  0
 4  0      0 502797632 206208 9880928    0    0     0   306 53614 110939 12  7 81  0  0
 3  0      0 501058912 206224 11056696    0    0     0   528 62640 145146  1  1 98  0  0
 5  0      0 500532736 206240 11316856    0    0     0   178 62602 146888  1  1 98  0  0
 4  0      0 500385024 206256 11356960    0    0     0   113 62616 150592  1  1 98  0  0
 3  0      0 500328416 206272 11461412    0    0     0   110 62528 149453  1  1 98  0  0
 1  0      0 500296032 206292 11461500    0    0     0   100 62251 147077  1  1 98  0  0
 3  0      0 500220672 206308 11462304    0    0     0   114 61401 148003  1  1 98  0  0
 5  0      0 500043200 206324 11462388    0    0     0   222 61855 147958  1  1 98  0  0
 5  0      0 500075968 206340 11462536    0    0     0   120 59881 147910  1  1 98  0  0
 3  0      0 500069088 206356 11462664    0    0     0   112 61863 145629  1  1 98  0  0
 2  0      0 500133408 206372 11462832    0    0     0   110 61108 146504  1  1 98  0  0
 2  0      0 500119552 206432 11463000    0    0     0   125 61007 147220  1  1 98  0  0
 2  0      0 500001952 206504 11464160    0    0     0   278 60410 146958  1  1 98  0  0
 2  0      0 499962880 206544 11464308    0    0     0   166 62119 147367  1  1 98  0  0
 5  0      0 499856256 206560 11553460    0    0     0   112 61254 148501  1  1 98  0  0
 3  0      0 500073952 206576 11553660    0    0     0   155 61055 146742  1  1 98  0  0
 2  0      0 500131200 206592 11553828    0    0     0   127 61290 145419  1  1 98  0  0
 3  0      0 500037536 206608 11553988    0    0     0   124 59528 147290  1  1 98  0  0
procs -----------memory---------- ---swap-- -----io---- -system-- ------cpu-----
 r  b   swpd   free   buff  cache   si   so    bi    bo   in   cs us sy id wa st
 3  0      0 500027008 206624 11554896    0    0     0   146 59415 147633  1  1 98  0  0
 4  0      0 499885024 206640 11672208    0    0     0   254 60473 147210  1  1 98  0  0
 2  0      0 499919552 206656 11672380    0    0     0   124 60585 146117  1  1 98  0  0
 3  0      0 499870688 206680 11672580    0    0     0   158 59251 147398  1  1 98  0  0
283  0      0 501846304 207148 8360288    0    0     7   346 45647 98082 11  7 82  0  0
 2  0      0 500914048 207172 11209052    0    0     0   436 67725 164244  2  2 96  0  0
 5  0      0 500339520 207188 11508048    0    0     0   157 64657 150417  1  1 98  0  0
 2  0      0 500154304 207204 11509328    0    0     0   103 61950 148510  1  1 98  0  0
 3  0      0 500017248 207220 11509476    0    0     0   104 62107 146761  1  1 98  0  0
 2  0      0 500021728 207236 11509636    0    0     0   100 62284 148018  1  1 98  0  0
 5  0      0 500056992 207256 11510392    0    0     0   206 61032 149139  1  1 98  0  0
 2  0      0 499986144 207272 11510612    0    0     0   105 60867 148041  1  1 98  0  0
 3  0      0 499833376 207296 11514484    0    0     7   113 61900 146775  1  1 98  0  0
 3  0      0 499779520 207312 11514636    0    0     0   150 61166 148921  1  1 98  0  0
 5  0      0 499833568 207332 11514792    0    0     0    96 62223 147248  1  1 98  0  0
 4  0      0 499772032 207428 11515012    0    0     0   124 60706 147774  1  1 98  0  0
 2  0      0 499736224 207480 11516052    0    0     0   141 60898 148655  1  1 98  0  0
 2  0      0 499752192 207504 11516232    0    0     0   310 62866 145834  1  1 98  0  0
 2  0      0 499792832 207520 11516392    0    0     0   143 61935 146089  1  1 98  0  0
 2  0      0 499805632 207536 11516560    0    0     0   126 61437 148103  1  1 98  0  0
 1  0      0 499834976 207552 11516704    0    0     0    97 60864 146443  1  1 98  0  0
procs -----------memory---------- ---swap-- -----io---- -system-- ------cpu-----
 r  b   swpd   free   buff  cache   si   so    bi    bo   in   cs us sy id wa st
 2  0      0 499776768 207560 11516944    0    0     0   129 60877 145929  1  1 98  0  0
 1  0      0 499773056 207576 11517796    0    0     0   130 62422 148225  1  1 98  0  0
 3  0      0 499825376 207592 11517972    0    0     0   264 60776 147726  1  1 98  0  0
43  0      0 506854240 207868 8408808    0    0     0   301 35329 67010  5  5 90  0  0
 4  0      0 500370016 208072 11732984    0    0     0   479 76524 181428  9  4 87  0  0
 6  0      0 499537664 208088 12326320    0    0     0   157 64514 146092  1  1 98  0  0
 2  0      0 499288416 208104 12526176    0    0     0   104 61232 148386  1  1 98  0  0
 3  0      0 499121856 208120 12526264    0    0     0   114 62694 147794  1  1 98  0  0
 4  0      0 499100672 208136 12526328    0    0     0    95 62517 150549  1  1 98  0  0
 3  0      0 498840704 208156 12527056    0    0     0   103 61437 151658  1  1 98  0  0
 3  0      0 498757536 208172 12528824    0    0     0   217 62736 149471  1  1 98  0  0
 4  0      0 498808256 208188 12528688    0    0     0   100 59798 147286  1  1 98  0  0
 5  0      0 498759424 208212 12528572    0    0     0   145 61706 144999  1  1 98  0  0
 2  0      0 498879264 208228 12528744    0    0     0   102 61322 146918  1  1 98  0  0
 4  0      0 498844064 208256 12528724    0    0     0   105 59739 146407  1  1 98  0  0
 6  0      0 498767072 208328 12539992    0    0     0   106 60074 145864  1  1 98  0  0
 3  0      0 498527552 208400 12541124    0    0     0   273 60772 145534  1  1 98  0  0
 2  0      0 498640736 208420 12541284    0    0     0   134 59316 145997  1  1 98  0  0
 2  0      0 498781088 208436 12541408    0    0     0   148 59137 146347  1  1 98  0  0
 4  0      0 498890752 208452 12541324    0    0     0   125 59678 143711  1  1 98  0  0
 2  0      0 498924576 208468 12541592    0    0     0   117 58560 146198  1  1 98  0  0
procs -----------memory---------- ---swap-- -----io---- -system-- ------cpu-----
 r  b   swpd   free   buff  cache   si   so    bi    bo   in   cs us sy id wa st
 3  0      0 498863072 208484 12541920    0    0     0    86 60007 146215  1  1 98  0  0
 3  0      0 498807776 208500 12542628    0    0     0   259 61110 144061  1  1 98  0  0
 4  0      0 498780288 208512 12542792    0    0     0   133 60223 144585  1  1 98  0  0
 4  0      0 498708128 208528 12543392    0    0     0   126 58802 146079  1  1 98  0  0
 3  0      0 498628992 208544 12542684    0    0     0   120 59812 145681  1  1 98  0  0
 4  1      0 503606464 209032 9204608    0    0     9   650 49057 99361 12  7 80  0  0
 1  0      0 499745664 209048 12238296    0    0     0   130 65713 157074  1  2 97  0  0
 3  0      0 499366112 209064 12238952    0    0     0   156 65217 143935  1  1 98  0  0
 4  0      0 499141600 209080 12323300    0    0     0    93 61291 146471  1  1 98  0  0
 3  0      0 498941536 209096 12360820    0    0     0   107 61790 145208  1  1 98  0  0
 8  0      0 498791232 209112 12470180    0    0     0    96 62641 146559  1  1 98  0  0
 2  0      0 498813824 209132 12470992    0    0     0   167 60675 147100  1  1 98  0  0
 5  0      0 498650016 209148 12471376    0    0     0   160 64118 144017  1  1 98  0  0
 9  0      0 498451488 209164 12471584    0    0     0    96 63995 147970  1  1 98  0  0
 3  0      0 498382752 209180 12475300    0    0     0    93 62582 147248  1  1 98  0  0
 1  0      0 498359712 209204 12474008    0    0     0   104 64370 145137  1  1 98  0  0
 2  1      0 498323904 209252 12474756    0    0     0   113 61451 144485  1  1 98  0  0
 3  0      0 498345184 209316 12474292    0    0     0   269 60436 145713  1  1 98  0  0
 3  1      0 498289344 209368 12474328    0    0     0   147 60188 145304  1  1 98  0  0
 3  0      0 498315200 209388 12475676    0    0     0   108 61127 144134  1  1 98  0  0
 2  1      0 498390400 209404 12476160    0    0     0   110 60815 144870  1  1 98  0  0
procs -----------memory---------- ---swap-- -----io---- -system-- ------cpu-----
 r  b   swpd   free   buff  cache   si   so    bi    bo   in   cs us sy id wa st
 6  0      0 498415744 209420 12476432    0    0     0   145 60669 144313  1  1 98  0  0
 3  0      0 498488736 209436 12476400    0    0     0    93 58638 143848  1  1 98  0  0
 3  0      0 498403104 209452 12477288    0    0     0   198 60481 146090  1  1 98  0  0
 5  0      0 498415424 209468 12477328    0    0     0   225 59534 146570  1  1 98  0  0
 4  0      0 498447456 209476 12477408    0    0     0   117 60730 145698  1  1 98  0  0
29  0      0 507945248 209712 8281656    0    0     7   201 25504 43743  4  4 92  0  0
 7  0      0 499436608 209960 12508212    0    0     0   654 76989 181848  9  4 87  0  0
 2  0      0 498656256 209976 13085960    0    0     0   166 62602 143998  1  1 98  0  0
 2  0      0 498043360 209992 13455088    0    0     0    94 62801 145749  1  1 98  0  0
 3  0      0 497836544 210008 13457116    0    0     0   117 61740 143046  1  1 98  0  0
 2  0      0 497877248 210024 13455244    0    0     0    90 61143 145392  1  1 98  0  0
 3  0      0 497740032 210036 13458916    0    0     0   112 61250 142330  1  1 98  0  0
 5  0      0 497690720 210052 13460500    0    0     0   241 60466 145466  1  1 98  0  0
 3  0      0 497523456 210064 13459840    0    0     0   102 62195 141282  1  1 98  0  0
 3  0      0 497458496 210080 13461264    0    0     0    95 61388 142573  1  1 98  0  0
 2  0      0 497328512 210096 13458236    0    0     0    86 60427 144909  1  1 98  0  0
 2  0      0 497419392 210112 13459968    0    0     0    86 61257 144099  1  1 98  0  0
 3  0      0 497348384 210140 13460712    0    0     0   108 60165 142078  1  1 98  0  0
 2  0      0 497241056 210240 13462068    0    0     0   274 62351 143792  1  1 98  0  0
 4  0      0 497173568 210284 13461572    0    0     0   119 60136 145205  1  1 98  0  0
 2  0      0 497178912 210304 13459856    0    0     0   146 59509 145488  1  1 98  0  0
procs -----------memory---------- ---swap-- -----io---- -system-- ------cpu-----
 r  b   swpd   free   buff  cache   si   so    bi    bo   in   cs us sy id wa st
 4  0      0 497430016 210320 13459152    0    0     0   122 60108 144401  1  1 98  0  0
 1  0      0 497489280 210336 13461832    0    0     0   118 63035 140905  1  1 98  0  0
 5  0      0 497572160 210348 13462664    0    0     0   120 61282 141762  1  1 98  0  0
 2  0      0 497503648 210360 13462720    0    0     0   263 59785 141788  1  1 98  0  0
 2  0      0 497431712 210376 13465716    0    0     0   116 59766 142141  1  1 98  0  0
 4  0      0 497358400 210392 13465072    0    0     0   112 61353 145730  1  1 98  0  0
 4  0      0 497389440 210408 13464464    0    0     0   134 60190 147742  1  1 98  0  0
 3  0      0 497183936 210424 13614648    0    0     0   122 59992 145923  1  1 98  0  0
 1  0      0 513365024 210436 8303136    0    0     0   204 53594 114102  1  5 94  0  0
 4  0      0 499977088 210908 12212396    0    0     0   546 56174 132543 13  4 83  0  0
 5  0      0 498549056 210924 12990180    0    0     0   232 62459 147393  1  1 98  0  0
 4  0      0 498230848 210944 13176884    0    0     0   121 62280 144924  1  1 98  0  0
 2  0      0 497842304 210968 13178544    0    0     0    98 62755 146621  1  1 98  0  0
 5  1      0 497520704 210984 13430020    0    0     0   109 62820 148611  1  1 98  0  0
 2  0      0 497450368 210992 13552888    0    0     0    72 63829 151117  1  1 98  0  0
 4  0      0 497357056 211012 13553660    0    0     0   202 61858 148720  1  1 98  0  0
 2  0      0 497281600 211028 13553740    0    0     0   133 61536 150466  1  1 98  0  0
 2  0      0 497017536 211044 13553884    0    0     0    67 61377 146601  1  1 98  0  0
 1  0      0 497019360 211060 13553856    0    0     0    95 60387 146188  1  1 98  0  0
 3  0      0 497011936 211084 13553972    0    0     0   122 60901 146791  1  1 98  0  0
 4  0      0 497016640 211124 13554124    0    0     0    97 61151 145240  1  1 98  0  0
procs -----------memory---------- ---swap-- -----io---- -system-- ------cpu-----
 r  b   swpd   free   buff  cache   si   so    bi    bo   in   cs us sy id wa st
 1  0      0 497011904 211216 13555400    0    0     0   272 59502 146294  1  1 98  0  0
 5  0      0 496867456 211248 13555480    0    0     0   145 59780 145444  1  1 98  0  0
 2  0      0 496951584 211264 13555640    0    0     0   118 60548 148925  1  1 98  0  0
 5  0      0 497037952 211280 13555816    0    0     0   125 60781 146705  1  1 98  0  0
 4  0      0 497130784 211328 13555904    0    0     0   139 59767 144536  1  1 98  0  0
 3  0      0 497153664 211344 13555992    0    0     0   100 59715 144473  1  1 98  0  0
 3  0      0 497043264 211360 13556956    0    0     0   278 61494 147528  1  1 98  0  0
 2  0      0 497036448 211376 13557092    0    0     0   146 60041 147795  1  1 98  0  0
 3  0      0 497022848 211392 13557200    0    0     0   116 59415 146395  1  1 98  0  0
 1  0      0 509383232 211484 12080172    0    0     0   157 47179 87871  1  4 95  0  0
 8  0      0 504071264 211936 8367856    0    0     0   644 57083 121724 13  4 83  0  0
 9  0      0 503773152 212076 8370724    0    0     0   411 88081 207495  3  1 96  0  0
10  0      0 503643040 212104 8373648    0    0     0   338 88945 210567  3  1 96  0  0
 9  0      0 503737792 212572 8434148    0    0     8   698 67697 148045 13  6 80  0  0
 6  0      0 503283136 212704 8436144    0    0     0   277 85818 200809  3  1 96  0  0
 7  0      0 503070784 212728 8438088    0    0     0   396 86424 201484  3  1 96  0  0
 6  0      0 504059296 213200 8416576    0    0     0   642 64754 140271 13  6 80  0  0
 8  0      0 502886336 213320 8501648    0    0     0   407 85405 191484  3  1 96  0  0
 6  0      0 502579168 213356 8503496    0    0     0   368 86233 195954  3  1 96  0  0
 0  0      0 513355072 213412 8340920    0    0     0   422 68273 153071  2  3 94  0  0
 5  0      0 502659008 213708 8556972    0    0     0   723 80779 173600 14  4 82  0  0
procs -----------memory---------- ---swap-- -----io---- -system-- ------cpu-----
 r  b   swpd   free   buff  cache   si   so    bi    bo   in   cs us sy id wa st
 6  1      0 502196736 213844 8561824    0    0     0   367 83746 186886  3  1 96  0  0
 5  0      0 502119008 213864 8569716    0    0     0   216 83258 185778  3  1 96  0  0
267  0      0 501146560 214332 8355236    0    0     8   315 62961 132115 11  6 83  0  0
 7  0      0 501931168 214364 8620556    0    0     0   610 82162 168437  5  2 93  0  0
 2  0      0 501486528 214500 8623868    0    0     0   330 81588 169190  3  1 96  0  0
 3  0      0 501290240 214520 8625308    0    0     0   260 82059 170543  3  1 96  0  0
 3  0      0 513246560 214580 8359556    0    0     0   300 55273 110020  2  4 94  0  0
 3  0      0 502051072 215024 10414856    0    0     0   666 75638 142740 13  4 83  0  0
 1  0      0 501963424 215040 10415468    0    0     0   218 65717 120732  2  1 98  0  0
 4  0      0 501858304 215060 10416092    0    0     0   155 66177 120252  2  1 98  0  0
 1  0      0 501848512 215200 10416672    0    0     0   172 65966 119162  2  1 98  0  0
 2  0      0 501854400 215212 10417228    0    0     0   179 65972 120081  2  1 98  0  0
553  0      0 501896192 215228 10421328    0    0     0   200 65661 119124  2  1 97  0  0
 1  0      0 502630912 215696 9918860    0    0     8   624 53966 108122 13  6 81  0  0
 5  0      0 501998496 215708 10330620    0    0     0   142 67148 124884  2  1 97  0  0
 1  0      0 501903040 215716 10331296    0    0     0   248 67693 124384  2  1 97  0  0
 2  0      0 501858688 215856 10343992    0    0     0   212 67261 123901  2  1 97  0  0
 3  0      0 501865984 215872 10344888    0    0     0   200 67287 123771  2  1 97  0  0
 1  0      0 513838784 215920 8377272    0    0     0   218 55906 104472  2  3 95  0  0
 1  0      0 500788032 216360 11699684    0    0     0   698 60984 114213 13  4 84  0  0
 2  0      0 499736288 216376 12487732    0    0     0   173 61175 105572  2  1 98  0  0
procs -----------memory---------- ---swap-- -----io---- -system-- ------cpu-----
 r  b   swpd   free   buff  cache   si   so    bi    bo   in   cs us sy id wa st
 2  0      0 499621696 216392 12488224    0    0     0   172 63462 109646  2  1 98  0  0
 4  0      0 499571392 216408 12488656    0    0     0   149 62581 106944  2  1 98  0  0
 2  0      0 499519776 216532 12489108    0    0     0   168 62870 108700  2  1 98  0  0
 3  0      0 499602336 216568 12489544    0    0     0   199 62544 107333  2  1 98  0  0
 1  0      0 499587392 216588 12490604    0    0     0   286 62746 108438  2  1 98  0  0
 1  0      0 499562144 216604 12491036    0    0     0   176 62545 107737  2  1 98  0  0
 3  1      0 503851584 217084 8993640    0    0     3   596 45825 92840 12  7 81  0  0
 1  0      0 500027008 217100 12222168    0    0     0   200 58532 101260  1  1 98  0  0
 4  0      0 499861632 217120 12255500    0    0     0   212 63465 110871  2  1 98  0  0
 2  0      0 499671040 217136 12255940    0    0     0   148 62773 109052  2  1 98  0  0
 2  0      0 499641696 217236 12258748    0    0     0   154 63664 109714  2  1 98  0  0
 3  0      0 499619296 217296 12259176    0    0     0   202 61753 106881  2  1 98  0  0
 7  1      0 499609184 217308 12317252    0    0     0   241 61590 106429  2  1 98  0  0
 1  0      0 499557152 217344 12318296    0    0     0   317 61984 106642  2  1 98  0  0
 6  0      0 503428992 217836 9318064    0    0     0   446 49530 104340 12  7 80  0  0
 3  0      0 500766016 217852 11392460    0    0     0   504 65387 160209  1  2 97  0  0
 6  0      0 500393408 217876 11482700    0    0     0   175 63641 142894  1  1 98  0  0
 1  0      0 500193312 217892 11594184    0    0     0    99 62904 146754  1  1 98  0  0
 5  0      0 499961920 217908 11594328    0    0     0   101 61999 148955  1  1 98  0  0
 2  0      0 500005056 217924 11594456    0    0     0   101 62118 144687  1  1 98  0  0
 4  0      0 499881024 217944 11712464    0    0     0   127 60748 147399  1  1 98  0  0
procs -----------memory---------- ---swap-- -----io---- -system-- ------cpu-----
 r  b   swpd   free   buff  cache   si   so    bi    bo   in   cs us sy id wa st
 4  0      0 499817312 217952 11712632    0    0     0   234 60011 147765  1  1 98  0  0
 1  0      0 499787520 217968 11712768    0    0     0    88 61856 148335  1  1 98  0  0
 3  0      0 499708960 217984 11712948    0    0     0    90 62021 149202  1  1 98  0  0
 3  0      0 499770848 218008 11713128    0    0     0    91 60549 147147  1  1 98  0  0
 3  0      0 499813408 218052 11714432    0    0     0   114 60377 147589  1  1 98  0  0
 4  0      0 499735584 218132 11715592    0    0     0   247 60112 147162  1  1 98  0  0
 3  0      0 499714592 218164 11715796    0    0     0   123 60302 147626  1  1 98  0  0
 1  0      0 499708224 218184 11716000    0    0     0   152 62635 146928  1  1 98  0  0
 2  0      0 499815072 218204 11716076    0    0     0   105 61306 146487  1  1 98  0  0
 4  0      0 499861888 218220 11716236    0    0     0    99 61048 145305  1  1 98  0  0
 5  0      0 499850912 218236 11716488    0    0     0    86 60123 146069  1  1 98  0  0
 1  0      0 499869920 218248 11717388    0    0     0   130 59714 146483  1  1 98  0  0
 5  0      0 499807616 218264 11717480    0    0     0   288 59151 146547  1  1 98  0  0
 2  0      0 499766464 218280 11717680    0    0     0    98 60330 147419  1  1 98  0  0
 4  0      0 499743424 218296 11717796    0    0     0    98 59561 146027  1  1 98  0  0
32  0      0 507941440 218516 8408368    0    0     6   234 35821 73292  4  5 91  0  0
 3  0      0 500730464 218772 11383876    0    0     0   537 78441 194980  9  4 87  0  0
 1  0      0 500325440 218788 11453132    0    0     0   175 65175 149338  1  1 98  0  0
 4  0      0 500066560 218804 11559824    0    0     0   103 64968 146524  1  1 98  0  0
 2  0      0 500053664 218820 11562328    0    0     0   103 61159 147503  1  1 98  0  0
 2  0      0 499951168 218840 11562480    0    0     0   102 62213 145837  1  1 98  0  0
procs -----------memory---------- ---swap-- -----io---- -system-- ------cpu-----
 r  b   swpd   free   buff  cache   si   so    bi    bo   in   cs us sy id wa st
 2  0      0 499912576 218848 11566236    0    0     0    69 61174 146290  1  1 98  0  0
 3  0      0 499906208 218864 11574032    0    0     0   243 61529 147032  1  1 98  0  0
 4  0      0 499732288 218880 11574208    0    0     0   100 61178 146849  1  1 98  0  0
 1  0      0 499752928 218896 11574372    0    0     0   114 59828 147577  1  1 98  0  0
 2  0      0 499524160 218916 11675308    0    0     0   102 60599 149459  1  1 98  0  0
 2  0      0 499524032 218976 11675460    0    0     0   112 62693 145485  1  1 98  0  0
 2  0      0 499529344 219068 11675736    0    0     0   130 62009 146383  1  1 98  0  0
 3  0      0 499471296 219080 11676936    0    0     0   298 60201 149005  1  1 98  0  0
 2  0      0 499551968 219096 11695860    0    0     0   131 59745 147344  1  1 98  0  0
 4  0      0 499717632 219112 11696032    0    0     0   123 59533 147878  1  1 98  0  0
 5  0      0 499653056 219128 11696196    0    0     0   144 60627 148526  1  1 98  0  0
 3  0      0 499646240 219144 11696356    0    0     0   126 60044 147057  1  1 98  0  0
 4  0      0 499630208 219160 11696620    0    0     0   122 58480 146949  1  1 98  0  0
 2  0      0 499606496 219176 11697460    0    0     0   281 59022 148670  1  1 98  0  0
 2  0      0 513223712 219216 8420744    0    0     0   210 38666 87699  1  4 96  0  0
 4  0      0 500193856 219660 11897024    0    0     7   560 75232 157250 13  4 83  0  0
 2  0      0 499284640 219676 12583240    0    0     0   148 61865 147876  1  1 98  0  0
 3  0      0 499139552 219692 12683380    0    0     0   101 63297 145586  1  1 98  0  0
 2  0      0 498955296 219708 12691400    0    0     0    98 60303 146712  1  1 98  0  0
 2  0      0 498950240 219724 12691504    0    0     0   122 60142 144504  1  1 98  0  0
 2  0      0 498800288 219740 12691668    0    0     0   104 60400 146318  1  1 98  0  0
procs -----------memory---------- ---swap-- -----io---- -system-- ------cpu-----
 r  b   swpd   free   buff  cache   si   so    bi    bo   in   cs us sy id wa st
 2  0      0 498667008 219760 12692484    0    0     0   226 60608 145646  1  1 98  0  0
 5  0      0 498738592 219768 12692672    0    0     0   136 59553 146714  1  1 98  0  0
 7  0      0 498599328 219784 12692792    0    0     0   105 60413 144749  1  1 98  0  0
 7  0      0 498649312 219800 12692976    0    0     0   104 58935 145755  1  1 98  0  0
 2  0      0 498618304 219824 12693132    0    0     0   113 59077 145463  1  1 98  0  0
 5  0      0 498593376 219892 12693304    0    0     0   112 59061 148837  1  1 98  0  0
 4  0      0 498404832 219964 12694496    0    0     0   312 61010 150582  1  1 98  0  0
 6  0      0 498284544 219988 12694624    0    0     0   133 61822 150503  1  1 98  0  0
 6  0      0 498412992 220008 12694796    0    0     0   133 60562 149110  1  1 98  0  0
 2  0      0 498479776 220024 12695000    0    0     0   142 60923 148507  1  1 98  0  0
 4  0      0 498599680 220040 12696736    0    0     0   108 61430 144181  1  1 98  0  0
 4  0      0 498382592 220056 12843760    0    0     0   114 58667 146977  1  1 98  0  0
 4  0      0 498375008 220072 12844672    0    0     0   266 59309 143243  1  1 98  0  0
 1  0      0 498433600 220088 12844828    0    0     0   117 59590 144374  1  1 98  0  0
 3  0      0 498336960 220100 12845048    0    0     0   114 59068 145118  1  1 98  0  0
 1  0      0 498331424 220116 12845184    0    0     0   130 58323 143584  1  1 98  0  0
223  0      0 501159552 220572 8584472    0    0     0   201 43255 85889  9  7 84  0  0
 1  0      0 499654464 220624 12242908    0    0     0   533 66706 158661  5  2 93  0  0
 5  0      0 499197408 220640 12243284    0    0     0   161 61854 139067  1  1 98  0  0
 5  0      0 498839360 220656 12487072    0    0     0   104 61809 148457  1  1 98  0  0
 2  0      0 498729440 220668 12505928    0    0     0   106 61514 144945  1  1 98  0  0
procs -----------memory---------- ---swap-- -----io---- -system-- ------cpu-----
 r  b   swpd   free   buff  cache   si   so    bi    bo   in   cs us sy id wa st
 4  0      0 498750400 220680 12506104    0    0     0   103 60489 146678  1  1 98  0  0
 7  0      0 498614816 220700 12636372    0    0     0   113 60725 148280  1  1 98  0  0
 3  0      0 498421728 220724 12636816    0    0     0   253 60461 147104  1  1 98  0  0
 3  0      0 498296192 220740 12636884    0    0     0   115 60432 145861  1  1 98  0  0
 4  0      0 498214400 220756 12637044    0    0     0    99 61011 146003  1  1 98  0  0
 4  0      0 498192992 220776 12637180    0    0     0    94 60240 145486  1  1 98  0  0
 2  0      0 498119424 220828 12637368    0    0     0   122 61188 143901  1  1 98  0  0
 4  0      0 498154656 220904 12638276    0    0     0    81 61016 145351  1  1 98  0  0
14  0      0 498060096 220944 12640336    0    0     0   306 60939 146223  1  1 98  0  0
 3  0      0 498143680 220960 12643700    0    0     0   137 60420 144662  1  1 98  0  0
 2  0      0 498257152 220976 12643808    0    0     0   146 59564 146276  1  1 98  0  0
 4  0      0 498273152 220992 12643940    0    0     0   124 59702 146432  1  1 98  0  0
 3  0      0 498266496 221008 12644164    0    0     0   115 59985 144324  1  1 98  0  0
 2  0      0 498162496 221024 12644652    0    0     0   126 61482 144857  1  1 98  0  0
 2  0      0 498184128 221040 12645196    0    0     0   268 60869 144082  1  1 98  0  0
 3  0      0 498202208 221056 12645364    0    0     0   126 60967 144615  1  1 98  0  0
 4  0      0 502960448 221516 9706164    0    0     6   309 49182 99533 12  7 80  0  0
 2  0      0 498840064 221532 13080236    0    0     0   450 65163 153963  1  2 97  0  0
 5  0      0 498376576 221548 13186088    0    0     0   162 62683 141088  1  1 98  0  0
 1  0      0 498059520 221564 13387388    0    0     0   118 61872 146499  1  1 98  0  0
 2  0      0 497638624 221580 13578908    0    0     0   100 61721 144584  1  1 98  0  0
procs -----------memory---------- ---swap-- -----io---- -system-- ------cpu-----
 r  b   swpd   free   buff  cache   si   so    bi    bo   in   cs us sy id wa st
 2  0      0 497697376 221596 13577424    0    0     0    99 60885 147873  1  1 98  0  0
 4  0      0 497420384 221616 13579096    0    0     0   208 62169 144194  1  1 98  0  0
 3  0      0 497387936 221632 13578708    0    0     0   121 61076 145424  1  1 98  0  0
 3  0      0 497240288 221648 13579592    0    0     0    93 61581 146979  1  1 98  0  0
 4  0      0 497230112 221664 13578932    0    0     0    78 61626 145594  1  1 98  0  0
 4  0      0 497351616 221688 13578972    0    0     0    94 59431 147100  1  1 98  0  0
 2  0      0 497309152 221716 13579332    0    0     0   108 59843 145743  1  1 98  0  0
 2  0      0 497066464 221748 13769644    0    0     0   104 61122 151790  1  1 98  0  0
 4  0      0 496872960 221836 13770328    0    0     0   274 60146 148981  1  1 98  0  0
 2  0      0 496898688 221872 13770372    0    0     0   107 59999 146404  1  1 98  0  0
 2  0      0 496892960 221892 13769560    0    0     0   166 59261 145766  1  1 98  0  0
 3  0      0 497150816 221908 13770064    0    0     0   123 60605 147207  1  1 98  0  0
 3  0      0 497124640 221924 13771072    0    0     0   121 60277 146459  1  1 98  0  0
 3  0      0 497227904 221940 13771016    0    0     0   122 60086 145288  1  1 98  0  0
 2  0      0 497200544 221964 13770276    0    0     0   286 60288 148371  1  1 98  0  0
 2  0      0 497091968 221976 13770504    0    0     0   110 60005 146115  1  1 98  0  0
 2  0      0 497106048 221992 13772968    0    0     0   116 61521 145298  1  1 98  0  0
 1  0      0 497030560 222008 13772132    0    0     0   105 59598 145442  1  1 98  0  0
 1  0      0 508536736 222028 12875652    0    0     0   103 59801 134919  1  5 93  0  0
 3  0      0 500826880 222484 11466928    0    0     6   594 56606 122796 12  4 83  0  0
 3  0      0 498439616 222500 13141084    0    0     0   209 63118 146405  1  1 97  0  0
procs -----------memory---------- ---swap-- -----io---- -system-- ------cpu-----
 r  b   swpd   free   buff  cache   si   so    bi    bo   in   cs us sy id wa st
 9  0      0 497777440 222516 13425536    0    0     0    82 61931 145562  1  1 98  0  0
 3  0      0 497627040 222532 13425568    0    0     0   108 62831 145017  1  1 98  0  0
 7  0      0 497442368 222548 13474304    0    0     0   121 62921 146027  1  1 98  0  0
 2  0      0 497461952 222564 13474432    0    0     0   108 60815 148354  1  1 98  0  0
 3  0      0 497297056 222584 13660900    0    0     0   188 63378 146841  1  1 98  0  0
 2  0      0 497226624 222600 13661000    0    0     0   162 64145 145622  1  1 98  0  0
 4  0      0 496962048 222616 13661292    0    0     0   113 62562 145962  1  1 98  0  0
 8  0      0 496800608 222632 13661836    0    0     0   108 61407 148630  1  1 98  0  0
 2  0      0 496715392 222648 13662136    0    0     0   107 63444 151072  1  1 98  0  0
 3  0      0 496656608 222696 13665980    0    0     0   106 62793 147377  1  1 98  0  0
 1  0      0 496688384 222776 13666920    0    0     0   304 61561 145771  1  1 98  0  0
 2  0      0 496529856 222816 13667888    0    0     0   141 60230 144203  1  1 98  0  0
 4  0      0 496642368 222836 13668468    0    0     0   140 60181 144081  1  1 98  0  0
 2  0      0 496640800 222848 13714180    0    0     0   134 61754 146745  1  1 98  0  0
 3  0      0 496648128 222864 13713808    0    0     0   142 61369 145731  1  1 98  0  0
 2  0      0 496740096 222880 13713724    0    0     0   116 59649 145287  1  1 98  0  0
 3  0      0 496628640 222896 13714868    0    0     0   186 60206 143807  1  1 98  0  0
 3  0      0 496679040 222912 13713712    0    0     0   184 60257 145517  1  1 98  0  0
 3  0      0 496582784 222928 13713240    0    0     0   141 61382 142538  1  1 98  0  0
 0  0      0 496982720 222944 13713076    0    0     0   128 54461 114453  1  1 98  0  0
 1  0      0 497010048 222960 13713084    0    0     0    81 43900 66439  0  0 99  0  0
procs -----------memory---------- ---swap-- -----io---- -system-- ------cpu-----
 r  b   swpd   free   buff  cache   si   so    bi    bo   in   cs us sy id wa st
 0  0      0 497021056 222976 13713088    0    0     0    44 43666 66346  0  0 99  0  0
 2  0      0 497033952 222992 13713820    0    0     0   170 43413 66352  0  0 99  0  0
 0  0      0 497048288 223008 13713836    0    0     0    60 43308 66179  0  0 99  0  0
 0  0      0 497058336 223024 13713884    0    0     0    32 43486 66201  0  0 99  0  0
 1  0      0 497072608 223040 13713904    0    0     0    36 43424 66047  0  0 99  0  0
 1  0      0 497087872 223056 13713916    0    0     0    33 43288 66019  0  0 99  0  0
 1  0      0 497103296 223072 13713920    0    0     0    59 43318 66046  0  0 99  0  0
 3  0      0 497120736 223092 13714904    0    0     0   191 43440 66070  0  0 99  0  0
 0  0      0 497134080 223108 13714916    0    0     0    46 43290 65946  0  0 99  0  0
 2  0      0 497145344 223124 13714972    0    0     0    32 43231 65923  0  0 99  0  0
 0  0      0 497155552 223140 13714980    0    0     0    34 43393 65972  0  0 99  0  0
 3  0      0 497166464 223156 13714980    0    0     0    50 43671 65994  0  0 99  0  0
 4  0      0 497174944 223172 13714980    0    0     0    44 43463 66069  0  0 99  0  0
 4  0      0 497183072 223188 13715724    0    0     0   122 43326 66109  0  0 99  0  0
 2  0      0 497189984 223204 13715728    0    0     0   116 43009 65827  0  0 99  0  0
 1  0      0 497196896 223220 13715780    0    0     0    49 43140 65901  0  0 99  0  0
 0  0      0 497199744 223232 13715788    0    0     0    36 43118 65820  0  0 99  0  0
 0  0      0 497206496 223244 13715788    0    0     0    27 43079 65708  0  0 99  0  0
 0  0      0 497211360 223256 13715788    0    0     0    26 43206 65795  0  0 99  0  0
 0  0      0 497217696 223400 13716820    0    0     0   163 43587 65730  0  0 99  0  0
 0  0      0 497224000 223416 13716824    0    0     0   111 43470 65714  0  0 99  0  0
procs -----------memory---------- ---swap-- -----io---- -system-- ------cpu-----
 r  b   swpd   free   buff  cache   si   so    bi    bo   in   cs us sy id wa st
 1  0      0 497230784 223432 13716888    0    0     0    34 43089 65644  0  0 99  0  0
 0  0      0 497236192 223448 13716888    0    0     0    51 42919 65671  0  0 99  0  0
 2  0      0 497241888 223464 13716892    0    0     0    29 43177 65870  0  0 99  0  0
 2  0      0 497246624 223480 13716900    0    0     0    28 43274 65805  0  0 99  0  0
 0  0      0 497249536 223880 13717640    0    0     0   223 43493 66112  0  0 99  0  0
 1  0      0 497251936 223896 13717640    0    0     0    98 43321 65821  0  0 99  0  0
 3  0      0 497252992 223912 13717704    0    0     0    47 43193 65656  0  0 99  0  0
 2  0      0 497254240 223928 13717712    0    0     0    38 43199 65642  0  0 99  0  0
 0  0      0 497255840 223944 13717720    0    0     0    49 42992 65633  0  0 99  0  0
 1  0      0 497256032 223960 13717724    0    0     0    46 43267 65793  0  0 99  0  0
 0  0      0 497258272 223976 13718688    0    0     0   189 43184 65608  0  0 99  0  0
 3  0      0 497263328 224000 13718704    0    0     0   171 43431 65775  0  0 99  0  0
 0  0      0 497265952 224016 13718744    0    0     0    32 43258 65662  0  0 99  0  0
 0  0      0 497268960 224032 13718756    0    0     0    38 43145 65600  0  0 99  0  0
 1  0      0 497269824 224048 13718764    0    0     0    30 42921 65770  0  0 99  0  0
 3  0      0 497272800 224064 13718764    0    0     0    27 43076 65874  0  0 99  0  0
 0  0      0 497267840 224088 13719544    0    0     0   255 43225 66121  0  0 99  0  0
 2  0      0 497268960 224104 13719544    0    0     0   108 43197 65864  0  0 99  0  0
 1  0      0 497273504 224120 13719592    0    0     0    41 43116 65772  0  0 99  0  0
 1  1      0 497276736 224132 13719604    0    0     0    33 43210 65662  0  0 99  0  0
 0  1      0 497279264 224148 13719616    0    0     0    30 42955 65563  0  0 99  0  0
procs -----------memory---------- ---swap-- -----io---- -system-- ------cpu-----
 r  b   swpd   free   buff  cache   si   so    bi    bo   in   cs us sy id wa st
 2  1      0 497281088 224160 13719616    0    0     0    27 43149 65656  0  0 99  0  0
 0  0      0 497283456 224172 13720656    0    0     0    33 43312 65649  0  0 99  0  0
 4  0      0 497292064 224228 13720720    0    0     0   309 43661 66327  0  0 99  0  0
15  0      0 507456480 224504 8478392    0    0     0   246 27395 39783  4  5 91  0  0
 3  0      0 503567936 224832 8538380    0    0     0   706 97801 227283 11  4 86  0  0
 6  0      0 503381472 224876 8541244    0    0     0   419 88773 210590  3  1 96  0  0
87  0      0 509724608 224972 8488456    0    0     0   329 56615 126116  4  5 91  0  0
 7  0      0 503196736 225436 8600316    0    0     6   630 96292 226698 12  4 84  0  0
 2  0      0 502869920 225512 8602272    0    0     0   394 87757 203923  3  1 96  0  0
 0  0      0 513084448 225560 8498740    0    0     0   300 68760 158609  2  3 94  0  0
 6  0      0 502791584 225988 8664928    0    0     6   720 82748 182763 14  4 82  0  0
 6  0      0 502365920 226120 8666724    0    0     0   380 83789 192342  3  1 96  0  0
 1  0      0 502354144 226136 8668540    0    0     0   299 85182 194346  3  1 96  0  0
 6  0      0 502972192 226616 8716160    0    0     0   688 65589 131338 13  6 80  0  0
 5  0      0 502171936 226732 8725660    0    0     0   319 83224 182731  3  1 96  0  0
 4  0      0 501774688 226760 8728952    0    0     0   358 84344 188478  3  1 96  0  0
 1  0      0 513515328 226768 8517376    0    0     0   284 74548 163023  3  4 93  0  0
 3  0      0 502050976 227228 8785200    0    0     0   650 69208 147531 13  4 83  0  0
 5  0      0 501505888 227348 8792468    0    0     0   346 79074 165341  3  1 96  0  0
 6  0      0 501092704 227372 8793852    0    0     0   262 81403 169699  3  1 96  0  0
 6  0      0 501333056 227384 8795264    0    0     0   250 81015 168566  3  1 96  0  0
procs -----------memory---------- ---swap-- -----io---- -system-- ------cpu-----
 r  b   swpd   free   buff  cache   si   so    bi    bo   in   cs us sy id wa st
 5  0      0 502665600 227848 9865148    0    0     8   696 64796 121524 13  6 81  0  0
 3  0      0 501728896 227864 10568900    0    0     0   306 65679 119445  2  1 98  0  0
 4  0      0 501641472 227884 10572628    0    0     0   196 67152 120584  2  1 98  0  0
 3  0      0 501582048 227988 10591208    0    0     0   190 66642 120933  2  1 98  0  0
 5  0      0 501588928 228032 10600352    0    0     0   186 66552 120169  2  1 98  0  0
 3  0      0 501592992 228044 10601368    0    0     0   184 66567 120903  2  1 98  0  0
77  0      0 511655424 228100 8537320    0    0     0   110 41103 73699  2  4 94  0  0
 2  0      0 501859552 228532 10474440    0    0     0   576 77109 145823 13  4 84  0  0
 3  0      0 501733696 228552 10487992    0    0     0   324 67053 125224  2  1 97  0  0
 7  0      0 501610784 228580 10512492    0    0     0   190 67235 123535  2  1 98  0  0
 3  0      0 501567872 228700 10513112    0    0     0   207 67074 122224  2  1 97  0  0
 7  0      0 501579648 228708 10513696    0    0     0   189 67026 122415  2  1 98  0  0
60  0      0 505880192 228984 8625988    0    0     0   195 42412 73812  6  4 90  0  0
 3  0      0 500101856 229192 12209532    0    0     0   617 73148 135507  8  3 89  0  0
 2  0      0 499460768 229208 12673236    0    0     0   210 61579 104682  2  1 98  0  0
 2  0      0 499328064 229216 12673628    0    0     0   148 62010 105179  2  1 98  0  0
 2  0      0 499311456 229232 12674004    0    0     0   151 61473 104450  2  1 98  0  0
 3  0      0 499234976 229348 12674408    0    0     0   163 61819 105331  2  1 98  0  0
 6  0      0 499254048 229380 12681972    0    0     0   185 61489 104547  2  1 98  0  0
 1  0      0 499270720 229388 12682880    0    0     0   308 60648 103322  2  1 98  0  0
 1  0      0 499251616 229396 12683256    0    0     0   163 60408 102590  2  1 98  0  0
procs -----------memory---------- ---swap-- -----io---- -system-- ------cpu-----
 r  b   swpd   free   buff  cache   si   so    bi    bo   in   cs us sy id wa st
 1  0      0 512941088 229448 8555424    0    0     0   292 37376 63892  1  3 95  0  0
 1  0      0 500218560 229884 12028860    0    0     0   554 68070 126364 13  4 83  0  0
 1  0      0 499483232 229896 12471476    0    0     0   191 61074 105112  2  1 98  0  0
 2  0      0 499481376 229912 12471936    0    0     0   159 61400 104400  2  1 98  0  0
 4  0      0 499342208 229920 12472320    0    0     0   134 61080 104286  2  1 98  0  0
 3  0      0 499325312 230024 12472724    0    0     0   106 61169 105211  2  1 98  0  0
 4  0      0 499313184 230072 12473140    0    0     0   167 60500 103121  2  1 98  0  0
 4  0      0 499383552 230088 12474160    0    0     0   324 60124 102548  2  1 98  0  0
 1  0      0 499343200 230100 12474536    0    0     0   172 60537 102918  2  1 98  0  0
18  0      0 507036992 230388 8617688    0    0     4   297 32283 55981  5  4 91  0  0
 1  0      0 500856832 230712 11228764    0    0    12   623 82814 184206  9  4 87  0  0
 2  0      0 500198016 230728 11612468    0    0     0   164 64233 143885  1  1 98  0  0
 2  0      0 499918656 230736 11762000    0    0     0   109 63490 144954  1  1 98  0  0
 3  0      0 499779456 230752 11761952    0    0     0   136 64127 146410  1  1 98  0  0
 5  0      0 499831936 230768 11764460    0    0     0    99 62706 146959  1  1 98  0  0
 5  0      0 499727744 230784 11764728    0    0     0   113 62970 146939  1  1 98  0  0
 3  0      0 499660672 230796 11781852    0    0     0   237 63443 146998  1  1 98  0  0
 2  0      0 499688160 230812 11781936    0    0     0   129 60922 147487  1  1 98  0  0
 1  0      0 499588768 230820 11782176    0    0     0    97 59683 147070  1  1 98  0  0
 3  0      0 499740800 230828 11782228    0    0     0   107 61148 146730  1  1 98  0  0
 6  0      0 499574368 230860 11878772    0    0     0   104 61423 147759  1  1 98  0  0
procs -----------memory---------- ---swap-- -----io---- -system-- ------cpu-----
 r  b   swpd   free   buff  cache   si   so    bi    bo   in   cs us sy id wa st
 2  0      0 499539040 230940 11884608    0    0     0   126 59480 146579  1  1 98  0  0
 4  0      0 499476352 230992 11885760    0    0     0   296 61520 146173  1  1 98  0  0
 6  0      0 499405696 231016 11885944    0    0     0   108 59426 146598  1  1 98  0  0
 3  0      0 499537984 231024 11886080    0    0     0   122 60249 146602  1  1 98  0  0
 2  0      0 499602624 231040 11886256    0    0     0   120 60461 146740  1  1 98  0  0
 7  0      0 499602912 231052 11886440    0    0     0   115 61630 146664  1  1 98  0  0
 3  0      0 499612096 231068 11886672    0    0     0   126 59232 146646  1  1 98  0  0
 3  0      0 499560416 231084 11887524    0    0     0   279 58325 145487  1  1 98  0  0
 2  0      0 499577888 231100 11887672    0    0     0   133 61046 146175  1  1 98  0  0
 4  0      0 499513280 231116 11887836    0    0     0   121 60236 145951  1  1 98  0  0
 1  0      0 513397152 231168 8577052    0    0     6   208 47747 107366  1  4 95  0  0
 3  0      0 500759808 231484 11257988    0    0     0   556 67535 154095 13  4 83  0  0
 2  0      0 500120512 231500 11618064    0    0     0   171 60272 149907  1  1 98  0  0
 3  0      0 499973824 231512 11735416    0    0     0   108 62386 147530  1  1 98  0  0
 3  0      0 499696448 231524 11735576    0    0     0   108 63396 145326  1  1 98  0  0
 3  0      0 499756800 231540 11735696    0    0     0   119 61787 146676  1  1 98  0  0
 3  0      0 499785056 231556 11753432    0    0     0   110 60335 147341  1  1 98  0  0
 3  0      0 499623168 231564 11754252    0    0     0   256 61328 147557  1  1 98  0  0
 7  0      0 499440416 231576 11754464    0    0     0   105 60105 146243  1  1 98  0  0
 3  0      0 499421568 231592 11754624    0    0     0   106 59605 146645  1  1 98  0  0
 3  0      0 499381888 231608 11754768    0    0     0   105 60369 146424  1  1 98  0  0
procs -----------memory---------- ---swap-- -----io---- -system-- ------cpu-----
 r  b   swpd   free   buff  cache   si   so    bi    bo   in   cs us sy id wa st
 4  0      0 499356608 231652 11754944    0    0     0   135 59645 146093  1  1 98  0  0
 2  0      0 499334272 231728 11755108    0    0     0    99 59347 146899  1  1 98  0  0
 5  0      0 499278880 231764 11756252    0    0     0   318 58990 145970  1  1 98  0  0
 1  0      0 499285056 231776 11756464    0    0     0   147 60885 146954  1  1 98  0  0
 2  0      0 499318080 231792 11840996    0    0     0   149 61064 147379  1  1 98  0  0
 3  0      0 499313472 231808 11844660    0    0     0   142 59964 146770  1  1 98  0  0
 4  0      0 499300416 231824 11844808    0    0     0   131 61062 147120  1  1 98  0  0
 3  0      0 499211872 231832 11844988    0    0     0   112 61358 145528  1  1 98  0  0
 5  0      0 499224576 231844 11845936    0    0     0   305 59364 147088  1  1 98  0  0
 2  0      0 499361280 231856 11846232    0    0     0   118 61058 143748  1  1 98  0  0
 4  0      0 503661760 232412 9080276    0    0    12   492 41006 81054 12  7 81  0  0
 6  0      0 499472032 232424 12457456    0    0     0   467 67703 162584  1  2 97  0  0
 4  0      0 499114912 232448 12590368    0    0     0   158 61669 141643  1  1 98  0  0
 5  0      0 498869376 232464 12590512    0    0     0   100 61828 142753  1  1 98  0  0
 4  0      0 498578016 232472 12695276    0    0     0    90 63499 148171  1  1 98  0  0
 2  0      0 498475456 232484 12852384    0    0     0    69 65422 144739  1  1 98  0  0
 4  0      0 498302560 232492 12855420    0    0     0   108 63484 146586  1  1 98  0  0
 4  0      0 498224128 232500 12855228    0    0     0   241 61847 148657  1  1 98  0  0
 3  0      0 498247232 232504 12855288    0    0     0    87 61682 142373  1  1 98  0  0
 4  0      0 498160384 232516 12855644    0    0     0    85 60587 143088  1  1 98  0  0
 2  0      0 498264192 232528 12855668    0    0     0   100 60916 143452  1  1 98  0  0
procs -----------memory---------- ---swap-- -----io---- -system-- ------cpu-----
 r  b   swpd   free   buff  cache   si   so    bi    bo   in   cs us sy id wa st
 3  0      0 498168928 232552 12855252    0    0     0   116 61001 144343  1  1 98  0  0
 3  0      0 498206688 232596 12855960    0    0     0   108 62401 141591  1  1 98  0  0
 4  0      0 498017632 232684 12856088    0    0     0   310 60189 145040  1  1 98  0  0
 4  0      0 498001952 232716 12856164    0    0     0   128 60091 143779  1  1 98  0  0
 3  0      0 497780672 232732 13013432    0    0     0   125 60744 145653  1  1 98  0  0
 4  0      0 498020096 232732 13014584    0    0     0   109 61751 142486  1  1 98  0  0
 1  0      0 498150016 232744 13014096    0    0     0   134 60551 143984  1  1 98  0  0
 4  0      0 498137312 232752 13014944    0    0     0   131 61070 143703  1  1 98  0  0
 2  0      0 498079648 232764 13014860    0    0     0   288 59516 144456  1  1 98  0  0
 3  0      0 498024256 232776 13014944    0    0     0   116 60112 143833  1  1 98  0  0
 2  0      0 498024672 232792 13015056    0    0     0   138 59275 144886  1  1 98  0  0
 2  0      0 497961312 232804 13015172    0    0     0   120 61131 143259  1  1 98  0  0
 1  0      0 513525792 232820 8602436    0    0     0   201 45473 97325  1  5 94  0  0
 5  0      0 499877024 233284 12060236    0    0     0   491 66780 154484 13  4 83  0  0
 2  0      0 498977568 233300 12556952    0    0     0   192 62592 148432  1  1 98  0  0
 2  0      0 498791840 233316 12677380    0    0     0   101 62067 146681  1  1 98  0  0
 3  0      0 498545856 233324 12677480    0    0     0   114 61627 146521  1  1 98  0  0
 2  0      0 498513984 233340 12702732    0    0     0   100 61277 147483  1  1 98  0  0
 2  0      0 498495552 233352 12806044    0    0     0    92 61919 145976  1  1 98  0  0
 6  0      0 498360960 233372 12806848    0    0     0   227 63541 143825  1  1 98  0  0
 5  0      0 498199936 233388 12807036    0    0     0   112 61250 146003  1  1 98  0  0
procs -----------memory---------- ---swap-- -----io---- -system-- ------cpu-----
 r  b   swpd   free   buff  cache   si   so    bi    bo   in   cs us sy id wa st
 3  0      0 498067456 233396 12807128    0    0     0   109 61188 145781  1  1 98  0  0
 6  0      0 498099168 233412 12807432    0    0     0   106 62231 144969  1  1 98  0  0
 5  0      0 498161056 233432 12807420    0    0     0   111 60412 145116  1  1 98  0  0
 3  0      0 497996448 233512 12807640    0    0     0   140 62740 145053  1  1 98  0  0
 3  0      0 497873376 233556 12808760    0    0     0   302 60211 144815  1  1 98  0  0
 2  0      0 497875200 233568 12808860    0    0     0   131 61251 143627  1  1 98  0  0
